{"level":"info","time":"2025-05-07T11:35:38Z","message":"System has 16GB RAM, setting iceberg writer batch size to 419430400 bytes"}
{"level":"info","message":"Standard Replication is selected","time":"2025-05-07T11:35:38Z"}
{"level":"info","message":"Standard Replication is selected","time":"2025-05-07T11:35:38Z"}
{"level":"info","message":"Standard Replication is selected","time":"2025-05-07T11:35:38Z"}
{"level":"info","time":"2025-05-07T11:35:38Z","message":"Starting discover for Postgres database postgres"}
{"level":"info","message":"Standard Replication is selected","time":"2025-05-07T11:35:38Z"}
{"level":"info","time":"2025-05-07T11:35:38Z","message":"Iceberg JAR file found in base directory: /Users/dukedhal/Desktop/olake/debezium-server-iceberg-sink.jar"}
{"level":"info","time":"2025-05-07T11:35:38Z","message":"Connected to new iceberg writer on port 50051 for stream check_01JTN8F9M7AJTQTR4RXH0G189R, configHash check_01JTN8F9M7AJTQTR4RXH0G189R-check-false"}
{"level":"info","message":"[Java-Iceberg:50051] 17:05:39.429 [main] INFO  io.debezium.server.iceberg.OlakeRpcServer - Logs will be output to console only","time":"2025-05-07T11:35:39Z"}
{"level":"info","message":"[Java-Iceberg:50051] 17:05:39.466 [main] INFO  org.apache.iceberg.CatalogUtil - Loading custom FileIO implementation: org.apache.iceberg.io.ResolvingFileIO","time":"2025-05-07T11:35:39Z"}
{"level":"info","message":"[Java-Iceberg:50051] 17:05:39.628 [main] INFO  io.debezium.serde.json.JsonSerdeConfig - JsonSerdeConfig values: ","time":"2025-05-07T11:35:39Z"}
{"level":"info","message":"[Java-Iceberg:50051] \tfrom.field = null","time":"2025-05-07T11:35:39Z"}
{"level":"info","message":"[Java-Iceberg:50051] \tunknown.properties.ignored = false","time":"2025-05-07T11:35:39Z"}
{"level":"info","message":"[Java-Iceberg:50051] ","time":"2025-05-07T11:35:39Z"}
{"level":"info","message":"[Java-Iceberg:50051] 17:05:39.629 [main] INFO  io.debezium.serde.json.JsonSerdeConfig - JsonSerdeConfig values: ","time":"2025-05-07T11:35:39Z"}
{"level":"info","message":"[Java-Iceberg:50051] \tfrom.field = null","time":"2025-05-07T11:35:39Z"}
{"level":"info","message":"[Java-Iceberg:50051] \tunknown.properties.ignored = false","time":"2025-05-07T11:35:39Z"}
{"level":"info","message":"[Java-Iceberg:50051] ","time":"2025-05-07T11:35:39Z"}
{"level":"info","message":"[Java-Iceberg:50051] 17:05:39.782 [main] INFO  io.debezium.server.iceberg.OlakeRpcServer - Server started on port 50051 with max message size: 2000MB","time":"2025-05-07T11:35:39Z"}
{"level":"info","message":"[Java-Iceberg:50051] 17:05:39.987 [grpc-default-executor-0] INFO  io.debezium.server.iceberg.rpc.OlakeRowsIngester - [Thread-23-2398577655208] Parsing messages took: 12 ms","time":"2025-05-07T11:35:39Z"}
{"level":"info","message":"[Java-Iceberg:50051] 17:05:40.005 [grpc-default-executor-0] WARN  io.debezium.server.iceberg.IcebergUtil - Creating table:'olake_iceberg.olake_test_table_duke'","time":"2025-05-07T11:35:40Z"}
{"level":"info","message":"[Java-Iceberg:50051] schema:table {","time":"2025-05-07T11:35:40Z"}
{"level":"info","message":"[Java-Iceberg:50051]   1: _olake_id: required string (id)","time":"2025-05-07T11:35:40Z"}
{"level":"info","message":"[Java-Iceberg:50051]   2: _op_type: optional string","time":"2025-05-07T11:35:40Z"}
{"level":"info","message":"[Java-Iceberg:50051]   3: _db: optional string","time":"2025-05-07T11:35:40Z"}
{"level":"info","message":"[Java-Iceberg:50051]   4: _olake_timestamp: optional timestamptz","time":"2025-05-07T11:35:40Z"}
{"level":"info","message":"[Java-Iceberg:50051] }","time":"2025-05-07T11:35:40Z"}
{"level":"info","message":"[Java-Iceberg:50051] rowIdentifier:[_olake_id]","time":"2025-05-07T11:35:40Z"}
{"level":"info","message":"[Java-Iceberg:50051] 17:05:40.013 [grpc-default-executor-0] WARN  io.debezium.server.iceberg.IcebergUtil - Created namespace:'olake_iceberg'","time":"2025-05-07T11:35:40Z"}
{"level":"info","message":"[Java-Iceberg:50051] 17:05:40.014 [grpc-default-executor-0] INFO  org.apache.iceberg.BaseMetastoreCatalog - Table properties set at catalog level through catalog properties: {}","time":"2025-05-07T11:35:40Z"}
{"level":"info","message":"[Java-Iceberg:50051] 17:05:40.018 [grpc-default-executor-0] INFO  org.apache.iceberg.BaseMetastoreCatalog - Table properties enforced at catalog level through catalog properties: {}","time":"2025-05-07T11:35:40Z"}
{"level":"info","message":"[Java-Iceberg:50051] 17:05:40.028 [grpc-default-executor-0] INFO  org.apache.iceberg.CatalogUtil - Loading custom FileIO implementation: org.apache.iceberg.aws.s3.S3FileIO","time":"2025-05-07T11:35:40Z"}
{"level":"info","message":"[Java-Iceberg:50051] 17:05:40.397 [grpc-default-executor-0] INFO  org.apache.iceberg.BaseMetastoreTableOperations - Successfully committed to table olake_iceberg.olake_test_table_duke in 370 ms","time":"2025-05-07T11:35:40Z"}
{"level":"info","message":"[Java-Iceberg:50051] 17:05:40.399 [grpc-default-executor-0] INFO  io.debezium.server.iceberg.tableoperator.IcebergTableOperator - Batch got 1 records with 1 different schema!!","time":"2025-05-07T11:35:40Z"}
{"level":"info","message":"[Java-Iceberg:50051] 17:05:40.401 [grpc-default-executor-0] INFO  org.apache.iceberg.BaseMetastoreTableOperations - Refreshing table metadata from new version: s3a://warehouse/olake_iceberg/olake_test_table_duke/metadata/00000-de027e52-3edd-4718-90f6-cd7374965419.metadata.json","time":"2025-05-07T11:35:40Z"}
{"level":"info","message":"[Java-Iceberg:50051] 17:05:40.471 [grpc-default-executor-0] INFO  org.apache.hadoop.io.compress.CodecPool - Got brand-new compressor [.zstd]","time":"2025-05-07T11:35:40Z"}
{"level":"info","message":"[Java-Iceberg:50051] 17:05:41.077 [grpc-default-executor-0] INFO  org.apache.iceberg.BaseMetastoreTableOperations - Successfully committed to table olake_iceberg.olake_test_table_duke in 9 ms","time":"2025-05-07T11:35:41Z"}
{"level":"info","message":"[Java-Iceberg:50051] 17:05:41.077 [grpc-default-executor-0] INFO  org.apache.iceberg.SnapshotProducer - Committed snapshot 3009282562747333649 (MergeAppend)","time":"2025-05-07T11:35:41Z"}
{"level":"info","message":"[Java-Iceberg:50051] 17:05:41.106 [grpc-default-executor-0] INFO  org.apache.iceberg.BaseMetastoreTableOperations - Refreshing table metadata from new version: s3a://warehouse/olake_iceberg/olake_test_table_duke/metadata/00001-8747b259-653b-4f1c-bcf5-d6e4f8c69197.metadata.json","time":"2025-05-07T11:35:41Z"}
{"level":"info","message":"[Java-Iceberg:50051] 17:05:41.114 [grpc-default-executor-0] INFO  org.apache.iceberg.metrics.LoggingMetricsReporter - Received metrics report: CommitReport{tableName=olake_iceberg.olake_iceberg.olake_test_table_duke, snapshotId=3009282562747333649, sequenceNumber=1, operation=append, commitMetrics=CommitMetricsResult{totalDuration=TimerResult{timeUnit=NANOSECONDS, totalDuration=PT0.262697125S, count=1}, attempts=CounterResult{unit=COUNT, value=1}, addedDataFiles=CounterResult{unit=COUNT, value=1}, removedDataFiles=null, totalDataFiles=CounterResult{unit=COUNT, value=1}, addedDeleteFiles=null, addedEqualityDeleteFiles=null, addedPositionalDeleteFiles=null, removedDeleteFiles=null, removedEqualityDeleteFiles=null, removedPositionalDeleteFiles=null, totalDeleteFiles=CounterResult{unit=COUNT, value=0}, addedRecords=CounterResult{unit=COUNT, value=1}, removedRecords=null, totalRecords=CounterResult{unit=COUNT, value=1}, addedFilesSizeInBytes=CounterResult{unit=BYTES, value=1376}, removedFilesSizeInBytes=null, totalFilesSizeInBytes=CounterResult{unit=BYTES, value=1376}, addedPositionalDeletes=null, removedPositionalDeletes=null, totalPositionalDeletes=CounterResult{unit=COUNT, value=0}, addedEqualityDeletes=null, removedEqualityDeletes=null, totalEqualityDeletes=CounterResult{unit=COUNT, value=0}}, metadata={iceberg-version=Apache Iceberg 1.7.1 (commit 4a432839233f2343a9eae8255532f911f06358ef)}}","time":"2025-05-07T11:35:41Z"}
{"level":"info","message":"[Java-Iceberg:50051] 17:05:41.125 [grpc-default-executor-0] INFO  io.debezium.server.iceberg.tableoperator.IcebergTableOperator - Successfully committed 1 events","time":"2025-05-07T11:35:41Z"}
{"level":"info","message":"[Java-Iceberg:50051] 17:05:41.125 [grpc-default-executor-0] INFO  io.debezium.server.iceberg.rpc.OlakeRowsIngester - [Thread-23-2398577655208] Processing tables took: 1138 ms","time":"2025-05-07T11:35:41Z"}
{"level":"info","message":"[Java-Iceberg:50051] 17:05:41.129 [grpc-default-executor-0] INFO  io.debezium.server.iceberg.rpc.OlakeRowsIngester - [Thread-23-2398577655208] Total time taken: 1154 ms","time":"2025-05-07T11:35:41Z"}
{"level":"info","time":"2025-05-07T11:35:41Z","message":"Server Response: [Thread-23-2398577655208] Received 1 messages"}
{"level":"info","time":"2025-05-07T11:35:41Z","message":"Shutting down Iceberg server on port 50051"}
{"level":"info","message":"Standard Replication is selected","time":"2025-05-07T11:35:41Z"}
{"level":"info","time":"2025-05-07T11:35:41Z","message":"Starting discover for Postgres database postgres"}
{"level":"info","time":"2025-05-07T11:35:41Z","message":"Starting backfill for stream[test_table_olake_1746617738] with 1 chunks"}
{"level":"info","time":"2025-05-07T11:35:41Z","message":"Iceberg JAR file found in base directory: /Users/dukedhal/Desktop/olake/debezium-server-iceberg-sink.jar"}
{"level":"info","time":"2025-05-07T11:35:41Z","message":"Connected to new iceberg writer on port 50051 for stream public.test_table_olake_1746617738, configHash public.test_table_olake_1746617738-public-false"}
{"level":"info","time":"2025-05-07T11:35:41Z","message":"chunk[1] with min['(0,0)']-max['(4294967295,0)'] completed in 0.06 seconds"}
{"level":"info","message":"[Java-Iceberg:50051] 17:05:41.817 [main] INFO  io.debezium.server.iceberg.OlakeRpcServer - Logs will be output to console only","time":"2025-05-07T11:35:41Z"}
{"level":"info","message":"[Java-Iceberg:50051] 17:05:41.854 [main] INFO  org.apache.iceberg.CatalogUtil - Loading custom FileIO implementation: org.apache.iceberg.io.ResolvingFileIO","time":"2025-05-07T11:35:41Z"}
{"level":"info","message":"[Java-Iceberg:50051] 17:05:41.999 [main] INFO  io.debezium.serde.json.JsonSerdeConfig - JsonSerdeConfig values: ","time":"2025-05-07T11:35:41Z"}
{"level":"info","message":"[Java-Iceberg:50051] \tfrom.field = null","time":"2025-05-07T11:35:42Z"}
{"level":"info","message":"[Java-Iceberg:50051] \tunknown.properties.ignored = false","time":"2025-05-07T11:35:42Z"}
{"level":"info","message":"[Java-Iceberg:50051] ","time":"2025-05-07T11:35:42Z"}
{"level":"info","message":"[Java-Iceberg:50051] 17:05:42.000 [main] INFO  io.debezium.serde.json.JsonSerdeConfig - JsonSerdeConfig values: ","time":"2025-05-07T11:35:42Z"}
{"level":"info","message":"[Java-Iceberg:50051] \tfrom.field = null","time":"2025-05-07T11:35:42Z"}
{"level":"info","message":"[Java-Iceberg:50051] \tunknown.properties.ignored = false","time":"2025-05-07T11:35:42Z"}
{"level":"info","message":"[Java-Iceberg:50051] ","time":"2025-05-07T11:35:42Z"}
{"level":"info","message":"[Java-Iceberg:50051] 17:05:42.125 [main] INFO  io.debezium.server.iceberg.OlakeRpcServer - Server started on port 50051 with max message size: 2000MB","time":"2025-05-07T11:35:42Z"}
{"level":"info","message":"[Java-Iceberg:50051] 17:05:42.517 [grpc-default-executor-0] INFO  io.debezium.server.iceberg.rpc.OlakeRowsIngester - [Thread-23-2401106482833] Parsing messages took: 13 ms","time":"2025-05-07T11:35:42Z"}
{"level":"info","message":"[Java-Iceberg:50051] 17:05:42.538 [grpc-default-executor-0] WARN  io.debezium.server.iceberg.IcebergUtil - Creating table:'olake_iceberg.test_table_olake_1746617738'","time":"2025-05-07T11:35:42Z"}
{"level":"info","message":"[Java-Iceberg:50051] schema:table {","time":"2025-05-07T11:35:42Z"}
{"level":"info","message":"[Java-Iceberg:50051]   1: _olake_id: required string (id)","time":"2025-05-07T11:35:42Z"}
{"level":"info","message":"[Java-Iceberg:50051]   2: data: optional string","time":"2025-05-07T11:35:42Z"}
{"level":"info","message":"[Java-Iceberg:50051]   3: _op_type: optional string","time":"2025-05-07T11:35:42Z"}
{"level":"info","message":"[Java-Iceberg:50051]   4: _db: optional string","time":"2025-05-07T11:35:42Z"}
{"level":"info","message":"[Java-Iceberg:50051]   5: _cdc_timestamp: optional timestamptz","time":"2025-05-07T11:35:42Z"}
{"level":"info","message":"[Java-Iceberg:50051]   6: _olake_timestamp: optional timestamptz","time":"2025-05-07T11:35:42Z"}
{"level":"info","message":"[Java-Iceberg:50051] }","time":"2025-05-07T11:35:42Z"}
{"level":"info","message":"[Java-Iceberg:50051] rowIdentifier:[_olake_id]","time":"2025-05-07T11:35:42Z"}
{"level":"info","message":"[Java-Iceberg:50051] 17:05:42.543 [grpc-default-executor-0] INFO  org.apache.iceberg.BaseMetastoreCatalog - Table properties set at catalog level through catalog properties: {}","time":"2025-05-07T11:35:42Z"}
{"level":"info","message":"[Java-Iceberg:50051] 17:05:42.548 [grpc-default-executor-0] INFO  org.apache.iceberg.BaseMetastoreCatalog - Table properties enforced at catalog level through catalog properties: {}","time":"2025-05-07T11:35:42Z"}
{"level":"info","message":"[Java-Iceberg:50051] 17:05:42.558 [grpc-default-executor-0] INFO  org.apache.iceberg.CatalogUtil - Loading custom FileIO implementation: org.apache.iceberg.aws.s3.S3FileIO","time":"2025-05-07T11:35:42Z"}
{"level":"info","message":"[Java-Iceberg:50051] 17:05:42.919 [grpc-default-executor-0] INFO  org.apache.iceberg.BaseMetastoreTableOperations - Successfully committed to table olake_iceberg.test_table_olake_1746617738 in 363 ms","time":"2025-05-07T11:35:42Z"}
{"level":"info","message":"[Java-Iceberg:50051] 17:05:42.921 [grpc-default-executor-0] INFO  io.debezium.server.iceberg.tableoperator.IcebergTableOperator - Batch got 5 records with 1 different schema!!","time":"2025-05-07T11:35:42Z"}
{"level":"info","message":"[Java-Iceberg:50051] 17:05:42.923 [grpc-default-executor-0] INFO  org.apache.iceberg.BaseMetastoreTableOperations - Refreshing table metadata from new version: s3a://warehouse/olake_iceberg/test_table_olake_1746617738/metadata/00000-a5d6baf8-a7bd-4b6d-87e3-1af7583db3c2.metadata.json","time":"2025-05-07T11:35:42Z"}
{"level":"info","message":"[Java-Iceberg:50051] 17:05:42.999 [grpc-default-executor-0] INFO  org.apache.hadoop.io.compress.CodecPool - Got brand-new compressor [.zstd]","time":"2025-05-07T11:35:43Z"}
{"level":"info","message":"[Java-Iceberg:50051] 17:05:43.612 [grpc-default-executor-0] INFO  org.apache.iceberg.BaseMetastoreTableOperations - Successfully committed to table olake_iceberg.test_table_olake_1746617738 in 9 ms","time":"2025-05-07T11:35:43Z"}
{"level":"info","message":"[Java-Iceberg:50051] 17:05:43.612 [grpc-default-executor-0] INFO  org.apache.iceberg.SnapshotProducer - Committed snapshot 5013122703611407603 (MergeAppend)","time":"2025-05-07T11:35:43Z"}
{"level":"info","message":"[Java-Iceberg:50051] 17:05:43.641 [grpc-default-executor-0] INFO  org.apache.iceberg.BaseMetastoreTableOperations - Refreshing table metadata from new version: s3a://warehouse/olake_iceberg/test_table_olake_1746617738/metadata/00001-28248880-e862-477d-b682-1ee10d690723.metadata.json","time":"2025-05-07T11:35:43Z"}
{"level":"info","message":"[Java-Iceberg:50051] 17:05:43.649 [grpc-default-executor-0] INFO  org.apache.iceberg.metrics.LoggingMetricsReporter - Received metrics report: CommitReport{tableName=olake_iceberg.olake_iceberg.test_table_olake_1746617738, snapshotId=5013122703611407603, sequenceNumber=1, operation=append, commitMetrics=CommitMetricsResult{totalDuration=TimerResult{timeUnit=NANOSECONDS, totalDuration=PT0.262887375S, count=1}, attempts=CounterResult{unit=COUNT, value=1}, addedDataFiles=CounterResult{unit=COUNT, value=1}, removedDataFiles=null, totalDataFiles=CounterResult{unit=COUNT, value=1}, addedDeleteFiles=null, addedEqualityDeleteFiles=null, addedPositionalDeleteFiles=null, removedDeleteFiles=null, removedEqualityDeleteFiles=null, removedPositionalDeleteFiles=null, totalDeleteFiles=CounterResult{unit=COUNT, value=0}, addedRecords=CounterResult{unit=COUNT, value=5}, removedRecords=null, totalRecords=CounterResult{unit=COUNT, value=5}, addedFilesSizeInBytes=CounterResult{unit=BYTES, value=3269}, removedFilesSizeInBytes=null, totalFilesSizeInBytes=CounterResult{unit=BYTES, value=3269}, addedPositionalDeletes=null, removedPositionalDeletes=null, totalPositionalDeletes=CounterResult{unit=COUNT, value=0}, addedEqualityDeletes=null, removedEqualityDeletes=null, totalEqualityDeletes=CounterResult{unit=COUNT, value=0}}, metadata={iceberg-version=Apache Iceberg 1.7.1 (commit 4a432839233f2343a9eae8255532f911f06358ef)}}","time":"2025-05-07T11:35:43Z"}
{"level":"info","message":"[Java-Iceberg:50051] 17:05:43.659 [grpc-default-executor-0] INFO  io.debezium.server.iceberg.tableoperator.IcebergTableOperator - Successfully committed 5 events","time":"2025-05-07T11:35:43Z"}
{"level":"info","message":"[Java-Iceberg:50051] 17:05:43.659 [grpc-default-executor-0] INFO  io.debezium.server.iceberg.rpc.OlakeRowsIngester - [Thread-23-2401106482833] Processing tables took: 1142 ms","time":"2025-05-07T11:35:43Z"}
{"level":"info","message":"[Java-Iceberg:50051] 17:05:43.663 [grpc-default-executor-0] INFO  io.debezium.server.iceberg.rpc.OlakeRowsIngester - [Thread-23-2401106482833] Total time taken: 1159 ms","time":"2025-05-07T11:35:43Z"}
{"level":"info","time":"2025-05-07T11:35:43Z","message":"Sent batch to Iceberg server: 5 records, response: [Thread-23-2401106482833] Received 5 messages"}
{"level":"info","time":"2025-05-07T11:35:43Z","message":"Shutting down Iceberg server on port 50051"}
{"level":"info","message":"Standard Replication is selected","time":"2025-05-07T11:38:01Z"}
{"level":"info","time":"2025-05-07T11:38:01Z","message":"Starting discover for Postgres database postgres"}
{"level":"info","time":"2025-05-07T11:38:01Z","message":"SystemID:7501591254541365286 Timeline:1 XLogPos:0/1A8FC58 Database:postgres"}
{"level":"info","time":"2025-05-07T11:38:01Z","message":"Starting backfill for stream[test_table_olake_1746617738] with 1 chunks"}
{"level":"info","time":"2025-05-07T11:38:01Z","message":"Iceberg JAR file found in base directory: /Users/dukedhal/Desktop/olake/debezium-server-iceberg-sink.jar"}
{"level":"info","time":"2025-05-07T11:38:01Z","message":"Connected to new iceberg writer on port 50051 for stream public.test_table_olake_1746617738, configHash public.test_table_olake_1746617738-public-false"}
{"level":"info","time":"2025-05-07T11:38:01Z","message":"chunk[1] with min['(0,0)']-max['(4294967295,0)'] completed in 0.22 seconds"}
{"level":"info","time":"2025-05-07T11:38:01Z","message":"Started logical replication on slot[olake_slot]"}
{"level":"info","message":"[Java-Iceberg:50051] 17:08:02.367 [main] INFO  io.debezium.server.iceberg.OlakeRpcServer - Logs will be output to console only","time":"2025-05-07T11:38:02Z"}
{"level":"info","message":"[Java-Iceberg:50051] 17:08:02.401 [main] INFO  org.apache.iceberg.CatalogUtil - Loading custom FileIO implementation: org.apache.iceberg.io.ResolvingFileIO","time":"2025-05-07T11:38:02Z"}
{"level":"info","message":"[Java-Iceberg:50051] 17:08:02.562 [main] INFO  io.debezium.serde.json.JsonSerdeConfig - JsonSerdeConfig values: ","time":"2025-05-07T11:38:02Z"}
{"level":"info","message":"[Java-Iceberg:50051] \tfrom.field = null","time":"2025-05-07T11:38:02Z"}
{"level":"info","message":"[Java-Iceberg:50051] \tunknown.properties.ignored = false","time":"2025-05-07T11:38:02Z"}
{"level":"info","message":"[Java-Iceberg:50051] ","time":"2025-05-07T11:38:02Z"}
{"level":"info","message":"[Java-Iceberg:50051] 17:08:02.562 [main] INFO  io.debezium.serde.json.JsonSerdeConfig - JsonSerdeConfig values: ","time":"2025-05-07T11:38:02Z"}
{"level":"info","message":"[Java-Iceberg:50051] \tfrom.field = null","time":"2025-05-07T11:38:02Z"}
{"level":"info","message":"[Java-Iceberg:50051] \tunknown.properties.ignored = false","time":"2025-05-07T11:38:02Z"}
{"level":"info","message":"[Java-Iceberg:50051] ","time":"2025-05-07T11:38:02Z"}
{"level":"info","message":"[Java-Iceberg:50051] 17:08:02.681 [main] INFO  io.debezium.server.iceberg.OlakeRpcServer - Server started on port 50051 with max message size: 2000MB","time":"2025-05-07T11:38:02Z"}
{"level":"info","message":"[Java-Iceberg:50051] 17:08:02.922 [grpc-default-executor-0] INFO  io.debezium.server.iceberg.rpc.OlakeRowsIngester - [Thread-23-2541512614958] Parsing messages took: 12 ms","time":"2025-05-07T11:38:02Z"}
{"level":"info","message":"[Java-Iceberg:50051] 17:08:02.931 [grpc-default-executor-0] INFO  org.apache.iceberg.BaseMetastoreTableOperations - Refreshing table metadata from new version: s3a://warehouse/olake_iceberg/test_table_olake_1746617738/metadata/00001-28248880-e862-477d-b682-1ee10d690723.metadata.json","time":"2025-05-07T11:38:02Z"}
{"level":"info","message":"[Java-Iceberg:50051] 17:08:02.933 [grpc-default-executor-0] INFO  org.apache.iceberg.CatalogUtil - Loading custom FileIO implementation: org.apache.iceberg.aws.s3.S3FileIO","time":"2025-05-07T11:38:02Z"}
{"level":"info","message":"[Java-Iceberg:50051] 17:08:03.300 [grpc-default-executor-0] INFO  org.apache.iceberg.BaseMetastoreCatalog - Table loaded by catalog: olake_iceberg.olake_iceberg.test_table_olake_1746617738","time":"2025-05-07T11:38:03Z"}
{"level":"info","message":"[Java-Iceberg:50051] 17:08:03.302 [grpc-default-executor-0] INFO  io.debezium.server.iceberg.tableoperator.IcebergTableOperator - Batch got 5 records with 1 different schema!!","time":"2025-05-07T11:38:03Z"}
{"level":"info","message":"[Java-Iceberg:50051] 17:08:03.347 [grpc-default-executor-0] INFO  org.apache.hadoop.io.compress.CodecPool - Got brand-new compressor [.zstd]","time":"2025-05-07T11:38:03Z"}
{"level":"info","message":"[Java-Iceberg:50051] 17:08:04.019 [grpc-default-executor-0] INFO  org.apache.iceberg.BaseMetastoreTableOperations - Successfully committed to table olake_iceberg.test_table_olake_1746617738 in 9 ms","time":"2025-05-07T11:38:04Z"}
{"level":"info","message":"[Java-Iceberg:50051] 17:08:04.019 [grpc-default-executor-0] INFO  org.apache.iceberg.SnapshotProducer - Committed snapshot 4857399581457312024 (MergeAppend)","time":"2025-05-07T11:38:04Z"}
{"level":"info","message":"[Java-Iceberg:50051] 17:08:04.028 [grpc-default-executor-0] INFO  org.apache.iceberg.BaseMetastoreTableOperations - Refreshing table metadata from new version: s3a://warehouse/olake_iceberg/test_table_olake_1746617738/metadata/00002-e94cfc4c-12f9-4d1a-be4d-3c2fbba3bbad.metadata.json","time":"2025-05-07T11:38:04Z"}
{"level":"info","message":"[Java-Iceberg:50051] 17:08:04.037 [grpc-default-executor-0] INFO  org.apache.iceberg.metrics.LoggingMetricsReporter - Received metrics report: CommitReport{tableName=olake_iceberg.olake_iceberg.test_table_olake_1746617738, snapshotId=4857399581457312024, sequenceNumber=2, operation=append, commitMetrics=CommitMetricsResult{totalDuration=TimerResult{timeUnit=NANOSECONDS, totalDuration=PT0.283266917S, count=1}, attempts=CounterResult{unit=COUNT, value=1}, addedDataFiles=CounterResult{unit=COUNT, value=1}, removedDataFiles=null, totalDataFiles=CounterResult{unit=COUNT, value=2}, addedDeleteFiles=null, addedEqualityDeleteFiles=null, addedPositionalDeleteFiles=null, removedDeleteFiles=null, removedEqualityDeleteFiles=null, removedPositionalDeleteFiles=null, totalDeleteFiles=CounterResult{unit=COUNT, value=0}, addedRecords=CounterResult{unit=COUNT, value=5}, removedRecords=null, totalRecords=CounterResult{unit=COUNT, value=10}, addedFilesSizeInBytes=CounterResult{unit=BYTES, value=3268}, removedFilesSizeInBytes=null, totalFilesSizeInBytes=CounterResult{unit=BYTES, value=6537}, addedPositionalDeletes=null, removedPositionalDeletes=null, totalPositionalDeletes=CounterResult{unit=COUNT, value=0}, addedEqualityDeletes=null, removedEqualityDeletes=null, totalEqualityDeletes=CounterResult{unit=COUNT, value=0}}, metadata={iceberg-version=Apache Iceberg 1.7.1 (commit 4a432839233f2343a9eae8255532f911f06358ef)}}","time":"2025-05-07T11:38:04Z"}
{"level":"info","message":"[Java-Iceberg:50051] 17:08:04.045 [grpc-default-executor-0] INFO  io.debezium.server.iceberg.tableoperator.IcebergTableOperator - Successfully committed 5 events","time":"2025-05-07T11:38:04Z"}
{"level":"info","message":"[Java-Iceberg:50051] 17:08:04.045 [grpc-default-executor-0] INFO  io.debezium.server.iceberg.rpc.OlakeRowsIngester - [Thread-23-2541512614958] Processing tables took: 1123 ms","time":"2025-05-07T11:38:04Z"}
{"level":"info","message":"[Java-Iceberg:50051] 17:08:04.049 [grpc-default-executor-0] INFO  io.debezium.server.iceberg.rpc.OlakeRowsIngester - [Thread-23-2541512614958] Total time taken: 1139 ms","time":"2025-05-07T11:38:04Z"}
{"level":"info","time":"2025-05-07T11:38:04Z","message":"Sent batch to Iceberg server: 5 records, response: [Thread-23-2541512614958] Received 5 messages"}
{"level":"info","time":"2025-05-07T11:38:04Z","message":"Shutting down Iceberg server on port 50051"}
{"level":"info","time":"2025-05-07T11:38:04Z","message":"Iceberg JAR file found in base directory: /Users/dukedhal/Desktop/olake/debezium-server-iceberg-sink.jar"}
{"level":"info","time":"2025-05-07T11:38:04Z","message":"Connected to new iceberg writer on port 50051 for stream public.test_table_olake_1746617738, configHash public.test_table_olake_1746617738-public-true"}
{"level":"info","message":"[Java-Iceberg:50051] 17:08:04.579 [main] INFO  io.debezium.server.iceberg.OlakeRpcServer - Logs will be output to console only","time":"2025-05-07T11:38:04Z"}
{"level":"info","message":"[Java-Iceberg:50051] 17:08:04.612 [main] INFO  org.apache.iceberg.CatalogUtil - Loading custom FileIO implementation: org.apache.iceberg.io.ResolvingFileIO","time":"2025-05-07T11:38:04Z"}
{"level":"info","message":"[Java-Iceberg:50051] 17:08:04.753 [main] INFO  io.debezium.serde.json.JsonSerdeConfig - JsonSerdeConfig values: ","time":"2025-05-07T11:38:04Z"}
{"level":"info","message":"[Java-Iceberg:50051] \tfrom.field = null","time":"2025-05-07T11:38:04Z"}
{"level":"info","message":"[Java-Iceberg:50051] \tunknown.properties.ignored = false","time":"2025-05-07T11:38:04Z"}
{"level":"info","message":"[Java-Iceberg:50051] ","time":"2025-05-07T11:38:04Z"}
{"level":"info","message":"[Java-Iceberg:50051] 17:08:04.753 [main] INFO  io.debezium.serde.json.JsonSerdeConfig - JsonSerdeConfig values: ","time":"2025-05-07T11:38:04Z"}
{"level":"info","message":"[Java-Iceberg:50051] \tfrom.field = null","time":"2025-05-07T11:38:04Z"}
{"level":"info","message":"[Java-Iceberg:50051] \tunknown.properties.ignored = false","time":"2025-05-07T11:38:04Z"}
{"level":"info","message":"[Java-Iceberg:50051] ","time":"2025-05-07T11:38:04Z"}
{"level":"info","message":"[Java-Iceberg:50051] 17:08:04.867 [main] INFO  io.debezium.server.iceberg.OlakeRpcServer - Server started on port 50051 with max message size: 2000MB","time":"2025-05-07T11:38:04Z"}
{"level":"debug","time":"2025-05-07T11:38:22Z","message":"Idle timeout reached while waiting for new messages"}
{"level":"debug","time":"2025-05-07T11:38:22Z","message":"sent standby status message at LSN#0/1A90DE3"}
{"level":"info","message":"[Java-Iceberg:50051] 17:08:22.780 [grpc-default-executor-0] INFO  io.debezium.server.iceberg.rpc.OlakeRowsIngester - [Thread-23-2561366942041] Parsing messages took: 15 ms","time":"2025-05-07T11:38:22Z"}
{"level":"info","message":"[Java-Iceberg:50051] 17:08:22.792 [grpc-default-executor-0] INFO  org.apache.iceberg.BaseMetastoreTableOperations - Refreshing table metadata from new version: s3a://warehouse/olake_iceberg/test_table_olake_1746617738/metadata/00002-e94cfc4c-12f9-4d1a-be4d-3c2fbba3bbad.metadata.json","time":"2025-05-07T11:38:22Z"}
{"level":"info","message":"[Java-Iceberg:50051] 17:08:22.794 [grpc-default-executor-0] INFO  org.apache.iceberg.CatalogUtil - Loading custom FileIO implementation: org.apache.iceberg.aws.s3.S3FileIO","time":"2025-05-07T11:38:22Z"}
{"level":"info","message":"[Java-Iceberg:50051] 17:08:23.164 [grpc-default-executor-0] INFO  org.apache.iceberg.BaseMetastoreCatalog - Table loaded by catalog: olake_iceberg.olake_iceberg.test_table_olake_1746617738","time":"2025-05-07T11:38:23Z"}
{"level":"info","message":"[Java-Iceberg:50051] 17:08:23.169 [grpc-default-executor-0] INFO  io.debezium.server.iceberg.tableoperator.IcebergTableOperator - Batch got 6 records with 1 different schema!!","time":"2025-05-07T11:38:23Z"}
{"level":"info","message":"[Java-Iceberg:50051] 17:08:23.218 [grpc-default-executor-0] INFO  org.apache.hadoop.io.compress.CodecPool - Got brand-new compressor [.zstd]","time":"2025-05-07T11:38:23Z"}
{"level":"info","message":"[Java-Iceberg:50051] 17:08:23.314 [grpc-default-executor-0] INFO  org.apache.hadoop.io.compress.CodecPool - Got brand-new compressor [.zstd]","time":"2025-05-07T11:38:23Z"}
{"level":"info","message":"[Java-Iceberg:50051] 17:08:23.913 [grpc-default-executor-0] INFO  org.apache.iceberg.BaseMetastoreTableOperations - Successfully committed to table olake_iceberg.test_table_olake_1746617738 in 11 ms","time":"2025-05-07T11:38:23Z"}
{"level":"info","message":"[Java-Iceberg:50051] 17:08:23.913 [grpc-default-executor-0] INFO  org.apache.iceberg.SnapshotProducer - Committed snapshot 1605175217537213010 (MergeAppend)","time":"2025-05-07T11:38:23Z"}
{"level":"info","message":"[Java-Iceberg:50051] 17:08:23.924 [grpc-default-executor-0] INFO  org.apache.iceberg.BaseMetastoreTableOperations - Refreshing table metadata from new version: s3a://warehouse/olake_iceberg/test_table_olake_1746617738/metadata/00003-768588e2-605a-4218-9ac9-d9ef9da6e0b2.metadata.json","time":"2025-05-07T11:38:23Z"}
{"level":"info","message":"[Java-Iceberg:50051] 17:08:23.931 [grpc-default-executor-0] INFO  org.apache.iceberg.metrics.LoggingMetricsReporter - Received metrics report: CommitReport{tableName=olake_iceberg.olake_iceberg.test_table_olake_1746617738, snapshotId=1605175217537213010, sequenceNumber=3, operation=append, commitMetrics=CommitMetricsResult{totalDuration=TimerResult{timeUnit=NANOSECONDS, totalDuration=PT0.300174209S, count=1}, attempts=CounterResult{unit=COUNT, value=1}, addedDataFiles=CounterResult{unit=COUNT, value=1}, removedDataFiles=null, totalDataFiles=CounterResult{unit=COUNT, value=3}, addedDeleteFiles=null, addedEqualityDeleteFiles=null, addedPositionalDeleteFiles=null, removedDeleteFiles=null, removedEqualityDeleteFiles=null, removedPositionalDeleteFiles=null, totalDeleteFiles=CounterResult{unit=COUNT, value=0}, addedRecords=CounterResult{unit=COUNT, value=6}, removedRecords=null, totalRecords=CounterResult{unit=COUNT, value=16}, addedFilesSizeInBytes=CounterResult{unit=BYTES, value=3355}, removedFilesSizeInBytes=null, totalFilesSizeInBytes=CounterResult{unit=BYTES, value=9892}, addedPositionalDeletes=null, removedPositionalDeletes=null, totalPositionalDeletes=CounterResult{unit=COUNT, value=0}, addedEqualityDeletes=null, removedEqualityDeletes=null, totalEqualityDeletes=CounterResult{unit=COUNT, value=0}}, metadata={iceberg-version=Apache Iceberg 1.7.1 (commit 4a432839233f2343a9eae8255532f911f06358ef)}}","time":"2025-05-07T11:38:23Z"}
{"level":"info","message":"[Java-Iceberg:50051] 17:08:23.942 [grpc-default-executor-0] INFO  io.debezium.server.iceberg.tableoperator.IcebergTableOperator - Successfully committed 6 events","time":"2025-05-07T11:38:23Z"}
{"level":"info","message":"[Java-Iceberg:50051] 17:08:23.942 [grpc-default-executor-0] INFO  io.debezium.server.iceberg.rpc.OlakeRowsIngester - [Thread-23-2561366942041] Processing tables took: 1162 ms","time":"2025-05-07T11:38:23Z"}
{"level":"info","message":"[Java-Iceberg:50051] 17:08:23.946 [grpc-default-executor-0] INFO  io.debezium.server.iceberg.rpc.OlakeRowsIngester - [Thread-23-2561366942041] Total time taken: 1181 ms","time":"2025-05-07T11:38:23Z"}
{"level":"info","time":"2025-05-07T11:38:23Z","message":"Sent batch to Iceberg server: 11 records, response: [Thread-23-2561366942041] Received 11 messages"}
{"level":"info","time":"2025-05-07T11:38:23Z","message":"Shutting down Iceberg server on port 50051"}
