=== RUN   TestKafkaIntegration
=== PAUSE TestKafkaIntegration
=== CONT  TestKafkaIntegration
=== RUN   TestKafkaIntegration/JSON-Format
    test_utils.go:814: Root Project directory: /Users/apple/Desktop/olake
    test_utils.go:815: Test data directory: /Users/apple/Desktop/olake/drivers/kafka/internal/testdata/
=== RUN   TestKafkaIntegration/JSON-Format/Discover
2026/04/02 02:35:19 github.com/testcontainers/testcontainers-go - Connected to docker: 
  Server Version: 29.1.3
  API Version: 1.51
  Operating System: Docker Desktop
  Total Memory: 7836 MB
  Labels:
    com.docker.desktop.address=unix:///Users/apple/Library/Containers/com.docker.docker/Data/docker-cli.sock
  Testcontainers for Go Version: v0.37.0
  Resolved Docker Host: unix:///var/run/docker.sock
  Resolved Docker Socket Path: /var/run/docker.sock
  Test SessionID: 6506b60eee7d1d85a14fb5e97a9591ae5fff3a38c17df5c09216828009ec7a6b
  Test ProcessID: a9b94af9-3470-4f01-aeb4-02e2033217ec
2026/04/02 02:35:19 🐳 Creating container for image golang:1.25.8-bookworm
2026/04/02 02:35:19 🐳 Creating container for image testcontainers/ryuk:0.11.0
2026/04/02 02:35:19 ✅ Container created: 4ad7c70e0423
2026/04/02 02:35:19 🐳 Starting container: 4ad7c70e0423
2026/04/02 02:35:19 ✅ Container started: 4ad7c70e0423
2026/04/02 02:35:19 ⏳ Waiting for container id 4ad7c70e0423 image: testcontainers/ryuk:0.11.0. Waiting for: &{Port:8080/tcp timeout:<nil> PollInterval:100ms skipInternalCheck:false}
2026/04/02 02:35:20 🔔 Container is ready: 4ad7c70e0423
2026/04/02 02:35:20 ✅ Container created: 74f5ab52c016
2026/04/02 02:35:20 🐳 Starting container: 74f5ab52c016
2026/04/02 02:35:20 ✅ Container started: 74f5ab52c016
