{"level":"info","time":"2025-05-07T11:18:30Z","message":"System has 16GB RAM, setting iceberg writer batch size to 419430400 bytes"}
{"level":"info","message":"Standard Replication is selected","time":"2025-05-07T11:18:30Z"}
{"level":"info","message":"Standard Replication is selected","time":"2025-05-07T11:18:30Z"}
{"level":"info","message":"Standard Replication is selected","time":"2025-05-07T11:18:30Z"}
{"level":"info","time":"2025-05-07T11:18:30Z","message":"Starting discover for Postgres database postgres"}
{"level":"info","message":"Standard Replication is selected","time":"2025-05-07T11:18:30Z"}
{"level":"info","time":"2025-05-07T11:18:31Z","message":"Iceberg JAR file found in base directory: /Users/dukedhal/Desktop/olake/debezium-server-iceberg-sink.jar"}
{"level":"info","time":"2025-05-07T11:18:31Z","message":"Connected to new iceberg writer on port 50051 for stream check_01JTN7FXX1HNKS11XXZFD6DSDR, configHash check_01JTN7FXX1HNKS11XXZFD6DSDR-check-false"}
{"level":"info","message":"[Java-Iceberg:50051] 16:48:31.618 [main] INFO  io.debezium.server.iceberg.OlakeRpcServer - Logs will be output to console only","time":"2025-05-07T11:18:31Z"}
{"level":"info","message":"[Java-Iceberg:50051] 16:48:31.654 [main] INFO  org.apache.iceberg.CatalogUtil - Loading custom FileIO implementation: org.apache.iceberg.io.ResolvingFileIO","time":"2025-05-07T11:18:31Z"}
{"level":"info","message":"[Java-Iceberg:50051] 16:48:31.812 [main] WARN  org.apache.iceberg.jdbc.JdbcCatalog - JDBC catalog is initialized without view support. To auto-migrate the database's schema and enable view support, set jdbc.schema-version=V1","time":"2025-05-07T11:18:31Z"}
{"level":"info","message":"[Java-Iceberg:50051] 16:48:31.818 [main] INFO  io.debezium.serde.json.JsonSerdeConfig - JsonSerdeConfig values: ","time":"2025-05-07T11:18:31Z"}
{"level":"info","message":"[Java-Iceberg:50051] \tfrom.field = null","time":"2025-05-07T11:18:31Z"}
{"level":"info","message":"[Java-Iceberg:50051] \tunknown.properties.ignored = false","time":"2025-05-07T11:18:31Z"}
{"level":"info","message":"[Java-Iceberg:50051] ","time":"2025-05-07T11:18:31Z"}
{"level":"info","message":"[Java-Iceberg:50051] 16:48:31.818 [main] INFO  io.debezium.serde.json.JsonSerdeConfig - JsonSerdeConfig values: ","time":"2025-05-07T11:18:31Z"}
{"level":"info","message":"[Java-Iceberg:50051] \tfrom.field = null","time":"2025-05-07T11:18:31Z"}
{"level":"info","message":"[Java-Iceberg:50051] \tunknown.properties.ignored = false","time":"2025-05-07T11:18:31Z"}
{"level":"info","message":"[Java-Iceberg:50051] ","time":"2025-05-07T11:18:31Z"}
{"level":"info","message":"[Java-Iceberg:50051] 16:48:31.944 [main] INFO  io.debezium.server.iceberg.OlakeRpcServer - Server started on port 50051 with max message size: 2000MB","time":"2025-05-07T11:18:31Z"}
{"level":"info","message":"[Java-Iceberg:50051] 16:48:32.188 [grpc-default-executor-0] INFO  io.debezium.server.iceberg.rpc.OlakeRowsIngester - [Thread-23-1370764832541] Parsing messages took: 11 ms","time":"2025-05-07T11:18:32Z"}
{"level":"info","message":"[Java-Iceberg:50051] 16:48:32.197 [grpc-default-executor-0] INFO  org.apache.iceberg.BaseMetastoreTableOperations - Refreshing table metadata from new version: s3a://warehouse/olake_iceberg/olake_test_table_duke/metadata/00003-13e1fac6-a307-4018-91bf-f5bdc5e58b35.metadata.json","time":"2025-05-07T11:18:32Z"}
{"level":"info","message":"[Java-Iceberg:50051] 16:48:32.199 [grpc-default-executor-0] INFO  org.apache.iceberg.CatalogUtil - Loading custom FileIO implementation: org.apache.iceberg.aws.s3.S3FileIO","time":"2025-05-07T11:18:32Z"}
{"level":"info","message":"[Java-Iceberg:50051] 16:48:32.578 [grpc-default-executor-0] INFO  org.apache.iceberg.BaseMetastoreCatalog - Table loaded by catalog: olake_iceberg.olake_iceberg.olake_test_table_duke","time":"2025-05-07T11:18:32Z"}
{"level":"info","message":"[Java-Iceberg:50051] 16:48:32.579 [grpc-default-executor-0] INFO  io.debezium.server.iceberg.tableoperator.IcebergTableOperator - Batch got 1 records with 1 different schema!!","time":"2025-05-07T11:18:32Z"}
{"level":"info","message":"[Java-Iceberg:50051] 16:48:32.627 [grpc-default-executor-0] INFO  org.apache.hadoop.io.compress.CodecPool - Got brand-new compressor [.zstd]","time":"2025-05-07T11:18:32Z"}
{"level":"info","message":"[Java-Iceberg:50051] 16:48:33.305 [grpc-default-executor-0] INFO  org.apache.iceberg.BaseMetastoreTableOperations - Successfully committed to table olake_iceberg.olake_test_table_duke in 10 ms","time":"2025-05-07T11:18:33Z"}
{"level":"info","message":"[Java-Iceberg:50051] 16:48:33.305 [grpc-default-executor-0] INFO  org.apache.iceberg.SnapshotProducer - Committed snapshot 2786051768432165829 (MergeAppend)","time":"2025-05-07T11:18:33Z"}
{"level":"info","message":"[Java-Iceberg:50051] 16:48:33.313 [grpc-default-executor-0] INFO  org.apache.iceberg.BaseMetastoreTableOperations - Refreshing table metadata from new version: s3a://warehouse/olake_iceberg/olake_test_table_duke/metadata/00004-91501ee7-a148-462e-a21b-883efb5ada24.metadata.json","time":"2025-05-07T11:18:33Z"}
{"level":"info","message":"[Java-Iceberg:50051] 16:48:33.319 [grpc-default-executor-0] INFO  org.apache.iceberg.metrics.LoggingMetricsReporter - Received metrics report: CommitReport{tableName=olake_iceberg.olake_iceberg.olake_test_table_duke, snapshotId=2786051768432165829, sequenceNumber=4, operation=append, commitMetrics=CommitMetricsResult{totalDuration=TimerResult{timeUnit=NANOSECONDS, totalDuration=PT0.293493917S, count=1}, attempts=CounterResult{unit=COUNT, value=1}, addedDataFiles=CounterResult{unit=COUNT, value=1}, removedDataFiles=null, totalDataFiles=CounterResult{unit=COUNT, value=4}, addedDeleteFiles=null, addedEqualityDeleteFiles=null, addedPositionalDeleteFiles=null, removedDeleteFiles=null, removedEqualityDeleteFiles=null, removedPositionalDeleteFiles=null, totalDeleteFiles=CounterResult{unit=COUNT, value=0}, addedRecords=CounterResult{unit=COUNT, value=1}, removedRecords=null, totalRecords=CounterResult{unit=COUNT, value=4}, addedFilesSizeInBytes=CounterResult{unit=BYTES, value=1376}, removedFilesSizeInBytes=null, totalFilesSizeInBytes=CounterResult{unit=BYTES, value=5504}, addedPositionalDeletes=null, removedPositionalDeletes=null, totalPositionalDeletes=CounterResult{unit=COUNT, value=0}, addedEqualityDeletes=null, removedEqualityDeletes=null, totalEqualityDeletes=CounterResult{unit=COUNT, value=0}}, metadata={iceberg-version=Apache Iceberg 1.7.1 (commit 4a432839233f2343a9eae8255532f911f06358ef)}}","time":"2025-05-07T11:18:33Z"}
{"level":"info","message":"[Java-Iceberg:50051] 16:48:33.329 [grpc-default-executor-0] INFO  io.debezium.server.iceberg.tableoperator.IcebergTableOperator - Successfully committed 1 events","time":"2025-05-07T11:18:33Z"}
{"level":"info","message":"[Java-Iceberg:50051] 16:48:33.329 [grpc-default-executor-0] INFO  io.debezium.server.iceberg.rpc.OlakeRowsIngester - [Thread-23-1370764832541] Processing tables took: 1141 ms","time":"2025-05-07T11:18:33Z"}
{"level":"info","message":"[Java-Iceberg:50051] 16:48:33.334 [grpc-default-executor-0] INFO  io.debezium.server.iceberg.rpc.OlakeRowsIngester - [Thread-23-1370764832541] Total time taken: 1157 ms","time":"2025-05-07T11:18:33Z"}
{"level":"info","time":"2025-05-07T11:18:33Z","message":"Server Response: [Thread-23-1370764832541] Received 1 messages"}
{"level":"info","time":"2025-05-07T11:18:33Z","message":"Shutting down Iceberg server on port 50051"}
{"level":"info","message":"Standard Replication is selected","time":"2025-05-07T11:18:33Z"}
{"level":"info","time":"2025-05-07T11:18:33Z","message":"Starting discover for Postgres database postgres"}
{"level":"info","time":"2025-05-07T11:18:33Z","message":"Starting backfill for stream[test_table_olake_1746616710] with 1 chunks"}
{"level":"info","time":"2025-05-07T11:18:33Z","message":"Iceberg JAR file found in base directory: /Users/dukedhal/Desktop/olake/debezium-server-iceberg-sink.jar"}
{"level":"info","time":"2025-05-07T11:18:33Z","message":"Connected to new iceberg writer on port 50051 for stream public.test_table_olake_1746616710, configHash public.test_table_olake_1746616710-public-false"}
{"level":"info","time":"2025-05-07T11:18:33Z","message":"chunk[1] with min['(0,0)']-max['(4294967295,0)'] completed in 0.06 seconds"}
{"level":"info","message":"[Java-Iceberg:50051] 16:48:33.988 [main] INFO  io.debezium.server.iceberg.OlakeRpcServer - Logs will be output to console only","time":"2025-05-07T11:18:33Z"}
{"level":"info","message":"[Java-Iceberg:50051] 16:48:34.024 [main] INFO  org.apache.iceberg.CatalogUtil - Loading custom FileIO implementation: org.apache.iceberg.io.ResolvingFileIO","time":"2025-05-07T11:18:34Z"}
{"level":"info","message":"[Java-Iceberg:50051] 16:48:34.165 [main] WARN  org.apache.iceberg.jdbc.JdbcCatalog - JDBC catalog is initialized without view support. To auto-migrate the database's schema and enable view support, set jdbc.schema-version=V1","time":"2025-05-07T11:18:34Z"}
{"level":"info","message":"[Java-Iceberg:50051] 16:48:34.172 [main] INFO  io.debezium.serde.json.JsonSerdeConfig - JsonSerdeConfig values: ","time":"2025-05-07T11:18:34Z"}
{"level":"info","message":"[Java-Iceberg:50051] \tfrom.field = null","time":"2025-05-07T11:18:34Z"}
{"level":"info","message":"[Java-Iceberg:50051] \tunknown.properties.ignored = false","time":"2025-05-07T11:18:34Z"}
{"level":"info","message":"[Java-Iceberg:50051] ","time":"2025-05-07T11:18:34Z"}
{"level":"info","message":"[Java-Iceberg:50051] 16:48:34.173 [main] INFO  io.debezium.serde.json.JsonSerdeConfig - JsonSerdeConfig values: ","time":"2025-05-07T11:18:34Z"}
{"level":"info","message":"[Java-Iceberg:50051] \tfrom.field = null","time":"2025-05-07T11:18:34Z"}
{"level":"info","message":"[Java-Iceberg:50051] \tunknown.properties.ignored = false","time":"2025-05-07T11:18:34Z"}
{"level":"info","message":"[Java-Iceberg:50051] ","time":"2025-05-07T11:18:34Z"}
{"level":"info","message":"[Java-Iceberg:50051] 16:48:34.294 [main] INFO  io.debezium.server.iceberg.OlakeRpcServer - Server started on port 50051 with max message size: 2000MB","time":"2025-05-07T11:18:34Z"}
{"level":"info","message":"[Java-Iceberg:50051] 16:48:34.679 [grpc-default-executor-0] INFO  io.debezium.server.iceberg.rpc.OlakeRowsIngester - [Thread-23-1373253914166] Parsing messages took: 12 ms","time":"2025-05-07T11:18:34Z"}
{"level":"info","message":"[Java-Iceberg:50051] 16:48:34.699 [grpc-default-executor-0] WARN  io.debezium.server.iceberg.IcebergUtil - Creating table:'olake_iceberg.test_table_olake_1746616710'","time":"2025-05-07T11:18:34Z"}
{"level":"info","message":"[Java-Iceberg:50051] schema:table {","time":"2025-05-07T11:18:34Z"}
{"level":"info","message":"[Java-Iceberg:50051]   1: _olake_id: required string (id)","time":"2025-05-07T11:18:34Z"}
{"level":"info","message":"[Java-Iceberg:50051]   2: data: optional string","time":"2025-05-07T11:18:34Z"}
{"level":"info","message":"[Java-Iceberg:50051]   3: _op_type: optional string","time":"2025-05-07T11:18:34Z"}
{"level":"info","message":"[Java-Iceberg:50051]   4: _db: optional string","time":"2025-05-07T11:18:34Z"}
{"level":"info","message":"[Java-Iceberg:50051]   5: _cdc_timestamp: optional timestamptz","time":"2025-05-07T11:18:34Z"}
{"level":"info","message":"[Java-Iceberg:50051]   6: _olake_timestamp: optional timestamptz","time":"2025-05-07T11:18:34Z"}
{"level":"info","message":"[Java-Iceberg:50051] }","time":"2025-05-07T11:18:34Z"}
{"level":"info","message":"[Java-Iceberg:50051] rowIdentifier:[_olake_id]","time":"2025-05-07T11:18:34Z"}
{"level":"info","message":"[Java-Iceberg:50051] 16:48:34.706 [grpc-default-executor-0] INFO  org.apache.iceberg.BaseMetastoreCatalog - Table properties set at catalog level through catalog properties: {}","time":"2025-05-07T11:18:34Z"}
{"level":"info","message":"[Java-Iceberg:50051] 16:48:34.710 [grpc-default-executor-0] INFO  org.apache.iceberg.BaseMetastoreCatalog - Table properties enforced at catalog level through catalog properties: {}","time":"2025-05-07T11:18:34Z"}
{"level":"info","message":"[Java-Iceberg:50051] 16:48:34.721 [grpc-default-executor-0] INFO  org.apache.iceberg.CatalogUtil - Loading custom FileIO implementation: org.apache.iceberg.aws.s3.S3FileIO","time":"2025-05-07T11:18:34Z"}
{"level":"info","message":"[Java-Iceberg:50051] 16:48:35.114 [grpc-default-executor-0] INFO  org.apache.iceberg.BaseMetastoreTableOperations - Successfully committed to table olake_iceberg.test_table_olake_1746616710 in 395 ms","time":"2025-05-07T11:18:35Z"}
{"level":"info","message":"[Java-Iceberg:50051] 16:48:35.117 [grpc-default-executor-0] INFO  io.debezium.server.iceberg.tableoperator.IcebergTableOperator - Batch got 5 records with 1 different schema!!","time":"2025-05-07T11:18:35Z"}
{"level":"info","message":"[Java-Iceberg:50051] 16:48:35.120 [grpc-default-executor-0] INFO  org.apache.iceberg.BaseMetastoreTableOperations - Refreshing table metadata from new version: s3a://warehouse/olake_iceberg/test_table_olake_1746616710/metadata/00000-ea429c95-44bd-4305-a4a6-5a3b7f7d91d3.metadata.json","time":"2025-05-07T11:18:35Z"}
{"level":"info","message":"[Java-Iceberg:50051] 16:48:35.196 [grpc-default-executor-0] INFO  org.apache.hadoop.io.compress.CodecPool - Got brand-new compressor [.zstd]","time":"2025-05-07T11:18:35Z"}
{"level":"info","message":"[Java-Iceberg:50051] 16:48:35.828 [grpc-default-executor-0] INFO  org.apache.iceberg.BaseMetastoreTableOperations - Successfully committed to table olake_iceberg.test_table_olake_1746616710 in 9 ms","time":"2025-05-07T11:18:35Z"}
{"level":"info","message":"[Java-Iceberg:50051] 16:48:35.828 [grpc-default-executor-0] INFO  org.apache.iceberg.SnapshotProducer - Committed snapshot 8845306383720602574 (MergeAppend)","time":"2025-05-07T11:18:35Z"}
{"level":"info","message":"[Java-Iceberg:50051] 16:48:35.858 [grpc-default-executor-0] INFO  org.apache.iceberg.BaseMetastoreTableOperations - Refreshing table metadata from new version: s3a://warehouse/olake_iceberg/test_table_olake_1746616710/metadata/00001-bb78c7bb-d125-465a-a75b-4d8ab7ee858c.metadata.json","time":"2025-05-07T11:18:35Z"}
{"level":"info","message":"[Java-Iceberg:50051] 16:48:35.865 [grpc-default-executor-0] INFO  org.apache.iceberg.metrics.LoggingMetricsReporter - Received metrics report: CommitReport{tableName=olake_iceberg.olake_iceberg.test_table_olake_1746616710, snapshotId=8845306383720602574, sequenceNumber=1, operation=append, commitMetrics=CommitMetricsResult{totalDuration=TimerResult{timeUnit=NANOSECONDS, totalDuration=PT0.277488583S, count=1}, attempts=CounterResult{unit=COUNT, value=1}, addedDataFiles=CounterResult{unit=COUNT, value=1}, removedDataFiles=null, totalDataFiles=CounterResult{unit=COUNT, value=1}, addedDeleteFiles=null, addedEqualityDeleteFiles=null, addedPositionalDeleteFiles=null, removedDeleteFiles=null, removedEqualityDeleteFiles=null, removedPositionalDeleteFiles=null, totalDeleteFiles=CounterResult{unit=COUNT, value=0}, addedRecords=CounterResult{unit=COUNT, value=5}, removedRecords=null, totalRecords=CounterResult{unit=COUNT, value=5}, addedFilesSizeInBytes=CounterResult{unit=BYTES, value=3268}, removedFilesSizeInBytes=null, totalFilesSizeInBytes=CounterResult{unit=BYTES, value=3268}, addedPositionalDeletes=null, removedPositionalDeletes=null, totalPositionalDeletes=CounterResult{unit=COUNT, value=0}, addedEqualityDeletes=null, removedEqualityDeletes=null, totalEqualityDeletes=CounterResult{unit=COUNT, value=0}}, metadata={iceberg-version=Apache Iceberg 1.7.1 (commit 4a432839233f2343a9eae8255532f911f06358ef)}}","time":"2025-05-07T11:18:35Z"}
{"level":"info","message":"[Java-Iceberg:50051] 16:48:35.875 [grpc-default-executor-0] INFO  io.debezium.server.iceberg.tableoperator.IcebergTableOperator - Successfully committed 5 events","time":"2025-05-07T11:18:35Z"}
{"level":"info","message":"[Java-Iceberg:50051] 16:48:35.875 [grpc-default-executor-0] INFO  io.debezium.server.iceberg.rpc.OlakeRowsIngester - [Thread-23-1373253914166] Processing tables took: 1196 ms","time":"2025-05-07T11:18:35Z"}
{"level":"info","message":"[Java-Iceberg:50051] 16:48:35.880 [grpc-default-executor-0] INFO  io.debezium.server.iceberg.rpc.OlakeRowsIngester - [Thread-23-1373253914166] Total time taken: 1213 ms","time":"2025-05-07T11:18:35Z"}
{"level":"info","time":"2025-05-07T11:18:35Z","message":"Sent batch to Iceberg server: 5 records, response: [Thread-23-1373253914166] Received 5 messages"}
{"level":"info","time":"2025-05-07T11:18:35Z","message":"Shutting down Iceberg server on port 50051"}
