{"level":"info","time":"2025-05-07T12:51:45Z","message":"System has 16GB RAM, setting iceberg writer batch size to 419430400 bytes"}
{"level":"info","message":"Standard Replication is selected","time":"2025-05-07T12:51:45Z"}
{"level":"info","message":"Standard Replication is selected","time":"2025-05-07T12:51:45Z"}
{"level":"info","message":"Standard Replication is selected","time":"2025-05-07T12:51:45Z"}
{"level":"info","time":"2025-05-07T12:51:45Z","message":"Starting discover for Postgres database postgres"}
{"level":"info","message":"Standard Replication is selected","time":"2025-05-07T12:51:46Z"}
{"level":"info","time":"2025-05-07T12:51:46Z","message":"Iceberg JAR file found in base directory: /Users/dukedhal/olake/debezium-server-iceberg-sink.jar"}
{"level":"info","time":"2025-05-07T12:51:46Z","message":"Connected to new iceberg writer on port 50051 for stream check_01JTNCTP390NC0ZTAJR21JCMW4, configHash check_01JTNCTP390NC0ZTAJR21JCMW4-check-false"}
{"level":"info","message":"[Java-Iceberg:50051] 18:21:46.938 [main] INFO  io.debezium.server.iceberg.OlakeRpcServer - Logs will be output to console only","time":"2025-05-07T12:51:46Z"}
{"level":"info","message":"[Java-Iceberg:50051] 18:21:46.975 [main] INFO  org.apache.iceberg.CatalogUtil - Loading custom FileIO implementation: org.apache.iceberg.io.ResolvingFileIO","time":"2025-05-07T12:51:46Z"}
{"level":"info","message":"[Java-Iceberg:50051] 18:21:47.141 [main] INFO  io.debezium.serde.json.JsonSerdeConfig - JsonSerdeConfig values: ","time":"2025-05-07T12:51:47Z"}
{"level":"info","message":"[Java-Iceberg:50051] \tfrom.field = null","time":"2025-05-07T12:51:47Z"}
{"level":"info","message":"[Java-Iceberg:50051] \tunknown.properties.ignored = false","time":"2025-05-07T12:51:47Z"}
{"level":"info","message":"[Java-Iceberg:50051] ","time":"2025-05-07T12:51:47Z"}
{"level":"info","message":"[Java-Iceberg:50051] 18:21:47.142 [main] INFO  io.debezium.serde.json.JsonSerdeConfig - JsonSerdeConfig values: ","time":"2025-05-07T12:51:47Z"}
{"level":"info","message":"[Java-Iceberg:50051] \tfrom.field = null","time":"2025-05-07T12:51:47Z"}
{"level":"info","message":"[Java-Iceberg:50051] \tunknown.properties.ignored = false","time":"2025-05-07T12:51:47Z"}
{"level":"info","message":"[Java-Iceberg:50051] ","time":"2025-05-07T12:51:47Z"}
{"level":"info","message":"[Java-Iceberg:50051] 18:21:47.263 [main] INFO  io.debezium.server.iceberg.OlakeRpcServer - Server started on port 50051 with max message size: 2000MB","time":"2025-05-07T12:51:47Z"}
{"level":"info","message":"[Java-Iceberg:50051] 18:21:47.558 [grpc-default-executor-0] INFO  io.debezium.server.iceberg.rpc.OlakeRowsIngester - [Thread-23-5762969228000] Parsing messages took: 11 ms","time":"2025-05-07T12:51:47Z"}
{"level":"info","message":"[Java-Iceberg:50051] 18:21:47.567 [grpc-default-executor-0] INFO  org.apache.iceberg.BaseMetastoreTableOperations - Refreshing table metadata from new version: s3a://warehouse/olake_iceberg/olake_test_table_duke/metadata/00003-62f22a54-48eb-45a2-aeff-22dbff6da781.metadata.json","time":"2025-05-07T12:51:47Z"}
{"level":"info","message":"[Java-Iceberg:50051] 18:21:47.569 [grpc-default-executor-0] INFO  org.apache.iceberg.CatalogUtil - Loading custom FileIO implementation: org.apache.iceberg.aws.s3.S3FileIO","time":"2025-05-07T12:51:47Z"}
{"level":"info","message":"[Java-Iceberg:50051] 18:21:47.955 [grpc-default-executor-0] INFO  org.apache.iceberg.BaseMetastoreCatalog - Table loaded by catalog: olake_iceberg.olake_iceberg.olake_test_table_duke","time":"2025-05-07T12:51:47Z"}
{"level":"info","message":"[Java-Iceberg:50051] 18:21:47.956 [grpc-default-executor-0] INFO  io.debezium.server.iceberg.tableoperator.IcebergTableOperator - Batch got 1 records with 1 different schema!!","time":"2025-05-07T12:51:47Z"}
{"level":"info","message":"[Java-Iceberg:50051] 18:21:48.004 [grpc-default-executor-0] INFO  org.apache.hadoop.io.compress.CodecPool - Got brand-new compressor [.zstd]","time":"2025-05-07T12:51:48Z"}
{"level":"info","message":"[Java-Iceberg:50051] 18:21:48.670 [grpc-default-executor-0] INFO  org.apache.iceberg.BaseMetastoreTableOperations - Successfully committed to table olake_iceberg.olake_test_table_duke in 10 ms","time":"2025-05-07T12:51:48Z"}
{"level":"info","message":"[Java-Iceberg:50051] 18:21:48.670 [grpc-default-executor-0] INFO  org.apache.iceberg.SnapshotProducer - Committed snapshot 3357764834787323882 (MergeAppend)","time":"2025-05-07T12:51:48Z"}
{"level":"info","message":"[Java-Iceberg:50051] 18:21:48.679 [grpc-default-executor-0] INFO  org.apache.iceberg.BaseMetastoreTableOperations - Refreshing table metadata from new version: s3a://warehouse/olake_iceberg/olake_test_table_duke/metadata/00004-938aa814-074c-42fe-8127-69f1a095e05b.metadata.json","time":"2025-05-07T12:51:48Z"}
{"level":"info","message":"[Java-Iceberg:50051] 18:21:48.685 [grpc-default-executor-0] INFO  org.apache.iceberg.metrics.LoggingMetricsReporter - Received metrics report: CommitReport{tableName=olake_iceberg.olake_iceberg.olake_test_table_duke, snapshotId=3357764834787323882, sequenceNumber=4, operation=append, commitMetrics=CommitMetricsResult{totalDuration=TimerResult{timeUnit=NANOSECONDS, totalDuration=PT0.279541667S, count=1}, attempts=CounterResult{unit=COUNT, value=1}, addedDataFiles=CounterResult{unit=COUNT, value=1}, removedDataFiles=null, totalDataFiles=CounterResult{unit=COUNT, value=4}, addedDeleteFiles=null, addedEqualityDeleteFiles=null, addedPositionalDeleteFiles=null, removedDeleteFiles=null, removedEqualityDeleteFiles=null, removedPositionalDeleteFiles=null, totalDeleteFiles=CounterResult{unit=COUNT, value=0}, addedRecords=CounterResult{unit=COUNT, value=1}, removedRecords=null, totalRecords=CounterResult{unit=COUNT, value=4}, addedFilesSizeInBytes=CounterResult{unit=BYTES, value=1376}, removedFilesSizeInBytes=null, totalFilesSizeInBytes=CounterResult{unit=BYTES, value=5503}, addedPositionalDeletes=null, removedPositionalDeletes=null, totalPositionalDeletes=CounterResult{unit=COUNT, value=0}, addedEqualityDeletes=null, removedEqualityDeletes=null, totalEqualityDeletes=CounterResult{unit=COUNT, value=0}}, metadata={iceberg-version=Apache Iceberg 1.7.1 (commit 4a432839233f2343a9eae8255532f911f06358ef)}}","time":"2025-05-07T12:51:48Z"}
{"level":"info","message":"[Java-Iceberg:50051] 18:21:48.696 [grpc-default-executor-0] INFO  io.debezium.server.iceberg.tableoperator.IcebergTableOperator - Successfully committed 1 events","time":"2025-05-07T12:51:48Z"}
{"level":"info","message":"[Java-Iceberg:50051] 18:21:48.696 [grpc-default-executor-0] INFO  io.debezium.server.iceberg.rpc.OlakeRowsIngester - [Thread-23-5762969228000] Processing tables took: 1137 ms","time":"2025-05-07T12:51:48Z"}
{"level":"info","message":"[Java-Iceberg:50051] 18:21:48.700 [grpc-default-executor-0] INFO  io.debezium.server.iceberg.rpc.OlakeRowsIngester - [Thread-23-5762969228000] Total time taken: 1153 ms","time":"2025-05-07T12:51:48Z"}
{"level":"info","time":"2025-05-07T12:51:48Z","message":"Server Response: [Thread-23-5762969228000] Received 1 messages"}
{"level":"info","time":"2025-05-07T12:51:48Z","message":"Shutting down Iceberg server on port 50051"}
{"level":"info","message":"Standard Replication is selected","time":"2025-05-07T12:51:48Z"}
{"level":"info","time":"2025-05-07T12:51:48Z","message":"Starting discover for Postgres database postgres"}
{"level":"info","time":"2025-05-07T12:51:48Z","message":"Starting backfill for stream[test_table_olake_1746622305] with 1 chunks"}
{"level":"info","time":"2025-05-07T12:51:48Z","message":"Iceberg JAR file found in base directory: /Users/dukedhal/olake/debezium-server-iceberg-sink.jar"}
{"level":"info","time":"2025-05-07T12:51:48Z","message":"Connected to new iceberg writer on port 50051 for stream public.test_table_olake_1746622305, configHash public.test_table_olake_1746622305-public-false"}
{"level":"info","time":"2025-05-07T12:51:48Z","message":"chunk[1] with min['(0,0)']-max['(4294967295,0)'] completed in 0.07 seconds"}
{"level":"info","message":"[Java-Iceberg:50051] 18:21:49.407 [main] INFO  io.debezium.server.iceberg.OlakeRpcServer - Logs will be output to console only","time":"2025-05-07T12:51:49Z"}
{"level":"info","message":"[Java-Iceberg:50051] 18:21:49.444 [main] INFO  org.apache.iceberg.CatalogUtil - Loading custom FileIO implementation: org.apache.iceberg.io.ResolvingFileIO","time":"2025-05-07T12:51:49Z"}
{"level":"info","message":"[Java-Iceberg:50051] 18:21:49.588 [main] INFO  io.debezium.serde.json.JsonSerdeConfig - JsonSerdeConfig values: ","time":"2025-05-07T12:51:49Z"}
{"level":"info","message":"[Java-Iceberg:50051] \tfrom.field = null","time":"2025-05-07T12:51:49Z"}
{"level":"info","message":"[Java-Iceberg:50051] \tunknown.properties.ignored = false","time":"2025-05-07T12:51:49Z"}
{"level":"info","message":"[Java-Iceberg:50051] ","time":"2025-05-07T12:51:49Z"}
{"level":"info","message":"[Java-Iceberg:50051] 18:21:49.588 [main] INFO  io.debezium.serde.json.JsonSerdeConfig - JsonSerdeConfig values: ","time":"2025-05-07T12:51:49Z"}
{"level":"info","message":"[Java-Iceberg:50051] \tfrom.field = null","time":"2025-05-07T12:51:49Z"}
{"level":"info","message":"[Java-Iceberg:50051] \tunknown.properties.ignored = false","time":"2025-05-07T12:51:49Z"}
{"level":"info","message":"[Java-Iceberg:50051] ","time":"2025-05-07T12:51:49Z"}
{"level":"info","message":"[Java-Iceberg:50051] 18:21:49.705 [main] INFO  io.debezium.server.iceberg.OlakeRpcServer - Server started on port 50051 with max message size: 2000MB","time":"2025-05-07T12:51:49Z"}
{"level":"info","message":"[Java-Iceberg:50051] 18:21:50.106 [grpc-default-executor-0] INFO  io.debezium.server.iceberg.rpc.OlakeRowsIngester - [Thread-23-5765514795333] Parsing messages took: 13 ms","time":"2025-05-07T12:51:50Z"}
{"level":"info","message":"[Java-Iceberg:50051] 18:21:50.127 [grpc-default-executor-0] WARN  io.debezium.server.iceberg.IcebergUtil - Creating table:'olake_iceberg.test_table_olake_1746622305'","time":"2025-05-07T12:51:50Z"}
{"level":"info","message":"[Java-Iceberg:50051] schema:table {","time":"2025-05-07T12:51:50Z"}
{"level":"info","message":"[Java-Iceberg:50051]   1: _olake_id: required string (id)","time":"2025-05-07T12:51:50Z"}
{"level":"info","message":"[Java-Iceberg:50051]   2: data: optional string","time":"2025-05-07T12:51:50Z"}
{"level":"info","message":"[Java-Iceberg:50051]   3: _op_type: optional string","time":"2025-05-07T12:51:50Z"}
{"level":"info","message":"[Java-Iceberg:50051]   4: _db: optional string","time":"2025-05-07T12:51:50Z"}
{"level":"info","message":"[Java-Iceberg:50051]   5: _cdc_timestamp: optional timestamptz","time":"2025-05-07T12:51:50Z"}
{"level":"info","message":"[Java-Iceberg:50051]   6: _olake_timestamp: optional timestamptz","time":"2025-05-07T12:51:50Z"}
{"level":"info","message":"[Java-Iceberg:50051] }","time":"2025-05-07T12:51:50Z"}
{"level":"info","message":"[Java-Iceberg:50051] rowIdentifier:[_olake_id]","time":"2025-05-07T12:51:50Z"}
{"level":"info","message":"[Java-Iceberg:50051] 18:21:50.133 [grpc-default-executor-0] INFO  org.apache.iceberg.BaseMetastoreCatalog - Table properties set at catalog level through catalog properties: {}","time":"2025-05-07T12:51:50Z"}
{"level":"info","message":"[Java-Iceberg:50051] 18:21:50.138 [grpc-default-executor-0] INFO  org.apache.iceberg.BaseMetastoreCatalog - Table properties enforced at catalog level through catalog properties: {}","time":"2025-05-07T12:51:50Z"}
{"level":"info","message":"[Java-Iceberg:50051] 18:21:50.149 [grpc-default-executor-0] INFO  org.apache.iceberg.CatalogUtil - Loading custom FileIO implementation: org.apache.iceberg.aws.s3.S3FileIO","time":"2025-05-07T12:51:50Z"}
{"level":"info","message":"[Java-Iceberg:50051] 18:21:50.511 [grpc-default-executor-0] INFO  org.apache.iceberg.BaseMetastoreTableOperations - Successfully committed to table olake_iceberg.test_table_olake_1746622305 in 364 ms","time":"2025-05-07T12:51:50Z"}
{"level":"info","message":"[Java-Iceberg:50051] 18:21:50.514 [grpc-default-executor-0] INFO  io.debezium.server.iceberg.tableoperator.IcebergTableOperator - Batch got 5 records with 1 different schema!!","time":"2025-05-07T12:51:50Z"}
{"level":"info","message":"[Java-Iceberg:50051] 18:21:50.517 [grpc-default-executor-0] INFO  org.apache.iceberg.BaseMetastoreTableOperations - Refreshing table metadata from new version: s3a://warehouse/olake_iceberg/test_table_olake_1746622305/metadata/00000-7ab00e51-0d53-4f5c-ad9f-eeea25fd66b7.metadata.json","time":"2025-05-07T12:51:50Z"}
{"level":"info","message":"[Java-Iceberg:50051] 18:21:50.589 [grpc-default-executor-0] INFO  org.apache.hadoop.io.compress.CodecPool - Got brand-new compressor [.zstd]","time":"2025-05-07T12:51:50Z"}
{"level":"info","message":"[Java-Iceberg:50051] 18:21:51.200 [grpc-default-executor-0] INFO  org.apache.iceberg.BaseMetastoreTableOperations - Successfully committed to table olake_iceberg.test_table_olake_1746622305 in 8 ms","time":"2025-05-07T12:51:51Z"}
{"level":"info","message":"[Java-Iceberg:50051] 18:21:51.200 [grpc-default-executor-0] INFO  org.apache.iceberg.SnapshotProducer - Committed snapshot 6071450808516943539 (MergeAppend)","time":"2025-05-07T12:51:51Z"}
{"level":"info","message":"[Java-Iceberg:50051] 18:21:51.230 [grpc-default-executor-0] INFO  org.apache.iceberg.BaseMetastoreTableOperations - Refreshing table metadata from new version: s3a://warehouse/olake_iceberg/test_table_olake_1746622305/metadata/00001-96f5a471-1811-4ee4-96c8-240d2282324f.metadata.json","time":"2025-05-07T12:51:51Z"}
{"level":"info","message":"[Java-Iceberg:50051] 18:21:51.237 [grpc-default-executor-0] INFO  org.apache.iceberg.metrics.LoggingMetricsReporter - Received metrics report: CommitReport{tableName=olake_iceberg.olake_iceberg.test_table_olake_1746622305, snapshotId=6071450808516943539, sequenceNumber=1, operation=append, commitMetrics=CommitMetricsResult{totalDuration=TimerResult{timeUnit=NANOSECONDS, totalDuration=PT0.259869125S, count=1}, attempts=CounterResult{unit=COUNT, value=1}, addedDataFiles=CounterResult{unit=COUNT, value=1}, removedDataFiles=null, totalDataFiles=CounterResult{unit=COUNT, value=1}, addedDeleteFiles=null, addedEqualityDeleteFiles=null, addedPositionalDeleteFiles=null, removedDeleteFiles=null, removedEqualityDeleteFiles=null, removedPositionalDeleteFiles=null, totalDeleteFiles=CounterResult{unit=COUNT, value=0}, addedRecords=CounterResult{unit=COUNT, value=5}, removedRecords=null, totalRecords=CounterResult{unit=COUNT, value=5}, addedFilesSizeInBytes=CounterResult{unit=BYTES, value=3269}, removedFilesSizeInBytes=null, totalFilesSizeInBytes=CounterResult{unit=BYTES, value=3269}, addedPositionalDeletes=null, removedPositionalDeletes=null, totalPositionalDeletes=CounterResult{unit=COUNT, value=0}, addedEqualityDeletes=null, removedEqualityDeletes=null, totalEqualityDeletes=CounterResult{unit=COUNT, value=0}}, metadata={iceberg-version=Apache Iceberg 1.7.1 (commit 4a432839233f2343a9eae8255532f911f06358ef)}}","time":"2025-05-07T12:51:51Z"}
{"level":"info","message":"[Java-Iceberg:50051] 18:21:51.247 [grpc-default-executor-0] INFO  io.debezium.server.iceberg.tableoperator.IcebergTableOperator - Successfully committed 5 events","time":"2025-05-07T12:51:51Z"}
{"level":"info","message":"[Java-Iceberg:50051] 18:21:51.247 [grpc-default-executor-0] INFO  io.debezium.server.iceberg.rpc.OlakeRowsIngester - [Thread-23-5765514795333] Processing tables took: 1141 ms","time":"2025-05-07T12:51:51Z"}
{"level":"info","message":"[Java-Iceberg:50051] 18:21:51.252 [grpc-default-executor-0] INFO  io.debezium.server.iceberg.rpc.OlakeRowsIngester - [Thread-23-5765514795333] Total time taken: 1159 ms","time":"2025-05-07T12:51:51Z"}
{"level":"info","time":"2025-05-07T12:51:51Z","message":"Sent batch to Iceberg server: 5 records, response: [Thread-23-5765514795333] Received 5 messages"}
{"level":"info","time":"2025-05-07T12:51:51Z","message":"Shutting down Iceberg server on port 50051"}
{"level":"info","message":"Standard Replication is selected","time":"2025-05-07T12:54:09Z"}
{"level":"info","time":"2025-05-07T12:54:09Z","message":"Starting discover for Postgres database postgres"}
{"level":"info","time":"2025-05-07T12:54:09Z","message":"SystemID:7501591254541365286 Timeline:1 XLogPos:0/1B496C8 Database:postgres"}
{"level":"info","time":"2025-05-07T12:54:09Z","message":"Starting backfill for stream[test_table_olake_1746622305] with 1 chunks"}
{"level":"info","time":"2025-05-07T12:54:09Z","message":"Iceberg JAR file found in base directory: /Users/dukedhal/olake/debezium-server-iceberg-sink.jar"}
{"level":"info","time":"2025-05-07T12:54:09Z","message":"Connected to new iceberg writer on port 50051 for stream public.test_table_olake_1746622305, configHash public.test_table_olake_1746622305-public-false"}
{"level":"info","time":"2025-05-07T12:54:09Z","message":"chunk[1] with min['(0,0)']-max['(4294967295,0)'] completed in 0.20 seconds"}
{"level":"info","time":"2025-05-07T12:54:09Z","message":"Started logical replication on slot[olake_slot]"}
{"level":"info","message":"[Java-Iceberg:50051] 18:24:09.982 [main] INFO  io.debezium.server.iceberg.OlakeRpcServer - Logs will be output to console only","time":"2025-05-07T12:54:09Z"}
{"level":"info","message":"[Java-Iceberg:50051] 18:24:10.016 [main] INFO  org.apache.iceberg.CatalogUtil - Loading custom FileIO implementation: org.apache.iceberg.io.ResolvingFileIO","time":"2025-05-07T12:54:10Z"}
{"level":"info","message":"[Java-Iceberg:50051] 18:24:10.171 [main] INFO  io.debezium.serde.json.JsonSerdeConfig - JsonSerdeConfig values: ","time":"2025-05-07T12:54:10Z"}
{"level":"info","message":"[Java-Iceberg:50051] \tfrom.field = null","time":"2025-05-07T12:54:10Z"}
{"level":"info","message":"[Java-Iceberg:50051] \tunknown.properties.ignored = false","time":"2025-05-07T12:54:10Z"}
{"level":"info","message":"[Java-Iceberg:50051] ","time":"2025-05-07T12:54:10Z"}
{"level":"info","message":"[Java-Iceberg:50051] 18:24:10.171 [main] INFO  io.debezium.serde.json.JsonSerdeConfig - JsonSerdeConfig values: ","time":"2025-05-07T12:54:10Z"}
{"level":"info","message":"[Java-Iceberg:50051] \tfrom.field = null","time":"2025-05-07T12:54:10Z"}
{"level":"info","message":"[Java-Iceberg:50051] \tunknown.properties.ignored = false","time":"2025-05-07T12:54:10Z"}
{"level":"info","message":"[Java-Iceberg:50051] ","time":"2025-05-07T12:54:10Z"}
{"level":"info","message":"[Java-Iceberg:50051] 18:24:10.294 [main] INFO  io.debezium.server.iceberg.OlakeRpcServer - Server started on port 50051 with max message size: 2000MB","time":"2025-05-07T12:54:10Z"}
{"level":"info","message":"[Java-Iceberg:50051] 18:24:10.547 [grpc-default-executor-0] INFO  io.debezium.server.iceberg.rpc.OlakeRowsIngester - [Thread-23-5905957291166] Parsing messages took: 12 ms","time":"2025-05-07T12:54:10Z"}
{"level":"info","message":"[Java-Iceberg:50051] 18:24:10.555 [grpc-default-executor-0] INFO  org.apache.iceberg.BaseMetastoreTableOperations - Refreshing table metadata from new version: s3a://warehouse/olake_iceberg/test_table_olake_1746622305/metadata/00001-96f5a471-1811-4ee4-96c8-240d2282324f.metadata.json","time":"2025-05-07T12:54:10Z"}
{"level":"info","message":"[Java-Iceberg:50051] 18:24:10.557 [grpc-default-executor-0] INFO  org.apache.iceberg.CatalogUtil - Loading custom FileIO implementation: org.apache.iceberg.aws.s3.S3FileIO","time":"2025-05-07T12:54:10Z"}
{"level":"info","message":"[Java-Iceberg:50051] 18:24:10.937 [grpc-default-executor-0] INFO  org.apache.iceberg.BaseMetastoreCatalog - Table loaded by catalog: olake_iceberg.olake_iceberg.test_table_olake_1746622305","time":"2025-05-07T12:54:10Z"}
{"level":"info","message":"[Java-Iceberg:50051] 18:24:10.938 [grpc-default-executor-0] INFO  io.debezium.server.iceberg.tableoperator.IcebergTableOperator - Batch got 5 records with 1 different schema!!","time":"2025-05-07T12:54:10Z"}
{"level":"info","message":"[Java-Iceberg:50051] 18:24:10.985 [grpc-default-executor-0] INFO  org.apache.hadoop.io.compress.CodecPool - Got brand-new compressor [.zstd]","time":"2025-05-07T12:54:10Z"}
{"level":"info","message":"[Java-Iceberg:50051] 18:24:11.696 [grpc-default-executor-0] INFO  org.apache.iceberg.BaseMetastoreTableOperations - Successfully committed to table olake_iceberg.test_table_olake_1746622305 in 11 ms","time":"2025-05-07T12:54:11Z"}
{"level":"info","message":"[Java-Iceberg:50051] 18:24:11.696 [grpc-default-executor-0] INFO  org.apache.iceberg.SnapshotProducer - Committed snapshot 8242208831752903320 (MergeAppend)","time":"2025-05-07T12:54:11Z"}
{"level":"info","message":"[Java-Iceberg:50051] 18:24:11.705 [grpc-default-executor-0] INFO  org.apache.iceberg.BaseMetastoreTableOperations - Refreshing table metadata from new version: s3a://warehouse/olake_iceberg/test_table_olake_1746622305/metadata/00002-9e13b965-643e-4453-a66b-1da55db93fb2.metadata.json","time":"2025-05-07T12:54:11Z"}
{"level":"info","message":"[Java-Iceberg:50051] 18:24:11.710 [grpc-default-executor-0] INFO  org.apache.iceberg.metrics.LoggingMetricsReporter - Received metrics report: CommitReport{tableName=olake_iceberg.olake_iceberg.test_table_olake_1746622305, snapshotId=8242208831752903320, sequenceNumber=2, operation=append, commitMetrics=CommitMetricsResult{totalDuration=TimerResult{timeUnit=NANOSECONDS, totalDuration=PT0.307068166S, count=1}, attempts=CounterResult{unit=COUNT, value=1}, addedDataFiles=CounterResult{unit=COUNT, value=1}, removedDataFiles=null, totalDataFiles=CounterResult{unit=COUNT, value=2}, addedDeleteFiles=null, addedEqualityDeleteFiles=null, addedPositionalDeleteFiles=null, removedDeleteFiles=null, removedEqualityDeleteFiles=null, removedPositionalDeleteFiles=null, totalDeleteFiles=CounterResult{unit=COUNT, value=0}, addedRecords=CounterResult{unit=COUNT, value=5}, removedRecords=null, totalRecords=CounterResult{unit=COUNT, value=10}, addedFilesSizeInBytes=CounterResult{unit=BYTES, value=3268}, removedFilesSizeInBytes=null, totalFilesSizeInBytes=CounterResult{unit=BYTES, value=6537}, addedPositionalDeletes=null, removedPositionalDeletes=null, totalPositionalDeletes=CounterResult{unit=COUNT, value=0}, addedEqualityDeletes=null, removedEqualityDeletes=null, totalEqualityDeletes=CounterResult{unit=COUNT, value=0}}, metadata={iceberg-version=Apache Iceberg 1.7.1 (commit 4a432839233f2343a9eae8255532f911f06358ef)}}","time":"2025-05-07T12:54:11Z"}
{"level":"info","message":"[Java-Iceberg:50051] 18:24:11.720 [grpc-default-executor-0] INFO  io.debezium.server.iceberg.tableoperator.IcebergTableOperator - Successfully committed 5 events","time":"2025-05-07T12:54:11Z"}
{"level":"info","message":"[Java-Iceberg:50051] 18:24:11.720 [grpc-default-executor-0] INFO  io.debezium.server.iceberg.rpc.OlakeRowsIngester - [Thread-23-5905957291166] Processing tables took: 1173 ms","time":"2025-05-07T12:54:11Z"}
{"level":"info","message":"[Java-Iceberg:50051] 18:24:11.724 [grpc-default-executor-0] INFO  io.debezium.server.iceberg.rpc.OlakeRowsIngester - [Thread-23-5905957291166] Total time taken: 1189 ms","time":"2025-05-07T12:54:11Z"}
{"level":"info","time":"2025-05-07T12:54:11Z","message":"Sent batch to Iceberg server: 5 records, response: [Thread-23-5905957291166] Received 5 messages"}
{"level":"info","time":"2025-05-07T12:54:11Z","message":"Shutting down Iceberg server on port 50051"}
{"level":"info","time":"2025-05-07T12:54:11Z","message":"Iceberg JAR file found in base directory: /Users/dukedhal/olake/debezium-server-iceberg-sink.jar"}
{"level":"info","time":"2025-05-07T12:54:11Z","message":"Connected to new iceberg writer on port 50051 for stream public.test_table_olake_1746622305, configHash public.test_table_olake_1746622305-public-true"}
{"level":"info","message":"[Java-Iceberg:50051] 18:24:12.244 [main] INFO  io.debezium.server.iceberg.OlakeRpcServer - Logs will be output to console only","time":"2025-05-07T12:54:12Z"}
{"level":"info","message":"[Java-Iceberg:50051] 18:24:12.278 [main] INFO  org.apache.iceberg.CatalogUtil - Loading custom FileIO implementation: org.apache.iceberg.io.ResolvingFileIO","time":"2025-05-07T12:54:12Z"}
{"level":"info","message":"[Java-Iceberg:50051] 18:24:12.416 [main] INFO  io.debezium.serde.json.JsonSerdeConfig - JsonSerdeConfig values: ","time":"2025-05-07T12:54:12Z"}
{"level":"info","message":"[Java-Iceberg:50051] \tfrom.field = null","time":"2025-05-07T12:54:12Z"}
{"level":"info","message":"[Java-Iceberg:50051] \tunknown.properties.ignored = false","time":"2025-05-07T12:54:12Z"}
{"level":"info","message":"[Java-Iceberg:50051] ","time":"2025-05-07T12:54:12Z"}
{"level":"info","message":"[Java-Iceberg:50051] 18:24:12.417 [main] INFO  io.debezium.serde.json.JsonSerdeConfig - JsonSerdeConfig values: ","time":"2025-05-07T12:54:12Z"}
{"level":"info","message":"[Java-Iceberg:50051] \tfrom.field = null","time":"2025-05-07T12:54:12Z"}
{"level":"info","message":"[Java-Iceberg:50051] \tunknown.properties.ignored = false","time":"2025-05-07T12:54:12Z"}
{"level":"info","message":"[Java-Iceberg:50051] ","time":"2025-05-07T12:54:12Z"}
{"level":"info","message":"[Java-Iceberg:50051] 18:24:12.535 [main] INFO  io.debezium.server.iceberg.OlakeRpcServer - Server started on port 50051 with max message size: 2000MB","time":"2025-05-07T12:54:12Z"}
{"level":"debug","time":"2025-05-07T12:54:30Z","message":"Idle timeout reached while waiting for new messages"}
{"level":"debug","time":"2025-05-07T12:54:30Z","message":"sent standby status message at LSN#0/1B4F153"}
{"level":"info","message":"[Java-Iceberg:50051] 18:24:30.317 [grpc-default-executor-0] INFO  io.debezium.server.iceberg.rpc.OlakeRowsIngester - [Thread-23-5925724270208] Parsing messages took: 15 ms","time":"2025-05-07T12:54:30Z"}
{"level":"info","message":"[Java-Iceberg:50051] 18:24:30.325 [grpc-default-executor-0] INFO  org.apache.iceberg.BaseMetastoreTableOperations - Refreshing table metadata from new version: s3a://warehouse/olake_iceberg/test_table_olake_1746622305/metadata/00002-9e13b965-643e-4453-a66b-1da55db93fb2.metadata.json","time":"2025-05-07T12:54:30Z"}
{"level":"info","message":"[Java-Iceberg:50051] 18:24:30.327 [grpc-default-executor-0] INFO  org.apache.iceberg.CatalogUtil - Loading custom FileIO implementation: org.apache.iceberg.aws.s3.S3FileIO","time":"2025-05-07T12:54:30Z"}
{"level":"info","message":"[Java-Iceberg:50051] 18:24:30.710 [grpc-default-executor-0] INFO  org.apache.iceberg.BaseMetastoreCatalog - Table loaded by catalog: olake_iceberg.olake_iceberg.test_table_olake_1746622305","time":"2025-05-07T12:54:30Z"}
{"level":"info","message":"[Java-Iceberg:50051] 18:24:30.716 [grpc-default-executor-0] INFO  io.debezium.server.iceberg.tableoperator.IcebergTableOperator - Batch got 6 records with 1 different schema!!","time":"2025-05-07T12:54:30Z"}
{"level":"info","message":"[Java-Iceberg:50051] 18:24:30.768 [grpc-default-executor-0] INFO  org.apache.hadoop.io.compress.CodecPool - Got brand-new compressor [.zstd]","time":"2025-05-07T12:54:30Z"}
{"level":"info","message":"[Java-Iceberg:50051] 18:24:30.876 [grpc-default-executor-0] INFO  org.apache.hadoop.io.compress.CodecPool - Got brand-new compressor [.zstd]","time":"2025-05-07T12:54:30Z"}
{"level":"info","message":"[Java-Iceberg:50051] 18:24:31.475 [grpc-default-executor-0] INFO  org.apache.iceberg.BaseMetastoreTableOperations - Successfully committed to table olake_iceberg.test_table_olake_1746622305 in 10 ms","time":"2025-05-07T12:54:31Z"}
{"level":"info","message":"[Java-Iceberg:50051] 18:24:31.475 [grpc-default-executor-0] INFO  org.apache.iceberg.SnapshotProducer - Committed snapshot 5394902837827013200 (MergeAppend)","time":"2025-05-07T12:54:31Z"}
{"level":"info","message":"[Java-Iceberg:50051] 18:24:31.484 [grpc-default-executor-0] INFO  org.apache.iceberg.BaseMetastoreTableOperations - Refreshing table metadata from new version: s3a://warehouse/olake_iceberg/test_table_olake_1746622305/metadata/00003-098126d8-c766-45b7-9d2b-b3d0b007e5fb.metadata.json","time":"2025-05-07T12:54:31Z"}
{"level":"info","message":"[Java-Iceberg:50051] 18:24:31.490 [grpc-default-executor-0] INFO  org.apache.iceberg.metrics.LoggingMetricsReporter - Received metrics report: CommitReport{tableName=olake_iceberg.olake_iceberg.test_table_olake_1746622305, snapshotId=5394902837827013200, sequenceNumber=3, operation=append, commitMetrics=CommitMetricsResult{totalDuration=TimerResult{timeUnit=NANOSECONDS, totalDuration=PT0.294228916S, count=1}, attempts=CounterResult{unit=COUNT, value=1}, addedDataFiles=CounterResult{unit=COUNT, value=1}, removedDataFiles=null, totalDataFiles=CounterResult{unit=COUNT, value=3}, addedDeleteFiles=null, addedEqualityDeleteFiles=null, addedPositionalDeleteFiles=null, removedDeleteFiles=null, removedEqualityDeleteFiles=null, removedPositionalDeleteFiles=null, totalDeleteFiles=CounterResult{unit=COUNT, value=0}, addedRecords=CounterResult{unit=COUNT, value=6}, removedRecords=null, totalRecords=CounterResult{unit=COUNT, value=16}, addedFilesSizeInBytes=CounterResult{unit=BYTES, value=3355}, removedFilesSizeInBytes=null, totalFilesSizeInBytes=CounterResult{unit=BYTES, value=9892}, addedPositionalDeletes=null, removedPositionalDeletes=null, totalPositionalDeletes=CounterResult{unit=COUNT, value=0}, addedEqualityDeletes=null, removedEqualityDeletes=null, totalEqualityDeletes=CounterResult{unit=COUNT, value=0}}, metadata={iceberg-version=Apache Iceberg 1.7.1 (commit 4a432839233f2343a9eae8255532f911f06358ef)}}","time":"2025-05-07T12:54:31Z"}
{"level":"info","message":"[Java-Iceberg:50051] 18:24:31.498 [grpc-default-executor-0] INFO  io.debezium.server.iceberg.tableoperator.IcebergTableOperator - Successfully committed 6 events","time":"2025-05-07T12:54:31Z"}
{"level":"info","message":"[Java-Iceberg:50051] 18:24:31.498 [grpc-default-executor-0] INFO  io.debezium.server.iceberg.rpc.OlakeRowsIngester - [Thread-23-5925724270208] Processing tables took: 1181 ms","time":"2025-05-07T12:54:31Z"}
{"level":"info","message":"[Java-Iceberg:50051] 18:24:31.502 [grpc-default-executor-0] INFO  io.debezium.server.iceberg.rpc.OlakeRowsIngester - [Thread-23-5925724270208] Total time taken: 1200 ms","time":"2025-05-07T12:54:31Z"}
{"level":"info","time":"2025-05-07T12:54:31Z","message":"Sent batch to Iceberg server: 11 records, response: [Thread-23-5925724270208] Received 11 messages"}
{"level":"info","time":"2025-05-07T12:54:31Z","message":"Shutting down Iceberg server on port 50051"}
