{"level":"info","time":"2025-05-07T12:26:52Z","message":"System has 16GB RAM, setting iceberg writer batch size to 419430400 bytes"}
{"level":"info","message":"Standard Replication is selected","time":"2025-05-07T12:26:52Z"}
{"level":"info","message":"Standard Replication is selected","time":"2025-05-07T12:26:52Z"}
{"level":"info","message":"Standard Replication is selected","time":"2025-05-07T12:26:52Z"}
{"level":"info","time":"2025-05-07T12:26:52Z","message":"Starting discover for Postgres database postgres"}
{"level":"info","message":"Standard Replication is selected","time":"2025-05-07T12:26:52Z"}
{"level":"info","time":"2025-05-07T12:26:52Z","message":"Iceberg JAR file found in base directory: /Users/dukedhal/olake/debezium-server-iceberg-sink.jar"}
{"level":"info","time":"2025-05-07T12:26:52Z","message":"Connected to new iceberg writer on port 50051 for stream check_01JTNBD354KN6P84EZPDCESS2Q, configHash check_01JTNBD354KN6P84EZPDCESS2Q-check-false"}
{"level":"info","message":"[Java-Iceberg:50051] 17:56:52.978 [main] INFO  io.debezium.server.iceberg.OlakeRpcServer - Logs will be output to console only","time":"2025-05-07T12:26:52Z"}
{"level":"info","message":"[Java-Iceberg:50051] 17:56:53.039 [main] INFO  org.apache.iceberg.CatalogUtil - Loading custom FileIO implementation: org.apache.iceberg.io.ResolvingFileIO","time":"2025-05-07T12:26:53Z"}
{"level":"info","message":"[Java-Iceberg:50051] 17:56:53.193 [main] WARN  org.apache.iceberg.jdbc.JdbcCatalog - JDBC catalog is initialized without view support. To auto-migrate the database's schema and enable view support, set jdbc.schema-version=V1","time":"2025-05-07T12:26:53Z"}
{"level":"info","message":"[Java-Iceberg:50051] 17:56:53.199 [main] INFO  io.debezium.serde.json.JsonSerdeConfig - JsonSerdeConfig values: ","time":"2025-05-07T12:26:53Z"}
{"level":"info","message":"[Java-Iceberg:50051] \tfrom.field = null","time":"2025-05-07T12:26:53Z"}
{"level":"info","message":"[Java-Iceberg:50051] \tunknown.properties.ignored = false","time":"2025-05-07T12:26:53Z"}
{"level":"info","message":"[Java-Iceberg:50051] ","time":"2025-05-07T12:26:53Z"}
{"level":"info","message":"[Java-Iceberg:50051] 17:56:53.199 [main] INFO  io.debezium.serde.json.JsonSerdeConfig - JsonSerdeConfig values: ","time":"2025-05-07T12:26:53Z"}
{"level":"info","message":"[Java-Iceberg:50051] \tfrom.field = null","time":"2025-05-07T12:26:53Z"}
{"level":"info","message":"[Java-Iceberg:50051] \tunknown.properties.ignored = false","time":"2025-05-07T12:26:53Z"}
{"level":"info","message":"[Java-Iceberg:50051] ","time":"2025-05-07T12:26:53Z"}
{"level":"info","message":"[Java-Iceberg:50051] 17:56:53.319 [main] INFO  io.debezium.server.iceberg.OlakeRpcServer - Server started on port 50051 with max message size: 2000MB","time":"2025-05-07T12:26:53Z"}
{"level":"info","message":"[Java-Iceberg:50051] 17:56:53.558 [grpc-default-executor-0] INFO  io.debezium.server.iceberg.rpc.OlakeRowsIngester - [Thread-23-4268969455125] Parsing messages took: 10 ms","time":"2025-05-07T12:26:53Z"}
{"level":"info","message":"[Java-Iceberg:50051] 17:56:53.568 [grpc-default-executor-0] INFO  org.apache.iceberg.BaseMetastoreTableOperations - Refreshing table metadata from new version: s3a://warehouse/olake_iceberg/olake_test_table_duke/metadata/00002-4ac2f6e8-3454-48b3-9035-087c1554f021.metadata.json","time":"2025-05-07T12:26:53Z"}
{"level":"info","message":"[Java-Iceberg:50051] 17:56:53.570 [grpc-default-executor-0] INFO  org.apache.iceberg.CatalogUtil - Loading custom FileIO implementation: org.apache.iceberg.aws.s3.S3FileIO","time":"2025-05-07T12:26:53Z"}
{"level":"info","message":"[Java-Iceberg:50051] 17:56:53.952 [grpc-default-executor-0] INFO  org.apache.iceberg.BaseMetastoreCatalog - Table loaded by catalog: olake_iceberg.olake_iceberg.olake_test_table_duke","time":"2025-05-07T12:26:53Z"}
{"level":"info","message":"[Java-Iceberg:50051] 17:56:53.953 [grpc-default-executor-0] INFO  io.debezium.server.iceberg.tableoperator.IcebergTableOperator - Batch got 1 records with 1 different schema!!","time":"2025-05-07T12:26:53Z"}
{"level":"info","message":"[Java-Iceberg:50051] 17:56:53.999 [grpc-default-executor-0] INFO  org.apache.hadoop.io.compress.CodecPool - Got brand-new compressor [.zstd]","time":"2025-05-07T12:26:53Z"}
{"level":"info","message":"[Java-Iceberg:50051] 17:56:54.648 [grpc-default-executor-0] INFO  org.apache.iceberg.BaseMetastoreTableOperations - Successfully committed to table olake_iceberg.olake_test_table_duke in 9 ms","time":"2025-05-07T12:26:54Z"}
{"level":"info","message":"[Java-Iceberg:50051] 17:56:54.648 [grpc-default-executor-0] INFO  org.apache.iceberg.SnapshotProducer - Committed snapshot 8479295253195174808 (MergeAppend)","time":"2025-05-07T12:26:54Z"}
{"level":"info","message":"[Java-Iceberg:50051] 17:56:54.657 [grpc-default-executor-0] INFO  org.apache.iceberg.BaseMetastoreTableOperations - Refreshing table metadata from new version: s3a://warehouse/olake_iceberg/olake_test_table_duke/metadata/00003-62f22a54-48eb-45a2-aeff-22dbff6da781.metadata.json","time":"2025-05-07T12:26:54Z"}
{"level":"info","message":"[Java-Iceberg:50051] 17:56:54.663 [grpc-default-executor-0] INFO  org.apache.iceberg.metrics.LoggingMetricsReporter - Received metrics report: CommitReport{tableName=olake_iceberg.olake_iceberg.olake_test_table_duke, snapshotId=8479295253195174808, sequenceNumber=3, operation=append, commitMetrics=CommitMetricsResult{totalDuration=TimerResult{timeUnit=NANOSECONDS, totalDuration=PT0.271054541S, count=1}, attempts=CounterResult{unit=COUNT, value=1}, addedDataFiles=CounterResult{unit=COUNT, value=1}, removedDataFiles=null, totalDataFiles=CounterResult{unit=COUNT, value=3}, addedDeleteFiles=null, addedEqualityDeleteFiles=null, addedPositionalDeleteFiles=null, removedDeleteFiles=null, removedEqualityDeleteFiles=null, removedPositionalDeleteFiles=null, totalDeleteFiles=CounterResult{unit=COUNT, value=0}, addedRecords=CounterResult{unit=COUNT, value=1}, removedRecords=null, totalRecords=CounterResult{unit=COUNT, value=3}, addedFilesSizeInBytes=CounterResult{unit=BYTES, value=1376}, removedFilesSizeInBytes=null, totalFilesSizeInBytes=CounterResult{unit=BYTES, value=4127}, addedPositionalDeletes=null, removedPositionalDeletes=null, totalPositionalDeletes=CounterResult{unit=COUNT, value=0}, addedEqualityDeletes=null, removedEqualityDeletes=null, totalEqualityDeletes=CounterResult{unit=COUNT, value=0}}, metadata={iceberg-version=Apache Iceberg 1.7.1 (commit 4a432839233f2343a9eae8255532f911f06358ef)}}","time":"2025-05-07T12:26:54Z"}
{"level":"info","message":"[Java-Iceberg:50051] 17:56:54.674 [grpc-default-executor-0] INFO  io.debezium.server.iceberg.tableoperator.IcebergTableOperator - Successfully committed 1 events","time":"2025-05-07T12:26:54Z"}
{"level":"info","message":"[Java-Iceberg:50051] 17:56:54.674 [grpc-default-executor-0] INFO  io.debezium.server.iceberg.rpc.OlakeRowsIngester - [Thread-23-4268969455125] Processing tables took: 1116 ms","time":"2025-05-07T12:26:54Z"}
{"level":"info","message":"[Java-Iceberg:50051] 17:56:54.679 [grpc-default-executor-0] INFO  io.debezium.server.iceberg.rpc.OlakeRowsIngester - [Thread-23-4268969455125] Total time taken: 1131 ms","time":"2025-05-07T12:26:54Z"}
{"level":"info","time":"2025-05-07T12:26:54Z","message":"Server Response: [Thread-23-4268969455125] Received 1 messages"}
{"level":"info","time":"2025-05-07T12:26:54Z","message":"Shutting down Iceberg server on port 50051"}
{"level":"info","message":"Standard Replication is selected","time":"2025-05-07T12:26:54Z"}
{"level":"info","time":"2025-05-07T12:26:54Z","message":"Starting discover for Postgres database postgres"}
{"level":"info","time":"2025-05-07T12:26:54Z","message":"Starting backfill for stream[test_table_olake_1746620812] with 1 chunks"}
{"level":"info","time":"2025-05-07T12:26:54Z","message":"Iceberg JAR file found in base directory: /Users/dukedhal/olake/debezium-server-iceberg-sink.jar"}
{"level":"info","time":"2025-05-07T12:26:54Z","message":"Connected to new iceberg writer on port 50051 for stream public.test_table_olake_1746620812, configHash public.test_table_olake_1746620812-public-false"}
{"level":"info","time":"2025-05-07T12:26:54Z","message":"chunk[1] with min['(0,0)']-max['(4294967295,0)'] completed in 0.06 seconds"}
{"level":"info","message":"[Java-Iceberg:50051] 17:56:55.339 [main] INFO  io.debezium.server.iceberg.OlakeRpcServer - Logs will be output to console only","time":"2025-05-07T12:26:55Z"}
{"level":"info","message":"[Java-Iceberg:50051] 17:56:55.375 [main] INFO  org.apache.iceberg.CatalogUtil - Loading custom FileIO implementation: org.apache.iceberg.io.ResolvingFileIO","time":"2025-05-07T12:26:55Z"}
{"level":"info","message":"[Java-Iceberg:50051] 17:56:55.514 [main] WARN  org.apache.iceberg.jdbc.JdbcCatalog - JDBC catalog is initialized without view support. To auto-migrate the database's schema and enable view support, set jdbc.schema-version=V1","time":"2025-05-07T12:26:55Z"}
{"level":"info","message":"[Java-Iceberg:50051] 17:56:55.521 [main] INFO  io.debezium.serde.json.JsonSerdeConfig - JsonSerdeConfig values: ","time":"2025-05-07T12:26:55Z"}
{"level":"info","message":"[Java-Iceberg:50051] \tfrom.field = null","time":"2025-05-07T12:26:55Z"}
{"level":"info","message":"[Java-Iceberg:50051] \tunknown.properties.ignored = false","time":"2025-05-07T12:26:55Z"}
{"level":"info","message":"[Java-Iceberg:50051] ","time":"2025-05-07T12:26:55Z"}
{"level":"info","message":"[Java-Iceberg:50051] 17:56:55.522 [main] INFO  io.debezium.serde.json.JsonSerdeConfig - JsonSerdeConfig values: ","time":"2025-05-07T12:26:55Z"}
{"level":"info","message":"[Java-Iceberg:50051] \tfrom.field = null","time":"2025-05-07T12:26:55Z"}
{"level":"info","message":"[Java-Iceberg:50051] \tunknown.properties.ignored = false","time":"2025-05-07T12:26:55Z"}
{"level":"info","message":"[Java-Iceberg:50051] ","time":"2025-05-07T12:26:55Z"}
{"level":"info","message":"[Java-Iceberg:50051] 17:56:55.645 [main] INFO  io.debezium.server.iceberg.OlakeRpcServer - Server started on port 50051 with max message size: 2000MB","time":"2025-05-07T12:26:55Z"}
{"level":"info","message":"[Java-Iceberg:50051] 17:56:56.056 [grpc-default-executor-0] INFO  io.debezium.server.iceberg.rpc.OlakeRowsIngester - [Thread-23-4271465014791] Parsing messages took: 12 ms","time":"2025-05-07T12:26:56Z"}
{"level":"info","message":"[Java-Iceberg:50051] 17:56:56.076 [grpc-default-executor-0] WARN  io.debezium.server.iceberg.IcebergUtil - Creating table:'olake_iceberg.test_table_olake_1746620812'","time":"2025-05-07T12:26:56Z"}
{"level":"info","message":"[Java-Iceberg:50051] schema:table {","time":"2025-05-07T12:26:56Z"}
{"level":"info","message":"[Java-Iceberg:50051]   1: _olake_id: required string (id)","time":"2025-05-07T12:26:56Z"}
{"level":"info","message":"[Java-Iceberg:50051]   2: data: optional string","time":"2025-05-07T12:26:56Z"}
{"level":"info","message":"[Java-Iceberg:50051]   3: _op_type: optional string","time":"2025-05-07T12:26:56Z"}
{"level":"info","message":"[Java-Iceberg:50051]   4: _db: optional string","time":"2025-05-07T12:26:56Z"}
{"level":"info","message":"[Java-Iceberg:50051]   5: _cdc_timestamp: optional timestamptz","time":"2025-05-07T12:26:56Z"}
{"level":"info","message":"[Java-Iceberg:50051]   6: _olake_timestamp: optional timestamptz","time":"2025-05-07T12:26:56Z"}
{"level":"info","message":"[Java-Iceberg:50051] }","time":"2025-05-07T12:26:56Z"}
{"level":"info","message":"[Java-Iceberg:50051] rowIdentifier:[_olake_id]","time":"2025-05-07T12:26:56Z"}
{"level":"info","message":"[Java-Iceberg:50051] 17:56:56.082 [grpc-default-executor-0] INFO  org.apache.iceberg.BaseMetastoreCatalog - Table properties set at catalog level through catalog properties: {}","time":"2025-05-07T12:26:56Z"}
{"level":"info","message":"[Java-Iceberg:50051] 17:56:56.086 [grpc-default-executor-0] INFO  org.apache.iceberg.BaseMetastoreCatalog - Table properties enforced at catalog level through catalog properties: {}","time":"2025-05-07T12:26:56Z"}
{"level":"info","message":"[Java-Iceberg:50051] 17:56:56.097 [grpc-default-executor-0] INFO  org.apache.iceberg.CatalogUtil - Loading custom FileIO implementation: org.apache.iceberg.aws.s3.S3FileIO","time":"2025-05-07T12:26:56Z"}
{"level":"info","message":"[Java-Iceberg:50051] 17:56:56.471 [grpc-default-executor-0] INFO  org.apache.iceberg.BaseMetastoreTableOperations - Successfully committed to table olake_iceberg.test_table_olake_1746620812 in 376 ms","time":"2025-05-07T12:26:56Z"}
{"level":"info","message":"[Java-Iceberg:50051] 17:56:56.474 [grpc-default-executor-0] INFO  io.debezium.server.iceberg.tableoperator.IcebergTableOperator - Batch got 5 records with 1 different schema!!","time":"2025-05-07T12:26:56Z"}
{"level":"info","message":"[Java-Iceberg:50051] 17:56:56.478 [grpc-default-executor-0] INFO  org.apache.iceberg.BaseMetastoreTableOperations - Refreshing table metadata from new version: s3a://warehouse/olake_iceberg/test_table_olake_1746620812/metadata/00000-5990ff93-f0ea-453a-a709-0eed7ea0ab9c.metadata.json","time":"2025-05-07T12:26:56Z"}
{"level":"info","message":"[Java-Iceberg:50051] 17:56:56.553 [grpc-default-executor-0] INFO  org.apache.hadoop.io.compress.CodecPool - Got brand-new compressor [.zstd]","time":"2025-05-07T12:26:56Z"}
{"level":"info","message":"[Java-Iceberg:50051] 17:56:57.160 [grpc-default-executor-0] INFO  org.apache.iceberg.BaseMetastoreTableOperations - Successfully committed to table olake_iceberg.test_table_olake_1746620812 in 8 ms","time":"2025-05-07T12:26:57Z"}
{"level":"info","message":"[Java-Iceberg:50051] 17:56:57.160 [grpc-default-executor-0] INFO  org.apache.iceberg.SnapshotProducer - Committed snapshot 672168463698239357 (MergeAppend)","time":"2025-05-07T12:26:57Z"}
{"level":"info","message":"[Java-Iceberg:50051] 17:56:57.189 [grpc-default-executor-0] INFO  org.apache.iceberg.BaseMetastoreTableOperations - Refreshing table metadata from new version: s3a://warehouse/olake_iceberg/test_table_olake_1746620812/metadata/00001-d3ed3429-acb6-4263-b1cc-614e49b6c5ea.metadata.json","time":"2025-05-07T12:26:57Z"}
{"level":"info","message":"[Java-Iceberg:50051] 17:56:57.197 [grpc-default-executor-0] INFO  org.apache.iceberg.metrics.LoggingMetricsReporter - Received metrics report: CommitReport{tableName=olake_iceberg.olake_iceberg.test_table_olake_1746620812, snapshotId=672168463698239357, sequenceNumber=1, operation=append, commitMetrics=CommitMetricsResult{totalDuration=TimerResult{timeUnit=NANOSECONDS, totalDuration=PT0.270691208S, count=1}, attempts=CounterResult{unit=COUNT, value=1}, addedDataFiles=CounterResult{unit=COUNT, value=1}, removedDataFiles=null, totalDataFiles=CounterResult{unit=COUNT, value=1}, addedDeleteFiles=null, addedEqualityDeleteFiles=null, addedPositionalDeleteFiles=null, removedDeleteFiles=null, removedEqualityDeleteFiles=null, removedPositionalDeleteFiles=null, totalDeleteFiles=CounterResult{unit=COUNT, value=0}, addedRecords=CounterResult{unit=COUNT, value=5}, removedRecords=null, totalRecords=CounterResult{unit=COUNT, value=5}, addedFilesSizeInBytes=CounterResult{unit=BYTES, value=3269}, removedFilesSizeInBytes=null, totalFilesSizeInBytes=CounterResult{unit=BYTES, value=3269}, addedPositionalDeletes=null, removedPositionalDeletes=null, totalPositionalDeletes=CounterResult{unit=COUNT, value=0}, addedEqualityDeletes=null, removedEqualityDeletes=null, totalEqualityDeletes=CounterResult{unit=COUNT, value=0}}, metadata={iceberg-version=Apache Iceberg 1.7.1 (commit 4a432839233f2343a9eae8255532f911f06358ef)}}","time":"2025-05-07T12:26:57Z"}
{"level":"info","message":"[Java-Iceberg:50051] 17:56:57.207 [grpc-default-executor-0] INFO  io.debezium.server.iceberg.tableoperator.IcebergTableOperator - Successfully committed 5 events","time":"2025-05-07T12:26:57Z"}
{"level":"info","message":"[Java-Iceberg:50051] 17:56:57.207 [grpc-default-executor-0] INFO  io.debezium.server.iceberg.rpc.OlakeRowsIngester - [Thread-23-4271465014791] Processing tables took: 1151 ms","time":"2025-05-07T12:26:57Z"}
{"level":"info","message":"[Java-Iceberg:50051] 17:56:57.212 [grpc-default-executor-0] INFO  io.debezium.server.iceberg.rpc.OlakeRowsIngester - [Thread-23-4271465014791] Total time taken: 1168 ms","time":"2025-05-07T12:26:57Z"}
{"level":"info","time":"2025-05-07T12:26:57Z","message":"Sent batch to Iceberg server: 5 records, response: [Thread-23-4271465014791] Received 5 messages"}
{"level":"info","time":"2025-05-07T12:26:57Z","message":"Shutting down Iceberg server on port 50051"}
