{"level":"info","time":"2025-05-28T11:56:35Z","message":"System has 16GB RAM, setting iceberg writer batch size to 419430400 bytes"}
{"level":"info","time":"2025-05-28T11:56:35Z","message":"Iceberg JAR file found in base directory: /Users/apple/Desktop/colake/olake/debezium-server-iceberg-sink.jar"}
{"level":"info","time":"2025-05-28T11:56:35Z","message":"Connected to new iceberg writer on port 50051 for stream check_01JWBC0R44H5WC42XNQRV95NQT, configHash check_01JWBC0R44H5WC42XNQRV95NQT-check-false"}
{"level":"info","message":"[Java-Iceberg:50051] 17:26:41.410 [main] INFO  io.debezium.server.iceberg.OlakeRpcServer - Logs will be output to console only","time":"2025-05-28T11:56:41Z"}
{"level":"info","message":"[Java-Iceberg:50051] 17:26:41.442 [main] INFO  org.apache.iceberg.CatalogUtil - Loading custom FileIO implementation: org.apache.iceberg.io.ResolvingFileIO","time":"2025-05-28T11:56:41Z"}
{"level":"error","time":"2025-05-28T11:56:41Z","message":"[Java-Iceberg:50051] Exception in thread \"main\" org.apache.iceberg.jdbc.UncheckedSQLException: Failed to connect: jdbc:postgresql://test:5432/iceberg"}
{"level":"error","time":"2025-05-28T11:56:41Z","message":"[Java-Iceberg:50051] \tat org.apache.iceberg.jdbc.JdbcClientPool.newClient(JdbcClientPool.java:90)"}
{"level":"error","time":"2025-05-28T11:56:41Z","message":"[Java-Iceberg:50051] \tat org.apache.iceberg.jdbc.JdbcClientPool.newClient(JdbcClientPool.java:35)"}
{"level":"error","time":"2025-05-28T11:56:41Z","message":"[Java-Iceberg:50051] \tat org.apache.iceberg.ClientPoolImpl.get(ClientPoolImpl.java:143)"}
{"level":"error","time":"2025-05-28T11:56:41Z","message":"[Java-Iceberg:50051] \tat org.apache.iceberg.ClientPoolImpl.run(ClientPoolImpl.java:70)"}
{"level":"error","time":"2025-05-28T11:56:41Z","message":"[Java-Iceberg:50051] \tat org.apache.iceberg.ClientPoolImpl.run(ClientPoolImpl.java:65)"}
{"level":"error","time":"2025-05-28T11:56:41Z","message":"[Java-Iceberg:50051] \tat org.apache.iceberg.jdbc.JdbcCatalog.initializeCatalogTables(JdbcCatalog.java:160)"}
{"level":"error","time":"2025-05-28T11:56:41Z","message":"[Java-Iceberg:50051] \tat org.apache.iceberg.jdbc.JdbcCatalog.initialize(JdbcCatalog.java:146)"}
{"level":"error","time":"2025-05-28T11:56:41Z","message":"[Java-Iceberg:50051] \tat org.apache.iceberg.CatalogUtil.loadCatalog(CatalogUtil.java:274)"}
{"level":"error","time":"2025-05-28T11:56:41Z","message":"[Java-Iceberg:50051] \tat org.apache.iceberg.CatalogUtil.buildIcebergCatalog(CatalogUtil.java:328)"}
{"level":"error","time":"2025-05-28T11:56:41Z","message":"[Java-Iceberg:50051] \tat io.debezium.server.iceberg.OlakeRpcServer.main(OlakeRpcServer.java:84)"}
{"level":"error","time":"2025-05-28T11:56:41Z","message":"[Java-Iceberg:50051] Caused by: org.postgresql.util.PSQLException: The connection attempt failed."}
{"level":"error","time":"2025-05-28T11:56:41Z","message":"[Java-Iceberg:50051] \tat org.postgresql.core.v3.ConnectionFactoryImpl.openConnectionImpl(ConnectionFactoryImpl.java:364)"}
{"level":"error","time":"2025-05-28T11:56:41Z","message":"[Java-Iceberg:50051] \tat org.postgresql.core.ConnectionFactory.openConnection(ConnectionFactory.java:54)"}
{"level":"error","time":"2025-05-28T11:56:41Z","message":"[Java-Iceberg:50051] \tat org.postgresql.jdbc.PgConnection.<init>(PgConnection.java:273)"}
{"level":"error","time":"2025-05-28T11:56:41Z","message":"[Java-Iceberg:50051] \tat org.postgresql.Driver.makeConnection(Driver.java:446)"}
{"level":"error","time":"2025-05-28T11:56:41Z","message":"[Java-Iceberg:50051] \tat org.postgresql.Driver.connect(Driver.java:298)"}
{"level":"error","time":"2025-05-28T11:56:41Z","message":"[Java-Iceberg:50051] \tat java.sql/java.sql.DriverManager.getConnection(DriverManager.java:683)"}
{"level":"error","time":"2025-05-28T11:56:41Z","message":"[Java-Iceberg:50051] \tat java.sql/java.sql.DriverManager.getConnection(DriverManager.java:191)"}
{"level":"error","time":"2025-05-28T11:56:41Z","message":"[Java-Iceberg:50051] \tat org.apache.iceberg.jdbc.JdbcClientPool.newClient(JdbcClientPool.java:88)"}
{"level":"error","time":"2025-05-28T11:56:41Z","message":"[Java-Iceberg:50051] \t... 9 more"}
{"level":"error","time":"2025-05-28T11:56:41Z","message":"[Java-Iceberg:50051] Caused by: java.net.UnknownHostException: test"}
{"level":"error","time":"2025-05-28T11:56:41Z","message":"[Java-Iceberg:50051] \tat java.base/sun.nio.ch.NioSocketImpl.connect(NioSocketImpl.java:567)"}
{"level":"error","time":"2025-05-28T11:56:41Z","message":"[Java-Iceberg:50051] \tat java.base/java.net.SocksSocketImpl.connect(SocksSocketImpl.java:327)"}
{"level":"error","time":"2025-05-28T11:56:41Z","message":"[Java-Iceberg:50051] \tat java.base/java.net.Socket.connect(Socket.java:751)"}
{"level":"error","time":"2025-05-28T11:56:41Z","message":"[Java-Iceberg:50051] \tat org.postgresql.core.PGStream.createSocket(PGStream.java:260)"}
{"level":"error","time":"2025-05-28T11:56:41Z","message":"[Java-Iceberg:50051] \tat org.postgresql.core.PGStream.<init>(PGStream.java:121)"}
{"level":"error","time":"2025-05-28T11:56:41Z","message":"[Java-Iceberg:50051] \tat org.postgresql.core.v3.ConnectionFactoryImpl.tryConnect(ConnectionFactoryImpl.java:140)"}
{"level":"error","time":"2025-05-28T11:56:41Z","message":"[Java-Iceberg:50051] \tat org.postgresql.core.v3.ConnectionFactoryImpl.openConnectionImpl(ConnectionFactoryImpl.java:268)"}
{"level":"error","time":"2025-05-28T11:56:41Z","message":"[Java-Iceberg:50051] \t... 16 more"}
{"level":"info","time":"2025-05-28T11:57:05Z","message":"Shutting down Iceberg server on port 50051"}
{"level":"info","message":{"type":"CONNECTION_STATUS","connectionStatus":{"status":"FAILED","message":"failed to test destination: error sending record to Iceberg RPC Server: rpc error: code = DeadlineExceeded desc = latest balancer error: connection error: desc = \"transport: Error while dialing: dial tcp [::1]:50051: connect: connection refused\""}},"time":"2025-05-28T11:57:05Z"}
