{"level":"info","time":"2025-05-07T07:36:55Z","message":"System has 16GB RAM, setting iceberg writer batch size to 419430400 bytes"}
{"level":"info","message":"Standard Replication is selected","time":"2025-05-07T07:36:55Z"}
{"level":"info","message":"Standard Replication is selected","time":"2025-05-07T07:36:55Z"}
{"level":"info","message":"Standard Replication is selected","time":"2025-05-07T07:36:55Z"}
{"level":"info","time":"2025-05-07T07:36:55Z","message":"Starting discover for Postgres database postgres"}
{"level":"info","message":"Standard Replication is selected","time":"2025-05-07T07:36:55Z"}
{"level":"info","time":"2025-05-07T07:36:56Z","message":"Iceberg JAR file found in base directory: /Users/dukedhal/Desktop/olake/debezium-server-iceberg-sink.jar"}
{"level":"info","time":"2025-05-07T07:36:56Z","message":"Killed process 47722 that was using port 50051"}
{"level":"info","time":"2025-05-07T07:37:01Z","message":"Connected to new iceberg writer on port 50051 for stream check_01JTMTT6HR0FY9N27NV2960A1V, configHash check_01JTMTT6HR0FY9N27NV2960A1V-check-false"}
{"level":"info","message":"[Java-Iceberg:50051] 13:07:01.793 [main] INFO  io.debezium.server.iceberg.OlakeRpcServer - Logs will be output to console only","time":"2025-05-07T07:37:01Z"}
{"level":"info","message":"[Java-Iceberg:50051] 13:07:01.829 [main] INFO  org.apache.iceberg.CatalogUtil - Loading custom FileIO implementation: org.apache.iceberg.io.ResolvingFileIO","time":"2025-05-07T07:37:01Z"}
{"level":"info","message":"[Java-Iceberg:50051] 13:07:01.991 [main] INFO  io.debezium.serde.json.JsonSerdeConfig - JsonSerdeConfig values: ","time":"2025-05-07T07:37:01Z"}
{"level":"info","message":"[Java-Iceberg:50051] \tfrom.field = null","time":"2025-05-07T07:37:01Z"}
{"level":"info","message":"[Java-Iceberg:50051] \tunknown.properties.ignored = false","time":"2025-05-07T07:37:01Z"}
{"level":"info","message":"[Java-Iceberg:50051] ","time":"2025-05-07T07:37:01Z"}
{"level":"info","message":"[Java-Iceberg:50051] 13:07:01.991 [main] INFO  io.debezium.serde.json.JsonSerdeConfig - JsonSerdeConfig values: ","time":"2025-05-07T07:37:01Z"}
{"level":"info","message":"[Java-Iceberg:50051] \tfrom.field = null","time":"2025-05-07T07:37:01Z"}
{"level":"info","message":"[Java-Iceberg:50051] \tunknown.properties.ignored = false","time":"2025-05-07T07:37:01Z"}
{"level":"info","message":"[Java-Iceberg:50051] ","time":"2025-05-07T07:37:01Z"}
{"level":"info","message":"[Java-Iceberg:50051] 13:07:02.124 [main] INFO  io.debezium.server.iceberg.OlakeRpcServer - Server started on port 50051 with max message size: 2000MB","time":"2025-05-07T07:37:02Z"}
{"level":"info","message":"[Java-Iceberg:50051] 13:07:02.400 [grpc-default-executor-0] INFO  io.debezium.server.iceberg.rpc.OlakeRowsIngester - [Thread-23-283155398538916] Parsing messages took: 10 ms","time":"2025-05-07T07:37:02Z"}
{"level":"info","message":"[Java-Iceberg:50051] 13:07:02.409 [grpc-default-executor-0] INFO  org.apache.iceberg.BaseMetastoreTableOperations - Refreshing table metadata from new version: s3a://warehouse/olake_iceberg/olake_test_table/metadata/00005-784eb4b1-92e7-4b68-8e75-71de6c09ff58.metadata.json","time":"2025-05-07T07:37:02Z"}
{"level":"info","message":"[Java-Iceberg:50051] 13:07:02.411 [grpc-default-executor-0] INFO  org.apache.iceberg.CatalogUtil - Loading custom FileIO implementation: org.apache.iceberg.aws.s3.S3FileIO","time":"2025-05-07T07:37:02Z"}
{"level":"info","message":"[Java-Iceberg:50051] 13:07:02.815 [grpc-default-executor-0] INFO  org.apache.iceberg.BaseMetastoreCatalog - Table loaded by catalog: olake_iceberg.olake_iceberg.olake_test_table","time":"2025-05-07T07:37:02Z"}
{"level":"info","message":"[Java-Iceberg:50051] 13:07:02.816 [grpc-default-executor-0] INFO  io.debezium.server.iceberg.tableoperator.IcebergTableOperator - Batch got 1 records with 1 different schema!!","time":"2025-05-07T07:37:02Z"}
{"level":"error","time":"2025-05-07T07:37:02Z","message":"[Java-Iceberg:50051] 13:07:02.821 [grpc-default-executor-0] ERROR io.debezium.server.iceberg.rpc.OlakeRowsIngester - [Thread-23-283155398538916] Failed to process table events for table: olake_test_table"}
{"level":"error","time":"2025-05-07T07:37:02Z","message":"[Java-Iceberg:50051] java.lang.IllegalArgumentException: Cannot add field _olake_id as an identifier field: not a required field"}
{"level":"error","time":"2025-05-07T07:37:02Z","message":"[Java-Iceberg:50051] \tat org.apache.iceberg.relocated.com.google.common.base.Preconditions.checkArgument(Preconditions.java:218) ~[debezium-server-iceberg-sink.jar:?]"}
{"level":"error","time":"2025-05-07T07:37:02Z","message":"[Java-Iceberg:50051] \tat org.apache.iceberg.Schema.validateIdentifierField(Schema.java:166) ~[debezium-server-iceberg-sink.jar:?]"}
{"level":"error","time":"2025-05-07T07:37:02Z","message":"[Java-Iceberg:50051] \tat org.apache.iceberg.SchemaUpdate.lambda$applyChanges$1(SchemaUpdate.java:555) ~[debezium-server-iceberg-sink.jar:?]"}
{"level":"error","time":"2025-05-07T07:37:02Z","message":"[Java-Iceberg:50051] \tat java.base/java.lang.Iterable.forEach(Iterable.java:75) ~[?:?]"}
{"level":"error","time":"2025-05-07T07:37:02Z","message":"[Java-Iceberg:50051] \tat org.apache.iceberg.SchemaUpdate.applyChanges(SchemaUpdate.java:554) ~[debezium-server-iceberg-sink.jar:?]"}
{"level":"error","time":"2025-05-07T07:37:02Z","message":"[Java-Iceberg:50051] \tat org.apache.iceberg.SchemaUpdate.apply(SchemaUpdate.java:440) ~[debezium-server-iceberg-sink.jar:?]"}
{"level":"error","time":"2025-05-07T07:37:02Z","message":"[Java-Iceberg:50051] \tat org.apache.iceberg.SchemaUpdate.apply(SchemaUpdate.java:48) ~[debezium-server-iceberg-sink.jar:?]"}
{"level":"error","time":"2025-05-07T07:37:02Z","message":"[Java-Iceberg:50051] \tat io.debezium.server.iceberg.tableoperator.IcebergTableOperator.applyFieldAddition(IcebergTableOperator.java:156) ~[debezium-server-iceberg-sink.jar:?]"}
{"level":"error","time":"2025-05-07T07:37:02Z","message":"[Java-Iceberg:50051] \tat io.debezium.server.iceberg.tableoperator.IcebergTableOperator.addToTable(IcebergTableOperator.java:197) ~[debezium-server-iceberg-sink.jar:?]"}
{"level":"error","time":"2025-05-07T07:37:02Z","message":"[Java-Iceberg:50051] \tat io.debezium.server.iceberg.rpc.OlakeRowsIngester.sendRecords(OlakeRowsIngester.java:90) [debezium-server-iceberg-sink.jar:?]"}
{"level":"error","time":"2025-05-07T07:37:02Z","message":"[Java-Iceberg:50051] \tat io.debezium.server.iceberg.rpc.RecordIngestServiceGrpc$MethodHandlers.invoke(RecordIngestServiceGrpc.java:232) [debezium-server-iceberg-sink.jar:?]"}
{"level":"error","time":"2025-05-07T07:37:02Z","message":"[Java-Iceberg:50051] \tat io.grpc.stub.ServerCalls$UnaryServerCallHandler$UnaryServerCallListener.onHalfClose(ServerCalls.java:182) [debezium-server-iceberg-sink.jar:?]"}
{"level":"error","time":"2025-05-07T07:37:02Z","message":"[Java-Iceberg:50051] \tat io.grpc.internal.ServerCallImpl$ServerStreamListenerImpl.halfClosed(ServerCallImpl.java:356) [debezium-server-iceberg-sink.jar:?]"}
{"level":"error","time":"2025-05-07T07:37:02Z","message":"[Java-Iceberg:50051] \tat io.grpc.internal.ServerImpl$JumpToApplicationThreadServerStreamListener$1HalfClosed.runInContext(ServerImpl.java:861) [debezium-server-iceberg-sink.jar:?]"}
{"level":"error","time":"2025-05-07T07:37:02Z","message":"[Java-Iceberg:50051] \tat io.grpc.internal.ContextRunnable.run(ContextRunnable.java:37) [debezium-server-iceberg-sink.jar:?]"}
{"level":"error","time":"2025-05-07T07:37:02Z","message":"[Java-Iceberg:50051] \tat io.grpc.internal.SerializingExecutor.run(SerializingExecutor.java:133) [debezium-server-iceberg-sink.jar:?]"}
{"level":"error","time":"2025-05-07T07:37:02Z","message":"[Java-Iceberg:50051] \tat java.base/java.util.concurrent.ThreadPoolExecutor.runWorker(ThreadPoolExecutor.java:1136) [?:?]"}
{"level":"error","time":"2025-05-07T07:37:02Z","message":"[Java-Iceberg:50051] \tat java.base/java.util.concurrent.ThreadPoolExecutor$Worker.run(ThreadPoolExecutor.java:635) [?:?]"}
{"level":"error","time":"2025-05-07T07:37:02Z","message":"[Java-Iceberg:50051] \tat java.base/java.lang.Thread.run(Thread.java:842) [?:?]"}
{"level":"error","time":"2025-05-07T07:37:02Z","message":"[Java-Iceberg:50051] 13:07:02.823 [grpc-default-executor-0] ERROR io.debezium.server.iceberg.rpc.OlakeRowsIngester - [Thread-23-283155398538916] Failed to process request: Cannot add field _olake_id as an identifier field: not a required field"}
{"level":"error","time":"2025-05-07T07:37:02Z","message":"[Java-Iceberg:50051] java.lang.IllegalArgumentException: Cannot add field _olake_id as an identifier field: not a required field"}
{"level":"error","time":"2025-05-07T07:37:02Z","message":"[Java-Iceberg:50051] \tat org.apache.iceberg.relocated.com.google.common.base.Preconditions.checkArgument(Preconditions.java:218) ~[debezium-server-iceberg-sink.jar:?]"}
{"level":"error","time":"2025-05-07T07:37:02Z","message":"[Java-Iceberg:50051] \tat org.apache.iceberg.Schema.validateIdentifierField(Schema.java:166) ~[debezium-server-iceberg-sink.jar:?]"}
{"level":"error","time":"2025-05-07T07:37:02Z","message":"[Java-Iceberg:50051] \tat org.apache.iceberg.SchemaUpdate.lambda$applyChanges$1(SchemaUpdate.java:555) ~[debezium-server-iceberg-sink.jar:?]"}
{"level":"error","time":"2025-05-07T07:37:02Z","message":"[Java-Iceberg:50051] \tat java.base/java.lang.Iterable.forEach(Iterable.java:75) ~[?:?]"}
{"level":"error","time":"2025-05-07T07:37:02Z","message":"[Java-Iceberg:50051] \tat org.apache.iceberg.SchemaUpdate.applyChanges(SchemaUpdate.java:554) ~[debezium-server-iceberg-sink.jar:?]"}
{"level":"error","time":"2025-05-07T07:37:02Z","message":"[Java-Iceberg:50051] \tat org.apache.iceberg.SchemaUpdate.apply(SchemaUpdate.java:440) ~[debezium-server-iceberg-sink.jar:?]"}
{"level":"error","time":"2025-05-07T07:37:02Z","message":"[Java-Iceberg:50051] \tat org.apache.iceberg.SchemaUpdate.apply(SchemaUpdate.java:48) ~[debezium-server-iceberg-sink.jar:?]"}
{"level":"error","time":"2025-05-07T07:37:02Z","message":"[Java-Iceberg:50051] \tat io.debezium.server.iceberg.tableoperator.IcebergTableOperator.applyFieldAddition(IcebergTableOperator.java:156) ~[debezium-server-iceberg-sink.jar:?]"}
{"level":"error","time":"2025-05-07T07:37:02Z","message":"[Java-Iceberg:50051] \tat io.debezium.server.iceberg.tableoperator.IcebergTableOperator.addToTable(IcebergTableOperator.java:197) ~[debezium-server-iceberg-sink.jar:?]"}
{"level":"error","time":"2025-05-07T07:37:02Z","message":"[Java-Iceberg:50051] \tat io.debezium.server.iceberg.rpc.OlakeRowsIngester.sendRecords(OlakeRowsIngester.java:90) [debezium-server-iceberg-sink.jar:?]"}
{"level":"error","time":"2025-05-07T07:37:02Z","message":"[Java-Iceberg:50051] \tat io.debezium.server.iceberg.rpc.RecordIngestServiceGrpc$MethodHandlers.invoke(RecordIngestServiceGrpc.java:232) [debezium-server-iceberg-sink.jar:?]"}
{"level":"error","time":"2025-05-07T07:37:02Z","message":"[Java-Iceberg:50051] \tat io.grpc.stub.ServerCalls$UnaryServerCallHandler$UnaryServerCallListener.onHalfClose(ServerCalls.java:182) [debezium-server-iceberg-sink.jar:?]"}
{"level":"error","time":"2025-05-07T07:37:02Z","message":"[Java-Iceberg:50051] \tat io.grpc.internal.ServerCallImpl$ServerStreamListenerImpl.halfClosed(ServerCallImpl.java:356) [debezium-server-iceberg-sink.jar:?]"}
{"level":"error","time":"2025-05-07T07:37:02Z","message":"[Java-Iceberg:50051] \tat io.grpc.internal.ServerImpl$JumpToApplicationThreadServerStreamListener$1HalfClosed.runInContext(ServerImpl.java:861) [debezium-server-iceberg-sink.jar:?]"}
{"level":"error","time":"2025-05-07T07:37:02Z","message":"[Java-Iceberg:50051] \tat io.grpc.internal.ContextRunnable.run(ContextRunnable.java:37) [debezium-server-iceberg-sink.jar:?]"}
{"level":"error","time":"2025-05-07T07:37:02Z","message":"[Java-Iceberg:50051] \tat io.grpc.internal.SerializingExecutor.run(SerializingExecutor.java:133) [debezium-server-iceberg-sink.jar:?]"}
{"level":"error","time":"2025-05-07T07:37:02Z","message":"[Java-Iceberg:50051] \tat java.base/java.util.concurrent.ThreadPoolExecutor.runWorker(ThreadPoolExecutor.java:1136) [?:?]"}
{"level":"error","time":"2025-05-07T07:37:02Z","message":"[Java-Iceberg:50051] \tat java.base/java.util.concurrent.ThreadPoolExecutor$Worker.run(ThreadPoolExecutor.java:635) [?:?]"}
{"level":"error","time":"2025-05-07T07:37:02Z","message":"[Java-Iceberg:50051] \tat java.base/java.lang.Thread.run(Thread.java:842) [?:?]"}
{"level":"info","time":"2025-05-07T07:37:02Z","message":"Shutting down Iceberg server on port 50051"}
