{"level":"info","time":"2025-05-07T11:11:30Z","message":"System has 16GB RAM, setting iceberg writer batch size to 419430400 bytes"}
{"level":"info","message":"Standard Replication is selected","time":"2025-05-07T11:11:30Z"}
{"level":"info","message":"Standard Replication is selected","time":"2025-05-07T11:11:30Z"}
{"level":"info","message":"Standard Replication is selected","time":"2025-05-07T11:11:30Z"}
{"level":"info","time":"2025-05-07T11:11:30Z","message":"Starting discover for Postgres database postgres"}
{"level":"info","message":"Standard Replication is selected","time":"2025-05-07T11:11:30Z"}
{"level":"info","time":"2025-05-07T11:11:30Z","message":"Iceberg JAR file found in base directory: /Users/dukedhal/Desktop/olake/debezium-server-iceberg-sink.jar"}
{"level":"info","time":"2025-05-07T11:11:30Z","message":"Connected to new iceberg writer on port 50051 for stream check_01JTN7338XBCHQQC0J199Q33E4, configHash check_01JTN7338XBCHQQC0J199Q33E4-check-false"}
{"level":"info","message":"[Java-Iceberg:50051] 16:41:31.081 [main] INFO  io.debezium.server.iceberg.OlakeRpcServer - Logs will be output to console only","time":"2025-05-07T11:11:31Z"}
{"level":"info","message":"[Java-Iceberg:50051] 16:41:31.117 [main] INFO  org.apache.iceberg.CatalogUtil - Loading custom FileIO implementation: org.apache.iceberg.io.ResolvingFileIO","time":"2025-05-07T11:11:31Z"}
{"level":"info","message":"[Java-Iceberg:50051] 16:41:31.280 [main] WARN  org.apache.iceberg.jdbc.JdbcCatalog - JDBC catalog is initialized without view support. To auto-migrate the database's schema and enable view support, set jdbc.schema-version=V1","time":"2025-05-07T11:11:31Z"}
{"level":"info","message":"[Java-Iceberg:50051] 16:41:31.286 [main] INFO  io.debezium.serde.json.JsonSerdeConfig - JsonSerdeConfig values: ","time":"2025-05-07T11:11:31Z"}
{"level":"info","message":"[Java-Iceberg:50051] \tfrom.field = null","time":"2025-05-07T11:11:31Z"}
{"level":"info","message":"[Java-Iceberg:50051] \tunknown.properties.ignored = false","time":"2025-05-07T11:11:31Z"}
{"level":"info","message":"[Java-Iceberg:50051] ","time":"2025-05-07T11:11:31Z"}
{"level":"info","message":"[Java-Iceberg:50051] 16:41:31.287 [main] INFO  io.debezium.serde.json.JsonSerdeConfig - JsonSerdeConfig values: ","time":"2025-05-07T11:11:31Z"}
{"level":"info","message":"[Java-Iceberg:50051] \tfrom.field = null","time":"2025-05-07T11:11:31Z"}
{"level":"info","message":"[Java-Iceberg:50051] \tunknown.properties.ignored = false","time":"2025-05-07T11:11:31Z"}
{"level":"info","message":"[Java-Iceberg:50051] ","time":"2025-05-07T11:11:31Z"}
{"level":"info","message":"[Java-Iceberg:50051] 16:41:31.409 [main] INFO  io.debezium.server.iceberg.OlakeRpcServer - Server started on port 50051 with max message size: 2000MB","time":"2025-05-07T11:11:31Z"}
{"level":"info","message":"[Java-Iceberg:50051] 16:41:31.690 [grpc-default-executor-0] INFO  io.debezium.server.iceberg.rpc.OlakeRowsIngester - [Thread-23-950268818000] Parsing messages took: 10 ms","time":"2025-05-07T11:11:31Z"}
{"level":"info","message":"[Java-Iceberg:50051] 16:41:31.698 [grpc-default-executor-0] INFO  org.apache.iceberg.BaseMetastoreTableOperations - Refreshing table metadata from new version: s3a://warehouse/olake_iceberg/olake_test_table_duke/metadata/00002-82909798-cd29-41a6-8f5c-0b1709a9f32f.metadata.json","time":"2025-05-07T11:11:31Z"}
{"level":"info","message":"[Java-Iceberg:50051] 16:41:31.700 [grpc-default-executor-0] INFO  org.apache.iceberg.CatalogUtil - Loading custom FileIO implementation: org.apache.iceberg.aws.s3.S3FileIO","time":"2025-05-07T11:11:31Z"}
{"level":"info","message":"[Java-Iceberg:50051] 16:41:32.074 [grpc-default-executor-0] INFO  org.apache.iceberg.BaseMetastoreCatalog - Table loaded by catalog: olake_iceberg.olake_iceberg.olake_test_table_duke","time":"2025-05-07T11:11:32Z"}
{"level":"info","message":"[Java-Iceberg:50051] 16:41:32.075 [grpc-default-executor-0] INFO  io.debezium.server.iceberg.tableoperator.IcebergTableOperator - Batch got 1 records with 1 different schema!!","time":"2025-05-07T11:11:32Z"}
{"level":"info","message":"[Java-Iceberg:50051] 16:41:32.124 [grpc-default-executor-0] INFO  org.apache.hadoop.io.compress.CodecPool - Got brand-new compressor [.zstd]","time":"2025-05-07T11:11:32Z"}
{"level":"info","message":"[Java-Iceberg:50051] 16:41:32.815 [grpc-default-executor-0] INFO  org.apache.iceberg.BaseMetastoreTableOperations - Successfully committed to table olake_iceberg.olake_test_table_duke in 9 ms","time":"2025-05-07T11:11:32Z"}
{"level":"info","message":"[Java-Iceberg:50051] 16:41:32.815 [grpc-default-executor-0] INFO  org.apache.iceberg.SnapshotProducer - Committed snapshot 4409079500398040081 (MergeAppend)","time":"2025-05-07T11:11:32Z"}
{"level":"info","message":"[Java-Iceberg:50051] 16:41:32.824 [grpc-default-executor-0] INFO  org.apache.iceberg.BaseMetastoreTableOperations - Refreshing table metadata from new version: s3a://warehouse/olake_iceberg/olake_test_table_duke/metadata/00003-13e1fac6-a307-4018-91bf-f5bdc5e58b35.metadata.json","time":"2025-05-07T11:11:32Z"}
{"level":"info","message":"[Java-Iceberg:50051] 16:41:32.834 [grpc-default-executor-0] INFO  org.apache.iceberg.metrics.LoggingMetricsReporter - Received metrics report: CommitReport{tableName=olake_iceberg.olake_iceberg.olake_test_table_duke, snapshotId=4409079500398040081, sequenceNumber=3, operation=append, commitMetrics=CommitMetricsResult{totalDuration=TimerResult{timeUnit=NANOSECONDS, totalDuration=PT0.293598042S, count=1}, attempts=CounterResult{unit=COUNT, value=1}, addedDataFiles=CounterResult{unit=COUNT, value=1}, removedDataFiles=null, totalDataFiles=CounterResult{unit=COUNT, value=3}, addedDeleteFiles=null, addedEqualityDeleteFiles=null, addedPositionalDeleteFiles=null, removedDeleteFiles=null, removedEqualityDeleteFiles=null, removedPositionalDeleteFiles=null, totalDeleteFiles=CounterResult{unit=COUNT, value=0}, addedRecords=CounterResult{unit=COUNT, value=1}, removedRecords=null, totalRecords=CounterResult{unit=COUNT, value=3}, addedFilesSizeInBytes=CounterResult{unit=BYTES, value=1376}, removedFilesSizeInBytes=null, totalFilesSizeInBytes=CounterResult{unit=BYTES, value=4128}, addedPositionalDeletes=null, removedPositionalDeletes=null, totalPositionalDeletes=CounterResult{unit=COUNT, value=0}, addedEqualityDeletes=null, removedEqualityDeletes=null, totalEqualityDeletes=CounterResult{unit=COUNT, value=0}}, metadata={iceberg-version=Apache Iceberg 1.7.1 (commit 4a432839233f2343a9eae8255532f911f06358ef)}}","time":"2025-05-07T11:11:32Z"}
{"level":"info","message":"[Java-Iceberg:50051] 16:41:32.843 [grpc-default-executor-0] INFO  io.debezium.server.iceberg.tableoperator.IcebergTableOperator - Successfully committed 1 events","time":"2025-05-07T11:11:32Z"}
{"level":"info","message":"[Java-Iceberg:50051] 16:41:32.843 [grpc-default-executor-0] INFO  io.debezium.server.iceberg.rpc.OlakeRowsIngester - [Thread-23-950268818000] Processing tables took: 1153 ms","time":"2025-05-07T11:11:32Z"}
{"level":"info","message":"[Java-Iceberg:50051] 16:41:32.848 [grpc-default-executor-0] INFO  io.debezium.server.iceberg.rpc.OlakeRowsIngester - [Thread-23-950268818000] Total time taken: 1169 ms","time":"2025-05-07T11:11:32Z"}
{"level":"info","time":"2025-05-07T11:11:32Z","message":"Server Response: [Thread-23-950268818000] Received 1 messages"}
{"level":"info","time":"2025-05-07T11:11:32Z","message":"Shutting down Iceberg server on port 50051"}
{"level":"info","message":"Standard Replication is selected","time":"2025-05-07T11:11:32Z"}
{"level":"info","time":"2025-05-07T11:11:32Z","message":"Starting discover for Postgres database postgres"}
{"level":"info","time":"2025-05-07T11:11:33Z","message":"Starting backfill for stream[test_table_olake_1746616290] with 1 chunks"}
{"level":"info","time":"2025-05-07T11:11:33Z","message":"Iceberg JAR file found in base directory: /Users/dukedhal/Desktop/olake/debezium-server-iceberg-sink.jar"}
{"level":"info","time":"2025-05-07T11:11:33Z","message":"Connected to new iceberg writer on port 50051 for stream public.test_table_olake_1746616290, configHash public.test_table_olake_1746616290-public-false"}
{"level":"info","time":"2025-05-07T11:11:33Z","message":"chunk[1] with min['(0,0)']-max['(4294967295,0)'] completed in 0.06 seconds"}
{"level":"info","message":"[Java-Iceberg:50051] 16:41:33.522 [main] INFO  io.debezium.server.iceberg.OlakeRpcServer - Logs will be output to console only","time":"2025-05-07T11:11:33Z"}
{"level":"info","message":"[Java-Iceberg:50051] 16:41:33.558 [main] INFO  org.apache.iceberg.CatalogUtil - Loading custom FileIO implementation: org.apache.iceberg.io.ResolvingFileIO","time":"2025-05-07T11:11:33Z"}
{"level":"info","message":"[Java-Iceberg:50051] 16:41:33.696 [main] WARN  org.apache.iceberg.jdbc.JdbcCatalog - JDBC catalog is initialized without view support. To auto-migrate the database's schema and enable view support, set jdbc.schema-version=V1","time":"2025-05-07T11:11:33Z"}
{"level":"info","message":"[Java-Iceberg:50051] 16:41:33.702 [main] INFO  io.debezium.serde.json.JsonSerdeConfig - JsonSerdeConfig values: ","time":"2025-05-07T11:11:33Z"}
{"level":"info","message":"[Java-Iceberg:50051] \tfrom.field = null","time":"2025-05-07T11:11:33Z"}
{"level":"info","message":"[Java-Iceberg:50051] \tunknown.properties.ignored = false","time":"2025-05-07T11:11:33Z"}
{"level":"info","message":"[Java-Iceberg:50051] ","time":"2025-05-07T11:11:33Z"}
{"level":"info","message":"[Java-Iceberg:50051] 16:41:33.703 [main] INFO  io.debezium.serde.json.JsonSerdeConfig - JsonSerdeConfig values: ","time":"2025-05-07T11:11:33Z"}
{"level":"info","message":"[Java-Iceberg:50051] \tfrom.field = null","time":"2025-05-07T11:11:33Z"}
{"level":"info","message":"[Java-Iceberg:50051] \tunknown.properties.ignored = false","time":"2025-05-07T11:11:33Z"}
{"level":"info","message":"[Java-Iceberg:50051] ","time":"2025-05-07T11:11:33Z"}
{"level":"info","message":"[Java-Iceberg:50051] 16:41:33.834 [main] INFO  io.debezium.server.iceberg.OlakeRpcServer - Server started on port 50051 with max message size: 2000MB","time":"2025-05-07T11:11:33Z"}
{"level":"info","message":"[Java-Iceberg:50051] 16:41:34.207 [grpc-default-executor-0] INFO  io.debezium.server.iceberg.rpc.OlakeRowsIngester - [Thread-23-952783144333] Parsing messages took: 13 ms","time":"2025-05-07T11:11:34Z"}
{"level":"info","message":"[Java-Iceberg:50051] 16:41:34.226 [grpc-default-executor-0] WARN  io.debezium.server.iceberg.IcebergUtil - Creating table:'olake_iceberg.test_table_olake_1746616290'","time":"2025-05-07T11:11:34Z"}
{"level":"info","message":"[Java-Iceberg:50051] schema:table {","time":"2025-05-07T11:11:34Z"}
{"level":"info","message":"[Java-Iceberg:50051]   1: _olake_id: required string (id)","time":"2025-05-07T11:11:34Z"}
{"level":"info","message":"[Java-Iceberg:50051]   2: data: optional string","time":"2025-05-07T11:11:34Z"}
{"level":"info","message":"[Java-Iceberg:50051]   3: _op_type: optional string","time":"2025-05-07T11:11:34Z"}
{"level":"info","message":"[Java-Iceberg:50051]   4: _db: optional string","time":"2025-05-07T11:11:34Z"}
{"level":"info","message":"[Java-Iceberg:50051]   5: _cdc_timestamp: optional timestamptz","time":"2025-05-07T11:11:34Z"}
{"level":"info","message":"[Java-Iceberg:50051]   6: _olake_timestamp: optional timestamptz","time":"2025-05-07T11:11:34Z"}
{"level":"info","message":"[Java-Iceberg:50051] }","time":"2025-05-07T11:11:34Z"}
{"level":"info","message":"[Java-Iceberg:50051] rowIdentifier:[_olake_id]","time":"2025-05-07T11:11:34Z"}
{"level":"info","message":"[Java-Iceberg:50051] 16:41:34.231 [grpc-default-executor-0] INFO  org.apache.iceberg.BaseMetastoreCatalog - Table properties set at catalog level through catalog properties: {}","time":"2025-05-07T11:11:34Z"}
{"level":"info","message":"[Java-Iceberg:50051] 16:41:34.236 [grpc-default-executor-0] INFO  org.apache.iceberg.BaseMetastoreCatalog - Table properties enforced at catalog level through catalog properties: {}","time":"2025-05-07T11:11:34Z"}
{"level":"info","message":"[Java-Iceberg:50051] 16:41:34.246 [grpc-default-executor-0] INFO  org.apache.iceberg.CatalogUtil - Loading custom FileIO implementation: org.apache.iceberg.aws.s3.S3FileIO","time":"2025-05-07T11:11:34Z"}
{"level":"info","message":"[Java-Iceberg:50051] 16:41:34.633 [grpc-default-executor-0] INFO  org.apache.iceberg.BaseMetastoreTableOperations - Successfully committed to table olake_iceberg.test_table_olake_1746616290 in 388 ms","time":"2025-05-07T11:11:34Z"}
{"level":"info","message":"[Java-Iceberg:50051] 16:41:34.635 [grpc-default-executor-0] INFO  io.debezium.server.iceberg.tableoperator.IcebergTableOperator - Batch got 5 records with 1 different schema!!","time":"2025-05-07T11:11:34Z"}
{"level":"info","message":"[Java-Iceberg:50051] 16:41:34.638 [grpc-default-executor-0] INFO  org.apache.iceberg.BaseMetastoreTableOperations - Refreshing table metadata from new version: s3a://warehouse/olake_iceberg/test_table_olake_1746616290/metadata/00000-af9019f8-7432-40fe-80e9-e1d61d3aab02.metadata.json","time":"2025-05-07T11:11:34Z"}
{"level":"info","message":"[Java-Iceberg:50051] 16:41:34.710 [grpc-default-executor-0] INFO  org.apache.hadoop.io.compress.CodecPool - Got brand-new compressor [.zstd]","time":"2025-05-07T11:11:34Z"}
{"level":"info","message":"[Java-Iceberg:50051] 16:41:35.514 [grpc-default-executor-0] INFO  org.apache.iceberg.BaseMetastoreTableOperations - Successfully committed to table olake_iceberg.test_table_olake_1746616290 in 9 ms","time":"2025-05-07T11:11:35Z"}
{"level":"info","message":"[Java-Iceberg:50051] 16:41:35.514 [grpc-default-executor-0] INFO  org.apache.iceberg.SnapshotProducer - Committed snapshot 1178209106478262066 (MergeAppend)","time":"2025-05-07T11:11:35Z"}
{"level":"info","message":"[Java-Iceberg:50051] 16:41:35.538 [grpc-default-executor-0] INFO  org.apache.iceberg.BaseMetastoreTableOperations - Refreshing table metadata from new version: s3a://warehouse/olake_iceberg/test_table_olake_1746616290/metadata/00001-6e7b2b9b-c602-48be-8f4b-8b81ed850089.metadata.json","time":"2025-05-07T11:11:35Z"}
{"level":"info","message":"[Java-Iceberg:50051] 16:41:35.544 [grpc-default-executor-0] INFO  org.apache.iceberg.metrics.LoggingMetricsReporter - Received metrics report: CommitReport{tableName=olake_iceberg.olake_iceberg.test_table_olake_1746616290, snapshotId=1178209106478262066, sequenceNumber=1, operation=append, commitMetrics=CommitMetricsResult{totalDuration=TimerResult{timeUnit=NANOSECONDS, totalDuration=PT0.45356325S, count=1}, attempts=CounterResult{unit=COUNT, value=1}, addedDataFiles=CounterResult{unit=COUNT, value=1}, removedDataFiles=null, totalDataFiles=CounterResult{unit=COUNT, value=1}, addedDeleteFiles=null, addedEqualityDeleteFiles=null, addedPositionalDeleteFiles=null, removedDeleteFiles=null, removedEqualityDeleteFiles=null, removedPositionalDeleteFiles=null, totalDeleteFiles=CounterResult{unit=COUNT, value=0}, addedRecords=CounterResult{unit=COUNT, value=5}, removedRecords=null, totalRecords=CounterResult{unit=COUNT, value=5}, addedFilesSizeInBytes=CounterResult{unit=BYTES, value=3269}, removedFilesSizeInBytes=null, totalFilesSizeInBytes=CounterResult{unit=BYTES, value=3269}, addedPositionalDeletes=null, removedPositionalDeletes=null, totalPositionalDeletes=CounterResult{unit=COUNT, value=0}, addedEqualityDeletes=null, removedEqualityDeletes=null, totalEqualityDeletes=CounterResult{unit=COUNT, value=0}}, metadata={iceberg-version=Apache Iceberg 1.7.1 (commit 4a432839233f2343a9eae8255532f911f06358ef)}}","time":"2025-05-07T11:11:35Z"}
{"level":"info","message":"[Java-Iceberg:50051] 16:41:35.553 [grpc-default-executor-0] INFO  io.debezium.server.iceberg.tableoperator.IcebergTableOperator - Successfully committed 5 events","time":"2025-05-07T11:11:35Z"}
{"level":"info","message":"[Java-Iceberg:50051] 16:41:35.553 [grpc-default-executor-0] INFO  io.debezium.server.iceberg.rpc.OlakeRowsIngester - [Thread-23-952783144333] Processing tables took: 1346 ms","time":"2025-05-07T11:11:35Z"}
{"level":"info","message":"[Java-Iceberg:50051] 16:41:35.558 [grpc-default-executor-0] INFO  io.debezium.server.iceberg.rpc.OlakeRowsIngester - [Thread-23-952783144333] Total time taken: 1364 ms","time":"2025-05-07T11:11:35Z"}
{"level":"info","time":"2025-05-07T11:11:35Z","message":"Sent batch to Iceberg server: 5 records, response: [Thread-23-952783144333] Received 5 messages"}
{"level":"info","time":"2025-05-07T11:11:35Z","message":"Shutting down Iceberg server on port 50051"}
{"level":"info","message":"Standard Replication is selected","time":"2025-05-07T11:13:53Z"}
{"level":"info","time":"2025-05-07T11:13:53Z","message":"Starting discover for Postgres database postgres"}
{"level":"info","time":"2025-05-07T11:13:53Z","message":"SystemID:7501591254541365286 Timeline:1 XLogPos:0/19EE1C8 Database:postgres"}
{"level":"info","time":"2025-05-07T11:13:53Z","message":"Starting backfill for stream[test_table_olake_1746616290] with 1 chunks"}
{"level":"info","time":"2025-05-07T11:13:53Z","message":"Iceberg JAR file found in base directory: /Users/dukedhal/Desktop/olake/debezium-server-iceberg-sink.jar"}
{"level":"info","time":"2025-05-07T11:13:53Z","message":"Connected to new iceberg writer on port 50051 for stream public.test_table_olake_1746616290, configHash public.test_table_olake_1746616290-public-false"}
{"level":"info","time":"2025-05-07T11:13:53Z","message":"chunk[1] with min['(0,0)']-max['(4294967295,0)'] completed in 0.12 seconds"}
{"level":"info","time":"2025-05-07T11:13:53Z","message":"Started logical replication on slot[olake_slot]"}
{"level":"info","message":"[Java-Iceberg:50051] 16:43:53.960 [main] INFO  io.debezium.server.iceberg.OlakeRpcServer - Logs will be output to console only","time":"2025-05-07T11:13:53Z"}
{"level":"info","message":"[Java-Iceberg:50051] 16:43:53.997 [main] INFO  org.apache.iceberg.CatalogUtil - Loading custom FileIO implementation: org.apache.iceberg.io.ResolvingFileIO","time":"2025-05-07T11:13:53Z"}
{"level":"info","message":"[Java-Iceberg:50051] 16:43:54.166 [main] WARN  org.apache.iceberg.jdbc.JdbcCatalog - JDBC catalog is initialized without view support. To auto-migrate the database's schema and enable view support, set jdbc.schema-version=V1","time":"2025-05-07T11:13:54Z"}
{"level":"info","message":"[Java-Iceberg:50051] 16:43:54.173 [main] INFO  io.debezium.serde.json.JsonSerdeConfig - JsonSerdeConfig values: ","time":"2025-05-07T11:13:54Z"}
{"level":"info","message":"[Java-Iceberg:50051] \tfrom.field = null","time":"2025-05-07T11:13:54Z"}
{"level":"info","message":"[Java-Iceberg:50051] \tunknown.properties.ignored = false","time":"2025-05-07T11:13:54Z"}
{"level":"info","message":"[Java-Iceberg:50051] ","time":"2025-05-07T11:13:54Z"}
{"level":"info","message":"[Java-Iceberg:50051] 16:43:54.173 [main] INFO  io.debezium.serde.json.JsonSerdeConfig - JsonSerdeConfig values: ","time":"2025-05-07T11:13:54Z"}
{"level":"info","message":"[Java-Iceberg:50051] \tfrom.field = null","time":"2025-05-07T11:13:54Z"}
{"level":"info","message":"[Java-Iceberg:50051] \tunknown.properties.ignored = false","time":"2025-05-07T11:13:54Z"}
{"level":"info","message":"[Java-Iceberg:50051] ","time":"2025-05-07T11:13:54Z"}
{"level":"info","message":"[Java-Iceberg:50051] 16:43:54.307 [main] INFO  io.debezium.server.iceberg.OlakeRpcServer - Server started on port 50051 with max message size: 2000MB","time":"2025-05-07T11:13:54Z"}
{"level":"info","message":"[Java-Iceberg:50051] 16:43:54.536 [grpc-default-executor-0] INFO  io.debezium.server.iceberg.rpc.OlakeRowsIngester - [Thread-23-1093112918458] Parsing messages took: 12 ms","time":"2025-05-07T11:13:54Z"}
{"level":"info","message":"[Java-Iceberg:50051] 16:43:54.543 [grpc-default-executor-0] INFO  org.apache.iceberg.BaseMetastoreTableOperations - Refreshing table metadata from new version: s3a://warehouse/olake_iceberg/test_table_olake_1746616290/metadata/00001-6e7b2b9b-c602-48be-8f4b-8b81ed850089.metadata.json","time":"2025-05-07T11:13:54Z"}
{"level":"info","message":"[Java-Iceberg:50051] 16:43:54.545 [grpc-default-executor-0] INFO  org.apache.iceberg.CatalogUtil - Loading custom FileIO implementation: org.apache.iceberg.aws.s3.S3FileIO","time":"2025-05-07T11:13:54Z"}
{"level":"info","message":"[Java-Iceberg:50051] 16:43:54.934 [grpc-default-executor-0] INFO  org.apache.iceberg.BaseMetastoreCatalog - Table loaded by catalog: olake_iceberg.olake_iceberg.test_table_olake_1746616290","time":"2025-05-07T11:13:54Z"}
{"level":"info","message":"[Java-Iceberg:50051] 16:43:54.936 [grpc-default-executor-0] INFO  io.debezium.server.iceberg.tableoperator.IcebergTableOperator - Batch got 5 records with 1 different schema!!","time":"2025-05-07T11:13:54Z"}
{"level":"info","message":"[Java-Iceberg:50051] 16:43:54.984 [grpc-default-executor-0] INFO  org.apache.hadoop.io.compress.CodecPool - Got brand-new compressor [.zstd]","time":"2025-05-07T11:13:54Z"}
{"level":"info","message":"[Java-Iceberg:50051] 16:43:55.738 [grpc-default-executor-0] INFO  org.apache.iceberg.BaseMetastoreTableOperations - Successfully committed to table olake_iceberg.test_table_olake_1746616290 in 10 ms","time":"2025-05-07T11:13:55Z"}
{"level":"info","message":"[Java-Iceberg:50051] 16:43:55.738 [grpc-default-executor-0] INFO  org.apache.iceberg.SnapshotProducer - Committed snapshot 7374211294043941584 (MergeAppend)","time":"2025-05-07T11:13:55Z"}
{"level":"info","message":"[Java-Iceberg:50051] 16:43:55.748 [grpc-default-executor-0] INFO  org.apache.iceberg.BaseMetastoreTableOperations - Refreshing table metadata from new version: s3a://warehouse/olake_iceberg/test_table_olake_1746616290/metadata/00002-92c4178c-19b6-419b-80dd-0d3a9996588f.metadata.json","time":"2025-05-07T11:13:55Z"}
{"level":"info","message":"[Java-Iceberg:50051] 16:43:55.754 [grpc-default-executor-0] INFO  org.apache.iceberg.metrics.LoggingMetricsReporter - Received metrics report: CommitReport{tableName=olake_iceberg.olake_iceberg.test_table_olake_1746616290, snapshotId=7374211294043941584, sequenceNumber=2, operation=append, commitMetrics=CommitMetricsResult{totalDuration=TimerResult{timeUnit=NANOSECONDS, totalDuration=PT0.335899542S, count=1}, attempts=CounterResult{unit=COUNT, value=1}, addedDataFiles=CounterResult{unit=COUNT, value=1}, removedDataFiles=null, totalDataFiles=CounterResult{unit=COUNT, value=2}, addedDeleteFiles=null, addedEqualityDeleteFiles=null, addedPositionalDeleteFiles=null, removedDeleteFiles=null, removedEqualityDeleteFiles=null, removedPositionalDeleteFiles=null, totalDeleteFiles=CounterResult{unit=COUNT, value=0}, addedRecords=CounterResult{unit=COUNT, value=5}, removedRecords=null, totalRecords=CounterResult{unit=COUNT, value=10}, addedFilesSizeInBytes=CounterResult{unit=BYTES, value=3268}, removedFilesSizeInBytes=null, totalFilesSizeInBytes=CounterResult{unit=BYTES, value=6537}, addedPositionalDeletes=null, removedPositionalDeletes=null, totalPositionalDeletes=CounterResult{unit=COUNT, value=0}, addedEqualityDeletes=null, removedEqualityDeletes=null, totalEqualityDeletes=CounterResult{unit=COUNT, value=0}}, metadata={iceberg-version=Apache Iceberg 1.7.1 (commit 4a432839233f2343a9eae8255532f911f06358ef)}}","time":"2025-05-07T11:13:55Z"}
{"level":"info","message":"[Java-Iceberg:50051] 16:43:55.763 [grpc-default-executor-0] INFO  io.debezium.server.iceberg.tableoperator.IcebergTableOperator - Successfully committed 5 events","time":"2025-05-07T11:13:55Z"}
{"level":"info","message":"[Java-Iceberg:50051] 16:43:55.763 [grpc-default-executor-0] INFO  io.debezium.server.iceberg.rpc.OlakeRowsIngester - [Thread-23-1093112918458] Processing tables took: 1227 ms","time":"2025-05-07T11:13:55Z"}
{"level":"info","message":"[Java-Iceberg:50051] 16:43:55.768 [grpc-default-executor-0] INFO  io.debezium.server.iceberg.rpc.OlakeRowsIngester - [Thread-23-1093112918458] Total time taken: 1244 ms","time":"2025-05-07T11:13:55Z"}
{"level":"info","time":"2025-05-07T11:13:55Z","message":"Sent batch to Iceberg server: 5 records, response: [Thread-23-1093112918458] Received 5 messages"}
{"level":"info","time":"2025-05-07T11:13:55Z","message":"Shutting down Iceberg server on port 50051"}
{"level":"info","time":"2025-05-07T11:13:55Z","message":"Iceberg JAR file found in base directory: /Users/dukedhal/Desktop/olake/debezium-server-iceberg-sink.jar"}
{"level":"info","time":"2025-05-07T11:13:55Z","message":"Connected to new iceberg writer on port 50051 for stream public.test_table_olake_1746616290, configHash public.test_table_olake_1746616290-public-true"}
{"level":"info","message":"[Java-Iceberg:50051] 16:43:56.309 [main] INFO  io.debezium.server.iceberg.OlakeRpcServer - Logs will be output to console only","time":"2025-05-07T11:13:56Z"}
{"level":"info","message":"[Java-Iceberg:50051] 16:43:56.344 [main] INFO  org.apache.iceberg.CatalogUtil - Loading custom FileIO implementation: org.apache.iceberg.io.ResolvingFileIO","time":"2025-05-07T11:13:56Z"}
{"level":"info","message":"[Java-Iceberg:50051] 16:43:56.478 [main] WARN  org.apache.iceberg.jdbc.JdbcCatalog - JDBC catalog is initialized without view support. To auto-migrate the database's schema and enable view support, set jdbc.schema-version=V1","time":"2025-05-07T11:13:56Z"}
{"level":"info","message":"[Java-Iceberg:50051] 16:43:56.485 [main] INFO  io.debezium.serde.json.JsonSerdeConfig - JsonSerdeConfig values: ","time":"2025-05-07T11:13:56Z"}
{"level":"info","message":"[Java-Iceberg:50051] \tfrom.field = null","time":"2025-05-07T11:13:56Z"}
{"level":"info","message":"[Java-Iceberg:50051] \tunknown.properties.ignored = false","time":"2025-05-07T11:13:56Z"}
{"level":"info","message":"[Java-Iceberg:50051] ","time":"2025-05-07T11:13:56Z"}
{"level":"info","message":"[Java-Iceberg:50051] 16:43:56.485 [main] INFO  io.debezium.serde.json.JsonSerdeConfig - JsonSerdeConfig values: ","time":"2025-05-07T11:13:56Z"}
{"level":"info","message":"[Java-Iceberg:50051] \tfrom.field = null","time":"2025-05-07T11:13:56Z"}
{"level":"info","message":"[Java-Iceberg:50051] \tunknown.properties.ignored = false","time":"2025-05-07T11:13:56Z"}
{"level":"info","message":"[Java-Iceberg:50051] ","time":"2025-05-07T11:13:56Z"}
{"level":"info","message":"[Java-Iceberg:50051] 16:43:56.606 [main] INFO  io.debezium.server.iceberg.OlakeRpcServer - Server started on port 50051 with max message size: 2000MB","time":"2025-05-07T11:13:56Z"}
{"level":"debug","time":"2025-05-07T11:14:04Z","message":"Idle timeout reached while waiting for new messages"}
{"level":"debug","time":"2025-05-07T11:14:04Z","message":"sent standby status message at LSN#0/19EE4A3"}
{"level":"info","message":"[Java-Iceberg:50051] 16:44:04.257 [grpc-default-executor-0] INFO  io.debezium.server.iceberg.rpc.OlakeRowsIngester - [Thread-23-1102829691666] Parsing messages took: 15 ms","time":"2025-05-07T11:14:04Z"}
{"level":"info","message":"[Java-Iceberg:50051] 16:44:04.268 [grpc-default-executor-0] INFO  org.apache.iceberg.BaseMetastoreTableOperations - Refreshing table metadata from new version: s3a://warehouse/olake_iceberg/test_table_olake_1746616290/metadata/00002-92c4178c-19b6-419b-80dd-0d3a9996588f.metadata.json","time":"2025-05-07T11:14:04Z"}
{"level":"info","message":"[Java-Iceberg:50051] 16:44:04.271 [grpc-default-executor-0] INFO  org.apache.iceberg.CatalogUtil - Loading custom FileIO implementation: org.apache.iceberg.aws.s3.S3FileIO","time":"2025-05-07T11:14:04Z"}
{"level":"info","message":"[Java-Iceberg:50051] 16:44:04.676 [grpc-default-executor-0] INFO  org.apache.iceberg.BaseMetastoreCatalog - Table loaded by catalog: olake_iceberg.olake_iceberg.test_table_olake_1746616290","time":"2025-05-07T11:14:04Z"}
{"level":"info","message":"[Java-Iceberg:50051] 16:44:04.682 [grpc-default-executor-0] INFO  io.debezium.server.iceberg.tableoperator.IcebergTableOperator - Batch got 6 records with 1 different schema!!","time":"2025-05-07T11:14:04Z"}
{"level":"info","message":"[Java-Iceberg:50051] 16:44:04.738 [grpc-default-executor-0] INFO  org.apache.hadoop.io.compress.CodecPool - Got brand-new compressor [.zstd]","time":"2025-05-07T11:14:04Z"}
{"level":"info","message":"[Java-Iceberg:50051] 16:44:04.841 [grpc-default-executor-0] INFO  org.apache.hadoop.io.compress.CodecPool - Got brand-new compressor [.zstd]","time":"2025-05-07T11:14:04Z"}
{"level":"info","message":"[Java-Iceberg:50051] 16:44:05.463 [grpc-default-executor-0] INFO  org.apache.iceberg.BaseMetastoreTableOperations - Successfully committed to table olake_iceberg.test_table_olake_1746616290 in 12 ms","time":"2025-05-07T11:14:05Z"}
{"level":"info","message":"[Java-Iceberg:50051] 16:44:05.463 [grpc-default-executor-0] INFO  org.apache.iceberg.SnapshotProducer - Committed snapshot 7634150311443198672 (MergeAppend)","time":"2025-05-07T11:14:05Z"}
{"level":"info","message":"[Java-Iceberg:50051] 16:44:05.471 [grpc-default-executor-0] INFO  org.apache.iceberg.BaseMetastoreTableOperations - Refreshing table metadata from new version: s3a://warehouse/olake_iceberg/test_table_olake_1746616290/metadata/00003-3f5ee4c3-7f74-40d3-8b47-a4cb4419c909.metadata.json","time":"2025-05-07T11:14:05Z"}
{"level":"info","message":"[Java-Iceberg:50051] 16:44:05.476 [grpc-default-executor-0] INFO  org.apache.iceberg.metrics.LoggingMetricsReporter - Received metrics report: CommitReport{tableName=olake_iceberg.olake_iceberg.test_table_olake_1746616290, snapshotId=7634150311443198672, sequenceNumber=3, operation=append, commitMetrics=CommitMetricsResult{totalDuration=TimerResult{timeUnit=NANOSECONDS, totalDuration=PT0.299123125S, count=1}, attempts=CounterResult{unit=COUNT, value=1}, addedDataFiles=CounterResult{unit=COUNT, value=1}, removedDataFiles=null, totalDataFiles=CounterResult{unit=COUNT, value=3}, addedDeleteFiles=null, addedEqualityDeleteFiles=null, addedPositionalDeleteFiles=null, removedDeleteFiles=null, removedEqualityDeleteFiles=null, removedPositionalDeleteFiles=null, totalDeleteFiles=CounterResult{unit=COUNT, value=0}, addedRecords=CounterResult{unit=COUNT, value=6}, removedRecords=null, totalRecords=CounterResult{unit=COUNT, value=16}, addedFilesSizeInBytes=CounterResult{unit=BYTES, value=3356}, removedFilesSizeInBytes=null, totalFilesSizeInBytes=CounterResult{unit=BYTES, value=9893}, addedPositionalDeletes=null, removedPositionalDeletes=null, totalPositionalDeletes=CounterResult{unit=COUNT, value=0}, addedEqualityDeletes=null, removedEqualityDeletes=null, totalEqualityDeletes=CounterResult{unit=COUNT, value=0}}, metadata={iceberg-version=Apache Iceberg 1.7.1 (commit 4a432839233f2343a9eae8255532f911f06358ef)}}","time":"2025-05-07T11:14:05Z"}
{"level":"info","message":"[Java-Iceberg:50051] 16:44:05.486 [grpc-default-executor-0] INFO  io.debezium.server.iceberg.tableoperator.IcebergTableOperator - Successfully committed 6 events","time":"2025-05-07T11:14:05Z"}
{"level":"info","message":"[Java-Iceberg:50051] 16:44:05.486 [grpc-default-executor-0] INFO  io.debezium.server.iceberg.rpc.OlakeRowsIngester - [Thread-23-1102829691666] Processing tables took: 1229 ms","time":"2025-05-07T11:14:05Z"}
{"level":"info","message":"[Java-Iceberg:50051] 16:44:05.491 [grpc-default-executor-0] INFO  io.debezium.server.iceberg.rpc.OlakeRowsIngester - [Thread-23-1102829691666] Total time taken: 1250 ms","time":"2025-05-07T11:14:05Z"}
{"level":"info","time":"2025-05-07T11:14:05Z","message":"Sent batch to Iceberg server: 11 records, response: [Thread-23-1102829691666] Received 11 messages"}
{"level":"info","time":"2025-05-07T11:14:05Z","message":"Shutting down Iceberg server on port 50051"}
