{"level":"info","time":"2025-04-09T07:31:09Z","message":"System has 32GB RAM, setting iceberg writer batch size to 838860800 bytes"}
{"level":"info","time":"2025-04-09T07:31:09Z","message":"Starting discover for MySQL database mysql"}
{"level":"info","time":"2025-04-09T07:31:09Z","message":"producing type schema for stream [mysql.component]"}
{"level":"info","time":"2025-04-09T07:31:09Z","message":"producing type schema for stream [mysql.func]"}
{"level":"info","time":"2025-04-09T07:31:09Z","message":"producing type schema for stream [mysql.user]"}
{"level":"info","time":"2025-04-09T07:31:09Z","message":"producing type schema for stream [mysql.db]"}
{"level":"info","time":"2025-04-09T07:31:09Z","message":"producing type schema for stream [mysql.gtid_executed]"}
{"level":"info","time":"2025-04-09T07:31:09Z","message":"producing type schema for stream [mysql.engine_cost]"}
{"level":"info","time":"2025-04-09T07:31:09Z","message":"producing type schema for stream [mysql.replication_group_configuration_version]"}
{"level":"info","time":"2025-04-09T07:31:09Z","message":"producing type schema for stream [mysql.replication_asynchronous_connection_failover_managed]"}
{"level":"info","time":"2025-04-09T07:31:09Z","message":"producing type schema for stream [mysql.server_cost]"}
{"level":"info","time":"2025-04-09T07:31:09Z","message":"producing type schema for stream [mysql.slow_log]"}
{"level":"info","time":"2025-04-09T07:31:09Z","message":"producing type schema for stream [mysql.replication_group_member_actions]"}
{"level":"info","time":"2025-04-09T07:31:09Z","message":"producing type schema for stream [mysql.columns_priv]"}
{"level":"info","time":"2025-04-09T07:31:09Z","message":"producing type schema for stream [mysql.general_log]"}
{"level":"info","time":"2025-04-09T07:31:09Z","message":"producing type schema for stream [mysql.password_history]"}
{"level":"info","time":"2025-04-09T07:31:09Z","message":"producing type schema for stream [mysql.help_topic]"}
{"level":"info","time":"2025-04-09T07:31:09Z","message":"producing type schema for stream [mysql.time_zone]"}
{"level":"info","time":"2025-04-09T07:31:09Z","message":"producing type schema for stream [mysql.global_grants]"}
{"level":"info","time":"2025-04-09T07:31:09Z","message":"producing type schema for stream [mysql.time_zone_leap_second]"}
{"level":"info","time":"2025-04-09T07:31:09Z","message":"producing type schema for stream [mysql.replication_asynchronous_connection_failover]"}
{"level":"info","time":"2025-04-09T07:31:09Z","message":"producing type schema for stream [mysql.help_keyword]"}
{"level":"info","time":"2025-04-09T07:31:09Z","message":"producing type schema for stream [mysql.time_zone_transition]"}
{"level":"info","time":"2025-04-09T07:31:09Z","message":"producing type schema for stream [mysql.slave_master_info]"}
{"level":"info","time":"2025-04-09T07:31:09Z","message":"producing type schema for stream [mysql.slave_relay_log_info]"}
{"level":"info","time":"2025-04-09T07:31:09Z","message":"producing type schema for stream [mysql.help_category]"}
{"level":"info","time":"2025-04-09T07:31:09Z","message":"producing type schema for stream [mysql.time_zone_transition_type]"}
{"level":"info","time":"2025-04-09T07:31:09Z","message":"producing type schema for stream [mysql.ndb_binlog_index]"}
{"level":"info","time":"2025-04-09T07:31:09Z","message":"producing type schema for stream [mysql.slave_worker_info]"}
{"level":"info","time":"2025-04-09T07:31:09Z","message":"producing type schema for stream [mysql.servers]"}
{"level":"info","time":"2025-04-09T07:31:09Z","message":"producing type schema for stream [mysql.role_edges]"}
{"level":"info","time":"2025-04-09T07:31:09Z","message":"producing type schema for stream [mysql.help_relation]"}
{"level":"info","time":"2025-04-09T07:31:09Z","message":"producing type schema for stream [mysql.test_table_olake]"}
{"level":"info","time":"2025-04-09T07:31:09Z","message":"producing type schema for stream [mysql.proxies_priv]"}
{"level":"info","time":"2025-04-09T07:31:09Z","message":"producing type schema for stream [mysql.tables_priv]"}
{"level":"info","time":"2025-04-09T07:31:09Z","message":"producing type schema for stream [mysql.time_zone_name]"}
{"level":"info","time":"2025-04-09T07:31:09Z","message":"producing type schema for stream [mysql.plugin]"}
{"level":"info","time":"2025-04-09T07:31:09Z","message":"producing type schema for stream [mysql.default_roles]"}
{"level":"info","time":"2025-04-09T07:31:09Z","message":"producing type schema for stream [mysql.innodb_index_stats]"}
{"level":"info","time":"2025-04-09T07:31:09Z","message":"producing type schema for stream [mysql.procs_priv]"}
{"level":"info","time":"2025-04-09T07:31:09Z","message":"producing type schema for stream [mysql.innodb_table_stats]"}
{"level":"info","time":"2025-04-09T07:31:09Z","message":"Iceberg JAR file found in base directory: /Users/datazip/Desktop/olake-1/debezium-server-iceberg-sink.jar"}
{"level":"info","time":"2025-04-09T07:31:09Z","message":"Connected to new iceberg writer on port 50051 for stream check_01JRCQBG3KQDRY00GX5AZWWE82, configHash check_01JRCQBG3KQDRY00GX5AZWWE82-check-false"}
{"level":"info","message":"[Java-Iceberg:50051] 13:01:10.351 [main] INFO  io.debezium.server.iceberg.OlakeRpcServer - Logs will be output to console only","time":"2025-04-09T07:31:10Z"}
{"level":"info","message":"[Java-Iceberg:50051] 13:01:10.424 [main] INFO  org.apache.iceberg.CatalogUtil - Loading custom FileIO implementation: org.apache.iceberg.io.ResolvingFileIO","time":"2025-04-09T07:31:10Z"}
{"level":"info","message":"[Java-Iceberg:50051] 13:01:10.749 [main] WARN  org.apache.iceberg.jdbc.JdbcCatalog - JDBC catalog is initialized without view support. To auto-migrate the database's schema and enable view support, set jdbc.schema-version=V1","time":"2025-04-09T07:31:10Z"}
{"level":"info","message":"[Java-Iceberg:50051] 13:01:10.761 [main] INFO  io.debezium.serde.json.JsonSerdeConfig - JsonSerdeConfig values: ","time":"2025-04-09T07:31:10Z"}
{"level":"info","message":"[Java-Iceberg:50051] \tfrom.field = null","time":"2025-04-09T07:31:10Z"}
{"level":"info","message":"[Java-Iceberg:50051] \tunknown.properties.ignored = false","time":"2025-04-09T07:31:10Z"}
{"level":"info","message":"[Java-Iceberg:50051] ","time":"2025-04-09T07:31:10Z"}
{"level":"info","message":"[Java-Iceberg:50051] 13:01:10.761 [main] INFO  io.debezium.serde.json.JsonSerdeConfig - JsonSerdeConfig values: ","time":"2025-04-09T07:31:10Z"}
{"level":"info","message":"[Java-Iceberg:50051] \tfrom.field = null","time":"2025-04-09T07:31:10Z"}
{"level":"info","message":"[Java-Iceberg:50051] \tunknown.properties.ignored = false","time":"2025-04-09T07:31:10Z"}
{"level":"info","message":"[Java-Iceberg:50051] ","time":"2025-04-09T07:31:10Z"}
{"level":"info","message":"[Java-Iceberg:50051] 13:01:11.009 [main] INFO  io.debezium.server.iceberg.OlakeRpcServer - Server started on port 50051 with max message size: 2000MB","time":"2025-04-09T07:31:11Z"}
{"level":"info","message":"[Java-Iceberg:50051] 13:01:12.098 [grpc-default-executor-0] INFO  io.debezium.server.iceberg.rpc.OlakeRowsIngester - [Thread-23-190337148261658] Parsing messages took: 21 ms","time":"2025-04-09T07:31:12Z"}
{"level":"info","message":"[Java-Iceberg:50051] 13:01:12.130 [grpc-default-executor-0] WARN  io.debezium.server.iceberg.IcebergUtil - Creating table:'olake_iceberg.olake_test_table'","time":"2025-04-09T07:31:12Z"}
{"level":"info","message":"[Java-Iceberg:50051] schema:table {","time":"2025-04-09T07:31:12Z"}
{"level":"info","message":"[Java-Iceberg:50051]   1: _id: required string (id)","time":"2025-04-09T07:31:12Z"}
{"level":"info","message":"[Java-Iceberg:50051]   2: __deleted: optional boolean","time":"2025-04-09T07:31:12Z"}
{"level":"info","message":"[Java-Iceberg:50051]   3: __op: optional string","time":"2025-04-09T07:31:12Z"}
{"level":"info","message":"[Java-Iceberg:50051]   4: __db: optional string","time":"2025-04-09T07:31:12Z"}
{"level":"info","message":"[Java-Iceberg:50051]   5: __source_ts_ms: optional timestamptz","time":"2025-04-09T07:31:12Z"}
{"level":"info","message":"[Java-Iceberg:50051] }","time":"2025-04-09T07:31:12Z"}
{"level":"info","message":"[Java-Iceberg:50051] rowIdentifier:[_id]","time":"2025-04-09T07:31:12Z"}
{"level":"info","message":"[Java-Iceberg:50051] 13:01:12.145 [grpc-default-executor-0] WARN  io.debezium.server.iceberg.IcebergUtil - Created namespace:'olake_iceberg'","time":"2025-04-09T07:31:12Z"}
{"level":"info","message":"[Java-Iceberg:50051] 13:01:12.148 [grpc-default-executor-0] INFO  org.apache.iceberg.BaseMetastoreCatalog - Table properties set at catalog level through catalog properties: {}","time":"2025-04-09T07:31:12Z"}
{"level":"info","message":"[Java-Iceberg:50051] 13:01:12.157 [grpc-default-executor-0] INFO  org.apache.iceberg.BaseMetastoreCatalog - Table properties enforced at catalog level through catalog properties: {}","time":"2025-04-09T07:31:12Z"}
{"level":"info","message":"[Java-Iceberg:50051] 13:01:12.177 [grpc-default-executor-0] INFO  org.apache.iceberg.CatalogUtil - Loading custom FileIO implementation: org.apache.iceberg.aws.s3.S3FileIO","time":"2025-04-09T07:31:12Z"}
{"level":"info","message":"[Java-Iceberg:50051] 13:01:12.838 [grpc-default-executor-0] INFO  org.apache.iceberg.BaseMetastoreTableOperations - Successfully committed to table olake_iceberg.olake_test_table in 664 ms","time":"2025-04-09T07:31:12Z"}
{"level":"info","message":"[Java-Iceberg:50051] 13:01:12.843 [grpc-default-executor-0] INFO  io.debezium.server.iceberg.tableoperator.IcebergTableOperator - Batch got 1 records with 1 different schema!!","time":"2025-04-09T07:31:12Z"}
{"level":"info","message":"[Java-Iceberg:50051] 13:01:12.849 [grpc-default-executor-0] INFO  org.apache.iceberg.BaseMetastoreTableOperations - Refreshing table metadata from new version: s3a://warehouse/olake_iceberg/olake_test_table/metadata/00000-91058ab2-bf1d-48de-846c-80e053f44e45.metadata.json","time":"2025-04-09T07:31:12Z"}
{"level":"info","message":"[Java-Iceberg:50051] 13:01:12.994 [grpc-default-executor-0] INFO  org.apache.hadoop.io.compress.CodecPool - Got brand-new compressor [.zstd]","time":"2025-04-09T07:31:12Z"}
{"level":"info","message":"[Java-Iceberg:50051] 13:01:14.141 [grpc-default-executor-0] INFO  org.apache.iceberg.BaseMetastoreTableOperations - Successfully committed to table olake_iceberg.olake_test_table in 17 ms","time":"2025-04-09T07:31:14Z"}
{"level":"info","message":"[Java-Iceberg:50051] 13:01:14.141 [grpc-default-executor-0] INFO  org.apache.iceberg.SnapshotProducer - Committed snapshot 2255769351060691346 (MergeAppend)","time":"2025-04-09T07:31:14Z"}
{"level":"info","message":"[Java-Iceberg:50051] 13:01:14.197 [grpc-default-executor-0] INFO  org.apache.iceberg.BaseMetastoreTableOperations - Refreshing table metadata from new version: s3a://warehouse/olake_iceberg/olake_test_table/metadata/00001-92688a7c-fdc1-45ec-b752-d1250c6f81eb.metadata.json","time":"2025-04-09T07:31:14Z"}
{"level":"info","message":"[Java-Iceberg:50051] 13:01:14.209 [grpc-default-executor-0] INFO  org.apache.iceberg.metrics.LoggingMetricsReporter - Received metrics report: CommitReport{tableName=olake_iceberg.olake_iceberg.olake_test_table, snapshotId=2255769351060691346, sequenceNumber=1, operation=append, commitMetrics=CommitMetricsResult{totalDuration=TimerResult{timeUnit=NANOSECONDS, totalDuration=PT0.477191935S, count=1}, attempts=CounterResult{unit=COUNT, value=1}, addedDataFiles=CounterResult{unit=COUNT, value=1}, removedDataFiles=null, totalDataFiles=CounterResult{unit=COUNT, value=1}, addedDeleteFiles=null, addedEqualityDeleteFiles=null, addedPositionalDeleteFiles=null, removedDeleteFiles=null, removedEqualityDeleteFiles=null, removedPositionalDeleteFiles=null, totalDeleteFiles=CounterResult{unit=COUNT, value=0}, addedRecords=CounterResult{unit=COUNT, value=1}, removedRecords=null, totalRecords=CounterResult{unit=COUNT, value=1}, addedFilesSizeInBytes=CounterResult{unit=BYTES, value=1564}, removedFilesSizeInBytes=null, totalFilesSizeInBytes=CounterResult{unit=BYTES, value=1564}, addedPositionalDeletes=null, removedPositionalDeletes=null, totalPositionalDeletes=CounterResult{unit=COUNT, value=0}, addedEqualityDeletes=null, removedEqualityDeletes=null, totalEqualityDeletes=CounterResult{unit=COUNT, value=0}}, metadata={iceberg-version=Apache Iceberg 1.7.1 (commit 4a432839233f2343a9eae8255532f911f06358ef)}}","time":"2025-04-09T07:31:14Z"}
{"level":"info","message":"[Java-Iceberg:50051] 13:01:14.234 [grpc-default-executor-0] INFO  io.debezium.server.iceberg.tableoperator.IcebergTableOperator - Successfully committed 1 events","time":"2025-04-09T07:31:14Z"}
{"level":"info","message":"[Java-Iceberg:50051] 13:01:14.234 [grpc-default-executor-0] INFO  io.debezium.server.iceberg.rpc.OlakeRowsIngester - [Thread-23-190337148261658] Processing tables took: 2136 ms","time":"2025-04-09T07:31:14Z"}
{"level":"info","message":"[Java-Iceberg:50051] 13:01:14.242 [grpc-default-executor-0] INFO  io.debezium.server.iceberg.rpc.OlakeRowsIngester - [Thread-23-190337148261658] Total time taken: 2165 ms","time":"2025-04-09T07:31:14Z"}
{"level":"info","time":"2025-04-09T07:31:14Z","message":"Server Response: [Thread-23-190337148261658] Received 1 messages"}
{"level":"info","time":"2025-04-09T07:31:14Z","message":"Shutting down Iceberg server on port 50051"}
{"level":"info","time":"2025-04-09T07:31:14Z","message":"Starting discover for MySQL database mysql"}
{"level":"info","time":"2025-04-09T07:31:14Z","message":"producing type schema for stream [mysql.default_roles]"}
{"level":"info","time":"2025-04-09T07:31:14Z","message":"producing type schema for stream [mysql.global_grants]"}
{"level":"info","time":"2025-04-09T07:31:14Z","message":"producing type schema for stream [mysql.help_keyword]"}
{"level":"info","time":"2025-04-09T07:31:14Z","message":"producing type schema for stream [mysql.func]"}
{"level":"info","time":"2025-04-09T07:31:14Z","message":"producing type schema for stream [mysql.help_category]"}
{"level":"info","time":"2025-04-09T07:31:14Z","message":"producing type schema for stream [mysql.gtid_executed]"}
{"level":"info","time":"2025-04-09T07:31:14Z","message":"producing type schema for stream [mysql.innodb_index_stats]"}
{"level":"info","time":"2025-04-09T07:31:14Z","message":"producing type schema for stream [mysql.component]"}
{"level":"info","time":"2025-04-09T07:31:14Z","message":"producing type schema for stream [mysql.user]"}
{"level":"info","time":"2025-04-09T07:31:14Z","message":"producing type schema for stream [mysql.password_history]"}
{"level":"info","time":"2025-04-09T07:31:14Z","message":"producing type schema for stream [mysql.help_relation]"}
{"level":"info","time":"2025-04-09T07:31:14Z","message":"producing type schema for stream [mysql.general_log]"}
{"level":"info","time":"2025-04-09T07:31:14Z","message":"producing type schema for stream [mysql.slave_relay_log_info]"}
{"level":"info","time":"2025-04-09T07:31:14Z","message":"producing type schema for stream [mysql.db]"}
{"level":"info","time":"2025-04-09T07:31:14Z","message":"producing type schema for stream [mysql.help_topic]"}
{"level":"info","time":"2025-04-09T07:31:14Z","message":"producing type schema for stream [mysql.server_cost]"}
{"level":"info","time":"2025-04-09T07:31:14Z","message":"producing type schema for stream [mysql.replication_asynchronous_connection_failover]"}
{"level":"info","time":"2025-04-09T07:31:14Z","message":"producing type schema for stream [mysql.ndb_binlog_index]"}
{"level":"info","time":"2025-04-09T07:31:14Z","message":"producing type schema for stream [mysql.tables_priv]"}
{"level":"info","time":"2025-04-09T07:31:14Z","message":"producing type schema for stream [mysql.columns_priv]"}
{"level":"info","time":"2025-04-09T07:31:14Z","message":"producing type schema for stream [mysql.slow_log]"}
{"level":"info","time":"2025-04-09T07:31:14Z","message":"producing type schema for stream [mysql.time_zone_name]"}
{"level":"info","time":"2025-04-09T07:31:14Z","message":"producing type schema for stream [mysql.servers]"}
{"level":"info","time":"2025-04-09T07:31:14Z","message":"producing type schema for stream [mysql.replication_asynchronous_connection_failover_managed]"}
{"level":"info","time":"2025-04-09T07:31:14Z","message":"producing type schema for stream [mysql.role_edges]"}
{"level":"info","time":"2025-04-09T07:31:14Z","message":"producing type schema for stream [mysql.test_table_olake]"}
{"level":"info","time":"2025-04-09T07:31:14Z","message":"producing type schema for stream [mysql.proxies_priv]"}
{"level":"info","time":"2025-04-09T07:31:14Z","message":"producing type schema for stream [mysql.time_zone]"}
{"level":"info","time":"2025-04-09T07:31:14Z","message":"producing type schema for stream [mysql.replication_group_member_actions]"}
{"level":"info","time":"2025-04-09T07:31:14Z","message":"producing type schema for stream [mysql.slave_worker_info]"}
{"level":"info","time":"2025-04-09T07:31:14Z","message":"producing type schema for stream [mysql.procs_priv]"}
{"level":"info","time":"2025-04-09T07:31:14Z","message":"producing type schema for stream [mysql.slave_master_info]"}
{"level":"info","time":"2025-04-09T07:31:14Z","message":"producing type schema for stream [mysql.engine_cost]"}
{"level":"info","time":"2025-04-09T07:31:14Z","message":"producing type schema for stream [mysql.time_zone_leap_second]"}
{"level":"info","time":"2025-04-09T07:31:14Z","message":"producing type schema for stream [mysql.innodb_table_stats]"}
{"level":"info","time":"2025-04-09T07:31:14Z","message":"producing type schema for stream [mysql.plugin]"}
{"level":"info","time":"2025-04-09T07:31:14Z","message":"producing type schema for stream [mysql.time_zone_transition_type]"}
{"level":"info","time":"2025-04-09T07:31:14Z","message":"producing type schema for stream [mysql.time_zone_transition]"}
{"level":"info","time":"2025-04-09T07:31:14Z","message":"producing type schema for stream [mysql.replication_group_configuration_version]"}
{"level":"info","time":"2025-04-09T07:31:14Z","message":"Stream mysql.test_table_olake extremes - min: 1, max: 5"}
{"level":"info","time":"2025-04-09T07:31:14Z","message":"Starting backfill for stream[test_table_olake] with 2 chunks"}
{"level":"info","time":"2025-04-09T07:31:14Z","message":"Iceberg JAR file found in base directory: /Users/datazip/Desktop/olake-1/debezium-server-iceberg-sink.jar"}
{"level":"info","time":"2025-04-09T07:31:14Z","message":"Connected to new iceberg writer on port 50051 for stream mysql.test_table_olake, configHash mysql.test_table_olake-mysql-true"}
{"level":"info","time":"2025-04-09T07:31:14Z","message":"Iceberg JAR file found in base directory: /Users/datazip/Desktop/olake-1/debezium-server-iceberg-sink.jar"}
{"level":"info","time":"2025-04-09T07:31:14Z","message":"Reusing existing Iceberg server on port 50051 for stream mysql.test_table_olake, refCount 2"}
{"level":"info","time":"2025-04-09T07:31:14Z","message":"chunk[1] with min[<nil>]-max[1] completed in 0.44 seconds"}
{"level":"info","message":"[Java-Iceberg:50051] 13:01:15.213 [main] INFO  io.debezium.server.iceberg.OlakeRpcServer - Logs will be output to console only","time":"2025-04-09T07:31:15Z"}
{"level":"info","message":"[Java-Iceberg:50051] 13:01:15.283 [main] INFO  org.apache.iceberg.CatalogUtil - Loading custom FileIO implementation: org.apache.iceberg.io.ResolvingFileIO","time":"2025-04-09T07:31:15Z"}
{"level":"info","message":"[Java-Iceberg:50051] 13:01:15.508 [main] WARN  org.apache.iceberg.jdbc.JdbcCatalog - JDBC catalog is initialized without view support. To auto-migrate the database's schema and enable view support, set jdbc.schema-version=V1","time":"2025-04-09T07:31:15Z"}
{"level":"info","message":"[Java-Iceberg:50051] 13:01:15.517 [main] INFO  io.debezium.serde.json.JsonSerdeConfig - JsonSerdeConfig values: ","time":"2025-04-09T07:31:15Z"}
{"level":"info","message":"[Java-Iceberg:50051] \tfrom.field = null","time":"2025-04-09T07:31:15Z"}
{"level":"info","message":"[Java-Iceberg:50051] \tunknown.properties.ignored = false","time":"2025-04-09T07:31:15Z"}
{"level":"info","message":"[Java-Iceberg:50051] ","time":"2025-04-09T07:31:15Z"}
{"level":"info","message":"[Java-Iceberg:50051] 13:01:15.518 [main] INFO  io.debezium.serde.json.JsonSerdeConfig - JsonSerdeConfig values: ","time":"2025-04-09T07:31:15Z"}
{"level":"info","message":"[Java-Iceberg:50051] \tfrom.field = null","time":"2025-04-09T07:31:15Z"}
{"level":"info","message":"[Java-Iceberg:50051] \tunknown.properties.ignored = false","time":"2025-04-09T07:31:15Z"}
{"level":"info","message":"[Java-Iceberg:50051] ","time":"2025-04-09T07:31:15Z"}
{"level":"info","message":"[Java-Iceberg:50051] 13:01:15.738 [main] INFO  io.debezium.server.iceberg.OlakeRpcServer - Server started on port 50051 with max message size: 2000MB","time":"2025-04-09T07:31:15Z"}
{"level":"info","message":"[Java-Iceberg:50051] 13:01:15.918 [grpc-default-executor-0] INFO  io.debezium.server.iceberg.rpc.OlakeRowsIngester - [Thread-23-190340967573455] Parsing messages took: 21 ms","time":"2025-04-09T07:31:15Z"}
{"level":"info","message":"[Java-Iceberg:50051] 13:01:15.955 [grpc-default-executor-0] WARN  io.debezium.server.iceberg.IcebergUtil - Creating table:'olake_iceberg.test_table_olake'","time":"2025-04-09T07:31:15Z"}
{"level":"info","message":"[Java-Iceberg:50051] schema:table {","time":"2025-04-09T07:31:15Z"}
{"level":"info","message":"[Java-Iceberg:50051]   1: olake_id: required string (id)","time":"2025-04-09T07:31:15Z"}
{"level":"info","message":"[Java-Iceberg:50051]   2: data: optional string","time":"2025-04-09T07:31:15Z"}
{"level":"info","message":"[Java-Iceberg:50051]   3: __deleted: optional boolean","time":"2025-04-09T07:31:15Z"}
{"level":"info","message":"[Java-Iceberg:50051]   4: __op: optional string","time":"2025-04-09T07:31:15Z"}
{"level":"info","message":"[Java-Iceberg:50051]   5: __db: optional string","time":"2025-04-09T07:31:15Z"}
{"level":"info","message":"[Java-Iceberg:50051]   6: __source_ts_ms: optional timestamptz","time":"2025-04-09T07:31:15Z"}
{"level":"info","message":"[Java-Iceberg:50051] }","time":"2025-04-09T07:31:15Z"}
{"level":"info","message":"[Java-Iceberg:50051] rowIdentifier:[olake_id]","time":"2025-04-09T07:31:15Z"}
{"level":"info","message":"[Java-Iceberg:50051] 13:01:15.965 [grpc-default-executor-0] INFO  org.apache.iceberg.BaseMetastoreCatalog - Table properties set at catalog level through catalog properties: {}","time":"2025-04-09T07:31:15Z"}
{"level":"info","message":"[Java-Iceberg:50051] 13:01:15.974 [grpc-default-executor-0] INFO  org.apache.iceberg.BaseMetastoreCatalog - Table properties enforced at catalog level through catalog properties: {}","time":"2025-04-09T07:31:15Z"}
{"level":"info","message":"[Java-Iceberg:50051] 13:01:15.995 [grpc-default-executor-0] INFO  org.apache.iceberg.CatalogUtil - Loading custom FileIO implementation: org.apache.iceberg.aws.s3.S3FileIO","time":"2025-04-09T07:31:15Z"}
{"level":"info","message":"[Java-Iceberg:50051] 13:01:16.607 [grpc-default-executor-0] INFO  org.apache.iceberg.BaseMetastoreTableOperations - Successfully committed to table olake_iceberg.test_table_olake in 615 ms","time":"2025-04-09T07:31:16Z"}
{"level":"info","message":"[Java-Iceberg:50051] 13:01:16.612 [grpc-default-executor-0] INFO  org.apache.iceberg.BaseMetastoreTableOperations - Refreshing table metadata from new version: s3a://warehouse/olake_iceberg/test_table_olake/metadata/00000-9b82277e-74b9-4062-a6d7-6b0282a71bf6.metadata.json","time":"2025-04-09T07:31:16Z"}
{"level":"info","message":"[Java-Iceberg:50051] 13:01:16.683 [grpc-default-executor-0] INFO  io.debezium.server.iceberg.tableoperator.IcebergTableOperator - Batch got 1 records with 1 different schema!!","time":"2025-04-09T07:31:16Z"}
{"level":"info","message":"[Java-Iceberg:50051] 13:01:16.769 [grpc-default-executor-0] INFO  org.apache.hadoop.io.compress.CodecPool - Got brand-new compressor [.zstd]","time":"2025-04-09T07:31:16Z"}
{"level":"info","message":"[Java-Iceberg:50051] 13:01:16.931 [grpc-default-executor-0] INFO  org.apache.hadoop.io.compress.CodecPool - Got brand-new compressor [.zstd]","time":"2025-04-09T07:31:16Z"}
{"level":"info","message":"[Java-Iceberg:50051] 13:01:17.989 [grpc-default-executor-0] INFO  org.apache.iceberg.BaseMetastoreTableOperations - Successfully committed to table olake_iceberg.test_table_olake in 18 ms","time":"2025-04-09T07:31:17Z"}
{"level":"info","message":"[Java-Iceberg:50051] 13:01:17.989 [grpc-default-executor-0] INFO  org.apache.iceberg.SnapshotProducer - Committed snapshot 5544967934722159402 (BaseRowDelta)","time":"2025-04-09T07:31:17Z"}
{"level":"info","message":"[Java-Iceberg:50051] 13:01:18.047 [grpc-default-executor-0] INFO  org.apache.iceberg.BaseMetastoreTableOperations - Refreshing table metadata from new version: s3a://warehouse/olake_iceberg/test_table_olake/metadata/00001-df959e90-5de7-498c-9d41-55653c6eafb0.metadata.json","time":"2025-04-09T07:31:18Z"}
{"level":"info","message":"[Java-Iceberg:50051] 13:01:18.059 [grpc-default-executor-0] INFO  org.apache.iceberg.metrics.LoggingMetricsReporter - Received metrics report: CommitReport{tableName=olake_iceberg.olake_iceberg.test_table_olake, snapshotId=5544967934722159402, sequenceNumber=1, operation=overwrite, commitMetrics=CommitMetricsResult{totalDuration=TimerResult{timeUnit=NANOSECONDS, totalDuration=PT0.524774585S, count=1}, attempts=CounterResult{unit=COUNT, value=1}, addedDataFiles=CounterResult{unit=COUNT, value=1}, removedDataFiles=null, totalDataFiles=CounterResult{unit=COUNT, value=1}, addedDeleteFiles=CounterResult{unit=COUNT, value=1}, addedEqualityDeleteFiles=CounterResult{unit=COUNT, value=1}, addedPositionalDeleteFiles=null, removedDeleteFiles=null, removedEqualityDeleteFiles=null, removedPositionalDeleteFiles=null, totalDeleteFiles=CounterResult{unit=COUNT, value=1}, addedRecords=CounterResult{unit=COUNT, value=1}, removedRecords=null, totalRecords=CounterResult{unit=COUNT, value=1}, addedFilesSizeInBytes=CounterResult{unit=BYTES, value=2893}, removedFilesSizeInBytes=null, totalFilesSizeInBytes=CounterResult{unit=BYTES, value=2893}, addedPositionalDeletes=null, removedPositionalDeletes=null, totalPositionalDeletes=CounterResult{unit=COUNT, value=0}, addedEqualityDeletes=CounterResult{unit=COUNT, value=1}, removedEqualityDeletes=null, totalEqualityDeletes=CounterResult{unit=COUNT, value=1}}, metadata={iceberg-version=Apache Iceberg 1.7.1 (commit 4a432839233f2343a9eae8255532f911f06358ef)}}","time":"2025-04-09T07:31:18Z"}
{"level":"info","message":"[Java-Iceberg:50051] 13:01:18.083 [grpc-default-executor-0] INFO  io.debezium.server.iceberg.tableoperator.IcebergTableOperator - Successfully committed 1 events","time":"2025-04-09T07:31:18Z"}
{"level":"info","message":"[Java-Iceberg:50051] 13:01:18.083 [grpc-default-executor-0] INFO  io.debezium.server.iceberg.rpc.OlakeRowsIngester - [Thread-23-190340967573455] Processing tables took: 2164 ms","time":"2025-04-09T07:31:18Z"}
{"level":"info","message":"[Java-Iceberg:50051] 13:01:18.092 [grpc-default-executor-0] INFO  io.debezium.server.iceberg.rpc.OlakeRowsIngester - [Thread-23-190340967573455] Total time taken: 2195 ms","time":"2025-04-09T07:31:18Z"}
{"level":"info","time":"2025-04-09T07:31:18Z","message":"Sent batch to Iceberg server: 1 records, response: [Thread-23-190340967573455] Received 1 messages"}
{"level":"info","time":"2025-04-09T07:31:18Z","message":"Decreased reference count for Iceberg server on port 50051, refCount 1"}
{"level":"info","time":"2025-04-09T07:31:18Z","message":"chunk[2] with min[1]-max[<nil>] completed in 3.79 seconds"}
{"level":"info","message":"[Java-Iceberg:50051] 13:01:18.104 [grpc-default-executor-0] INFO  io.debezium.server.iceberg.rpc.OlakeRowsIngester - [Thread-23-190343173462127] Parsing messages took: 1 ms","time":"2025-04-09T07:31:18Z"}
{"level":"info","message":"[Java-Iceberg:50051] 13:01:18.106 [grpc-default-executor-0] INFO  org.apache.iceberg.BaseMetastoreTableOperations - Refreshing table metadata from new version: s3a://warehouse/olake_iceberg/test_table_olake/metadata/00001-df959e90-5de7-498c-9d41-55653c6eafb0.metadata.json","time":"2025-04-09T07:31:18Z"}
{"level":"info","message":"[Java-Iceberg:50051] 13:01:18.114 [grpc-default-executor-0] INFO  org.apache.iceberg.BaseMetastoreCatalog - Table loaded by catalog: olake_iceberg.olake_iceberg.test_table_olake","time":"2025-04-09T07:31:18Z"}
{"level":"info","message":"[Java-Iceberg:50051] 13:01:18.115 [grpc-default-executor-0] INFO  io.debezium.server.iceberg.tableoperator.IcebergTableOperator - Batch got 5 records with 1 different schema!!","time":"2025-04-09T07:31:18Z"}
{"level":"info","message":"[Java-Iceberg:50051] 13:01:18.126 [grpc-default-executor-0] INFO  org.apache.hadoop.io.compress.CodecPool - Got brand-new compressor [.zstd]","time":"2025-04-09T07:31:18Z"}
{"level":"info","message":"[Java-Iceberg:50051] 13:01:18.136 [grpc-default-executor-0] INFO  org.apache.hadoop.io.compress.CodecPool - Got brand-new compressor [.zstd]","time":"2025-04-09T07:31:18Z"}
{"level":"info","message":"[Java-Iceberg:50051] 13:01:18.363 [grpc-default-executor-0] INFO  org.apache.iceberg.BaseMetastoreTableOperations - Successfully committed to table olake_iceberg.test_table_olake in 16 ms","time":"2025-04-09T07:31:18Z"}
{"level":"info","message":"[Java-Iceberg:50051] 13:01:18.363 [grpc-default-executor-0] INFO  org.apache.iceberg.SnapshotProducer - Committed snapshot 4325662499510631896 (BaseRowDelta)","time":"2025-04-09T07:31:18Z"}
{"level":"info","message":"[Java-Iceberg:50051] 13:01:18.379 [grpc-default-executor-0] INFO  org.apache.iceberg.BaseMetastoreTableOperations - Refreshing table metadata from new version: s3a://warehouse/olake_iceberg/test_table_olake/metadata/00002-215283b6-e595-4e1c-8c60-1618bb95c99b.metadata.json","time":"2025-04-09T07:31:18Z"}
{"level":"info","message":"[Java-Iceberg:50051] 13:01:18.386 [grpc-default-executor-0] INFO  org.apache.iceberg.metrics.LoggingMetricsReporter - Received metrics report: CommitReport{tableName=olake_iceberg.olake_iceberg.test_table_olake, snapshotId=4325662499510631896, sequenceNumber=2, operation=overwrite, commitMetrics=CommitMetricsResult{totalDuration=TimerResult{timeUnit=NANOSECONDS, totalDuration=PT0.190674297S, count=1}, attempts=CounterResult{unit=COUNT, value=1}, addedDataFiles=CounterResult{unit=COUNT, value=1}, removedDataFiles=null, totalDataFiles=CounterResult{unit=COUNT, value=2}, addedDeleteFiles=CounterResult{unit=COUNT, value=1}, addedEqualityDeleteFiles=CounterResult{unit=COUNT, value=1}, addedPositionalDeleteFiles=null, removedDeleteFiles=null, removedEqualityDeleteFiles=null, removedPositionalDeleteFiles=null, totalDeleteFiles=CounterResult{unit=COUNT, value=2}, addedRecords=CounterResult{unit=COUNT, value=5}, removedRecords=null, totalRecords=CounterResult{unit=COUNT, value=6}, addedFilesSizeInBytes=CounterResult{unit=BYTES, value=2986}, removedFilesSizeInBytes=null, totalFilesSizeInBytes=CounterResult{unit=BYTES, value=5879}, addedPositionalDeletes=null, removedPositionalDeletes=null, totalPositionalDeletes=CounterResult{unit=COUNT, value=0}, addedEqualityDeletes=CounterResult{unit=COUNT, value=5}, removedEqualityDeletes=null, totalEqualityDeletes=CounterResult{unit=COUNT, value=6}}, metadata={iceberg-version=Apache Iceberg 1.7.1 (commit 4a432839233f2343a9eae8255532f911f06358ef)}}","time":"2025-04-09T07:31:18Z"}
{"level":"info","message":"[Java-Iceberg:50051] 13:01:18.386 [grpc-default-executor-0] INFO  io.debezium.server.iceberg.tableoperator.IcebergTableOperator - Successfully committed 5 events","time":"2025-04-09T07:31:18Z"}
{"level":"info","message":"[Java-Iceberg:50051] 13:01:18.386 [grpc-default-executor-0] INFO  io.debezium.server.iceberg.rpc.OlakeRowsIngester - [Thread-23-190343173462127] Processing tables took: 282 ms","time":"2025-04-09T07:31:18Z"}
{"level":"info","message":"[Java-Iceberg:50051] 13:01:18.387 [grpc-default-executor-0] INFO  io.debezium.server.iceberg.rpc.OlakeRowsIngester - [Thread-23-190343173462127] Total time taken: 284 ms","time":"2025-04-09T07:31:18Z"}
{"level":"info","time":"2025-04-09T07:31:18Z","message":"Sent batch to Iceberg server: 5 records, response: [Thread-23-190343173462127] Received 5 messages"}
{"level":"info","time":"2025-04-09T07:31:18Z","message":"Shutting down Iceberg server on port 50051"}
{"level":"info","time":"2025-04-09T07:32:46Z","message":"Starting discover for MySQL database mysql"}
{"level":"info","time":"2025-04-09T07:32:46Z","message":"producing type schema for stream [mysql.db]"}
{"level":"info","time":"2025-04-09T07:32:46Z","message":"producing type schema for stream [mysql.engine_cost]"}
{"level":"info","time":"2025-04-09T07:32:46Z","message":"producing type schema for stream [mysql.tables_priv]"}
{"level":"info","time":"2025-04-09T07:32:46Z","message":"producing type schema for stream [mysql.slave_relay_log_info]"}
{"level":"info","time":"2025-04-09T07:32:46Z","message":"producing type schema for stream [mysql.slave_master_info]"}
{"level":"info","time":"2025-04-09T07:32:46Z","message":"producing type schema for stream [mysql.user]"}
{"level":"info","time":"2025-04-09T07:32:46Z","message":"producing type schema for stream [mysql.func]"}
{"level":"info","time":"2025-04-09T07:32:46Z","message":"producing type schema for stream [mysql.component]"}
{"level":"info","time":"2025-04-09T07:32:46Z","message":"producing type schema for stream [mysql.help_keyword]"}
{"level":"info","time":"2025-04-09T07:32:46Z","message":"producing type schema for stream [mysql.replication_group_configuration_version]"}
{"level":"info","time":"2025-04-09T07:32:46Z","message":"producing type schema for stream [mysql.general_log]"}
{"level":"info","time":"2025-04-09T07:32:46Z","message":"producing type schema for stream [mysql.global_grants]"}
{"level":"info","time":"2025-04-09T07:32:46Z","message":"producing type schema for stream [mysql.columns_priv]"}
{"level":"info","time":"2025-04-09T07:32:46Z","message":"producing type schema for stream [mysql.gtid_executed]"}
{"level":"info","time":"2025-04-09T07:32:46Z","message":"producing type schema for stream [mysql.help_category]"}
{"level":"info","time":"2025-04-09T07:32:46Z","message":"producing type schema for stream [mysql.role_edges]"}
{"level":"info","time":"2025-04-09T07:32:46Z","message":"producing type schema for stream [mysql.time_zone]"}
{"level":"info","time":"2025-04-09T07:32:46Z","message":"producing type schema for stream [mysql.time_zone_transition]"}
{"level":"info","time":"2025-04-09T07:32:46Z","message":"producing type schema for stream [mysql.procs_priv]"}
{"level":"info","time":"2025-04-09T07:32:46Z","message":"producing type schema for stream [mysql.help_topic]"}
{"level":"info","time":"2025-04-09T07:32:46Z","message":"producing type schema for stream [mysql.default_roles]"}
{"level":"info","time":"2025-04-09T07:32:46Z","message":"producing type schema for stream [mysql.help_relation]"}
{"level":"info","time":"2025-04-09T07:32:46Z","message":"producing type schema for stream [mysql.ndb_binlog_index]"}
{"level":"info","time":"2025-04-09T07:32:46Z","message":"producing type schema for stream [mysql.servers]"}
{"level":"info","time":"2025-04-09T07:32:46Z","message":"producing type schema for stream [mysql.replication_asynchronous_connection_failover_managed]"}
{"level":"info","time":"2025-04-09T07:32:46Z","message":"producing type schema for stream [mysql.password_history]"}
{"level":"info","time":"2025-04-09T07:32:46Z","message":"producing type schema for stream [mysql.proxies_priv]"}
{"level":"info","time":"2025-04-09T07:32:46Z","message":"producing type schema for stream [mysql.slow_log]"}
{"level":"info","time":"2025-04-09T07:32:46Z","message":"producing type schema for stream [mysql.slave_worker_info]"}
{"level":"info","time":"2025-04-09T07:32:46Z","message":"producing type schema for stream [mysql.innodb_table_stats]"}
{"level":"info","time":"2025-04-09T07:32:46Z","message":"producing type schema for stream [mysql.innodb_index_stats]"}
{"level":"info","time":"2025-04-09T07:32:46Z","message":"producing type schema for stream [mysql.time_zone_leap_second]"}
{"level":"info","time":"2025-04-09T07:32:46Z","message":"producing type schema for stream [mysql.test_table_olake]"}
{"level":"info","time":"2025-04-09T07:32:46Z","message":"producing type schema for stream [mysql.time_zone_name]"}
{"level":"info","time":"2025-04-09T07:32:46Z","message":"producing type schema for stream [mysql.plugin]"}
{"level":"info","time":"2025-04-09T07:32:46Z","message":"producing type schema for stream [mysql.server_cost]"}
{"level":"info","time":"2025-04-09T07:32:46Z","message":"producing type schema for stream [mysql.replication_asynchronous_connection_failover]"}
{"level":"info","time":"2025-04-09T07:32:46Z","message":"producing type schema for stream [mysql.replication_group_member_actions]"}
{"level":"info","time":"2025-04-09T07:32:46Z","message":"producing type schema for stream [mysql.time_zone_transition_type]"}
{"level":"info","time":"2025-04-09T07:32:46Z","message":"Stream mysql.test_table_olake extremes - min: 1, max: 5"}
{"level":"info","time":"2025-04-09T07:32:46Z","message":"Starting backfill for stream[test_table_olake] with 2 chunks"}
{"level":"info","time":"2025-04-09T07:32:46Z","message":"Iceberg JAR file found in base directory: /Users/datazip/Desktop/olake-1/debezium-server-iceberg-sink.jar"}
{"level":"info","time":"2025-04-09T07:32:46Z","message":"Connected to new iceberg writer on port 50051 for stream mysql.test_table_olake, configHash mysql.test_table_olake-mysql-true"}
{"level":"info","time":"2025-04-09T07:32:47Z","message":"Iceberg JAR file found in base directory: /Users/datazip/Desktop/olake-1/debezium-server-iceberg-sink.jar"}
{"level":"info","time":"2025-04-09T07:32:47Z","message":"Reusing existing Iceberg server on port 50051 for stream mysql.test_table_olake, refCount 2"}
{"level":"info","time":"2025-04-09T07:32:47Z","message":"chunk[2] with min[1]-max[<nil>] completed in 0.32 seconds"}
{"level":"info","message":"[Java-Iceberg:50051] 13:02:47.678 [main] INFO  io.debezium.server.iceberg.OlakeRpcServer - Logs will be output to console only","time":"2025-04-09T07:32:47Z"}
{"level":"info","message":"[Java-Iceberg:50051] 13:02:47.741 [main] INFO  org.apache.iceberg.CatalogUtil - Loading custom FileIO implementation: org.apache.iceberg.io.ResolvingFileIO","time":"2025-04-09T07:32:47Z"}
{"level":"info","message":"[Java-Iceberg:50051] 13:02:47.997 [main] INFO  io.debezium.serde.json.JsonSerdeConfig - JsonSerdeConfig values: ","time":"2025-04-09T07:32:47Z"}
{"level":"info","message":"[Java-Iceberg:50051] \tfrom.field = null","time":"2025-04-09T07:32:47Z"}
{"level":"info","message":"[Java-Iceberg:50051] \tunknown.properties.ignored = false","time":"2025-04-09T07:32:47Z"}
{"level":"info","message":"[Java-Iceberg:50051] ","time":"2025-04-09T07:32:47Z"}
{"level":"info","message":"[Java-Iceberg:50051] 13:02:47.997 [main] INFO  io.debezium.serde.json.JsonSerdeConfig - JsonSerdeConfig values: ","time":"2025-04-09T07:32:47Z"}
{"level":"info","message":"[Java-Iceberg:50051] \tfrom.field = null","time":"2025-04-09T07:32:47Z"}
{"level":"info","message":"[Java-Iceberg:50051] \tunknown.properties.ignored = false","time":"2025-04-09T07:32:47Z"}
{"level":"info","message":"[Java-Iceberg:50051] ","time":"2025-04-09T07:32:47Z"}
{"level":"info","message":"[Java-Iceberg:50051] 13:02:48.205 [main] INFO  io.debezium.server.iceberg.OlakeRpcServer - Server started on port 50051 with max message size: 2000MB","time":"2025-04-09T07:32:48Z"}
{"level":"info","message":"[Java-Iceberg:50051] 13:02:50.152 [grpc-default-executor-0] INFO  io.debezium.server.iceberg.rpc.OlakeRowsIngester - [Thread-23-190435198591687] Parsing messages took: 24 ms","time":"2025-04-09T07:32:50Z"}
{"level":"info","message":"[Java-Iceberg:50051] 13:02:50.165 [grpc-default-executor-0] INFO  org.apache.iceberg.BaseMetastoreTableOperations - Refreshing table metadata from new version: s3a://warehouse/olake_iceberg/test_table_olake/metadata/00002-215283b6-e595-4e1c-8c60-1618bb95c99b.metadata.json","time":"2025-04-09T07:32:50Z"}
{"level":"info","message":"[Java-Iceberg:50051] 13:02:50.169 [grpc-default-executor-0] INFO  org.apache.iceberg.CatalogUtil - Loading custom FileIO implementation: org.apache.iceberg.aws.s3.S3FileIO","time":"2025-04-09T07:32:50Z"}
{"level":"info","message":"[Java-Iceberg:50051] 13:02:50.786 [grpc-default-executor-0] INFO  org.apache.iceberg.BaseMetastoreCatalog - Table loaded by catalog: olake_iceberg.olake_iceberg.test_table_olake","time":"2025-04-09T07:32:50Z"}
{"level":"info","message":"[Java-Iceberg:50051] 13:02:50.789 [grpc-default-executor-0] INFO  io.debezium.server.iceberg.tableoperator.IcebergTableOperator - Batch got 5 records with 1 different schema!!","time":"2025-04-09T07:32:50Z"}
{"level":"info","message":"[Java-Iceberg:50051] 13:02:50.888 [grpc-default-executor-0] INFO  org.apache.hadoop.io.compress.CodecPool - Got brand-new compressor [.zstd]","time":"2025-04-09T07:32:50Z"}
{"level":"info","message":"[Java-Iceberg:50051] 13:02:51.063 [grpc-default-executor-0] INFO  org.apache.hadoop.io.compress.CodecPool - Got brand-new compressor [.zstd]","time":"2025-04-09T07:32:51Z"}
{"level":"info","message":"[Java-Iceberg:50051] 13:02:52.243 [grpc-default-executor-0] INFO  org.apache.iceberg.BaseMetastoreTableOperations - Successfully committed to table olake_iceberg.test_table_olake in 20 ms","time":"2025-04-09T07:32:52Z"}
{"level":"info","message":"[Java-Iceberg:50051] 13:02:52.243 [grpc-default-executor-0] INFO  org.apache.iceberg.SnapshotProducer - Committed snapshot 7387132384466781320 (BaseRowDelta)","time":"2025-04-09T07:32:52Z"}
{"level":"info","message":"[Java-Iceberg:50051] 13:02:52.262 [grpc-default-executor-0] INFO  org.apache.iceberg.BaseMetastoreTableOperations - Refreshing table metadata from new version: s3a://warehouse/olake_iceberg/test_table_olake/metadata/00003-abae2e5a-f43a-4393-9b97-e1639d9aa6a7.metadata.json","time":"2025-04-09T07:32:52Z"}
{"level":"info","message":"[Java-Iceberg:50051] 13:02:52.274 [grpc-default-executor-0] INFO  org.apache.iceberg.metrics.LoggingMetricsReporter - Received metrics report: CommitReport{tableName=olake_iceberg.olake_iceberg.test_table_olake, snapshotId=7387132384466781320, sequenceNumber=3, operation=overwrite, commitMetrics=CommitMetricsResult{totalDuration=TimerResult{timeUnit=NANOSECONDS, totalDuration=PT0.602801365S, count=1}, attempts=CounterResult{unit=COUNT, value=1}, addedDataFiles=CounterResult{unit=COUNT, value=1}, removedDataFiles=null, totalDataFiles=CounterResult{unit=COUNT, value=3}, addedDeleteFiles=CounterResult{unit=COUNT, value=1}, addedEqualityDeleteFiles=CounterResult{unit=COUNT, value=1}, addedPositionalDeleteFiles=null, removedDeleteFiles=null, removedEqualityDeleteFiles=null, removedPositionalDeleteFiles=null, totalDeleteFiles=CounterResult{unit=COUNT, value=3}, addedRecords=CounterResult{unit=COUNT, value=5}, removedRecords=null, totalRecords=CounterResult{unit=COUNT, value=11}, addedFilesSizeInBytes=CounterResult{unit=BYTES, value=2986}, removedFilesSizeInBytes=null, totalFilesSizeInBytes=CounterResult{unit=BYTES, value=8865}, addedPositionalDeletes=null, removedPositionalDeletes=null, totalPositionalDeletes=CounterResult{unit=COUNT, value=0}, addedEqualityDeletes=CounterResult{unit=COUNT, value=5}, removedEqualityDeletes=null, totalEqualityDeletes=CounterResult{unit=COUNT, value=11}}, metadata={iceberg-version=Apache Iceberg 1.7.1 (commit 4a432839233f2343a9eae8255532f911f06358ef)}}","time":"2025-04-09T07:32:52Z"}
{"level":"info","message":"[Java-Iceberg:50051] 13:02:52.300 [grpc-default-executor-0] INFO  io.debezium.server.iceberg.tableoperator.IcebergTableOperator - Successfully committed 5 events","time":"2025-04-09T07:32:52Z"}
{"level":"info","message":"[Java-Iceberg:50051] 13:02:52.300 [grpc-default-executor-0] INFO  io.debezium.server.iceberg.rpc.OlakeRowsIngester - [Thread-23-190435198591687] Processing tables took: 2147 ms","time":"2025-04-09T07:32:52Z"}
{"level":"info","message":"[Java-Iceberg:50051] 13:02:52.310 [grpc-default-executor-0] INFO  io.debezium.server.iceberg.rpc.OlakeRowsIngester - [Thread-23-190435198591687] Total time taken: 2182 ms","time":"2025-04-09T07:32:52Z"}
{"level":"info","time":"2025-04-09T07:32:52Z","message":"Sent batch to Iceberg server: 5 records, response: [Thread-23-190435198591687] Received 5 messages"}
{"level":"info","time":"2025-04-09T07:32:52Z","message":"Decreased reference count for Iceberg server on port 50051, refCount 1"}
{"level":"info","time":"2025-04-09T07:32:52Z","message":"chunk[1] with min[<nil>]-max[1] completed in 5.47 seconds"}
{"level":"info","message":"[Java-Iceberg:50051] 13:02:52.322 [grpc-default-executor-0] INFO  io.debezium.server.iceberg.rpc.OlakeRowsIngester - [Thread-23-190437392706773] Parsing messages took: 0 ms","time":"2025-04-09T07:32:52Z"}
{"level":"info","message":"[Java-Iceberg:50051] 13:02:52.324 [grpc-default-executor-0] INFO  org.apache.iceberg.BaseMetastoreTableOperations - Refreshing table metadata from new version: s3a://warehouse/olake_iceberg/test_table_olake/metadata/00003-abae2e5a-f43a-4393-9b97-e1639d9aa6a7.metadata.json","time":"2025-04-09T07:32:52Z"}
{"level":"info","time":"2025-04-09T07:32:52Z","message":"Starting MySQL CDC from binlog position mysql-bin.000003:429397"}
{"level":"info","message":"[Java-Iceberg:50051] 13:02:52.343 [grpc-default-executor-0] INFO  org.apache.iceberg.BaseMetastoreCatalog - Table loaded by catalog: olake_iceberg.olake_iceberg.test_table_olake","time":"2025-04-09T07:32:52Z"}
{"level":"info","time":"2025-04-09T07:32:52Z","message":"Binlog rotated to mysql-bin.000003:429397"}
{"level":"info","message":"[Java-Iceberg:50051] 13:02:52.344 [grpc-default-executor-0] INFO  io.debezium.server.iceberg.tableoperator.IcebergTableOperator - Batch got 1 records with 1 different schema!!","time":"2025-04-09T07:32:52Z"}
{"level":"info","message":"[Java-Iceberg:50051] 13:02:52.358 [grpc-default-executor-0] INFO  org.apache.hadoop.io.compress.CodecPool - Got brand-new compressor [.zstd]","time":"2025-04-09T07:32:52Z"}
{"level":"info","message":"[Java-Iceberg:50051] 13:02:52.367 [grpc-default-executor-0] INFO  org.apache.hadoop.io.compress.CodecPool - Got brand-new compressor [.zstd]","time":"2025-04-09T07:32:52Z"}
{"level":"info","message":"[Java-Iceberg:50051] 13:02:52.568 [grpc-default-executor-0] INFO  org.apache.iceberg.BaseMetastoreTableOperations - Successfully committed to table olake_iceberg.test_table_olake in 19 ms","time":"2025-04-09T07:32:52Z"}
{"level":"info","message":"[Java-Iceberg:50051] 13:02:52.568 [grpc-default-executor-0] INFO  org.apache.iceberg.SnapshotProducer - Committed snapshot 7581959870569008854 (BaseRowDelta)","time":"2025-04-09T07:32:52Z"}
{"level":"info","message":"[Java-Iceberg:50051] 13:02:52.584 [grpc-default-executor-0] INFO  org.apache.iceberg.BaseMetastoreTableOperations - Refreshing table metadata from new version: s3a://warehouse/olake_iceberg/test_table_olake/metadata/00004-715ed4ab-0edb-4286-8915-e204c9664e7a.metadata.json","time":"2025-04-09T07:32:52Z"}
{"level":"info","message":"[Java-Iceberg:50051] 13:02:52.591 [grpc-default-executor-0] INFO  org.apache.iceberg.metrics.LoggingMetricsReporter - Received metrics report: CommitReport{tableName=olake_iceberg.olake_iceberg.test_table_olake, snapshotId=7581959870569008854, sequenceNumber=4, operation=overwrite, commitMetrics=CommitMetricsResult{totalDuration=TimerResult{timeUnit=NANOSECONDS, totalDuration=PT0.176347814S, count=1}, attempts=CounterResult{unit=COUNT, value=1}, addedDataFiles=CounterResult{unit=COUNT, value=1}, removedDataFiles=null, totalDataFiles=CounterResult{unit=COUNT, value=4}, addedDeleteFiles=CounterResult{unit=COUNT, value=1}, addedEqualityDeleteFiles=CounterResult{unit=COUNT, value=1}, addedPositionalDeleteFiles=null, removedDeleteFiles=null, removedEqualityDeleteFiles=null, removedPositionalDeleteFiles=null, totalDeleteFiles=CounterResult{unit=COUNT, value=4}, addedRecords=CounterResult{unit=COUNT, value=1}, removedRecords=null, totalRecords=CounterResult{unit=COUNT, value=12}, addedFilesSizeInBytes=CounterResult{unit=BYTES, value=2893}, removedFilesSizeInBytes=null, totalFilesSizeInBytes=CounterResult{unit=BYTES, value=11758}, addedPositionalDeletes=null, removedPositionalDeletes=null, totalPositionalDeletes=CounterResult{unit=COUNT, value=0}, addedEqualityDeletes=CounterResult{unit=COUNT, value=1}, removedEqualityDeletes=null, totalEqualityDeletes=CounterResult{unit=COUNT, value=12}}, metadata={iceberg-version=Apache Iceberg 1.7.1 (commit 4a432839233f2343a9eae8255532f911f06358ef)}}","time":"2025-04-09T07:32:52Z"}
{"level":"info","message":"[Java-Iceberg:50051] 13:02:52.592 [grpc-default-executor-0] INFO  io.debezium.server.iceberg.tableoperator.IcebergTableOperator - Successfully committed 1 events","time":"2025-04-09T07:32:52Z"}
{"level":"info","message":"[Java-Iceberg:50051] 13:02:52.592 [grpc-default-executor-0] INFO  io.debezium.server.iceberg.rpc.OlakeRowsIngester - [Thread-23-190437392706773] Processing tables took: 270 ms","time":"2025-04-09T07:32:52Z"}
{"level":"info","message":"[Java-Iceberg:50051] 13:02:52.592 [grpc-default-executor-0] INFO  io.debezium.server.iceberg.rpc.OlakeRowsIngester - [Thread-23-190437392706773] Total time taken: 270 ms","time":"2025-04-09T07:32:52Z"}
{"level":"info","time":"2025-04-09T07:32:52Z","message":"Sent batch to Iceberg server: 1 records, response: [Thread-23-190437392706773] Received 1 messages"}
{"level":"info","time":"2025-04-09T07:32:52Z","message":"Shutting down Iceberg server on port 50051"}
{"level":"info","time":"2025-04-09T07:32:52Z","message":"Iceberg JAR file found in base directory: /Users/datazip/Desktop/olake-1/debezium-server-iceberg-sink.jar"}
{"level":"info","time":"2025-04-09T07:32:52Z","message":"Connected to new iceberg writer on port 50051 for stream mysql.test_table_olake, configHash mysql.test_table_olake-mysql-true"}
{"level":"info","message":"[Java-Iceberg:50051] 13:02:53.564 [main] INFO  io.debezium.server.iceberg.OlakeRpcServer - Logs will be output to console only","time":"2025-04-09T07:32:53Z"}
{"level":"info","message":"[Java-Iceberg:50051] 13:02:53.632 [main] INFO  org.apache.iceberg.CatalogUtil - Loading custom FileIO implementation: org.apache.iceberg.io.ResolvingFileIO","time":"2025-04-09T07:32:53Z"}
{"level":"info","message":"[Java-Iceberg:50051] 13:02:53.865 [main] INFO  io.debezium.serde.json.JsonSerdeConfig - JsonSerdeConfig values: ","time":"2025-04-09T07:32:53Z"}
{"level":"info","message":"[Java-Iceberg:50051] \tfrom.field = null","time":"2025-04-09T07:32:53Z"}
{"level":"info","message":"[Java-Iceberg:50051] \tunknown.properties.ignored = false","time":"2025-04-09T07:32:53Z"}
{"level":"info","message":"[Java-Iceberg:50051] ","time":"2025-04-09T07:32:53Z"}
{"level":"info","message":"[Java-Iceberg:50051] 13:02:53.865 [main] INFO  io.debezium.serde.json.JsonSerdeConfig - JsonSerdeConfig values: ","time":"2025-04-09T07:32:53Z"}
{"level":"info","message":"[Java-Iceberg:50051] \tfrom.field = null","time":"2025-04-09T07:32:53Z"}
{"level":"info","message":"[Java-Iceberg:50051] \tunknown.properties.ignored = false","time":"2025-04-09T07:32:53Z"}
{"level":"info","message":"[Java-Iceberg:50051] ","time":"2025-04-09T07:32:53Z"}
{"level":"info","message":"[Java-Iceberg:50051] 13:02:54.083 [main] INFO  io.debezium.server.iceberg.OlakeRpcServer - Server started on port 50051 with max message size: 2000MB","time":"2025-04-09T07:32:54Z"}
{"level":"debug","time":"2025-04-09T07:33:22Z","message":"Idle timeout reached, exiting bin syncer"}
{"level":"info","message":"[Java-Iceberg:50051] 13:03:22.518 [grpc-default-executor-0] INFO  io.debezium.server.iceberg.rpc.OlakeRowsIngester - [Thread-23-190467566481197] Parsing messages took: 22 ms","time":"2025-04-09T07:33:22Z"}
{"level":"info","message":"[Java-Iceberg:50051] 13:03:22.529 [grpc-default-executor-0] INFO  org.apache.iceberg.BaseMetastoreTableOperations - Refreshing table metadata from new version: s3a://warehouse/olake_iceberg/test_table_olake/metadata/00004-715ed4ab-0edb-4286-8915-e204c9664e7a.metadata.json","time":"2025-04-09T07:33:22Z"}
{"level":"info","message":"[Java-Iceberg:50051] 13:03:22.534 [grpc-default-executor-0] INFO  org.apache.iceberg.CatalogUtil - Loading custom FileIO implementation: org.apache.iceberg.aws.s3.S3FileIO","time":"2025-04-09T07:33:22Z"}
{"level":"info","message":"[Java-Iceberg:50051] 13:03:23.196 [grpc-default-executor-0] INFO  org.apache.iceberg.BaseMetastoreCatalog - Table loaded by catalog: olake_iceberg.olake_iceberg.test_table_olake","time":"2025-04-09T07:33:23Z"}
{"level":"info","message":"[Java-Iceberg:50051] 13:03:23.201 [grpc-default-executor-0] INFO  io.debezium.server.iceberg.tableoperator.IcebergTableOperator - Batch got 3 records with 1 different schema!!","time":"2025-04-09T07:33:23Z"}
{"level":"info","message":"[Java-Iceberg:50051] 13:03:23.297 [grpc-default-executor-0] INFO  org.apache.hadoop.io.compress.CodecPool - Got brand-new compressor [.zstd]","time":"2025-04-09T07:33:23Z"}
{"level":"info","message":"[Java-Iceberg:50051] 13:03:23.477 [grpc-default-executor-0] INFO  org.apache.hadoop.io.compress.CodecPool - Got brand-new compressor [.zstd]","time":"2025-04-09T07:33:23Z"}
{"level":"info","message":"[Java-Iceberg:50051] 13:03:24.717 [grpc-default-executor-0] INFO  org.apache.iceberg.BaseMetastoreTableOperations - Successfully committed to table olake_iceberg.test_table_olake in 20 ms","time":"2025-04-09T07:33:24Z"}
{"level":"info","message":"[Java-Iceberg:50051] 13:03:24.717 [grpc-default-executor-0] INFO  org.apache.iceberg.SnapshotProducer - Committed snapshot 6414541095511156455 (BaseRowDelta)","time":"2025-04-09T07:33:24Z"}
{"level":"info","message":"[Java-Iceberg:50051] 13:03:24.736 [grpc-default-executor-0] INFO  org.apache.iceberg.BaseMetastoreTableOperations - Refreshing table metadata from new version: s3a://warehouse/olake_iceberg/test_table_olake/metadata/00005-7bf97d12-c985-4688-8374-1d07943efd45.metadata.json","time":"2025-04-09T07:33:24Z"}
{"level":"info","message":"[Java-Iceberg:50051] 13:03:24.748 [grpc-default-executor-0] INFO  org.apache.iceberg.metrics.LoggingMetricsReporter - Received metrics report: CommitReport{tableName=olake_iceberg.olake_iceberg.test_table_olake, snapshotId=6414541095511156455, sequenceNumber=5, operation=overwrite, commitMetrics=CommitMetricsResult{totalDuration=TimerResult{timeUnit=NANOSECONDS, totalDuration=PT0.609352768S, count=1}, attempts=CounterResult{unit=COUNT, value=1}, addedDataFiles=CounterResult{unit=COUNT, value=1}, removedDataFiles=null, totalDataFiles=CounterResult{unit=COUNT, value=5}, addedDeleteFiles=CounterResult{unit=COUNT, value=1}, addedEqualityDeleteFiles=CounterResult{unit=COUNT, value=1}, addedPositionalDeleteFiles=null, removedDeleteFiles=null, removedEqualityDeleteFiles=null, removedPositionalDeleteFiles=null, totalDeleteFiles=CounterResult{unit=COUNT, value=5}, addedRecords=CounterResult{unit=COUNT, value=3}, removedRecords=null, totalRecords=CounterResult{unit=COUNT, value=15}, addedFilesSizeInBytes=CounterResult{unit=BYTES, value=2952}, removedFilesSizeInBytes=null, totalFilesSizeInBytes=CounterResult{unit=BYTES, value=14710}, addedPositionalDeletes=null, removedPositionalDeletes=null, totalPositionalDeletes=CounterResult{unit=COUNT, value=0}, addedEqualityDeletes=CounterResult{unit=COUNT, value=2}, removedEqualityDeletes=null, totalEqualityDeletes=CounterResult{unit=COUNT, value=14}}, metadata={iceberg-version=Apache Iceberg 1.7.1 (commit 4a432839233f2343a9eae8255532f911f06358ef)}}","time":"2025-04-09T07:33:24Z"}
{"level":"info","message":"[Java-Iceberg:50051] 13:03:24.773 [grpc-default-executor-0] INFO  io.debezium.server.iceberg.tableoperator.IcebergTableOperator - Successfully committed 3 events","time":"2025-04-09T07:33:24Z"}
{"level":"info","message":"[Java-Iceberg:50051] 13:03:24.773 [grpc-default-executor-0] INFO  io.debezium.server.iceberg.rpc.OlakeRowsIngester - [Thread-23-190467566481197] Processing tables took: 2255 ms","time":"2025-04-09T07:33:24Z"}
{"level":"info","message":"[Java-Iceberg:50051] 13:03:24.783 [grpc-default-executor-0] INFO  io.debezium.server.iceberg.rpc.OlakeRowsIngester - [Thread-23-190467566481197] Total time taken: 2287 ms","time":"2025-04-09T07:33:24Z"}
{"level":"info","time":"2025-04-09T07:33:24Z","message":"Sent batch to Iceberg server: 3 records, response: [Thread-23-190467566481197] Received 3 messages"}
{"level":"info","time":"2025-04-09T07:33:24Z","message":"Shutting down Iceberg server on port 50051"}
