{"level":"info","time":"2025-05-07T06:29:12Z","message":"System has 16GB RAM, setting iceberg writer batch size to 419430400 bytes"}
{"level":"info","message":"Standard Replication is selected","time":"2025-05-07T06:29:12Z"}
{"level":"info","message":"Standard Replication is selected","time":"2025-05-07T06:29:12Z"}
{"level":"info","message":"Standard Replication is selected","time":"2025-05-07T06:29:12Z"}
{"level":"info","time":"2025-05-07T06:29:12Z","message":"Starting discover for Postgres database postgres"}
{"level":"warn","time":"2025-05-07T06:29:12Z","message":"failed to get respective type in datatypes for column: col_time[time without time zone]"}
{"level":"warn","time":"2025-05-07T06:29:12Z","message":"failed to get respective type in datatypes for column: col_time[time without time zone]"}
{"level":"warn","time":"2025-05-07T06:29:12Z","message":"failed to get respective type in datatypes for column: col_time[time without time zone]"}
{"level":"info","message":"Standard Replication is selected","time":"2025-05-07T06:29:12Z"}
{"level":"info","time":"2025-05-07T06:29:12Z","message":"Iceberg JAR file found in target directory: /Users/dukedhal/Desktop/olake/writers/iceberg/debezium-server-iceberg-sink/target/debezium-server-iceberg-sink-0.0.1-SNAPSHOT.jar"}
{"level":"info","time":"2025-05-07T06:29:12Z","message":"Connected to new iceberg writer on port 50051 for stream check_01JTMPY6JWZTJ7310FHTGT9P3W, configHash check_01JTMPY6JWZTJ7310FHTGT9P3W-check-false"}
{"level":"info","message":"[Java-Iceberg:50051] 11:59:13.946 [main] INFO  io.debezium.server.iceberg.OlakeRpcServer - Logs will be output to console only","time":"2025-05-07T06:29:13Z"}
{"level":"info","message":"[Java-Iceberg:50051] 11:59:13.982 [main] INFO  org.apache.iceberg.CatalogUtil - Loading custom FileIO implementation: org.apache.iceberg.io.ResolvingFileIO","time":"2025-05-07T06:29:13Z"}
{"level":"info","message":"[Java-Iceberg:50051] 11:59:14.180 [main] WARN  org.apache.iceberg.jdbc.JdbcCatalog - JDBC catalog is initialized without view support. To auto-migrate the database's schema and enable view support, set jdbc.schema-version=V1","time":"2025-05-07T06:29:14Z"}
{"level":"info","message":"[Java-Iceberg:50051] 11:59:14.186 [main] INFO  io.debezium.serde.json.JsonSerdeConfig - JsonSerdeConfig values: ","time":"2025-05-07T06:29:14Z"}
{"level":"info","message":"[Java-Iceberg:50051] \tfrom.field = null","time":"2025-05-07T06:29:14Z"}
{"level":"info","message":"[Java-Iceberg:50051] \tunknown.properties.ignored = false","time":"2025-05-07T06:29:14Z"}
{"level":"info","message":"[Java-Iceberg:50051] ","time":"2025-05-07T06:29:14Z"}
{"level":"info","message":"[Java-Iceberg:50051] 11:59:14.186 [main] INFO  io.debezium.serde.json.JsonSerdeConfig - JsonSerdeConfig values: ","time":"2025-05-07T06:29:14Z"}
{"level":"info","message":"[Java-Iceberg:50051] \tfrom.field = null","time":"2025-05-07T06:29:14Z"}
{"level":"info","message":"[Java-Iceberg:50051] \tunknown.properties.ignored = false","time":"2025-05-07T06:29:14Z"}
{"level":"info","message":"[Java-Iceberg:50051] ","time":"2025-05-07T06:29:14Z"}
{"level":"info","message":"[Java-Iceberg:50051] 11:59:14.310 [main] INFO  io.debezium.server.iceberg.OlakeRpcServer - Server started on port 50051 with max message size: 2000MB","time":"2025-05-07T06:29:14Z"}
{"level":"info","message":"[Java-Iceberg:50051] 11:59:15.860 [grpc-default-executor-0] INFO  io.debezium.server.iceberg.rpc.OlakeRowsIngester - [Thread-23-279088827895333] Parsing messages took: 10 ms","time":"2025-05-07T06:29:15Z"}
{"level":"info","message":"[Java-Iceberg:50051] 11:59:15.879 [grpc-default-executor-0] WARN  io.debezium.server.iceberg.IcebergUtil - Creating table:'olake_iceberg.olake_test_table'","time":"2025-05-07T06:29:15Z"}
{"level":"info","message":"[Java-Iceberg:50051] schema:table {","time":"2025-05-07T06:29:15Z"}
{"level":"info","message":"[Java-Iceberg:50051]   1: _id: required string (id)","time":"2025-05-07T06:29:15Z"}
{"level":"info","message":"[Java-Iceberg:50051]   2: __deleted: optional boolean","time":"2025-05-07T06:29:15Z"}
{"level":"info","message":"[Java-Iceberg:50051]   3: __op: optional string","time":"2025-05-07T06:29:15Z"}
{"level":"info","message":"[Java-Iceberg:50051]   4: __db: optional string","time":"2025-05-07T06:29:15Z"}
{"level":"info","message":"[Java-Iceberg:50051]   5: __source_ts_ms: optional timestamptz","time":"2025-05-07T06:29:15Z"}
{"level":"info","message":"[Java-Iceberg:50051] }","time":"2025-05-07T06:29:15Z"}
{"level":"info","message":"[Java-Iceberg:50051] rowIdentifier:[_id]","time":"2025-05-07T06:29:15Z"}
{"level":"info","message":"[Java-Iceberg:50051] 11:59:15.888 [grpc-default-executor-0] WARN  io.debezium.server.iceberg.IcebergUtil - Created namespace:'olake_iceberg'","time":"2025-05-07T06:29:15Z"}
{"level":"info","message":"[Java-Iceberg:50051] 11:59:15.890 [grpc-default-executor-0] INFO  org.apache.iceberg.BaseMetastoreCatalog - Table properties set at catalog level through catalog properties: {}","time":"2025-05-07T06:29:15Z"}
{"level":"info","message":"[Java-Iceberg:50051] 11:59:15.902 [grpc-default-executor-0] INFO  org.apache.iceberg.BaseMetastoreCatalog - Table properties enforced at catalog level through catalog properties: {}","time":"2025-05-07T06:29:15Z"}
{"level":"info","message":"[Java-Iceberg:50051] 11:59:15.913 [grpc-default-executor-0] INFO  org.apache.iceberg.CatalogUtil - Loading custom FileIO implementation: org.apache.iceberg.aws.s3.S3FileIO","time":"2025-05-07T06:29:15Z"}
{"level":"info","message":"[Java-Iceberg:50051] 11:59:16.297 [grpc-default-executor-0] INFO  org.apache.iceberg.BaseMetastoreTableOperations - Successfully committed to table olake_iceberg.olake_test_table in 386 ms","time":"2025-05-07T06:29:16Z"}
{"level":"info","message":"[Java-Iceberg:50051] 11:59:16.300 [grpc-default-executor-0] INFO  io.debezium.server.iceberg.tableoperator.IcebergTableOperator - Batch got 1 records with 1 different schema!!","time":"2025-05-07T06:29:16Z"}
{"level":"info","message":"[Java-Iceberg:50051] 11:59:16.302 [grpc-default-executor-0] INFO  org.apache.iceberg.BaseMetastoreTableOperations - Refreshing table metadata from new version: s3a://warehouse/olake_iceberg/olake_test_table/metadata/00000-7fb84f18-2e89-4509-89ac-f1304ec15c97.metadata.json","time":"2025-05-07T06:29:16Z"}
{"level":"info","message":"[Java-Iceberg:50051] 11:59:16.375 [grpc-default-executor-0] INFO  org.apache.hadoop.io.compress.CodecPool - Got brand-new compressor [.zstd]","time":"2025-05-07T06:29:16Z"}
{"level":"info","message":"[Java-Iceberg:50051] 11:59:16.981 [grpc-default-executor-0] INFO  org.apache.iceberg.BaseMetastoreTableOperations - Successfully committed to table olake_iceberg.olake_test_table in 9 ms","time":"2025-05-07T06:29:16Z"}
{"level":"info","message":"[Java-Iceberg:50051] 11:59:16.981 [grpc-default-executor-0] INFO  org.apache.iceberg.SnapshotProducer - Committed snapshot 8553569185281379598 (MergeAppend)","time":"2025-05-07T06:29:16Z"}
{"level":"info","message":"[Java-Iceberg:50051] 11:59:17.008 [grpc-default-executor-0] INFO  org.apache.iceberg.BaseMetastoreTableOperations - Refreshing table metadata from new version: s3a://warehouse/olake_iceberg/olake_test_table/metadata/00001-86ddfe21-6a20-4edb-b97c-7522af980fd9.metadata.json","time":"2025-05-07T06:29:17Z"}
{"level":"info","message":"[Java-Iceberg:50051] 11:59:17.016 [grpc-default-executor-0] INFO  org.apache.iceberg.metrics.LoggingMetricsReporter - Received metrics report: CommitReport{tableName=olake_iceberg.olake_iceberg.olake_test_table, snapshotId=8553569185281379598, sequenceNumber=1, operation=append, commitMetrics=CommitMetricsResult{totalDuration=TimerResult{timeUnit=NANOSECONDS, totalDuration=PT0.256764459S, count=1}, attempts=CounterResult{unit=COUNT, value=1}, addedDataFiles=CounterResult{unit=COUNT, value=1}, removedDataFiles=null, totalDataFiles=CounterResult{unit=COUNT, value=1}, addedDeleteFiles=null, addedEqualityDeleteFiles=null, addedPositionalDeleteFiles=null, addedDVs=null, removedDeleteFiles=null, removedEqualityDeleteFiles=null, removedPositionalDeleteFiles=null, removedDVs=null, totalDeleteFiles=CounterResult{unit=COUNT, value=0}, addedRecords=CounterResult{unit=COUNT, value=1}, removedRecords=null, totalRecords=CounterResult{unit=COUNT, value=1}, addedFilesSizeInBytes=CounterResult{unit=BYTES, value=1564}, removedFilesSizeInBytes=null, totalFilesSizeInBytes=CounterResult{unit=BYTES, value=1564}, addedPositionalDeletes=null, removedPositionalDeletes=null, totalPositionalDeletes=CounterResult{unit=COUNT, value=0}, addedEqualityDeletes=null, removedEqualityDeletes=null, totalEqualityDeletes=CounterResult{unit=COUNT, value=0}}, metadata={iceberg-version=Apache Iceberg 1.8.0 (commit c277c2014a1b37fe755cfe37f173b6465bb8cb73)}}","time":"2025-05-07T06:29:17Z"}
{"level":"info","message":"[Java-Iceberg:50051] 11:59:17.027 [grpc-default-executor-0] INFO  io.debezium.server.iceberg.tableoperator.IcebergTableOperator - Successfully committed 1 events","time":"2025-05-07T06:29:17Z"}
{"level":"info","message":"[Java-Iceberg:50051] 11:59:17.027 [grpc-default-executor-0] INFO  io.debezium.server.iceberg.rpc.OlakeRowsIngester - [Thread-23-279088827895333] Processing tables took: 1167 ms","time":"2025-05-07T06:29:17Z"}
{"level":"info","message":"[Java-Iceberg:50051] 11:59:17.031 [grpc-default-executor-0] INFO  io.debezium.server.iceberg.rpc.OlakeRowsIngester - [Thread-23-279088827895333] Total time taken: 1181 ms","time":"2025-05-07T06:29:17Z"}
{"level":"info","time":"2025-05-07T06:29:17Z","message":"Server Response: [Thread-23-279088827895333] Received 1 messages"}
{"level":"info","time":"2025-05-07T06:29:17Z","message":"Shutting down Iceberg server on port 50051"}
{"level":"info","message":"Standard Replication is selected","time":"2025-05-07T06:29:17Z"}
{"level":"info","time":"2025-05-07T06:29:17Z","message":"Starting discover for Postgres database postgres"}
{"level":"warn","time":"2025-05-07T06:29:17Z","message":"failed to get respective type in datatypes for column: col_time[time without time zone]"}
{"level":"warn","time":"2025-05-07T06:29:17Z","message":"failed to get respective type in datatypes for column: col_time[time without time zone]"}
{"level":"warn","time":"2025-05-07T06:29:17Z","message":"failed to get respective type in datatypes for column: col_time[time without time zone]"}
{"level":"info","time":"2025-05-07T06:29:17Z","message":"Starting backfill for stream[test_table_olake_1746599352] with 1 chunks"}
{"level":"info","time":"2025-05-07T06:29:17Z","message":"Iceberg JAR file found in target directory: /Users/dukedhal/Desktop/olake/writers/iceberg/debezium-server-iceberg-sink/target/debezium-server-iceberg-sink-0.0.1-SNAPSHOT.jar"}
{"level":"info","time":"2025-05-07T06:29:17Z","message":"Connected to new iceberg writer on port 50051 for stream public.test_table_olake_1746599352, configHash public.test_table_olake_1746599352-public-false"}
{"level":"info","time":"2025-05-07T06:29:17Z","message":"chunk[1] with min['(0,0)']-max['(4294967295,0)'] completed in 0.08 seconds"}
{"level":"info","message":"[Java-Iceberg:50051] 11:59:17.786 [main] INFO  io.debezium.server.iceberg.OlakeRpcServer - Logs will be output to console only","time":"2025-05-07T06:29:17Z"}
{"level":"info","message":"[Java-Iceberg:50051] 11:59:17.824 [main] INFO  org.apache.iceberg.CatalogUtil - Loading custom FileIO implementation: org.apache.iceberg.io.ResolvingFileIO","time":"2025-05-07T06:29:17Z"}
{"level":"info","message":"[Java-Iceberg:50051] 11:59:17.965 [main] WARN  org.apache.iceberg.jdbc.JdbcCatalog - JDBC catalog is initialized without view support. To auto-migrate the database's schema and enable view support, set jdbc.schema-version=V1","time":"2025-05-07T06:29:17Z"}
{"level":"info","message":"[Java-Iceberg:50051] 11:59:17.973 [main] INFO  io.debezium.serde.json.JsonSerdeConfig - JsonSerdeConfig values: ","time":"2025-05-07T06:29:17Z"}
{"level":"info","message":"[Java-Iceberg:50051] \tfrom.field = null","time":"2025-05-07T06:29:17Z"}
{"level":"info","message":"[Java-Iceberg:50051] \tunknown.properties.ignored = false","time":"2025-05-07T06:29:17Z"}
{"level":"info","message":"[Java-Iceberg:50051] ","time":"2025-05-07T06:29:17Z"}
{"level":"info","message":"[Java-Iceberg:50051] 11:59:17.973 [main] INFO  io.debezium.serde.json.JsonSerdeConfig - JsonSerdeConfig values: ","time":"2025-05-07T06:29:17Z"}
{"level":"info","message":"[Java-Iceberg:50051] \tfrom.field = null","time":"2025-05-07T06:29:17Z"}
{"level":"info","message":"[Java-Iceberg:50051] \tunknown.properties.ignored = false","time":"2025-05-07T06:29:17Z"}
{"level":"info","message":"[Java-Iceberg:50051] ","time":"2025-05-07T06:29:17Z"}
{"level":"info","message":"[Java-Iceberg:50051] 11:59:18.105 [main] INFO  io.debezium.server.iceberg.OlakeRpcServer - Server started on port 50051 with max message size: 2000MB","time":"2025-05-07T06:29:18Z"}
{"level":"info","message":"[Java-Iceberg:50051] 11:59:18.415 [grpc-default-executor-0] INFO  io.debezium.server.iceberg.rpc.OlakeRowsIngester - [Thread-23-279091378427333] Parsing messages took: 15 ms","time":"2025-05-07T06:29:18Z"}
{"level":"info","message":"[Java-Iceberg:50051] 11:59:18.434 [grpc-default-executor-0] WARN  io.debezium.server.iceberg.IcebergUtil - Creating table:'olake_iceberg.test_table_olake_1746599352'","time":"2025-05-07T06:29:18Z"}
{"level":"info","message":"[Java-Iceberg:50051] schema:table {","time":"2025-05-07T06:29:18Z"}
{"level":"info","message":"[Java-Iceberg:50051]   1: olake_id: required string (id)","time":"2025-05-07T06:29:18Z"}
{"level":"info","message":"[Java-Iceberg:50051]   2: data: optional string","time":"2025-05-07T06:29:18Z"}
{"level":"info","message":"[Java-Iceberg:50051]   3: __deleted: optional boolean","time":"2025-05-07T06:29:18Z"}
{"level":"info","message":"[Java-Iceberg:50051]   4: __op: optional string","time":"2025-05-07T06:29:18Z"}
{"level":"info","message":"[Java-Iceberg:50051]   5: __db: optional string","time":"2025-05-07T06:29:18Z"}
{"level":"info","message":"[Java-Iceberg:50051]   6: __source_ts_ms: optional timestamptz","time":"2025-05-07T06:29:18Z"}
{"level":"info","message":"[Java-Iceberg:50051] }","time":"2025-05-07T06:29:18Z"}
{"level":"info","message":"[Java-Iceberg:50051] rowIdentifier:[olake_id]","time":"2025-05-07T06:29:18Z"}
{"level":"info","message":"[Java-Iceberg:50051] 11:59:18.438 [grpc-default-executor-0] INFO  org.apache.iceberg.BaseMetastoreCatalog - Table properties set at catalog level through catalog properties: {}","time":"2025-05-07T06:29:18Z"}
{"level":"info","message":"[Java-Iceberg:50051] 11:59:18.443 [grpc-default-executor-0] INFO  org.apache.iceberg.BaseMetastoreCatalog - Table properties enforced at catalog level through catalog properties: {}","time":"2025-05-07T06:29:18Z"}
{"level":"info","message":"[Java-Iceberg:50051] 11:59:18.453 [grpc-default-executor-0] INFO  org.apache.iceberg.CatalogUtil - Loading custom FileIO implementation: org.apache.iceberg.aws.s3.S3FileIO","time":"2025-05-07T06:29:18Z"}
{"level":"info","message":"[Java-Iceberg:50051] 11:59:18.907 [grpc-default-executor-0] INFO  org.apache.iceberg.BaseMetastoreTableOperations - Successfully committed to table olake_iceberg.test_table_olake_1746599352 in 455 ms","time":"2025-05-07T06:29:18Z"}
{"level":"info","message":"[Java-Iceberg:50051] 11:59:18.909 [grpc-default-executor-0] INFO  io.debezium.server.iceberg.tableoperator.IcebergTableOperator - Batch got 5 records with 1 different schema!!","time":"2025-05-07T06:29:18Z"}
{"level":"info","message":"[Java-Iceberg:50051] 11:59:18.912 [grpc-default-executor-0] INFO  org.apache.iceberg.BaseMetastoreTableOperations - Refreshing table metadata from new version: s3a://warehouse/olake_iceberg/test_table_olake_1746599352/metadata/00000-55098af8-b3f7-4cb1-be4e-1fa6d38b4620.metadata.json","time":"2025-05-07T06:29:18Z"}
{"level":"info","message":"[Java-Iceberg:50051] 11:59:19.009 [grpc-default-executor-0] INFO  org.apache.hadoop.io.compress.CodecPool - Got brand-new compressor [.zstd]","time":"2025-05-07T06:29:19Z"}
{"level":"info","message":"[Java-Iceberg:50051] 11:59:19.630 [grpc-default-executor-0] INFO  org.apache.iceberg.BaseMetastoreTableOperations - Successfully committed to table olake_iceberg.test_table_olake_1746599352 in 10 ms","time":"2025-05-07T06:29:19Z"}
{"level":"info","message":"[Java-Iceberg:50051] 11:59:19.630 [grpc-default-executor-0] INFO  org.apache.iceberg.SnapshotProducer - Committed snapshot 2882392826441879256 (MergeAppend)","time":"2025-05-07T06:29:19Z"}
{"level":"info","message":"[Java-Iceberg:50051] 11:59:19.657 [grpc-default-executor-0] INFO  org.apache.iceberg.BaseMetastoreTableOperations - Refreshing table metadata from new version: s3a://warehouse/olake_iceberg/test_table_olake_1746599352/metadata/00001-6fe75bfe-4e08-4e2d-a96d-24979184a451.metadata.json","time":"2025-05-07T06:29:19Z"}
{"level":"info","message":"[Java-Iceberg:50051] 11:59:19.663 [grpc-default-executor-0] INFO  org.apache.iceberg.metrics.LoggingMetricsReporter - Received metrics report: CommitReport{tableName=olake_iceberg.olake_iceberg.test_table_olake_1746599352, snapshotId=2882392826441879256, sequenceNumber=1, operation=append, commitMetrics=CommitMetricsResult{totalDuration=TimerResult{timeUnit=NANOSECONDS, totalDuration=PT0.273390083S, count=1}, attempts=CounterResult{unit=COUNT, value=1}, addedDataFiles=CounterResult{unit=COUNT, value=1}, removedDataFiles=null, totalDataFiles=CounterResult{unit=COUNT, value=1}, addedDeleteFiles=null, addedEqualityDeleteFiles=null, addedPositionalDeleteFiles=null, addedDVs=null, removedDeleteFiles=null, removedEqualityDeleteFiles=null, removedPositionalDeleteFiles=null, removedDVs=null, totalDeleteFiles=CounterResult{unit=COUNT, value=0}, addedRecords=CounterResult{unit=COUNT, value=5}, removedRecords=null, totalRecords=CounterResult{unit=COUNT, value=5}, addedFilesSizeInBytes=CounterResult{unit=BYTES, value=2275}, removedFilesSizeInBytes=null, totalFilesSizeInBytes=CounterResult{unit=BYTES, value=2275}, addedPositionalDeletes=null, removedPositionalDeletes=null, totalPositionalDeletes=CounterResult{unit=COUNT, value=0}, addedEqualityDeletes=null, removedEqualityDeletes=null, totalEqualityDeletes=CounterResult{unit=COUNT, value=0}}, metadata={iceberg-version=Apache Iceberg 1.8.0 (commit c277c2014a1b37fe755cfe37f173b6465bb8cb73)}}","time":"2025-05-07T06:29:19Z"}
{"level":"info","message":"[Java-Iceberg:50051] 11:59:19.675 [grpc-default-executor-0] INFO  io.debezium.server.iceberg.tableoperator.IcebergTableOperator - Successfully committed 5 events","time":"2025-05-07T06:29:19Z"}
{"level":"info","message":"[Java-Iceberg:50051] 11:59:19.675 [grpc-default-executor-0] INFO  io.debezium.server.iceberg.rpc.OlakeRowsIngester - [Thread-23-279091378427333] Processing tables took: 1259 ms","time":"2025-05-07T06:29:19Z"}
{"level":"info","message":"[Java-Iceberg:50051] 11:59:19.680 [grpc-default-executor-0] INFO  io.debezium.server.iceberg.rpc.OlakeRowsIngester - [Thread-23-279091378427333] Total time taken: 1280 ms","time":"2025-05-07T06:29:19Z"}
{"level":"info","time":"2025-05-07T06:29:19Z","message":"Sent batch to Iceberg server: 5 records, response: [Thread-23-279091378427333] Received 5 messages"}
{"level":"info","time":"2025-05-07T06:29:19Z","message":"Shutting down Iceberg server on port 50051"}
{"level":"info","message":"Standard Replication is selected","time":"2025-05-07T06:30:19Z"}
{"level":"info","time":"2025-05-07T06:30:19Z","message":"Starting discover for Postgres database postgres"}
{"level":"warn","time":"2025-05-07T06:30:19Z","message":"failed to get respective type in datatypes for column: col_time[time without time zone]"}
{"level":"warn","time":"2025-05-07T06:30:19Z","message":"failed to get respective type in datatypes for column: col_time[time without time zone]"}
{"level":"warn","time":"2025-05-07T06:30:19Z","message":"failed to get respective type in datatypes for column: col_time[time without time zone]"}
{"level":"info","time":"2025-05-07T06:30:19Z","message":"SystemID:7501231763817750566 Timeline:1 XLogPos:0/1E3ABF0 Database:postgres"}
{"level":"info","time":"2025-05-07T06:30:19Z","message":"Starting backfill for stream[test_table_olake_1746599352] with 1 chunks"}
{"level":"info","time":"2025-05-07T06:30:19Z","message":"Iceberg JAR file found in target directory: /Users/dukedhal/Desktop/olake/writers/iceberg/debezium-server-iceberg-sink/target/debezium-server-iceberg-sink-0.0.1-SNAPSHOT.jar"}
{"level":"info","time":"2025-05-07T06:30:19Z","message":"Connected to new iceberg writer on port 50051 for stream public.test_table_olake_1746599352, configHash public.test_table_olake_1746599352-public-false"}
{"level":"info","time":"2025-05-07T06:30:19Z","message":"chunk[1] with min['(0,0)']-max['(4294967295,0)'] completed in 0.17 seconds"}
{"level":"info","time":"2025-05-07T06:30:19Z","message":"Started logical replication on slot[olake_slot]"}
{"level":"info","message":"[Java-Iceberg:50051] 12:00:20.220 [main] INFO  io.debezium.server.iceberg.OlakeRpcServer - Logs will be output to console only","time":"2025-05-07T06:30:20Z"}
{"level":"info","message":"[Java-Iceberg:50051] 12:00:20.264 [main] INFO  org.apache.iceberg.CatalogUtil - Loading custom FileIO implementation: org.apache.iceberg.io.ResolvingFileIO","time":"2025-05-07T06:30:20Z"}
{"level":"info","message":"[Java-Iceberg:50051] 12:00:20.425 [main] INFO  io.debezium.serde.json.JsonSerdeConfig - JsonSerdeConfig values: ","time":"2025-05-07T06:30:20Z"}
{"level":"info","message":"[Java-Iceberg:50051] \tfrom.field = null","time":"2025-05-07T06:30:20Z"}
{"level":"info","message":"[Java-Iceberg:50051] \tunknown.properties.ignored = false","time":"2025-05-07T06:30:20Z"}
{"level":"info","message":"[Java-Iceberg:50051] ","time":"2025-05-07T06:30:20Z"}
{"level":"info","message":"[Java-Iceberg:50051] 12:00:20.426 [main] INFO  io.debezium.serde.json.JsonSerdeConfig - JsonSerdeConfig values: ","time":"2025-05-07T06:30:20Z"}
{"level":"info","message":"[Java-Iceberg:50051] \tfrom.field = null","time":"2025-05-07T06:30:20Z"}
{"level":"info","message":"[Java-Iceberg:50051] \tunknown.properties.ignored = false","time":"2025-05-07T06:30:20Z"}
{"level":"info","message":"[Java-Iceberg:50051] ","time":"2025-05-07T06:30:20Z"}
{"level":"info","message":"[Java-Iceberg:50051] 12:00:20.543 [main] INFO  io.debezium.server.iceberg.OlakeRpcServer - Server started on port 50051 with max message size: 2000MB","time":"2025-05-07T06:30:20Z"}
{"level":"info","message":"[Java-Iceberg:50051] 12:00:20.635 [grpc-default-executor-0] INFO  io.debezium.server.iceberg.rpc.OlakeRowsIngester - [Thread-23-279153600828125] Parsing messages took: 13 ms","time":"2025-05-07T06:30:20Z"}
{"level":"info","message":"[Java-Iceberg:50051] 12:00:20.643 [grpc-default-executor-0] INFO  org.apache.iceberg.BaseMetastoreTableOperations - Refreshing table metadata from new version: s3a://warehouse/olake_iceberg/test_table_olake_1746599352/metadata/00001-6fe75bfe-4e08-4e2d-a96d-24979184a451.metadata.json","time":"2025-05-07T06:30:20Z"}
{"level":"info","message":"[Java-Iceberg:50051] 12:00:20.645 [grpc-default-executor-0] INFO  org.apache.iceberg.CatalogUtil - Loading custom FileIO implementation: org.apache.iceberg.aws.s3.S3FileIO","time":"2025-05-07T06:30:20Z"}
{"level":"info","message":"[Java-Iceberg:50051] 12:00:21.047 [grpc-default-executor-0] INFO  org.apache.iceberg.BaseMetastoreCatalog - Table loaded by catalog: olake_iceberg.olake_iceberg.test_table_olake_1746599352","time":"2025-05-07T06:30:21Z"}
{"level":"info","message":"[Java-Iceberg:50051] 12:00:21.049 [grpc-default-executor-0] INFO  io.debezium.server.iceberg.tableoperator.IcebergTableOperator - Batch got 5 records with 1 different schema!!","time":"2025-05-07T06:30:21Z"}
{"level":"info","message":"[Java-Iceberg:50051] 12:00:21.097 [grpc-default-executor-0] INFO  org.apache.hadoop.io.compress.CodecPool - Got brand-new compressor [.zstd]","time":"2025-05-07T06:30:21Z"}
{"level":"info","message":"[Java-Iceberg:50051] 12:00:21.792 [grpc-default-executor-0] INFO  org.apache.iceberg.BaseMetastoreTableOperations - Successfully committed to table olake_iceberg.test_table_olake_1746599352 in 9 ms","time":"2025-05-07T06:30:21Z"}
{"level":"info","message":"[Java-Iceberg:50051] 12:00:21.792 [grpc-default-executor-0] INFO  org.apache.iceberg.SnapshotProducer - Committed snapshot 6619338324208316291 (MergeAppend)","time":"2025-05-07T06:30:21Z"}
{"level":"info","message":"[Java-Iceberg:50051] 12:00:21.802 [grpc-default-executor-0] INFO  org.apache.iceberg.BaseMetastoreTableOperations - Refreshing table metadata from new version: s3a://warehouse/olake_iceberg/test_table_olake_1746599352/metadata/00002-bdf74378-40c4-4232-a422-f8c9fabf8679.metadata.json","time":"2025-05-07T06:30:21Z"}
{"level":"info","message":"[Java-Iceberg:50051] 12:00:21.808 [grpc-default-executor-0] INFO  org.apache.iceberg.metrics.LoggingMetricsReporter - Received metrics report: CommitReport{tableName=olake_iceberg.olake_iceberg.test_table_olake_1746599352, snapshotId=6619338324208316291, sequenceNumber=2, operation=append, commitMetrics=CommitMetricsResult{totalDuration=TimerResult{timeUnit=NANOSECONDS, totalDuration=PT0.289520625S, count=1}, attempts=CounterResult{unit=COUNT, value=1}, addedDataFiles=CounterResult{unit=COUNT, value=1}, removedDataFiles=null, totalDataFiles=CounterResult{unit=COUNT, value=2}, addedDeleteFiles=null, addedEqualityDeleteFiles=null, addedPositionalDeleteFiles=null, addedDVs=null, removedDeleteFiles=null, removedEqualityDeleteFiles=null, removedPositionalDeleteFiles=null, removedDVs=null, totalDeleteFiles=CounterResult{unit=COUNT, value=0}, addedRecords=CounterResult{unit=COUNT, value=5}, removedRecords=null, totalRecords=CounterResult{unit=COUNT, value=10}, addedFilesSizeInBytes=CounterResult{unit=BYTES, value=2275}, removedFilesSizeInBytes=null, totalFilesSizeInBytes=CounterResult{unit=BYTES, value=4550}, addedPositionalDeletes=null, removedPositionalDeletes=null, totalPositionalDeletes=CounterResult{unit=COUNT, value=0}, addedEqualityDeletes=null, removedEqualityDeletes=null, totalEqualityDeletes=CounterResult{unit=COUNT, value=0}}, metadata={iceberg-version=Apache Iceberg 1.8.0 (commit c277c2014a1b37fe755cfe37f173b6465bb8cb73)}}","time":"2025-05-07T06:30:21Z"}
{"level":"info","message":"[Java-Iceberg:50051] 12:00:21.819 [grpc-default-executor-0] INFO  io.debezium.server.iceberg.tableoperator.IcebergTableOperator - Successfully committed 5 events","time":"2025-05-07T06:30:21Z"}
{"level":"info","message":"[Java-Iceberg:50051] 12:00:21.819 [grpc-default-executor-0] INFO  io.debezium.server.iceberg.rpc.OlakeRowsIngester - [Thread-23-279153600828125] Processing tables took: 1184 ms","time":"2025-05-07T06:30:21Z"}
{"level":"info","message":"[Java-Iceberg:50051] 12:00:21.827 [grpc-default-executor-0] INFO  io.debezium.server.iceberg.rpc.OlakeRowsIngester - [Thread-23-279153600828125] Total time taken: 1205 ms","time":"2025-05-07T06:30:21Z"}
{"level":"info","time":"2025-05-07T06:30:21Z","message":"Sent batch to Iceberg server: 5 records, response: [Thread-23-279153600828125] Received 5 messages"}
{"level":"info","time":"2025-05-07T06:30:21Z","message":"Shutting down Iceberg server on port 50051"}
{"level":"info","time":"2025-05-07T06:30:21Z","message":"Iceberg JAR file found in target directory: /Users/dukedhal/Desktop/olake/writers/iceberg/debezium-server-iceberg-sink/target/debezium-server-iceberg-sink-0.0.1-SNAPSHOT.jar"}
{"level":"info","time":"2025-05-07T06:30:21Z","message":"Connected to new iceberg writer on port 50051 for stream public.test_table_olake_1746599352, configHash public.test_table_olake_1746599352-public-true"}
{"level":"info","message":"[Java-Iceberg:50051] 12:00:22.338 [main] INFO  io.debezium.server.iceberg.OlakeRpcServer - Logs will be output to console only","time":"2025-05-07T06:30:22Z"}
{"level":"info","message":"[Java-Iceberg:50051] 12:00:22.372 [main] INFO  org.apache.iceberg.CatalogUtil - Loading custom FileIO implementation: org.apache.iceberg.io.ResolvingFileIO","time":"2025-05-07T06:30:22Z"}
{"level":"info","message":"[Java-Iceberg:50051] 12:00:22.519 [main] INFO  io.debezium.serde.json.JsonSerdeConfig - JsonSerdeConfig values: ","time":"2025-05-07T06:30:22Z"}
{"level":"info","message":"[Java-Iceberg:50051] \tfrom.field = null","time":"2025-05-07T06:30:22Z"}
{"level":"info","message":"[Java-Iceberg:50051] \tunknown.properties.ignored = false","time":"2025-05-07T06:30:22Z"}
{"level":"info","message":"[Java-Iceberg:50051] ","time":"2025-05-07T06:30:22Z"}
{"level":"info","message":"[Java-Iceberg:50051] 12:00:22.519 [main] INFO  io.debezium.serde.json.JsonSerdeConfig - JsonSerdeConfig values: ","time":"2025-05-07T06:30:22Z"}
{"level":"info","message":"[Java-Iceberg:50051] \tfrom.field = null","time":"2025-05-07T06:30:22Z"}
{"level":"info","message":"[Java-Iceberg:50051] \tunknown.properties.ignored = false","time":"2025-05-07T06:30:22Z"}
{"level":"info","message":"[Java-Iceberg:50051] ","time":"2025-05-07T06:30:22Z"}
{"level":"info","message":"[Java-Iceberg:50051] 12:00:22.636 [main] INFO  io.debezium.server.iceberg.OlakeRpcServer - Server started on port 50051 with max message size: 2000MB","time":"2025-05-07T06:30:22Z"}
{"level":"debug","time":"2025-05-07T06:30:40Z","message":"Idle timeout reached while waiting for new messages"}
{"level":"debug","time":"2025-05-07T06:30:40Z","message":"sent standby status message at LSN#0/1E3CBAF"}
{"level":"info","message":"[Java-Iceberg:50051] 12:00:40.727 [grpc-default-executor-0] INFO  io.debezium.server.iceberg.rpc.OlakeRowsIngester - [Thread-23-279173691467416] Parsing messages took: 14 ms","time":"2025-05-07T06:30:40Z"}
{"level":"info","message":"[Java-Iceberg:50051] 12:00:40.735 [grpc-default-executor-0] INFO  org.apache.iceberg.BaseMetastoreTableOperations - Refreshing table metadata from new version: s3a://warehouse/olake_iceberg/test_table_olake_1746599352/metadata/00002-bdf74378-40c4-4232-a422-f8c9fabf8679.metadata.json","time":"2025-05-07T06:30:40Z"}
{"level":"info","message":"[Java-Iceberg:50051] 12:00:40.737 [grpc-default-executor-0] INFO  org.apache.iceberg.CatalogUtil - Loading custom FileIO implementation: org.apache.iceberg.aws.s3.S3FileIO","time":"2025-05-07T06:30:40Z"}
{"level":"info","message":"[Java-Iceberg:50051] 12:00:41.117 [grpc-default-executor-0] INFO  org.apache.iceberg.BaseMetastoreCatalog - Table loaded by catalog: olake_iceberg.olake_iceberg.test_table_olake_1746599352","time":"2025-05-07T06:30:41Z"}
{"level":"info","message":"[Java-Iceberg:50051] 12:00:41.120 [grpc-default-executor-0] INFO  io.debezium.server.iceberg.tableoperator.IcebergTableOperator - Batch got 6 records with 1 different schema!!","time":"2025-05-07T06:30:41Z"}
{"level":"info","message":"[Java-Iceberg:50051] 12:00:41.179 [grpc-default-executor-0] INFO  org.apache.hadoop.io.compress.CodecPool - Got brand-new compressor [.zstd]","time":"2025-05-07T06:30:41Z"}
{"level":"info","message":"[Java-Iceberg:50051] 12:00:41.285 [grpc-default-executor-0] INFO  org.apache.hadoop.io.compress.CodecPool - Got brand-new compressor [.zstd]","time":"2025-05-07T06:30:41Z"}
{"level":"info","message":"[Java-Iceberg:50051] 12:00:41.902 [grpc-default-executor-0] INFO  org.apache.iceberg.BaseMetastoreTableOperations - Successfully committed to table olake_iceberg.test_table_olake_1746599352 in 9 ms","time":"2025-05-07T06:30:41Z"}
{"level":"info","message":"[Java-Iceberg:50051] 12:00:41.902 [grpc-default-executor-0] INFO  org.apache.iceberg.SnapshotProducer - Committed snapshot 1069895592935705934 (MergeAppend)","time":"2025-05-07T06:30:41Z"}
{"level":"info","message":"[Java-Iceberg:50051] 12:00:41.910 [grpc-default-executor-0] INFO  org.apache.iceberg.BaseMetastoreTableOperations - Refreshing table metadata from new version: s3a://warehouse/olake_iceberg/test_table_olake_1746599352/metadata/00003-fd336c74-9087-4bf5-ac30-d65890ce4567.metadata.json","time":"2025-05-07T06:30:41Z"}
{"level":"info","message":"[Java-Iceberg:50051] 12:00:41.916 [grpc-default-executor-0] INFO  org.apache.iceberg.metrics.LoggingMetricsReporter - Received metrics report: CommitReport{tableName=olake_iceberg.olake_iceberg.test_table_olake_1746599352, snapshotId=1069895592935705934, sequenceNumber=3, operation=append, commitMetrics=CommitMetricsResult{totalDuration=TimerResult{timeUnit=NANOSECONDS, totalDuration=PT0.31357975S, count=1}, attempts=CounterResult{unit=COUNT, value=1}, addedDataFiles=CounterResult{unit=COUNT, value=1}, removedDataFiles=null, totalDataFiles=CounterResult{unit=COUNT, value=3}, addedDeleteFiles=null, addedEqualityDeleteFiles=null, addedPositionalDeleteFiles=null, addedDVs=null, removedDeleteFiles=null, removedEqualityDeleteFiles=null, removedPositionalDeleteFiles=null, removedDVs=null, totalDeleteFiles=CounterResult{unit=COUNT, value=0}, addedRecords=CounterResult{unit=COUNT, value=6}, removedRecords=null, totalRecords=CounterResult{unit=COUNT, value=16}, addedFilesSizeInBytes=CounterResult{unit=BYTES, value=2306}, removedFilesSizeInBytes=null, totalFilesSizeInBytes=CounterResult{unit=BYTES, value=6856}, addedPositionalDeletes=null, removedPositionalDeletes=null, totalPositionalDeletes=CounterResult{unit=COUNT, value=0}, addedEqualityDeletes=null, removedEqualityDeletes=null, totalEqualityDeletes=CounterResult{unit=COUNT, value=0}}, metadata={iceberg-version=Apache Iceberg 1.8.0 (commit c277c2014a1b37fe755cfe37f173b6465bb8cb73)}}","time":"2025-05-07T06:30:41Z"}
{"level":"info","message":"[Java-Iceberg:50051] 12:00:41.933 [grpc-default-executor-0] INFO  io.debezium.server.iceberg.tableoperator.IcebergTableOperator - Successfully committed 6 events","time":"2025-05-07T06:30:41Z"}
{"level":"info","message":"[Java-Iceberg:50051] 12:00:41.933 [grpc-default-executor-0] INFO  io.debezium.server.iceberg.rpc.OlakeRowsIngester - [Thread-23-279173691467416] Processing tables took: 1206 ms","time":"2025-05-07T06:30:41Z"}
{"level":"info","message":"[Java-Iceberg:50051] 12:00:41.940 [grpc-default-executor-0] INFO  io.debezium.server.iceberg.rpc.OlakeRowsIngester - [Thread-23-279173691467416] Total time taken: 1227 ms","time":"2025-05-07T06:30:41Z"}
{"level":"info","time":"2025-05-07T06:30:41Z","message":"Sent batch to Iceberg server: 11 records, response: [Thread-23-279173691467416] Received 11 messages"}
{"level":"info","time":"2025-05-07T06:30:41Z","message":"Shutting down Iceberg server on port 50051"}
