{"level":"info","time":"2025-05-07T07:01:05Z","message":"System has 16GB RAM, setting iceberg writer batch size to 419430400 bytes"}
{"level":"info","message":"Standard Replication is selected","time":"2025-05-07T07:01:05Z"}
{"level":"info","message":"Standard Replication is selected","time":"2025-05-07T07:01:05Z"}
{"level":"info","message":"Standard Replication is selected","time":"2025-05-07T07:01:05Z"}
{"level":"info","time":"2025-05-07T07:01:05Z","message":"Starting discover for Postgres database postgres"}
{"level":"info","message":"Standard Replication is selected","time":"2025-05-07T07:01:05Z"}
{"level":"info","time":"2025-05-07T07:01:05Z","message":"Iceberg JAR file found in base directory: /Users/dukedhal/Desktop/olake/debezium-server-iceberg-sink.jar"}
{"level":"info","time":"2025-05-07T07:01:05Z","message":"Connected to new iceberg writer on port 50051 for stream check_01JTMRRJGSA6E0GZR6BE181FMR, configHash check_01JTMRRJGSA6E0GZR6BE181FMR-check-false"}
{"level":"info","message":"[Java-Iceberg:50051] 12:31:06.254 [main] INFO  io.debezium.server.iceberg.OlakeRpcServer - Logs will be output to console only","time":"2025-05-07T07:01:06Z"}
{"level":"info","message":"[Java-Iceberg:50051] 12:31:06.290 [main] INFO  org.apache.iceberg.CatalogUtil - Loading custom FileIO implementation: org.apache.iceberg.io.ResolvingFileIO","time":"2025-05-07T07:01:06Z"}
{"level":"info","message":"[Java-Iceberg:50051] 12:31:06.457 [main] INFO  io.debezium.serde.json.JsonSerdeConfig - JsonSerdeConfig values: ","time":"2025-05-07T07:01:06Z"}
{"level":"info","message":"[Java-Iceberg:50051] \tfrom.field = null","time":"2025-05-07T07:01:06Z"}
{"level":"info","message":"[Java-Iceberg:50051] \tunknown.properties.ignored = false","time":"2025-05-07T07:01:06Z"}
{"level":"info","message":"[Java-Iceberg:50051] ","time":"2025-05-07T07:01:06Z"}
{"level":"info","message":"[Java-Iceberg:50051] 12:31:06.458 [main] INFO  io.debezium.serde.json.JsonSerdeConfig - JsonSerdeConfig values: ","time":"2025-05-07T07:01:06Z"}
{"level":"info","message":"[Java-Iceberg:50051] \tfrom.field = null","time":"2025-05-07T07:01:06Z"}
{"level":"info","message":"[Java-Iceberg:50051] \tunknown.properties.ignored = false","time":"2025-05-07T07:01:06Z"}
{"level":"info","message":"[Java-Iceberg:50051] ","time":"2025-05-07T07:01:06Z"}
{"level":"info","message":"[Java-Iceberg:50051] 12:31:06.582 [main] INFO  io.debezium.server.iceberg.OlakeRpcServer - Server started on port 50051 with max message size: 2000MB","time":"2025-05-07T07:01:06Z"}
{"level":"info","message":"[Java-Iceberg:50051] 12:31:06.798 [grpc-default-executor-0] INFO  io.debezium.server.iceberg.rpc.OlakeRowsIngester - [Thread-23-280999838050708] Parsing messages took: 12 ms","time":"2025-05-07T07:01:06Z"}
{"level":"info","message":"[Java-Iceberg:50051] 12:31:06.811 [grpc-default-executor-0] INFO  org.apache.iceberg.BaseMetastoreTableOperations - Refreshing table metadata from new version: s3a://warehouse/olake_iceberg/olake_test_table/metadata/00004-f48e0893-ff69-4abf-965d-193ad93bd8c5.metadata.json","time":"2025-05-07T07:01:06Z"}
{"level":"info","message":"[Java-Iceberg:50051] 12:31:06.814 [grpc-default-executor-0] INFO  org.apache.iceberg.CatalogUtil - Loading custom FileIO implementation: org.apache.iceberg.aws.s3.S3FileIO","time":"2025-05-07T07:01:06Z"}
{"level":"info","message":"[Java-Iceberg:50051] 12:31:07.251 [grpc-default-executor-0] INFO  org.apache.iceberg.BaseMetastoreCatalog - Table loaded by catalog: olake_iceberg.olake_iceberg.olake_test_table","time":"2025-05-07T07:01:07Z"}
{"level":"info","message":"[Java-Iceberg:50051] 12:31:07.252 [grpc-default-executor-0] INFO  io.debezium.server.iceberg.tableoperator.IcebergTableOperator - Batch got 1 records with 1 different schema!!","time":"2025-05-07T07:01:07Z"}
{"level":"info","message":"[Java-Iceberg:50051] 12:31:07.301 [grpc-default-executor-0] INFO  org.apache.hadoop.io.compress.CodecPool - Got brand-new compressor [.zstd]","time":"2025-05-07T07:01:07Z"}
{"level":"info","message":"[Java-Iceberg:50051] 12:31:08.014 [grpc-default-executor-0] INFO  org.apache.iceberg.BaseMetastoreTableOperations - Successfully committed to table olake_iceberg.olake_test_table in 9 ms","time":"2025-05-07T07:01:08Z"}
{"level":"info","message":"[Java-Iceberg:50051] 12:31:08.014 [grpc-default-executor-0] INFO  org.apache.iceberg.SnapshotProducer - Committed snapshot 8032836470992434288 (MergeAppend)","time":"2025-05-07T07:01:08Z"}
{"level":"info","message":"[Java-Iceberg:50051] 12:31:08.023 [grpc-default-executor-0] INFO  org.apache.iceberg.BaseMetastoreTableOperations - Refreshing table metadata from new version: s3a://warehouse/olake_iceberg/olake_test_table/metadata/00005-784eb4b1-92e7-4b68-8e75-71de6c09ff58.metadata.json","time":"2025-05-07T07:01:08Z"}
{"level":"info","message":"[Java-Iceberg:50051] 12:31:08.030 [grpc-default-executor-0] INFO  org.apache.iceberg.metrics.LoggingMetricsReporter - Received metrics report: CommitReport{tableName=olake_iceberg.olake_iceberg.olake_test_table, snapshotId=8032836470992434288, sequenceNumber=5, operation=append, commitMetrics=CommitMetricsResult{totalDuration=TimerResult{timeUnit=NANOSECONDS, totalDuration=PT0.306821917S, count=1}, attempts=CounterResult{unit=COUNT, value=1}, addedDataFiles=CounterResult{unit=COUNT, value=1}, removedDataFiles=null, totalDataFiles=CounterResult{unit=COUNT, value=5}, addedDeleteFiles=null, addedEqualityDeleteFiles=null, addedPositionalDeleteFiles=null, addedDVs=null, removedDeleteFiles=null, removedEqualityDeleteFiles=null, removedPositionalDeleteFiles=null, removedDVs=null, totalDeleteFiles=CounterResult{unit=COUNT, value=0}, addedRecords=CounterResult{unit=COUNT, value=1}, removedRecords=null, totalRecords=CounterResult{unit=COUNT, value=5}, addedFilesSizeInBytes=CounterResult{unit=BYTES, value=1564}, removedFilesSizeInBytes=null, totalFilesSizeInBytes=CounterResult{unit=BYTES, value=7820}, addedPositionalDeletes=null, removedPositionalDeletes=null, totalPositionalDeletes=CounterResult{unit=COUNT, value=0}, addedEqualityDeletes=null, removedEqualityDeletes=null, totalEqualityDeletes=CounterResult{unit=COUNT, value=0}}, metadata={iceberg-version=Apache Iceberg 1.8.0 (commit c277c2014a1b37fe755cfe37f173b6465bb8cb73)}}","time":"2025-05-07T07:01:08Z"}
{"level":"info","message":"[Java-Iceberg:50051] 12:31:08.042 [grpc-default-executor-0] INFO  io.debezium.server.iceberg.tableoperator.IcebergTableOperator - Successfully committed 1 events","time":"2025-05-07T07:01:08Z"}
{"level":"info","message":"[Java-Iceberg:50051] 12:31:08.042 [grpc-default-executor-0] INFO  io.debezium.server.iceberg.rpc.OlakeRowsIngester - [Thread-23-280999838050708] Processing tables took: 1244 ms","time":"2025-05-07T07:01:08Z"}
{"level":"info","message":"[Java-Iceberg:50051] 12:31:08.046 [grpc-default-executor-0] INFO  io.debezium.server.iceberg.rpc.OlakeRowsIngester - [Thread-23-280999838050708] Total time taken: 1260 ms","time":"2025-05-07T07:01:08Z"}
{"level":"info","time":"2025-05-07T07:01:08Z","message":"Server Response: [Thread-23-280999838050708] Received 1 messages"}
{"level":"info","time":"2025-05-07T07:01:08Z","message":"Shutting down Iceberg server on port 50051"}
{"level":"info","message":"Standard Replication is selected","time":"2025-05-07T07:01:08Z"}
{"level":"info","time":"2025-05-07T07:01:08Z","message":"Starting discover for Postgres database postgres"}
{"level":"info","time":"2025-05-07T07:01:08Z","message":"Starting backfill for stream[test_table_olake_1746601265] with 1 chunks"}
{"level":"info","time":"2025-05-07T07:01:08Z","message":"Iceberg JAR file found in base directory: /Users/dukedhal/Desktop/olake/debezium-server-iceberg-sink.jar"}
{"level":"info","time":"2025-05-07T07:01:08Z","message":"Connected to new iceberg writer on port 50051 for stream public.test_table_olake_1746601265, configHash public.test_table_olake_1746601265-public-false"}
{"level":"info","time":"2025-05-07T07:01:08Z","message":"chunk[1] with min['(0,0)']-max['(4294967295,0)'] completed in 0.07 seconds"}
{"level":"info","message":"[Java-Iceberg:50051] 12:31:08.675 [main] INFO  io.debezium.server.iceberg.OlakeRpcServer - Logs will be output to console only","time":"2025-05-07T07:01:08Z"}
{"level":"info","message":"[Java-Iceberg:50051] 12:31:08.710 [main] INFO  org.apache.iceberg.CatalogUtil - Loading custom FileIO implementation: org.apache.iceberg.io.ResolvingFileIO","time":"2025-05-07T07:01:08Z"}
{"level":"info","message":"[Java-Iceberg:50051] 12:31:08.849 [main] INFO  io.debezium.serde.json.JsonSerdeConfig - JsonSerdeConfig values: ","time":"2025-05-07T07:01:08Z"}
{"level":"info","message":"[Java-Iceberg:50051] \tfrom.field = null","time":"2025-05-07T07:01:08Z"}
{"level":"info","message":"[Java-Iceberg:50051] \tunknown.properties.ignored = false","time":"2025-05-07T07:01:08Z"}
{"level":"info","message":"[Java-Iceberg:50051] ","time":"2025-05-07T07:01:08Z"}
{"level":"info","message":"[Java-Iceberg:50051] 12:31:08.849 [main] INFO  io.debezium.serde.json.JsonSerdeConfig - JsonSerdeConfig values: ","time":"2025-05-07T07:01:08Z"}
{"level":"info","message":"[Java-Iceberg:50051] \tfrom.field = null","time":"2025-05-07T07:01:08Z"}
{"level":"info","message":"[Java-Iceberg:50051] \tunknown.properties.ignored = false","time":"2025-05-07T07:01:08Z"}
{"level":"info","message":"[Java-Iceberg:50051] ","time":"2025-05-07T07:01:08Z"}
{"level":"info","message":"[Java-Iceberg:50051] 12:31:08.968 [main] INFO  io.debezium.server.iceberg.OlakeRpcServer - Server started on port 50051 with max message size: 2000MB","time":"2025-05-07T07:01:08Z"}
{"level":"info","message":"[Java-Iceberg:50051] 12:31:09.355 [grpc-default-executor-0] INFO  io.debezium.server.iceberg.rpc.OlakeRowsIngester - [Thread-23-281002386523916] Parsing messages took: 20 ms","time":"2025-05-07T07:01:09Z"}
{"level":"info","message":"[Java-Iceberg:50051] 12:31:09.373 [grpc-default-executor-0] WARN  io.debezium.server.iceberg.IcebergUtil - Creating table:'olake_iceberg.test_table_olake_1746601265'","time":"2025-05-07T07:01:09Z"}
{"level":"info","message":"[Java-Iceberg:50051] schema:table {","time":"2025-05-07T07:01:09Z"}
{"level":"info","message":"[Java-Iceberg:50051]   1: olake_id: required string (id)","time":"2025-05-07T07:01:09Z"}
{"level":"info","message":"[Java-Iceberg:50051]   2: col_decimal: optional string","time":"2025-05-07T07:01:09Z"}
{"level":"info","message":"[Java-Iceberg:50051]   3: col_boolean: optional boolean","time":"2025-05-07T07:01:09Z"}
{"level":"info","message":"[Java-Iceberg:50051]   4: col_timestamp: optional string","time":"2025-05-07T07:01:09Z"}
{"level":"info","message":"[Java-Iceberg:50051]   5: col_date: optional string","time":"2025-05-07T07:01:09Z"}
{"level":"info","message":"[Java-Iceberg:50051]   6: id: optional long","time":"2025-05-07T07:01:09Z"}
{"level":"info","message":"[Java-Iceberg:50051]   7: col1: optional string","time":"2025-05-07T07:01:09Z"}
{"level":"info","message":"[Java-Iceberg:50051]   8: col_float: optional double","time":"2025-05-07T07:01:09Z"}
{"level":"info","message":"[Java-Iceberg:50051]   9: _olake_insert_time: optional long","time":"2025-05-07T07:01:09Z"}
{"level":"info","message":"[Java-Iceberg:50051]   10: col_uuid: optional string","time":"2025-05-07T07:01:09Z"}
{"level":"info","message":"[Java-Iceberg:50051]   11: col_array: optional string","time":"2025-05-07T07:01:09Z"}
{"level":"info","message":"[Java-Iceberg:50051]   12: col2: optional string","time":"2025-05-07T07:01:09Z"}
{"level":"info","message":"[Java-Iceberg:50051]   13: col_int: optional long","time":"2025-05-07T07:01:09Z"}
{"level":"info","message":"[Java-Iceberg:50051]   14: col_bigint: optional long","time":"2025-05-07T07:01:09Z"}
{"level":"info","message":"[Java-Iceberg:50051]   15: col_json: optional string","time":"2025-05-07T07:01:09Z"}
{"level":"info","message":"[Java-Iceberg:50051]   16: col_double: optional double","time":"2025-05-07T07:01:09Z"}
{"level":"info","message":"[Java-Iceberg:50051]   17: _olake_id: optional string","time":"2025-05-07T07:01:09Z"}
{"level":"info","message":"[Java-Iceberg:50051]   18: __deleted: optional boolean","time":"2025-05-07T07:01:09Z"}
{"level":"info","message":"[Java-Iceberg:50051]   19: __op: optional string","time":"2025-05-07T07:01:09Z"}
{"level":"info","message":"[Java-Iceberg:50051]   20: __db: optional string","time":"2025-05-07T07:01:09Z"}
{"level":"info","message":"[Java-Iceberg:50051]   21: __source_ts_ms: optional timestamptz","time":"2025-05-07T07:01:09Z"}
{"level":"info","message":"[Java-Iceberg:50051] }","time":"2025-05-07T07:01:09Z"}
{"level":"info","message":"[Java-Iceberg:50051] rowIdentifier:[olake_id]","time":"2025-05-07T07:01:09Z"}
{"level":"info","message":"[Java-Iceberg:50051] 12:31:09.382 [grpc-default-executor-0] INFO  org.apache.iceberg.BaseMetastoreCatalog - Table properties set at catalog level through catalog properties: {}","time":"2025-05-07T07:01:09Z"}
{"level":"info","message":"[Java-Iceberg:50051] 12:31:09.389 [grpc-default-executor-0] INFO  org.apache.iceberg.BaseMetastoreCatalog - Table properties enforced at catalog level through catalog properties: {}","time":"2025-05-07T07:01:09Z"}
{"level":"info","message":"[Java-Iceberg:50051] 12:31:09.401 [grpc-default-executor-0] INFO  org.apache.iceberg.CatalogUtil - Loading custom FileIO implementation: org.apache.iceberg.aws.s3.S3FileIO","time":"2025-05-07T07:01:09Z"}
{"level":"info","message":"[Java-Iceberg:50051] 12:31:09.787 [grpc-default-executor-0] INFO  org.apache.iceberg.BaseMetastoreTableOperations - Successfully committed to table olake_iceberg.test_table_olake_1746601265 in 388 ms","time":"2025-05-07T07:01:09Z"}
{"level":"info","message":"[Java-Iceberg:50051] 12:31:09.790 [grpc-default-executor-0] INFO  io.debezium.server.iceberg.tableoperator.IcebergTableOperator - Batch got 5 records with 5 different schema!!","time":"2025-05-07T07:01:09Z"}
{"level":"info","message":"[Java-Iceberg:50051] 12:31:09.793 [grpc-default-executor-0] INFO  org.apache.iceberg.BaseMetastoreTableOperations - Refreshing table metadata from new version: s3a://warehouse/olake_iceberg/test_table_olake_1746601265/metadata/00000-5f6d803e-8f19-4403-a660-9637bd43f27f.metadata.json","time":"2025-05-07T07:01:09Z"}
{"level":"info","message":"[Java-Iceberg:50051] 12:31:09.867 [grpc-default-executor-0] INFO  org.apache.hadoop.io.compress.CodecPool - Got brand-new compressor [.zstd]","time":"2025-05-07T07:01:09Z"}
{"level":"info","message":"[Java-Iceberg:50051] 12:31:10.468 [grpc-default-executor-0] INFO  org.apache.iceberg.BaseMetastoreTableOperations - Successfully committed to table olake_iceberg.test_table_olake_1746601265 in 9 ms","time":"2025-05-07T07:01:10Z"}
{"level":"info","message":"[Java-Iceberg:50051] 12:31:10.468 [grpc-default-executor-0] INFO  org.apache.iceberg.SnapshotProducer - Committed snapshot 1515547123183607689 (MergeAppend)","time":"2025-05-07T07:01:10Z"}
{"level":"info","message":"[Java-Iceberg:50051] 12:31:10.495 [grpc-default-executor-0] INFO  org.apache.iceberg.BaseMetastoreTableOperations - Refreshing table metadata from new version: s3a://warehouse/olake_iceberg/test_table_olake_1746601265/metadata/00001-e8220eb1-4212-4ed1-af53-ed2e51c861df.metadata.json","time":"2025-05-07T07:01:10Z"}
{"level":"info","message":"[Java-Iceberg:50051] 12:31:10.503 [grpc-default-executor-0] INFO  org.apache.iceberg.metrics.LoggingMetricsReporter - Received metrics report: CommitReport{tableName=olake_iceberg.olake_iceberg.test_table_olake_1746601265, snapshotId=1515547123183607689, sequenceNumber=1, operation=append, commitMetrics=CommitMetricsResult{totalDuration=TimerResult{timeUnit=NANOSECONDS, totalDuration=PT0.253866666S, count=1}, attempts=CounterResult{unit=COUNT, value=1}, addedDataFiles=CounterResult{unit=COUNT, value=1}, removedDataFiles=null, totalDataFiles=CounterResult{unit=COUNT, value=1}, addedDeleteFiles=null, addedEqualityDeleteFiles=null, addedPositionalDeleteFiles=null, addedDVs=null, removedDeleteFiles=null, removedEqualityDeleteFiles=null, removedPositionalDeleteFiles=null, removedDVs=null, totalDeleteFiles=CounterResult{unit=COUNT, value=0}, addedRecords=CounterResult{unit=COUNT, value=1}, removedRecords=null, totalRecords=CounterResult{unit=COUNT, value=1}, addedFilesSizeInBytes=CounterResult{unit=BYTES, value=6745}, removedFilesSizeInBytes=null, totalFilesSizeInBytes=CounterResult{unit=BYTES, value=6745}, addedPositionalDeletes=null, removedPositionalDeletes=null, totalPositionalDeletes=CounterResult{unit=COUNT, value=0}, addedEqualityDeletes=null, removedEqualityDeletes=null, totalEqualityDeletes=CounterResult{unit=COUNT, value=0}}, metadata={iceberg-version=Apache Iceberg 1.8.0 (commit c277c2014a1b37fe755cfe37f173b6465bb8cb73)}}","time":"2025-05-07T07:01:10Z"}
{"level":"info","message":"[Java-Iceberg:50051] 12:31:10.518 [grpc-default-executor-0] INFO  io.debezium.server.iceberg.tableoperator.IcebergTableOperator - Successfully committed 1 events","time":"2025-05-07T07:01:10Z"}
{"level":"info","message":"[Java-Iceberg:50051] 12:31:10.528 [grpc-default-executor-0] INFO  org.apache.hadoop.io.compress.CodecPool - Got brand-new compressor [.zstd]","time":"2025-05-07T07:01:10Z"}
{"level":"info","message":"[Java-Iceberg:50051] 12:31:10.627 [grpc-default-executor-0] INFO  org.apache.iceberg.BaseMetastoreTableOperations - Successfully committed to table olake_iceberg.test_table_olake_1746601265 in 7 ms","time":"2025-05-07T07:01:10Z"}
{"level":"info","message":"[Java-Iceberg:50051] 12:31:10.627 [grpc-default-executor-0] INFO  org.apache.iceberg.SnapshotProducer - Committed snapshot 5682187641250695979 (MergeAppend)","time":"2025-05-07T07:01:10Z"}
{"level":"info","message":"[Java-Iceberg:50051] 12:31:10.634 [grpc-default-executor-0] INFO  org.apache.iceberg.BaseMetastoreTableOperations - Refreshing table metadata from new version: s3a://warehouse/olake_iceberg/test_table_olake_1746601265/metadata/00002-9e5afc82-acb4-4e68-8e20-fb59b6a9f7a4.metadata.json","time":"2025-05-07T07:01:10Z"}
{"level":"info","message":"[Java-Iceberg:50051] 12:31:10.638 [grpc-default-executor-0] INFO  org.apache.iceberg.metrics.LoggingMetricsReporter - Received metrics report: CommitReport{tableName=olake_iceberg.olake_iceberg.test_table_olake_1746601265, snapshotId=5682187641250695979, sequenceNumber=2, operation=append, commitMetrics=CommitMetricsResult{totalDuration=TimerResult{timeUnit=NANOSECONDS, totalDuration=PT0.090094125S, count=1}, attempts=CounterResult{unit=COUNT, value=1}, addedDataFiles=CounterResult{unit=COUNT, value=1}, removedDataFiles=null, totalDataFiles=CounterResult{unit=COUNT, value=2}, addedDeleteFiles=null, addedEqualityDeleteFiles=null, addedPositionalDeleteFiles=null, addedDVs=null, removedDeleteFiles=null, removedEqualityDeleteFiles=null, removedPositionalDeleteFiles=null, removedDVs=null, totalDeleteFiles=CounterResult{unit=COUNT, value=0}, addedRecords=CounterResult{unit=COUNT, value=1}, removedRecords=null, totalRecords=CounterResult{unit=COUNT, value=2}, addedFilesSizeInBytes=CounterResult{unit=BYTES, value=6747}, removedFilesSizeInBytes=null, totalFilesSizeInBytes=CounterResult{unit=BYTES, value=13492}, addedPositionalDeletes=null, removedPositionalDeletes=null, totalPositionalDeletes=CounterResult{unit=COUNT, value=0}, addedEqualityDeletes=null, removedEqualityDeletes=null, totalEqualityDeletes=CounterResult{unit=COUNT, value=0}}, metadata={iceberg-version=Apache Iceberg 1.8.0 (commit c277c2014a1b37fe755cfe37f173b6465bb8cb73)}}","time":"2025-05-07T07:01:10Z"}
{"level":"info","message":"[Java-Iceberg:50051] 12:31:10.638 [grpc-default-executor-0] INFO  io.debezium.server.iceberg.tableoperator.IcebergTableOperator - Successfully committed 1 events","time":"2025-05-07T07:01:10Z"}
{"level":"info","message":"[Java-Iceberg:50051] 12:31:10.644 [grpc-default-executor-0] INFO  org.apache.hadoop.io.compress.CodecPool - Got brand-new compressor [.zstd]","time":"2025-05-07T07:01:10Z"}
{"level":"info","message":"[Java-Iceberg:50051] 12:31:10.740 [grpc-default-executor-0] INFO  org.apache.iceberg.BaseMetastoreTableOperations - Successfully committed to table olake_iceberg.test_table_olake_1746601265 in 7 ms","time":"2025-05-07T07:01:10Z"}
{"level":"info","message":"[Java-Iceberg:50051] 12:31:10.740 [grpc-default-executor-0] INFO  org.apache.iceberg.SnapshotProducer - Committed snapshot 7049827370324632986 (MergeAppend)","time":"2025-05-07T07:01:10Z"}
{"level":"info","message":"[Java-Iceberg:50051] 12:31:10.747 [grpc-default-executor-0] INFO  org.apache.iceberg.BaseMetastoreTableOperations - Refreshing table metadata from new version: s3a://warehouse/olake_iceberg/test_table_olake_1746601265/metadata/00003-f701034c-f993-44a3-99f4-7c5f5642cb12.metadata.json","time":"2025-05-07T07:01:10Z"}
{"level":"info","message":"[Java-Iceberg:50051] 12:31:10.751 [grpc-default-executor-0] INFO  org.apache.iceberg.metrics.LoggingMetricsReporter - Received metrics report: CommitReport{tableName=olake_iceberg.olake_iceberg.test_table_olake_1746601265, snapshotId=7049827370324632986, sequenceNumber=3, operation=append, commitMetrics=CommitMetricsResult{totalDuration=TimerResult{timeUnit=NANOSECONDS, totalDuration=PT0.089727791S, count=1}, attempts=CounterResult{unit=COUNT, value=1}, addedDataFiles=CounterResult{unit=COUNT, value=1}, removedDataFiles=null, totalDataFiles=CounterResult{unit=COUNT, value=3}, addedDeleteFiles=null, addedEqualityDeleteFiles=null, addedPositionalDeleteFiles=null, addedDVs=null, removedDeleteFiles=null, removedEqualityDeleteFiles=null, removedPositionalDeleteFiles=null, removedDVs=null, totalDeleteFiles=CounterResult{unit=COUNT, value=0}, addedRecords=CounterResult{unit=COUNT, value=1}, removedRecords=null, totalRecords=CounterResult{unit=COUNT, value=3}, addedFilesSizeInBytes=CounterResult{unit=BYTES, value=6740}, removedFilesSizeInBytes=null, totalFilesSizeInBytes=CounterResult{unit=BYTES, value=20232}, addedPositionalDeletes=null, removedPositionalDeletes=null, totalPositionalDeletes=CounterResult{unit=COUNT, value=0}, addedEqualityDeletes=null, removedEqualityDeletes=null, totalEqualityDeletes=CounterResult{unit=COUNT, value=0}}, metadata={iceberg-version=Apache Iceberg 1.8.0 (commit c277c2014a1b37fe755cfe37f173b6465bb8cb73)}}","time":"2025-05-07T07:01:10Z"}
{"level":"info","message":"[Java-Iceberg:50051] 12:31:10.751 [grpc-default-executor-0] INFO  io.debezium.server.iceberg.tableoperator.IcebergTableOperator - Successfully committed 1 events","time":"2025-05-07T07:01:10Z"}
{"level":"info","message":"[Java-Iceberg:50051] 12:31:10.756 [grpc-default-executor-0] INFO  org.apache.hadoop.io.compress.CodecPool - Got brand-new compressor [.zstd]","time":"2025-05-07T07:01:10Z"}
{"level":"info","message":"[Java-Iceberg:50051] 12:31:10.841 [grpc-default-executor-0] INFO  org.apache.iceberg.BaseMetastoreTableOperations - Successfully committed to table olake_iceberg.test_table_olake_1746601265 in 7 ms","time":"2025-05-07T07:01:10Z"}
{"level":"info","message":"[Java-Iceberg:50051] 12:31:10.841 [grpc-default-executor-0] INFO  org.apache.iceberg.SnapshotProducer - Committed snapshot 1377837997286409154 (MergeAppend)","time":"2025-05-07T07:01:10Z"}
{"level":"info","message":"[Java-Iceberg:50051] 12:31:10.848 [grpc-default-executor-0] INFO  org.apache.iceberg.BaseMetastoreTableOperations - Refreshing table metadata from new version: s3a://warehouse/olake_iceberg/test_table_olake_1746601265/metadata/00004-519fd5a8-6531-41cd-a7e8-fd9c52f1d6dc.metadata.json","time":"2025-05-07T07:01:10Z"}
{"level":"info","message":"[Java-Iceberg:50051] 12:31:10.853 [grpc-default-executor-0] INFO  org.apache.iceberg.metrics.LoggingMetricsReporter - Received metrics report: CommitReport{tableName=olake_iceberg.olake_iceberg.test_table_olake_1746601265, snapshotId=1377837997286409154, sequenceNumber=4, operation=append, commitMetrics=CommitMetricsResult{totalDuration=TimerResult{timeUnit=NANOSECONDS, totalDuration=PT0.075597667S, count=1}, attempts=CounterResult{unit=COUNT, value=1}, addedDataFiles=CounterResult{unit=COUNT, value=1}, removedDataFiles=null, totalDataFiles=CounterResult{unit=COUNT, value=4}, addedDeleteFiles=null, addedEqualityDeleteFiles=null, addedPositionalDeleteFiles=null, addedDVs=null, removedDeleteFiles=null, removedEqualityDeleteFiles=null, removedPositionalDeleteFiles=null, removedDVs=null, totalDeleteFiles=CounterResult{unit=COUNT, value=0}, addedRecords=CounterResult{unit=COUNT, value=1}, removedRecords=null, totalRecords=CounterResult{unit=COUNT, value=4}, addedFilesSizeInBytes=CounterResult{unit=BYTES, value=6747}, removedFilesSizeInBytes=null, totalFilesSizeInBytes=CounterResult{unit=BYTES, value=26979}, addedPositionalDeletes=null, removedPositionalDeletes=null, totalPositionalDeletes=CounterResult{unit=COUNT, value=0}, addedEqualityDeletes=null, removedEqualityDeletes=null, totalEqualityDeletes=CounterResult{unit=COUNT, value=0}}, metadata={iceberg-version=Apache Iceberg 1.8.0 (commit c277c2014a1b37fe755cfe37f173b6465bb8cb73)}}","time":"2025-05-07T07:01:10Z"}
{"level":"info","message":"[Java-Iceberg:50051] 12:31:10.853 [grpc-default-executor-0] INFO  io.debezium.server.iceberg.tableoperator.IcebergTableOperator - Successfully committed 1 events","time":"2025-05-07T07:01:10Z"}
{"level":"info","message":"[Java-Iceberg:50051] 12:31:10.859 [grpc-default-executor-0] INFO  org.apache.hadoop.io.compress.CodecPool - Got brand-new compressor [.zstd]","time":"2025-05-07T07:01:10Z"}
{"level":"info","message":"[Java-Iceberg:50051] 12:31:10.938 [grpc-default-executor-0] INFO  org.apache.iceberg.BaseMetastoreTableOperations - Successfully committed to table olake_iceberg.test_table_olake_1746601265 in 7 ms","time":"2025-05-07T07:01:10Z"}
{"level":"info","message":"[Java-Iceberg:50051] 12:31:10.938 [grpc-default-executor-0] INFO  org.apache.iceberg.SnapshotProducer - Committed snapshot 4815051175968388827 (MergeAppend)","time":"2025-05-07T07:01:10Z"}
{"level":"info","message":"[Java-Iceberg:50051] 12:31:10.944 [grpc-default-executor-0] INFO  org.apache.iceberg.BaseMetastoreTableOperations - Refreshing table metadata from new version: s3a://warehouse/olake_iceberg/test_table_olake_1746601265/metadata/00005-c9d08160-891d-4a3b-9492-8b2e25b62819.metadata.json","time":"2025-05-07T07:01:10Z"}
{"level":"info","message":"[Java-Iceberg:50051] 12:31:10.952 [grpc-default-executor-0] INFO  org.apache.iceberg.metrics.LoggingMetricsReporter - Received metrics report: CommitReport{tableName=olake_iceberg.olake_iceberg.test_table_olake_1746601265, snapshotId=4815051175968388827, sequenceNumber=5, operation=append, commitMetrics=CommitMetricsResult{totalDuration=TimerResult{timeUnit=NANOSECONDS, totalDuration=PT0.073320125S, count=1}, attempts=CounterResult{unit=COUNT, value=1}, addedDataFiles=CounterResult{unit=COUNT, value=1}, removedDataFiles=null, totalDataFiles=CounterResult{unit=COUNT, value=5}, addedDeleteFiles=null, addedEqualityDeleteFiles=null, addedPositionalDeleteFiles=null, addedDVs=null, removedDeleteFiles=null, removedEqualityDeleteFiles=null, removedPositionalDeleteFiles=null, removedDVs=null, totalDeleteFiles=CounterResult{unit=COUNT, value=0}, addedRecords=CounterResult{unit=COUNT, value=1}, removedRecords=null, totalRecords=CounterResult{unit=COUNT, value=5}, addedFilesSizeInBytes=CounterResult{unit=BYTES, value=6740}, removedFilesSizeInBytes=null, totalFilesSizeInBytes=CounterResult{unit=BYTES, value=33719}, addedPositionalDeletes=null, removedPositionalDeletes=null, totalPositionalDeletes=CounterResult{unit=COUNT, value=0}, addedEqualityDeletes=null, removedEqualityDeletes=null, totalEqualityDeletes=CounterResult{unit=COUNT, value=0}}, metadata={iceberg-version=Apache Iceberg 1.8.0 (commit c277c2014a1b37fe755cfe37f173b6465bb8cb73)}}","time":"2025-05-07T07:01:10Z"}
{"level":"info","message":"[Java-Iceberg:50051] 12:31:10.952 [grpc-default-executor-0] INFO  io.debezium.server.iceberg.tableoperator.IcebergTableOperator - Successfully committed 1 events","time":"2025-05-07T07:01:10Z"}
{"level":"info","message":"[Java-Iceberg:50051] 12:31:10.952 [grpc-default-executor-0] INFO  io.debezium.server.iceberg.rpc.OlakeRowsIngester - [Thread-23-281002386523916] Processing tables took: 1597 ms","time":"2025-05-07T07:01:10Z"}
{"level":"info","message":"[Java-Iceberg:50051] 12:31:10.958 [grpc-default-executor-0] INFO  io.debezium.server.iceberg.rpc.OlakeRowsIngester - [Thread-23-281002386523916] Total time taken: 1623 ms","time":"2025-05-07T07:01:10Z"}
{"level":"info","time":"2025-05-07T07:01:10Z","message":"Sent batch to Iceberg server: 5 records, response: [Thread-23-281002386523916] Received 5 messages"}
{"level":"info","time":"2025-05-07T07:01:10Z","message":"Shutting down Iceberg server on port 50051"}
{"level":"info","message":"Standard Replication is selected","time":"2025-05-07T07:03:33Z"}
{"level":"info","time":"2025-05-07T07:03:33Z","message":"Starting discover for Postgres database postgres"}
{"level":"info","time":"2025-05-07T07:03:33Z","message":"SystemID:7501591254541365286 Timeline:1 XLogPos:0/16E0C58 Database:postgres"}
{"level":"info","time":"2025-05-07T07:03:33Z","message":"Starting backfill for stream[test_table_olake_1746601265] with 1 chunks"}
{"level":"info","time":"2025-05-07T07:03:33Z","message":"Iceberg JAR file found in base directory: /Users/dukedhal/Desktop/olake/debezium-server-iceberg-sink.jar"}
{"level":"info","time":"2025-05-07T07:03:33Z","message":"Connected to new iceberg writer on port 50051 for stream public.test_table_olake_1746601265, configHash public.test_table_olake_1746601265-public-false"}
{"level":"info","time":"2025-05-07T07:03:33Z","message":"chunk[1] with min['(0,0)']-max['(4294967295,0)'] completed in 0.28 seconds"}
{"level":"info","time":"2025-05-07T07:03:33Z","message":"Started logical replication on slot[olake_slot]"}
{"level":"info","message":"[Java-Iceberg:50051] 12:33:34.458 [main] INFO  io.debezium.server.iceberg.OlakeRpcServer - Logs will be output to console only","time":"2025-05-07T07:03:34Z"}
{"level":"info","message":"[Java-Iceberg:50051] 12:33:34.497 [main] INFO  org.apache.iceberg.CatalogUtil - Loading custom FileIO implementation: org.apache.iceberg.io.ResolvingFileIO","time":"2025-05-07T07:03:34Z"}
{"level":"info","message":"[Java-Iceberg:50051] 12:33:34.672 [main] INFO  io.debezium.serde.json.JsonSerdeConfig - JsonSerdeConfig values: ","time":"2025-05-07T07:03:34Z"}
{"level":"info","message":"[Java-Iceberg:50051] \tfrom.field = null","time":"2025-05-07T07:03:34Z"}
{"level":"info","message":"[Java-Iceberg:50051] \tunknown.properties.ignored = false","time":"2025-05-07T07:03:34Z"}
{"level":"info","message":"[Java-Iceberg:50051] ","time":"2025-05-07T07:03:34Z"}
{"level":"info","message":"[Java-Iceberg:50051] 12:33:34.672 [main] INFO  io.debezium.serde.json.JsonSerdeConfig - JsonSerdeConfig values: ","time":"2025-05-07T07:03:34Z"}
{"level":"info","message":"[Java-Iceberg:50051] \tfrom.field = null","time":"2025-05-07T07:03:34Z"}
{"level":"info","message":"[Java-Iceberg:50051] \tunknown.properties.ignored = false","time":"2025-05-07T07:03:34Z"}
{"level":"info","message":"[Java-Iceberg:50051] ","time":"2025-05-07T07:03:34Z"}
{"level":"info","message":"[Java-Iceberg:50051] 12:33:34.792 [main] INFO  io.debezium.server.iceberg.OlakeRpcServer - Server started on port 50051 with max message size: 2000MB","time":"2025-05-07T07:03:34Z"}
{"level":"info","message":"[Java-Iceberg:50051] 12:33:34.993 [grpc-default-executor-0] INFO  io.debezium.server.iceberg.rpc.OlakeRowsIngester - [Thread-23-281148027695000] Parsing messages took: 19 ms","time":"2025-05-07T07:03:34Z"}
{"level":"info","message":"[Java-Iceberg:50051] 12:33:35.003 [grpc-default-executor-0] INFO  org.apache.iceberg.BaseMetastoreTableOperations - Refreshing table metadata from new version: s3a://warehouse/olake_iceberg/test_table_olake_1746601265/metadata/00005-c9d08160-891d-4a3b-9492-8b2e25b62819.metadata.json","time":"2025-05-07T07:03:35Z"}
{"level":"info","message":"[Java-Iceberg:50051] 12:33:35.005 [grpc-default-executor-0] INFO  org.apache.iceberg.CatalogUtil - Loading custom FileIO implementation: org.apache.iceberg.aws.s3.S3FileIO","time":"2025-05-07T07:03:35Z"}
{"level":"info","message":"[Java-Iceberg:50051] 12:33:35.422 [grpc-default-executor-0] INFO  org.apache.iceberg.BaseMetastoreCatalog - Table loaded by catalog: olake_iceberg.olake_iceberg.test_table_olake_1746601265","time":"2025-05-07T07:03:35Z"}
{"level":"info","message":"[Java-Iceberg:50051] 12:33:35.424 [grpc-default-executor-0] INFO  io.debezium.server.iceberg.tableoperator.IcebergTableOperator - Batch got 5 records with 5 different schema!!","time":"2025-05-07T07:03:35Z"}
{"level":"info","message":"[Java-Iceberg:50051] 12:33:35.473 [grpc-default-executor-0] INFO  org.apache.hadoop.io.compress.CodecPool - Got brand-new compressor [.zstd]","time":"2025-05-07T07:03:35Z"}
{"level":"info","message":"[Java-Iceberg:50051] 12:33:36.183 [grpc-default-executor-0] INFO  org.apache.iceberg.BaseMetastoreTableOperations - Successfully committed to table olake_iceberg.test_table_olake_1746601265 in 11 ms","time":"2025-05-07T07:03:36Z"}
{"level":"info","message":"[Java-Iceberg:50051] 12:33:36.183 [grpc-default-executor-0] INFO  org.apache.iceberg.SnapshotProducer - Committed snapshot 3300638272174449668 (MergeAppend)","time":"2025-05-07T07:03:36Z"}
{"level":"info","message":"[Java-Iceberg:50051] 12:33:36.192 [grpc-default-executor-0] INFO  org.apache.iceberg.BaseMetastoreTableOperations - Refreshing table metadata from new version: s3a://warehouse/olake_iceberg/test_table_olake_1746601265/metadata/00006-c5f47265-6df2-488a-90e6-24a609596f71.metadata.json","time":"2025-05-07T07:03:36Z"}
{"level":"info","message":"[Java-Iceberg:50051] 12:33:36.199 [grpc-default-executor-0] INFO  org.apache.iceberg.metrics.LoggingMetricsReporter - Received metrics report: CommitReport{tableName=olake_iceberg.olake_iceberg.test_table_olake_1746601265, snapshotId=3300638272174449668, sequenceNumber=6, operation=append, commitMetrics=CommitMetricsResult{totalDuration=TimerResult{timeUnit=NANOSECONDS, totalDuration=PT0.290700917S, count=1}, attempts=CounterResult{unit=COUNT, value=1}, addedDataFiles=CounterResult{unit=COUNT, value=1}, removedDataFiles=null, totalDataFiles=CounterResult{unit=COUNT, value=6}, addedDeleteFiles=null, addedEqualityDeleteFiles=null, addedPositionalDeleteFiles=null, addedDVs=null, removedDeleteFiles=null, removedEqualityDeleteFiles=null, removedPositionalDeleteFiles=null, removedDVs=null, totalDeleteFiles=CounterResult{unit=COUNT, value=0}, addedRecords=CounterResult{unit=COUNT, value=1}, removedRecords=null, totalRecords=CounterResult{unit=COUNT, value=6}, addedFilesSizeInBytes=CounterResult{unit=BYTES, value=6740}, removedFilesSizeInBytes=null, totalFilesSizeInBytes=CounterResult{unit=BYTES, value=40459}, addedPositionalDeletes=null, removedPositionalDeletes=null, totalPositionalDeletes=CounterResult{unit=COUNT, value=0}, addedEqualityDeletes=null, removedEqualityDeletes=null, totalEqualityDeletes=CounterResult{unit=COUNT, value=0}}, metadata={iceberg-version=Apache Iceberg 1.8.0 (commit c277c2014a1b37fe755cfe37f173b6465bb8cb73)}}","time":"2025-05-07T07:03:36Z"}
{"level":"info","message":"[Java-Iceberg:50051] 12:33:36.216 [grpc-default-executor-0] INFO  io.debezium.server.iceberg.tableoperator.IcebergTableOperator - Successfully committed 1 events","time":"2025-05-07T07:03:36Z"}
{"level":"info","message":"[Java-Iceberg:50051] 12:33:36.227 [grpc-default-executor-0] INFO  org.apache.hadoop.io.compress.CodecPool - Got brand-new compressor [.zstd]","time":"2025-05-07T07:03:36Z"}
{"level":"info","message":"[Java-Iceberg:50051] 12:33:36.337 [grpc-default-executor-0] INFO  org.apache.iceberg.BaseMetastoreTableOperations - Successfully committed to table olake_iceberg.test_table_olake_1746601265 in 8 ms","time":"2025-05-07T07:03:36Z"}
{"level":"info","message":"[Java-Iceberg:50051] 12:33:36.337 [grpc-default-executor-0] INFO  org.apache.iceberg.SnapshotProducer - Committed snapshot 1519497088098900193 (MergeAppend)","time":"2025-05-07T07:03:36Z"}
{"level":"info","message":"[Java-Iceberg:50051] 12:33:36.345 [grpc-default-executor-0] INFO  org.apache.iceberg.BaseMetastoreTableOperations - Refreshing table metadata from new version: s3a://warehouse/olake_iceberg/test_table_olake_1746601265/metadata/00007-037aceb7-a45e-4148-b90d-463fd387ea46.metadata.json","time":"2025-05-07T07:03:36Z"}
{"level":"info","message":"[Java-Iceberg:50051] 12:33:36.349 [grpc-default-executor-0] INFO  org.apache.iceberg.metrics.LoggingMetricsReporter - Received metrics report: CommitReport{tableName=olake_iceberg.olake_iceberg.test_table_olake_1746601265, snapshotId=1519497088098900193, sequenceNumber=7, operation=append, commitMetrics=CommitMetricsResult{totalDuration=TimerResult{timeUnit=NANOSECONDS, totalDuration=PT0.097646291S, count=1}, attempts=CounterResult{unit=COUNT, value=1}, addedDataFiles=CounterResult{unit=COUNT, value=1}, removedDataFiles=null, totalDataFiles=CounterResult{unit=COUNT, value=7}, addedDeleteFiles=null, addedEqualityDeleteFiles=null, addedPositionalDeleteFiles=null, addedDVs=null, removedDeleteFiles=null, removedEqualityDeleteFiles=null, removedPositionalDeleteFiles=null, removedDVs=null, totalDeleteFiles=CounterResult{unit=COUNT, value=0}, addedRecords=CounterResult{unit=COUNT, value=1}, removedRecords=null, totalRecords=CounterResult{unit=COUNT, value=7}, addedFilesSizeInBytes=CounterResult{unit=BYTES, value=6747}, removedFilesSizeInBytes=null, totalFilesSizeInBytes=CounterResult{unit=BYTES, value=47206}, addedPositionalDeletes=null, removedPositionalDeletes=null, totalPositionalDeletes=CounterResult{unit=COUNT, value=0}, addedEqualityDeletes=null, removedEqualityDeletes=null, totalEqualityDeletes=CounterResult{unit=COUNT, value=0}}, metadata={iceberg-version=Apache Iceberg 1.8.0 (commit c277c2014a1b37fe755cfe37f173b6465bb8cb73)}}","time":"2025-05-07T07:03:36Z"}
{"level":"info","message":"[Java-Iceberg:50051] 12:33:36.349 [grpc-default-executor-0] INFO  io.debezium.server.iceberg.tableoperator.IcebergTableOperator - Successfully committed 1 events","time":"2025-05-07T07:03:36Z"}
{"level":"info","message":"[Java-Iceberg:50051] 12:33:36.356 [grpc-default-executor-0] INFO  org.apache.hadoop.io.compress.CodecPool - Got brand-new compressor [.zstd]","time":"2025-05-07T07:03:36Z"}
{"level":"info","message":"[Java-Iceberg:50051] 12:33:36.439 [grpc-default-executor-0] INFO  org.apache.iceberg.BaseMetastoreTableOperations - Successfully committed to table olake_iceberg.test_table_olake_1746601265 in 7 ms","time":"2025-05-07T07:03:36Z"}
{"level":"info","message":"[Java-Iceberg:50051] 12:33:36.440 [grpc-default-executor-0] INFO  org.apache.iceberg.SnapshotProducer - Committed snapshot 6949405241745215244 (MergeAppend)","time":"2025-05-07T07:03:36Z"}
{"level":"info","message":"[Java-Iceberg:50051] 12:33:36.447 [grpc-default-executor-0] INFO  org.apache.iceberg.BaseMetastoreTableOperations - Refreshing table metadata from new version: s3a://warehouse/olake_iceberg/test_table_olake_1746601265/metadata/00008-148700f3-a6e0-4404-a97f-600d44a4660e.metadata.json","time":"2025-05-07T07:03:36Z"}
{"level":"info","message":"[Java-Iceberg:50051] 12:33:36.451 [grpc-default-executor-0] INFO  org.apache.iceberg.metrics.LoggingMetricsReporter - Received metrics report: CommitReport{tableName=olake_iceberg.olake_iceberg.test_table_olake_1746601265, snapshotId=6949405241745215244, sequenceNumber=8, operation=append, commitMetrics=CommitMetricsResult{totalDuration=TimerResult{timeUnit=NANOSECONDS, totalDuration=PT0.077385792S, count=1}, attempts=CounterResult{unit=COUNT, value=1}, addedDataFiles=CounterResult{unit=COUNT, value=1}, removedDataFiles=null, totalDataFiles=CounterResult{unit=COUNT, value=8}, addedDeleteFiles=null, addedEqualityDeleteFiles=null, addedPositionalDeleteFiles=null, addedDVs=null, removedDeleteFiles=null, removedEqualityDeleteFiles=null, removedPositionalDeleteFiles=null, removedDVs=null, totalDeleteFiles=CounterResult{unit=COUNT, value=0}, addedRecords=CounterResult{unit=COUNT, value=1}, removedRecords=null, totalRecords=CounterResult{unit=COUNT, value=8}, addedFilesSizeInBytes=CounterResult{unit=BYTES, value=6745}, removedFilesSizeInBytes=null, totalFilesSizeInBytes=CounterResult{unit=BYTES, value=53951}, addedPositionalDeletes=null, removedPositionalDeletes=null, totalPositionalDeletes=CounterResult{unit=COUNT, value=0}, addedEqualityDeletes=null, removedEqualityDeletes=null, totalEqualityDeletes=CounterResult{unit=COUNT, value=0}}, metadata={iceberg-version=Apache Iceberg 1.8.0 (commit c277c2014a1b37fe755cfe37f173b6465bb8cb73)}}","time":"2025-05-07T07:03:36Z"}
{"level":"info","message":"[Java-Iceberg:50051] 12:33:36.451 [grpc-default-executor-0] INFO  io.debezium.server.iceberg.tableoperator.IcebergTableOperator - Successfully committed 1 events","time":"2025-05-07T07:03:36Z"}
{"level":"info","message":"[Java-Iceberg:50051] 12:33:36.456 [grpc-default-executor-0] INFO  org.apache.hadoop.io.compress.CodecPool - Got brand-new compressor [.zstd]","time":"2025-05-07T07:03:36Z"}
{"level":"info","message":"[Java-Iceberg:50051] 12:33:36.540 [grpc-default-executor-0] INFO  org.apache.iceberg.BaseMetastoreTableOperations - Successfully committed to table olake_iceberg.test_table_olake_1746601265 in 7 ms","time":"2025-05-07T07:03:36Z"}
{"level":"info","message":"[Java-Iceberg:50051] 12:33:36.540 [grpc-default-executor-0] INFO  org.apache.iceberg.SnapshotProducer - Committed snapshot 8021583597299303846 (MergeAppend)","time":"2025-05-07T07:03:36Z"}
{"level":"info","message":"[Java-Iceberg:50051] 12:33:36.547 [grpc-default-executor-0] INFO  org.apache.iceberg.BaseMetastoreTableOperations - Refreshing table metadata from new version: s3a://warehouse/olake_iceberg/test_table_olake_1746601265/metadata/00009-deec144c-1dc1-42fd-929b-eb700b984507.metadata.json","time":"2025-05-07T07:03:36Z"}
{"level":"info","message":"[Java-Iceberg:50051] 12:33:36.553 [grpc-default-executor-0] INFO  org.apache.iceberg.metrics.LoggingMetricsReporter - Received metrics report: CommitReport{tableName=olake_iceberg.olake_iceberg.test_table_olake_1746601265, snapshotId=8021583597299303846, sequenceNumber=9, operation=append, commitMetrics=CommitMetricsResult{totalDuration=TimerResult{timeUnit=NANOSECONDS, totalDuration=PT0.076951167S, count=1}, attempts=CounterResult{unit=COUNT, value=1}, addedDataFiles=CounterResult{unit=COUNT, value=1}, removedDataFiles=null, totalDataFiles=CounterResult{unit=COUNT, value=9}, addedDeleteFiles=null, addedEqualityDeleteFiles=null, addedPositionalDeleteFiles=null, addedDVs=null, removedDeleteFiles=null, removedEqualityDeleteFiles=null, removedPositionalDeleteFiles=null, removedDVs=null, totalDeleteFiles=CounterResult{unit=COUNT, value=0}, addedRecords=CounterResult{unit=COUNT, value=1}, removedRecords=null, totalRecords=CounterResult{unit=COUNT, value=9}, addedFilesSizeInBytes=CounterResult{unit=BYTES, value=6747}, removedFilesSizeInBytes=null, totalFilesSizeInBytes=CounterResult{unit=BYTES, value=60698}, addedPositionalDeletes=null, removedPositionalDeletes=null, totalPositionalDeletes=CounterResult{unit=COUNT, value=0}, addedEqualityDeletes=null, removedEqualityDeletes=null, totalEqualityDeletes=CounterResult{unit=COUNT, value=0}}, metadata={iceberg-version=Apache Iceberg 1.8.0 (commit c277c2014a1b37fe755cfe37f173b6465bb8cb73)}}","time":"2025-05-07T07:03:36Z"}
{"level":"info","message":"[Java-Iceberg:50051] 12:33:36.553 [grpc-default-executor-0] INFO  io.debezium.server.iceberg.tableoperator.IcebergTableOperator - Successfully committed 1 events","time":"2025-05-07T07:03:36Z"}
{"level":"info","message":"[Java-Iceberg:50051] 12:33:36.558 [grpc-default-executor-0] INFO  org.apache.hadoop.io.compress.CodecPool - Got brand-new compressor [.zstd]","time":"2025-05-07T07:03:36Z"}
{"level":"info","message":"[Java-Iceberg:50051] 12:33:36.642 [grpc-default-executor-0] INFO  org.apache.iceberg.BaseMetastoreTableOperations - Successfully committed to table olake_iceberg.test_table_olake_1746601265 in 8 ms","time":"2025-05-07T07:03:36Z"}
{"level":"info","message":"[Java-Iceberg:50051] 12:33:36.642 [grpc-default-executor-0] INFO  org.apache.iceberg.SnapshotProducer - Committed snapshot 2636297421160211830 (MergeAppend)","time":"2025-05-07T07:03:36Z"}
{"level":"info","message":"[Java-Iceberg:50051] 12:33:36.649 [grpc-default-executor-0] INFO  org.apache.iceberg.BaseMetastoreTableOperations - Refreshing table metadata from new version: s3a://warehouse/olake_iceberg/test_table_olake_1746601265/metadata/00010-f6fc021c-ec15-4110-aa8e-86428fb728f4.metadata.json","time":"2025-05-07T07:03:36Z"}
{"level":"info","message":"[Java-Iceberg:50051] 12:33:36.652 [grpc-default-executor-0] INFO  org.apache.iceberg.metrics.LoggingMetricsReporter - Received metrics report: CommitReport{tableName=olake_iceberg.olake_iceberg.test_table_olake_1746601265, snapshotId=2636297421160211830, sequenceNumber=10, operation=append, commitMetrics=CommitMetricsResult{totalDuration=TimerResult{timeUnit=NANOSECONDS, totalDuration=PT0.078965333S, count=1}, attempts=CounterResult{unit=COUNT, value=1}, addedDataFiles=CounterResult{unit=COUNT, value=1}, removedDataFiles=null, totalDataFiles=CounterResult{unit=COUNT, value=10}, addedDeleteFiles=null, addedEqualityDeleteFiles=null, addedPositionalDeleteFiles=null, addedDVs=null, removedDeleteFiles=null, removedEqualityDeleteFiles=null, removedPositionalDeleteFiles=null, removedDVs=null, totalDeleteFiles=CounterResult{unit=COUNT, value=0}, addedRecords=CounterResult{unit=COUNT, value=1}, removedRecords=null, totalRecords=CounterResult{unit=COUNT, value=10}, addedFilesSizeInBytes=CounterResult{unit=BYTES, value=6740}, removedFilesSizeInBytes=null, totalFilesSizeInBytes=CounterResult{unit=BYTES, value=67438}, addedPositionalDeletes=null, removedPositionalDeletes=null, totalPositionalDeletes=CounterResult{unit=COUNT, value=0}, addedEqualityDeletes=null, removedEqualityDeletes=null, totalEqualityDeletes=CounterResult{unit=COUNT, value=0}}, metadata={iceberg-version=Apache Iceberg 1.8.0 (commit c277c2014a1b37fe755cfe37f173b6465bb8cb73)}}","time":"2025-05-07T07:03:36Z"}
{"level":"info","message":"[Java-Iceberg:50051] 12:33:36.653 [grpc-default-executor-0] INFO  io.debezium.server.iceberg.tableoperator.IcebergTableOperator - Successfully committed 1 events","time":"2025-05-07T07:03:36Z"}
{"level":"info","message":"[Java-Iceberg:50051] 12:33:36.653 [grpc-default-executor-0] INFO  io.debezium.server.iceberg.rpc.OlakeRowsIngester - [Thread-23-281148027695000] Processing tables took: 1660 ms","time":"2025-05-07T07:03:36Z"}
{"level":"info","message":"[Java-Iceberg:50051] 12:33:36.658 [grpc-default-executor-0] INFO  io.debezium.server.iceberg.rpc.OlakeRowsIngester - [Thread-23-281148027695000] Total time taken: 1684 ms","time":"2025-05-07T07:03:36Z"}
{"level":"info","time":"2025-05-07T07:03:36Z","message":"Sent batch to Iceberg server: 5 records, response: [Thread-23-281148027695000] Received 5 messages"}
{"level":"info","time":"2025-05-07T07:03:36Z","message":"Shutting down Iceberg server on port 50051"}
{"level":"info","time":"2025-05-07T07:03:36Z","message":"Iceberg JAR file found in base directory: /Users/dukedhal/Desktop/olake/debezium-server-iceberg-sink.jar"}
{"level":"info","time":"2025-05-07T07:03:36Z","message":"Connected to new iceberg writer on port 50051 for stream public.test_table_olake_1746601265, configHash public.test_table_olake_1746601265-public-true"}
{"level":"info","message":"[Java-Iceberg:50051] 12:33:37.158 [main] INFO  io.debezium.server.iceberg.OlakeRpcServer - Logs will be output to console only","time":"2025-05-07T07:03:37Z"}
{"level":"info","message":"[Java-Iceberg:50051] 12:33:37.194 [main] INFO  org.apache.iceberg.CatalogUtil - Loading custom FileIO implementation: org.apache.iceberg.io.ResolvingFileIO","time":"2025-05-07T07:03:37Z"}
{"level":"info","message":"[Java-Iceberg:50051] 12:33:37.336 [main] INFO  io.debezium.serde.json.JsonSerdeConfig - JsonSerdeConfig values: ","time":"2025-05-07T07:03:37Z"}
{"level":"info","message":"[Java-Iceberg:50051] \tfrom.field = null","time":"2025-05-07T07:03:37Z"}
{"level":"info","message":"[Java-Iceberg:50051] \tunknown.properties.ignored = false","time":"2025-05-07T07:03:37Z"}
{"level":"info","message":"[Java-Iceberg:50051] ","time":"2025-05-07T07:03:37Z"}
{"level":"info","message":"[Java-Iceberg:50051] 12:33:37.336 [main] INFO  io.debezium.serde.json.JsonSerdeConfig - JsonSerdeConfig values: ","time":"2025-05-07T07:03:37Z"}
{"level":"info","message":"[Java-Iceberg:50051] \tfrom.field = null","time":"2025-05-07T07:03:37Z"}
{"level":"info","message":"[Java-Iceberg:50051] \tunknown.properties.ignored = false","time":"2025-05-07T07:03:37Z"}
{"level":"info","message":"[Java-Iceberg:50051] ","time":"2025-05-07T07:03:37Z"}
{"level":"info","message":"[Java-Iceberg:50051] 12:33:37.464 [main] INFO  io.debezium.server.iceberg.OlakeRpcServer - Server started on port 50051 with max message size: 2000MB","time":"2025-05-07T07:03:37Z"}
{"level":"debug","time":"2025-05-07T07:03:44Z","message":"Idle timeout reached while waiting for new messages"}
{"level":"debug","time":"2025-05-07T07:03:44Z","message":"sent standby status message at LSN#0/16E0F33"}
{"level":"info","message":"[Java-Iceberg:50051] 12:33:44.524 [grpc-default-executor-0] INFO  io.debezium.server.iceberg.rpc.OlakeRowsIngester - [Thread-23-281157554797875] Parsing messages took: 23 ms","time":"2025-05-07T07:03:44Z"}
{"level":"info","message":"[Java-Iceberg:50051] 12:33:44.532 [grpc-default-executor-0] INFO  org.apache.iceberg.BaseMetastoreTableOperations - Refreshing table metadata from new version: s3a://warehouse/olake_iceberg/test_table_olake_1746601265/metadata/00010-f6fc021c-ec15-4110-aa8e-86428fb728f4.metadata.json","time":"2025-05-07T07:03:44Z"}
{"level":"info","message":"[Java-Iceberg:50051] 12:33:44.534 [grpc-default-executor-0] INFO  org.apache.iceberg.CatalogUtil - Loading custom FileIO implementation: org.apache.iceberg.aws.s3.S3FileIO","time":"2025-05-07T07:03:44Z"}
{"level":"info","message":"[Java-Iceberg:50051] 12:33:44.977 [grpc-default-executor-0] INFO  org.apache.iceberg.BaseMetastoreCatalog - Table loaded by catalog: olake_iceberg.olake_iceberg.test_table_olake_1746601265","time":"2025-05-07T07:03:44Z"}
{"level":"info","message":"[Java-Iceberg:50051] 12:33:44.983 [grpc-default-executor-0] INFO  io.debezium.server.iceberg.tableoperator.IcebergTableOperator - Batch got 6 records with 6 different schema!!","time":"2025-05-07T07:03:44Z"}
{"level":"info","message":"[Java-Iceberg:50051] 12:33:44.988 [grpc-default-executor-0] ERROR io.debezium.server.iceberg.rpc.OlakeRowsIngester - [Thread-23-281157554797875] Failed to process table events for table: test_table_olake_1746601265","time":"2025-05-07T07:03:44Z"}
{"level":"info","message":"[Java-Iceberg:50051] java.lang.IllegalArgumentException: Cannot change column type: id: long -> double","time":"2025-05-07T07:03:44Z"}
{"level":"info","message":"[Java-Iceberg:50051] \tat org.apache.iceberg.relocated.com.google.common.base.Preconditions.checkArgument(Preconditions.java:464) ~[debezium-server-iceberg-sink.jar:?]","time":"2025-05-07T07:03:44Z"}
{"level":"info","message":"[Java-Iceberg:50051] \tat org.apache.iceberg.SchemaUpdate.updateColumn(SchemaUpdate.java:287) ~[debezium-server-iceberg-sink.jar:?]","time":"2025-05-07T07:03:44Z"}
{"level":"info","message":"[Java-Iceberg:50051] \tat org.apache.iceberg.schema.UnionByNameVisitor.updateColumn(UnionByNameVisitor.java:175) ~[debezium-server-iceberg-sink.jar:?]","time":"2025-05-07T07:03:44Z"}
{"level":"info","message":"[Java-Iceberg:50051] \tat org.apache.iceberg.schema.UnionByNameVisitor.lambda$struct$0(UnionByNameVisitor.java:99) ~[debezium-server-iceberg-sink.jar:?]","time":"2025-05-07T07:03:44Z"}
{"level":"info","message":"[Java-Iceberg:50051] \tat java.base/java.util.stream.Streams$RangeIntSpliterator.forEachRemaining(Streams.java:104) ~[?:?]","time":"2025-05-07T07:03:44Z"}
{"level":"info","message":"[Java-Iceberg:50051] \tat java.base/java.util.stream.IntPipeline$Head.forEach(IntPipeline.java:617) ~[?:?]","time":"2025-05-07T07:03:44Z"}
{"level":"info","message":"[Java-Iceberg:50051] \tat org.apache.iceberg.schema.UnionByNameVisitor.struct(UnionByNameVisitor.java:88) ~[debezium-server-iceberg-sink.jar:?]","time":"2025-05-07T07:03:44Z"}
{"level":"info","message":"[Java-Iceberg:50051] \tat org.apache.iceberg.schema.UnionByNameVisitor.struct(UnionByNameVisitor.java:34) ~[debezium-server-iceberg-sink.jar:?]","time":"2025-05-07T07:03:44Z"}
{"level":"info","message":"[Java-Iceberg:50051] \tat org.apache.iceberg.schema.SchemaWithPartnerVisitor.visit(SchemaWithPartnerVisitor.java:68) ~[debezium-server-iceberg-sink.jar:?]","time":"2025-05-07T07:03:44Z"}
{"level":"info","message":"[Java-Iceberg:50051] \tat org.apache.iceberg.schema.SchemaWithPartnerVisitor.visit(SchemaWithPartnerVisitor.java:45) ~[debezium-server-iceberg-sink.jar:?]","time":"2025-05-07T07:03:44Z"}
{"level":"info","message":"[Java-Iceberg:50051] \tat org.apache.iceberg.schema.UnionByNameVisitor.visit(UnionByNameVisitor.java:71) ~[debezium-server-iceberg-sink.jar:?]","time":"2025-05-07T07:03:44Z"}
{"level":"info","message":"[Java-Iceberg:50051] \tat org.apache.iceberg.SchemaUpdate.unionByNameWith(SchemaUpdate.java:373) ~[debezium-server-iceberg-sink.jar:?]","time":"2025-05-07T07:03:44Z"}
{"level":"info","message":"[Java-Iceberg:50051] \tat io.debezium.server.iceberg.tableoperator.IcebergTableOperator.applyFieldAddition(IcebergTableOperator.java:154) ~[debezium-server-iceberg-sink.jar:?]","time":"2025-05-07T07:03:44Z"}
{"level":"info","message":"[Java-Iceberg:50051] \tat io.debezium.server.iceberg.tableoperator.IcebergTableOperator.addToTable(IcebergTableOperator.java:197) ~[debezium-server-iceberg-sink.jar:?]","time":"2025-05-07T07:03:44Z"}
{"level":"info","message":"[Java-Iceberg:50051] \tat io.debezium.server.iceberg.rpc.OlakeRowsIngester.sendRecords(OlakeRowsIngester.java:90) [debezium-server-iceberg-sink.jar:?]","time":"2025-05-07T07:03:44Z"}
{"level":"info","message":"[Java-Iceberg:50051] \tat io.debezium.server.iceberg.rpc.RecordIngestServiceGrpc$MethodHandlers.invoke(RecordIngestServiceGrpc.java:232) [debezium-server-iceberg-sink.jar:?]","time":"2025-05-07T07:03:44Z"}
{"level":"info","message":"[Java-Iceberg:50051] \tat io.grpc.stub.ServerCalls$UnaryServerCallHandler$UnaryServerCallListener.onHalfClose(ServerCalls.java:182) [debezium-server-iceberg-sink.jar:?]","time":"2025-05-07T07:03:44Z"}
{"level":"info","message":"[Java-Iceberg:50051] \tat io.grpc.internal.ServerCallImpl$ServerStreamListenerImpl.halfClosed(ServerCallImpl.java:356) [debezium-server-iceberg-sink.jar:?]","time":"2025-05-07T07:03:44Z"}
{"level":"info","message":"[Java-Iceberg:50051] \tat io.grpc.internal.ServerImpl$JumpToApplicationThreadServerStreamListener$1HalfClosed.runInContext(ServerImpl.java:861) [debezium-server-iceberg-sink.jar:?]","time":"2025-05-07T07:03:44Z"}
{"level":"info","message":"[Java-Iceberg:50051] \tat io.grpc.internal.ContextRunnable.run(ContextRunnable.java:37) [debezium-server-iceberg-sink.jar:?]","time":"2025-05-07T07:03:44Z"}
{"level":"info","message":"[Java-Iceberg:50051] \tat io.grpc.internal.SerializingExecutor.run(SerializingExecutor.java:133) [debezium-server-iceberg-sink.jar:?]","time":"2025-05-07T07:03:44Z"}
{"level":"info","message":"[Java-Iceberg:50051] \tat java.base/java.util.concurrent.ThreadPoolExecutor.runWorker(ThreadPoolExecutor.java:1136) [?:?]","time":"2025-05-07T07:03:44Z"}
{"level":"info","message":"[Java-Iceberg:50051] \tat java.base/java.util.concurrent.ThreadPoolExecutor$Worker.run(ThreadPoolExecutor.java:635) [?:?]","time":"2025-05-07T07:03:44Z"}
{"level":"info","message":"[Java-Iceberg:50051] \tat java.base/java.lang.Thread.run(Thread.java:842) [?:?]","time":"2025-05-07T07:03:44Z"}
{"level":"info","message":"[Java-Iceberg:50051] 12:33:44.990 [grpc-default-executor-0] ERROR io.debezium.server.iceberg.rpc.OlakeRowsIngester - [Thread-23-281157554797875] Failed to process request: Cannot change column type: id: long -> double","time":"2025-05-07T07:03:44Z"}
{"level":"info","message":"[Java-Iceberg:50051] java.lang.IllegalArgumentException: Cannot change column type: id: long -> double","time":"2025-05-07T07:03:44Z"}
{"level":"info","message":"[Java-Iceberg:50051] \tat org.apache.iceberg.relocated.com.google.common.base.Preconditions.checkArgument(Preconditions.java:464) ~[debezium-server-iceberg-sink.jar:?]","time":"2025-05-07T07:03:44Z"}
{"level":"info","message":"[Java-Iceberg:50051] \tat org.apache.iceberg.SchemaUpdate.updateColumn(SchemaUpdate.java:287) ~[debezium-server-iceberg-sink.jar:?]","time":"2025-05-07T07:03:44Z"}
{"level":"info","message":"[Java-Iceberg:50051] \tat org.apache.iceberg.schema.UnionByNameVisitor.updateColumn(UnionByNameVisitor.java:175) ~[debezium-server-iceberg-sink.jar:?]","time":"2025-05-07T07:03:44Z"}
{"level":"info","message":"[Java-Iceberg:50051] \tat org.apache.iceberg.schema.UnionByNameVisitor.lambda$struct$0(UnionByNameVisitor.java:99) ~[debezium-server-iceberg-sink.jar:?]","time":"2025-05-07T07:03:44Z"}
{"level":"info","message":"[Java-Iceberg:50051] \tat java.base/java.util.stream.Streams$RangeIntSpliterator.forEachRemaining(Streams.java:104) ~[?:?]","time":"2025-05-07T07:03:44Z"}
{"level":"info","message":"[Java-Iceberg:50051] \tat java.base/java.util.stream.IntPipeline$Head.forEach(IntPipeline.java:617) ~[?:?]","time":"2025-05-07T07:03:44Z"}
{"level":"info","message":"[Java-Iceberg:50051] \tat org.apache.iceberg.schema.UnionByNameVisitor.struct(UnionByNameVisitor.java:88) ~[debezium-server-iceberg-sink.jar:?]","time":"2025-05-07T07:03:44Z"}
{"level":"info","message":"[Java-Iceberg:50051] \tat org.apache.iceberg.schema.UnionByNameVisitor.struct(UnionByNameVisitor.java:34) ~[debezium-server-iceberg-sink.jar:?]","time":"2025-05-07T07:03:44Z"}
{"level":"info","message":"[Java-Iceberg:50051] \tat org.apache.iceberg.schema.SchemaWithPartnerVisitor.visit(SchemaWithPartnerVisitor.java:68) ~[debezium-server-iceberg-sink.jar:?]","time":"2025-05-07T07:03:44Z"}
{"level":"info","message":"[Java-Iceberg:50051] \tat org.apache.iceberg.schema.SchemaWithPartnerVisitor.visit(SchemaWithPartnerVisitor.java:45) ~[debezium-server-iceberg-sink.jar:?]","time":"2025-05-07T07:03:44Z"}
{"level":"info","message":"[Java-Iceberg:50051] \tat org.apache.iceberg.schema.UnionByNameVisitor.visit(UnionByNameVisitor.java:71) ~[debezium-server-iceberg-sink.jar:?]","time":"2025-05-07T07:03:44Z"}
{"level":"info","message":"[Java-Iceberg:50051] \tat org.apache.iceberg.SchemaUpdate.unionByNameWith(SchemaUpdate.java:373) ~[debezium-server-iceberg-sink.jar:?]","time":"2025-05-07T07:03:44Z"}
{"level":"info","message":"[Java-Iceberg:50051] \tat io.debezium.server.iceberg.tableoperator.IcebergTableOperator.applyFieldAddition(IcebergTableOperator.java:154) ~[debezium-server-iceberg-sink.jar:?]","time":"2025-05-07T07:03:44Z"}
{"level":"info","message":"[Java-Iceberg:50051] \tat io.debezium.server.iceberg.tableoperator.IcebergTableOperator.addToTable(IcebergTableOperator.java:197) ~[debezium-server-iceberg-sink.jar:?]","time":"2025-05-07T07:03:44Z"}
{"level":"info","message":"[Java-Iceberg:50051] \tat io.debezium.server.iceberg.rpc.OlakeRowsIngester.sendRecords(OlakeRowsIngester.java:90) [debezium-server-iceberg-sink.jar:?]","time":"2025-05-07T07:03:44Z"}
{"level":"info","message":"[Java-Iceberg:50051] \tat io.debezium.server.iceberg.rpc.RecordIngestServiceGrpc$MethodHandlers.invoke(RecordIngestServiceGrpc.java:232) [debezium-server-iceberg-sink.jar:?]","time":"2025-05-07T07:03:44Z"}
{"level":"info","message":"[Java-Iceberg:50051] \tat io.grpc.stub.ServerCalls$UnaryServerCallHandler$UnaryServerCallListener.onHalfClose(ServerCalls.java:182) [debezium-server-iceberg-sink.jar:?]","time":"2025-05-07T07:03:44Z"}
{"level":"info","message":"[Java-Iceberg:50051] \tat io.grpc.internal.ServerCallImpl$ServerStreamListenerImpl.halfClosed(ServerCallImpl.java:356) [debezium-server-iceberg-sink.jar:?]","time":"2025-05-07T07:03:44Z"}
{"level":"info","message":"[Java-Iceberg:50051] \tat io.grpc.internal.ServerImpl$JumpToApplicationThreadServerStreamListener$1HalfClosed.runInContext(ServerImpl.java:861) [debezium-server-iceberg-sink.jar:?]","time":"2025-05-07T07:03:44Z"}
{"level":"info","message":"[Java-Iceberg:50051] \tat io.grpc.internal.ContextRunnable.run(ContextRunnable.java:37) [debezium-server-iceberg-sink.jar:?]","time":"2025-05-07T07:03:44Z"}
{"level":"info","message":"[Java-Iceberg:50051] \tat io.grpc.internal.SerializingExecutor.run(SerializingExecutor.java:133) [debezium-server-iceberg-sink.jar:?]","time":"2025-05-07T07:03:44Z"}
{"level":"info","message":"[Java-Iceberg:50051] \tat java.base/java.util.concurrent.ThreadPoolExecutor.runWorker(ThreadPoolExecutor.java:1136) [?:?]","time":"2025-05-07T07:03:44Z"}
{"level":"info","message":"[Java-Iceberg:50051] \tat java.base/java.util.concurrent.ThreadPoolExecutor$Worker.run(ThreadPoolExecutor.java:635) [?:?]","time":"2025-05-07T07:03:44Z"}
{"level":"info","message":"[Java-Iceberg:50051] \tat java.base/java.lang.Thread.run(Thread.java:842) [?:?]","time":"2025-05-07T07:03:44Z"}
{"level":"info","time":"2025-05-07T07:03:44Z","message":"Error flushing batch on close: failed to send batch: rpc error: code = Internal desc = [Thread-23-281157554797875] Failed to process request: Cannot change column type: id: long -> double"}
