{"level":"info","time":"2025-05-07T07:44:55Z","message":"System has 16GB RAM, setting iceberg writer batch size to 419430400 bytes"}
{"level":"info","message":"Standard Replication is selected","time":"2025-05-07T07:44:55Z"}
{"level":"info","message":"Standard Replication is selected","time":"2025-05-07T07:44:55Z"}
{"level":"info","message":"Standard Replication is selected","time":"2025-05-07T07:44:55Z"}
{"level":"info","time":"2025-05-07T07:44:55Z","message":"Starting discover for Postgres database postgres"}
{"level":"info","message":"Standard Replication is selected","time":"2025-05-07T07:44:55Z"}
{"level":"info","time":"2025-05-07T07:44:55Z","message":"Iceberg JAR file found in base directory: /Users/dukedhal/Desktop/olake/debezium-server-iceberg-sink.jar"}
{"level":"info","time":"2025-05-07T07:44:55Z","message":"Connected to new iceberg writer on port 50051 for stream check_01JTMV8TRKJCJZ8FD588ETBP8D, configHash check_01JTMV8TRKJCJZ8FD588ETBP8D-check-false"}
{"level":"info","message":"[Java-Iceberg:50051] 13:14:56.107 [main] INFO  io.debezium.server.iceberg.OlakeRpcServer - Logs will be output to console only","time":"2025-05-07T07:44:56Z"}
{"level":"info","message":"[Java-Iceberg:50051] 13:14:56.143 [main] INFO  org.apache.iceberg.CatalogUtil - Loading custom FileIO implementation: org.apache.iceberg.io.ResolvingFileIO","time":"2025-05-07T07:44:56Z"}
{"level":"info","message":"[Java-Iceberg:50051] 13:14:56.310 [main] INFO  io.debezium.serde.json.JsonSerdeConfig - JsonSerdeConfig values: ","time":"2025-05-07T07:44:56Z"}
{"level":"info","message":"[Java-Iceberg:50051] \tfrom.field = null","time":"2025-05-07T07:44:56Z"}
{"level":"info","message":"[Java-Iceberg:50051] \tunknown.properties.ignored = false","time":"2025-05-07T07:44:56Z"}
{"level":"info","message":"[Java-Iceberg:50051] ","time":"2025-05-07T07:44:56Z"}
{"level":"info","message":"[Java-Iceberg:50051] 13:14:56.310 [main] INFO  io.debezium.serde.json.JsonSerdeConfig - JsonSerdeConfig values: ","time":"2025-05-07T07:44:56Z"}
{"level":"info","message":"[Java-Iceberg:50051] \tfrom.field = null","time":"2025-05-07T07:44:56Z"}
{"level":"info","message":"[Java-Iceberg:50051] \tunknown.properties.ignored = false","time":"2025-05-07T07:44:56Z"}
{"level":"info","message":"[Java-Iceberg:50051] ","time":"2025-05-07T07:44:56Z"}
{"level":"info","message":"[Java-Iceberg:50051] 13:14:56.427 [main] INFO  io.debezium.server.iceberg.OlakeRpcServer - Server started on port 50051 with max message size: 2000MB","time":"2025-05-07T07:44:56Z"}
{"level":"info","message":"[Java-Iceberg:50051] 13:14:56.677 [grpc-default-executor-0] INFO  io.debezium.server.iceberg.rpc.OlakeRowsIngester - [Thread-23-283629681643958] Parsing messages took: 10 ms","time":"2025-05-07T07:44:56Z"}
{"level":"info","message":"[Java-Iceberg:50051] 13:14:56.684 [grpc-default-executor-0] INFO  org.apache.iceberg.BaseMetastoreTableOperations - Refreshing table metadata from new version: s3a://warehouse/olake_iceberg/olake_test_table_duke/metadata/00001-b87521bf-25ca-4255-95e1-da4a950a760a.metadata.json","time":"2025-05-07T07:44:56Z"}
{"level":"info","message":"[Java-Iceberg:50051] 13:14:56.686 [grpc-default-executor-0] INFO  org.apache.iceberg.CatalogUtil - Loading custom FileIO implementation: org.apache.iceberg.aws.s3.S3FileIO","time":"2025-05-07T07:44:56Z"}
{"level":"info","message":"[Java-Iceberg:50051] 13:14:57.096 [grpc-default-executor-0] INFO  org.apache.iceberg.BaseMetastoreCatalog - Table loaded by catalog: olake_iceberg.olake_iceberg.olake_test_table_duke","time":"2025-05-07T07:44:57Z"}
{"level":"info","message":"[Java-Iceberg:50051] 13:14:57.097 [grpc-default-executor-0] INFO  io.debezium.server.iceberg.tableoperator.IcebergTableOperator - Batch got 1 records with 1 different schema!!","time":"2025-05-07T07:44:57Z"}
{"level":"info","message":"[Java-Iceberg:50051] 13:14:57.145 [grpc-default-executor-0] INFO  org.apache.hadoop.io.compress.CodecPool - Got brand-new compressor [.zstd]","time":"2025-05-07T07:44:57Z"}
{"level":"info","message":"[Java-Iceberg:50051] 13:14:57.815 [grpc-default-executor-0] INFO  org.apache.iceberg.BaseMetastoreTableOperations - Successfully committed to table olake_iceberg.olake_test_table_duke in 14 ms","time":"2025-05-07T07:44:57Z"}
{"level":"info","message":"[Java-Iceberg:50051] 13:14:57.816 [grpc-default-executor-0] INFO  org.apache.iceberg.SnapshotProducer - Committed snapshot 2915134786924899181 (MergeAppend)","time":"2025-05-07T07:44:57Z"}
{"level":"info","message":"[Java-Iceberg:50051] 13:14:57.826 [grpc-default-executor-0] INFO  org.apache.iceberg.BaseMetastoreTableOperations - Refreshing table metadata from new version: s3a://warehouse/olake_iceberg/olake_test_table_duke/metadata/00002-efdb47b5-df47-47d5-be53-40cf68ca9dff.metadata.json","time":"2025-05-07T07:44:57Z"}
{"level":"info","message":"[Java-Iceberg:50051] 13:14:57.833 [grpc-default-executor-0] INFO  org.apache.iceberg.metrics.LoggingMetricsReporter - Received metrics report: CommitReport{tableName=olake_iceberg.olake_iceberg.olake_test_table_duke, snapshotId=2915134786924899181, sequenceNumber=2, operation=append, commitMetrics=CommitMetricsResult{totalDuration=TimerResult{timeUnit=NANOSECONDS, totalDuration=PT0.288824208S, count=1}, attempts=CounterResult{unit=COUNT, value=1}, addedDataFiles=CounterResult{unit=COUNT, value=1}, removedDataFiles=null, totalDataFiles=CounterResult{unit=COUNT, value=2}, addedDeleteFiles=null, addedEqualityDeleteFiles=null, addedPositionalDeleteFiles=null, addedDVs=null, removedDeleteFiles=null, removedEqualityDeleteFiles=null, removedPositionalDeleteFiles=null, removedDVs=null, totalDeleteFiles=CounterResult{unit=COUNT, value=0}, addedRecords=CounterResult{unit=COUNT, value=1}, removedRecords=null, totalRecords=CounterResult{unit=COUNT, value=2}, addedFilesSizeInBytes=CounterResult{unit=BYTES, value=1358}, removedFilesSizeInBytes=null, totalFilesSizeInBytes=CounterResult{unit=BYTES, value=2716}, addedPositionalDeletes=null, removedPositionalDeletes=null, totalPositionalDeletes=CounterResult{unit=COUNT, value=0}, addedEqualityDeletes=null, removedEqualityDeletes=null, totalEqualityDeletes=CounterResult{unit=COUNT, value=0}}, metadata={iceberg-version=Apache Iceberg 1.8.0 (commit c277c2014a1b37fe755cfe37f173b6465bb8cb73)}}","time":"2025-05-07T07:44:57Z"}
{"level":"info","message":"[Java-Iceberg:50051] 13:14:57.844 [grpc-default-executor-0] INFO  io.debezium.server.iceberg.tableoperator.IcebergTableOperator - Successfully committed 1 events","time":"2025-05-07T07:44:57Z"}
{"level":"info","message":"[Java-Iceberg:50051] 13:14:57.845 [grpc-default-executor-0] INFO  io.debezium.server.iceberg.rpc.OlakeRowsIngester - [Thread-23-283629681643958] Processing tables took: 1168 ms","time":"2025-05-07T07:44:57Z"}
{"level":"info","message":"[Java-Iceberg:50051] 13:14:57.850 [grpc-default-executor-0] INFO  io.debezium.server.iceberg.rpc.OlakeRowsIngester - [Thread-23-283629681643958] Total time taken: 1183 ms","time":"2025-05-07T07:44:57Z"}
{"level":"info","time":"2025-05-07T07:44:57Z","message":"Server Response: [Thread-23-283629681643958] Received 1 messages"}
{"level":"info","time":"2025-05-07T07:44:57Z","message":"Shutting down Iceberg server on port 50051"}
{"level":"info","message":"Standard Replication is selected","time":"2025-05-07T07:44:57Z"}
{"level":"info","time":"2025-05-07T07:44:57Z","message":"Starting discover for Postgres database postgres"}
{"level":"info","time":"2025-05-07T07:44:58Z","message":"Starting backfill for stream[test_table_olake_1746603895] with 1 chunks"}
{"level":"info","time":"2025-05-07T07:44:58Z","message":"Iceberg JAR file found in base directory: /Users/dukedhal/Desktop/olake/debezium-server-iceberg-sink.jar"}
{"level":"info","time":"2025-05-07T07:44:58Z","message":"Connected to new iceberg writer on port 50051 for stream public.test_table_olake_1746603895, configHash public.test_table_olake_1746603895-public-false"}
{"level":"info","time":"2025-05-07T07:44:58Z","message":"chunk[1] with min['(0,0)']-max['(4294967295,0)'] completed in 0.07 seconds"}
{"level":"info","message":"[Java-Iceberg:50051] 13:14:58.487 [main] INFO  io.debezium.server.iceberg.OlakeRpcServer - Logs will be output to console only","time":"2025-05-07T07:44:58Z"}
{"level":"info","message":"[Java-Iceberg:50051] 13:14:58.524 [main] INFO  org.apache.iceberg.CatalogUtil - Loading custom FileIO implementation: org.apache.iceberg.io.ResolvingFileIO","time":"2025-05-07T07:44:58Z"}
{"level":"info","message":"[Java-Iceberg:50051] 13:14:58.662 [main] INFO  io.debezium.serde.json.JsonSerdeConfig - JsonSerdeConfig values: ","time":"2025-05-07T07:44:58Z"}
{"level":"info","message":"[Java-Iceberg:50051] \tfrom.field = null","time":"2025-05-07T07:44:58Z"}
{"level":"info","message":"[Java-Iceberg:50051] \tunknown.properties.ignored = false","time":"2025-05-07T07:44:58Z"}
{"level":"info","message":"[Java-Iceberg:50051] ","time":"2025-05-07T07:44:58Z"}
{"level":"info","message":"[Java-Iceberg:50051] 13:14:58.662 [main] INFO  io.debezium.serde.json.JsonSerdeConfig - JsonSerdeConfig values: ","time":"2025-05-07T07:44:58Z"}
{"level":"info","message":"[Java-Iceberg:50051] \tfrom.field = null","time":"2025-05-07T07:44:58Z"}
{"level":"info","message":"[Java-Iceberg:50051] \tunknown.properties.ignored = false","time":"2025-05-07T07:44:58Z"}
{"level":"info","message":"[Java-Iceberg:50051] ","time":"2025-05-07T07:44:58Z"}
{"level":"info","message":"[Java-Iceberg:50051] 13:14:58.783 [main] INFO  io.debezium.server.iceberg.OlakeRpcServer - Server started on port 50051 with max message size: 2000MB","time":"2025-05-07T07:44:58Z"}
{"level":"info","message":"[Java-Iceberg:50051] 13:14:59.164 [grpc-default-executor-0] INFO  io.debezium.server.iceberg.rpc.OlakeRowsIngester - [Thread-23-283632167184666] Parsing messages took: 12 ms","time":"2025-05-07T07:44:59Z"}
{"level":"info","message":"[Java-Iceberg:50051] 13:14:59.182 [grpc-default-executor-0] WARN  io.debezium.server.iceberg.IcebergUtil - Creating table:'olake_iceberg.test_table_olake_1746603895'","time":"2025-05-07T07:44:59Z"}
{"level":"info","message":"[Java-Iceberg:50051] schema:table {","time":"2025-05-07T07:44:59Z"}
{"level":"info","message":"[Java-Iceberg:50051]   1: _olake_id: required string (id)","time":"2025-05-07T07:44:59Z"}
{"level":"info","message":"[Java-Iceberg:50051]   2: data: optional string","time":"2025-05-07T07:44:59Z"}
{"level":"info","message":"[Java-Iceberg:50051]   3: _op_type: optional string","time":"2025-05-07T07:44:59Z"}
{"level":"info","message":"[Java-Iceberg:50051]   4: _db: optional string","time":"2025-05-07T07:44:59Z"}
{"level":"info","message":"[Java-Iceberg:50051]   5: _cdc_timestamp: optional string","time":"2025-05-07T07:44:59Z"}
{"level":"info","message":"[Java-Iceberg:50051]   6: _olake_timestamp: optional string","time":"2025-05-07T07:44:59Z"}
{"level":"info","message":"[Java-Iceberg:50051] }","time":"2025-05-07T07:44:59Z"}
{"level":"info","message":"[Java-Iceberg:50051] rowIdentifier:[_olake_id]","time":"2025-05-07T07:44:59Z"}
{"level":"info","message":"[Java-Iceberg:50051] 13:14:59.188 [grpc-default-executor-0] INFO  org.apache.iceberg.BaseMetastoreCatalog - Table properties set at catalog level through catalog properties: {}","time":"2025-05-07T07:44:59Z"}
{"level":"info","message":"[Java-Iceberg:50051] 13:14:59.192 [grpc-default-executor-0] INFO  org.apache.iceberg.BaseMetastoreCatalog - Table properties enforced at catalog level through catalog properties: {}","time":"2025-05-07T07:44:59Z"}
{"level":"info","message":"[Java-Iceberg:50051] 13:14:59.202 [grpc-default-executor-0] INFO  org.apache.iceberg.CatalogUtil - Loading custom FileIO implementation: org.apache.iceberg.aws.s3.S3FileIO","time":"2025-05-07T07:44:59Z"}
{"level":"info","message":"[Java-Iceberg:50051] 13:14:59.571 [grpc-default-executor-0] INFO  org.apache.iceberg.BaseMetastoreTableOperations - Successfully committed to table olake_iceberg.test_table_olake_1746603895 in 370 ms","time":"2025-05-07T07:44:59Z"}
{"level":"info","message":"[Java-Iceberg:50051] 13:14:59.574 [grpc-default-executor-0] INFO  io.debezium.server.iceberg.tableoperator.IcebergTableOperator - Batch got 5 records with 1 different schema!!","time":"2025-05-07T07:44:59Z"}
{"level":"info","message":"[Java-Iceberg:50051] 13:14:59.576 [grpc-default-executor-0] INFO  org.apache.iceberg.BaseMetastoreTableOperations - Refreshing table metadata from new version: s3a://warehouse/olake_iceberg/test_table_olake_1746603895/metadata/00000-49939281-d0ca-4671-8e4b-105362e04107.metadata.json","time":"2025-05-07T07:44:59Z"}
{"level":"info","message":"[Java-Iceberg:50051] 13:14:59.651 [grpc-default-executor-0] INFO  org.apache.hadoop.io.compress.CodecPool - Got brand-new compressor [.zstd]","time":"2025-05-07T07:44:59Z"}
{"level":"info","message":"[Java-Iceberg:50051] 13:15:00.249 [grpc-default-executor-0] INFO  org.apache.iceberg.BaseMetastoreTableOperations - Successfully committed to table olake_iceberg.test_table_olake_1746603895 in 9 ms","time":"2025-05-07T07:45:00Z"}
{"level":"info","message":"[Java-Iceberg:50051] 13:15:00.249 [grpc-default-executor-0] INFO  org.apache.iceberg.SnapshotProducer - Committed snapshot 2223445451204155586 (MergeAppend)","time":"2025-05-07T07:45:00Z"}
{"level":"info","message":"[Java-Iceberg:50051] 13:15:00.276 [grpc-default-executor-0] INFO  org.apache.iceberg.BaseMetastoreTableOperations - Refreshing table metadata from new version: s3a://warehouse/olake_iceberg/test_table_olake_1746603895/metadata/00001-d49f1b4f-9674-4e42-8c64-9e9807b3690a.metadata.json","time":"2025-05-07T07:45:00Z"}
{"level":"info","message":"[Java-Iceberg:50051] 13:15:00.283 [grpc-default-executor-0] INFO  org.apache.iceberg.metrics.LoggingMetricsReporter - Received metrics report: CommitReport{tableName=olake_iceberg.olake_iceberg.test_table_olake_1746603895, snapshotId=2223445451204155586, sequenceNumber=1, operation=append, commitMetrics=CommitMetricsResult{totalDuration=TimerResult{timeUnit=NANOSECONDS, totalDuration=PT0.254771166S, count=1}, attempts=CounterResult{unit=COUNT, value=1}, addedDataFiles=CounterResult{unit=COUNT, value=1}, removedDataFiles=null, totalDataFiles=CounterResult{unit=COUNT, value=1}, addedDeleteFiles=null, addedEqualityDeleteFiles=null, addedPositionalDeleteFiles=null, addedDVs=null, removedDeleteFiles=null, removedEqualityDeleteFiles=null, removedPositionalDeleteFiles=null, removedDVs=null, totalDeleteFiles=CounterResult{unit=COUNT, value=0}, addedRecords=CounterResult{unit=COUNT, value=5}, removedRecords=null, totalRecords=CounterResult{unit=COUNT, value=5}, addedFilesSizeInBytes=CounterResult{unit=BYTES, value=3437}, removedFilesSizeInBytes=null, totalFilesSizeInBytes=CounterResult{unit=BYTES, value=3437}, addedPositionalDeletes=null, removedPositionalDeletes=null, totalPositionalDeletes=CounterResult{unit=COUNT, value=0}, addedEqualityDeletes=null, removedEqualityDeletes=null, totalEqualityDeletes=CounterResult{unit=COUNT, value=0}}, metadata={iceberg-version=Apache Iceberg 1.8.0 (commit c277c2014a1b37fe755cfe37f173b6465bb8cb73)}}","time":"2025-05-07T07:45:00Z"}
{"level":"info","message":"[Java-Iceberg:50051] 13:15:00.294 [grpc-default-executor-0] INFO  io.debezium.server.iceberg.tableoperator.IcebergTableOperator - Successfully committed 5 events","time":"2025-05-07T07:45:00Z"}
{"level":"info","message":"[Java-Iceberg:50051] 13:15:00.294 [grpc-default-executor-0] INFO  io.debezium.server.iceberg.rpc.OlakeRowsIngester - [Thread-23-283632167184666] Processing tables took: 1130 ms","time":"2025-05-07T07:45:00Z"}
{"level":"info","message":"[Java-Iceberg:50051] 13:15:00.299 [grpc-default-executor-0] INFO  io.debezium.server.iceberg.rpc.OlakeRowsIngester - [Thread-23-283632167184666] Total time taken: 1146 ms","time":"2025-05-07T07:45:00Z"}
{"level":"info","time":"2025-05-07T07:45:00Z","message":"Sent batch to Iceberg server: 5 records, response: [Thread-23-283632167184666] Received 5 messages"}
{"level":"info","time":"2025-05-07T07:45:00Z","message":"Shutting down Iceberg server on port 50051"}
{"level":"info","message":"Standard Replication is selected","time":"2025-05-07T07:47:18Z"}
{"level":"info","time":"2025-05-07T07:47:18Z","message":"Starting discover for Postgres database postgres"}
{"level":"info","time":"2025-05-07T07:47:19Z","message":"SystemID:7501591254541365286 Timeline:1 XLogPos:0/176A9C0 Database:postgres"}
{"level":"info","time":"2025-05-07T07:47:19Z","message":"Starting backfill for stream[test_table_olake_1746603895] with 1 chunks"}
{"level":"info","time":"2025-05-07T07:47:19Z","message":"Iceberg JAR file found in base directory: /Users/dukedhal/Desktop/olake/debezium-server-iceberg-sink.jar"}
{"level":"info","time":"2025-05-07T07:47:19Z","message":"Connected to new iceberg writer on port 50051 for stream public.test_table_olake_1746603895, configHash public.test_table_olake_1746603895-public-false"}
{"level":"info","time":"2025-05-07T07:47:19Z","message":"chunk[1] with min['(0,0)']-max['(4294967295,0)'] completed in 0.23 seconds"}
{"level":"info","time":"2025-05-07T07:47:19Z","message":"Started logical replication on slot[olake_slot]"}
{"level":"info","message":"[Java-Iceberg:50051] 13:17:19.907 [main] INFO  io.debezium.server.iceberg.OlakeRpcServer - Logs will be output to console only","time":"2025-05-07T07:47:19Z"}
{"level":"info","message":"[Java-Iceberg:50051] 13:17:19.946 [main] INFO  org.apache.iceberg.CatalogUtil - Loading custom FileIO implementation: org.apache.iceberg.io.ResolvingFileIO","time":"2025-05-07T07:47:19Z"}
{"level":"info","message":"[Java-Iceberg:50051] 13:17:20.125 [main] INFO  io.debezium.serde.json.JsonSerdeConfig - JsonSerdeConfig values: ","time":"2025-05-07T07:47:20Z"}
{"level":"info","message":"[Java-Iceberg:50051] \tfrom.field = null","time":"2025-05-07T07:47:20Z"}
{"level":"info","message":"[Java-Iceberg:50051] \tunknown.properties.ignored = false","time":"2025-05-07T07:47:20Z"}
{"level":"info","message":"[Java-Iceberg:50051] ","time":"2025-05-07T07:47:20Z"}
{"level":"info","message":"[Java-Iceberg:50051] 13:17:20.125 [main] INFO  io.debezium.serde.json.JsonSerdeConfig - JsonSerdeConfig values: ","time":"2025-05-07T07:47:20Z"}
{"level":"info","message":"[Java-Iceberg:50051] \tfrom.field = null","time":"2025-05-07T07:47:20Z"}
{"level":"info","message":"[Java-Iceberg:50051] \tunknown.properties.ignored = false","time":"2025-05-07T07:47:20Z"}
{"level":"info","message":"[Java-Iceberg:50051] ","time":"2025-05-07T07:47:20Z"}
{"level":"info","message":"[Java-Iceberg:50051] 13:17:20.246 [main] INFO  io.debezium.server.iceberg.OlakeRpcServer - Server started on port 50051 with max message size: 2000MB","time":"2025-05-07T07:47:20Z"}
{"level":"info","message":"[Java-Iceberg:50051] 13:17:20.434 [grpc-default-executor-0] INFO  io.debezium.server.iceberg.rpc.OlakeRowsIngester - [Thread-23-283773437166916] Parsing messages took: 12 ms","time":"2025-05-07T07:47:20Z"}
{"level":"info","message":"[Java-Iceberg:50051] 13:17:20.442 [grpc-default-executor-0] INFO  org.apache.iceberg.BaseMetastoreTableOperations - Refreshing table metadata from new version: s3a://warehouse/olake_iceberg/test_table_olake_1746603895/metadata/00001-d49f1b4f-9674-4e42-8c64-9e9807b3690a.metadata.json","time":"2025-05-07T07:47:20Z"}
{"level":"info","message":"[Java-Iceberg:50051] 13:17:20.445 [grpc-default-executor-0] INFO  org.apache.iceberg.CatalogUtil - Loading custom FileIO implementation: org.apache.iceberg.aws.s3.S3FileIO","time":"2025-05-07T07:47:20Z"}
{"level":"info","message":"[Java-Iceberg:50051] 13:17:20.847 [grpc-default-executor-0] INFO  org.apache.iceberg.BaseMetastoreCatalog - Table loaded by catalog: olake_iceberg.olake_iceberg.test_table_olake_1746603895","time":"2025-05-07T07:47:20Z"}
{"level":"info","message":"[Java-Iceberg:50051] 13:17:20.848 [grpc-default-executor-0] INFO  io.debezium.server.iceberg.tableoperator.IcebergTableOperator - Batch got 5 records with 1 different schema!!","time":"2025-05-07T07:47:20Z"}
{"level":"info","message":"[Java-Iceberg:50051] 13:17:20.905 [grpc-default-executor-0] INFO  org.apache.hadoop.io.compress.CodecPool - Got brand-new compressor [.zstd]","time":"2025-05-07T07:47:20Z"}
