{"level":"info","time":"2025-05-07T13:12:02Z","message":"System has 16GB RAM, setting iceberg writer batch size to 419430400 bytes"}
{"level":"info","message":"Standard Replication is selected","time":"2025-05-07T13:12:02Z"}
{"level":"info","message":"Standard Replication is selected","time":"2025-05-07T13:12:02Z"}
{"level":"info","message":"Standard Replication is selected","time":"2025-05-07T13:12:02Z"}
{"level":"info","time":"2025-05-07T13:12:02Z","message":"Starting discover for Postgres database postgres"}
{"level":"info","message":"Standard Replication is selected","time":"2025-05-07T13:12:02Z"}
{"level":"info","time":"2025-05-07T13:12:02Z","message":"Iceberg JAR file found in base directory: /Users/dukedhal/olake/debezium-server-iceberg-sink.jar"}
{"level":"info","time":"2025-05-07T13:12:02Z","message":"Connected to new iceberg writer on port 50051 for stream check_01JTNDZSQA76RTFESJNNEJXXNH, configHash check_01JTNDZSQA76RTFESJNNEJXXNH-check-false"}
{"level":"info","message":"[Java-Iceberg:50051] 18:42:03.083 [main] INFO  io.debezium.server.iceberg.OlakeRpcServer - Logs will be output to console only","time":"2025-05-07T13:12:03Z"}
{"level":"info","message":"[Java-Iceberg:50051] 18:42:03.119 [main] INFO  org.apache.iceberg.CatalogUtil - Loading custom FileIO implementation: org.apache.iceberg.io.ResolvingFileIO","time":"2025-05-07T13:12:03Z"}
{"level":"info","message":"[Java-Iceberg:50051] 18:42:03.297 [main] WARN  org.apache.iceberg.jdbc.JdbcCatalog - JDBC catalog is initialized without view support. To auto-migrate the database's schema and enable view support, set jdbc.schema-version=V1","time":"2025-05-07T13:12:03Z"}
{"level":"info","message":"[Java-Iceberg:50051] 18:42:03.303 [main] INFO  io.debezium.serde.json.JsonSerdeConfig - JsonSerdeConfig values: ","time":"2025-05-07T13:12:03Z"}
{"level":"info","message":"[Java-Iceberg:50051] \tfrom.field = null","time":"2025-05-07T13:12:03Z"}
{"level":"info","message":"[Java-Iceberg:50051] \tunknown.properties.ignored = false","time":"2025-05-07T13:12:03Z"}
{"level":"info","message":"[Java-Iceberg:50051] ","time":"2025-05-07T13:12:03Z"}
{"level":"info","message":"[Java-Iceberg:50051] 18:42:03.303 [main] INFO  io.debezium.serde.json.JsonSerdeConfig - JsonSerdeConfig values: ","time":"2025-05-07T13:12:03Z"}
{"level":"info","message":"[Java-Iceberg:50051] \tfrom.field = null","time":"2025-05-07T13:12:03Z"}
{"level":"info","message":"[Java-Iceberg:50051] \tunknown.properties.ignored = false","time":"2025-05-07T13:12:03Z"}
{"level":"info","message":"[Java-Iceberg:50051] ","time":"2025-05-07T13:12:03Z"}
{"level":"info","message":"[Java-Iceberg:50051] 18:42:03.430 [main] INFO  io.debezium.server.iceberg.OlakeRpcServer - Server started on port 50051 with max message size: 2000MB","time":"2025-05-07T13:12:03Z"}
{"level":"info","message":"[Java-Iceberg:50051] 18:42:03.650 [grpc-default-executor-0] INFO  io.debezium.server.iceberg.rpc.OlakeRowsIngester - [Thread-23-6979084156750] Parsing messages took: 10 ms","time":"2025-05-07T13:12:03Z"}
{"level":"info","message":"[Java-Iceberg:50051] 18:42:03.668 [grpc-default-executor-0] WARN  io.debezium.server.iceberg.IcebergUtil - Creating table:'olake_iceberg.olake_test_table_duke'","time":"2025-05-07T13:12:03Z"}
{"level":"info","message":"[Java-Iceberg:50051] schema:table {","time":"2025-05-07T13:12:03Z"}
{"level":"info","message":"[Java-Iceberg:50051]   1: _olake_id: required string (id)","time":"2025-05-07T13:12:03Z"}
{"level":"info","message":"[Java-Iceberg:50051]   2: _op_type: optional string","time":"2025-05-07T13:12:03Z"}
{"level":"info","message":"[Java-Iceberg:50051]   3: _db: optional string","time":"2025-05-07T13:12:03Z"}
{"level":"info","message":"[Java-Iceberg:50051]   4: _olake_timestamp: optional timestamptz","time":"2025-05-07T13:12:03Z"}
{"level":"info","message":"[Java-Iceberg:50051] }","time":"2025-05-07T13:12:03Z"}
{"level":"info","message":"[Java-Iceberg:50051] rowIdentifier:[_olake_id]","time":"2025-05-07T13:12:03Z"}
{"level":"info","message":"[Java-Iceberg:50051] 18:42:03.676 [grpc-default-executor-0] WARN  io.debezium.server.iceberg.IcebergUtil - Created namespace:'olake_iceberg'","time":"2025-05-07T13:12:03Z"}
{"level":"info","message":"[Java-Iceberg:50051] 18:42:03.678 [grpc-default-executor-0] INFO  org.apache.iceberg.BaseMetastoreCatalog - Table properties set at catalog level through catalog properties: {}","time":"2025-05-07T13:12:03Z"}
{"level":"info","message":"[Java-Iceberg:50051] 18:42:03.682 [grpc-default-executor-0] INFO  org.apache.iceberg.BaseMetastoreCatalog - Table properties enforced at catalog level through catalog properties: {}","time":"2025-05-07T13:12:03Z"}
{"level":"info","message":"[Java-Iceberg:50051] 18:42:03.693 [grpc-default-executor-0] INFO  org.apache.iceberg.CatalogUtil - Loading custom FileIO implementation: org.apache.iceberg.aws.s3.S3FileIO","time":"2025-05-07T13:12:03Z"}
{"level":"info","message":"[Java-Iceberg:50051] 18:42:04.059 [grpc-default-executor-0] INFO  org.apache.iceberg.BaseMetastoreTableOperations - Successfully committed to table olake_iceberg.olake_test_table_duke in 368 ms","time":"2025-05-07T13:12:04Z"}
{"level":"info","message":"[Java-Iceberg:50051] 18:42:04.061 [grpc-default-executor-0] INFO  io.debezium.server.iceberg.tableoperator.IcebergTableOperator - Batch got 1 records with 1 different schema!!","time":"2025-05-07T13:12:04Z"}
{"level":"info","message":"[Java-Iceberg:50051] 18:42:04.064 [grpc-default-executor-0] INFO  org.apache.iceberg.BaseMetastoreTableOperations - Refreshing table metadata from new version: s3a://warehouse/olake_iceberg/olake_test_table_duke/metadata/00000-078a9763-fa68-4e60-9169-a6f98fa4a7e9.metadata.json","time":"2025-05-07T13:12:04Z"}
{"level":"info","message":"[Java-Iceberg:50051] 18:42:04.132 [grpc-default-executor-0] INFO  org.apache.hadoop.io.compress.CodecPool - Got brand-new compressor [.zstd]","time":"2025-05-07T13:12:04Z"}
{"level":"info","message":"[Java-Iceberg:50051] 18:42:04.745 [grpc-default-executor-0] INFO  org.apache.iceberg.BaseMetastoreTableOperations - Successfully committed to table olake_iceberg.olake_test_table_duke in 9 ms","time":"2025-05-07T13:12:04Z"}
{"level":"info","message":"[Java-Iceberg:50051] 18:42:04.745 [grpc-default-executor-0] INFO  org.apache.iceberg.SnapshotProducer - Committed snapshot 7616069049705097453 (MergeAppend)","time":"2025-05-07T13:12:04Z"}
{"level":"info","message":"[Java-Iceberg:50051] 18:42:04.772 [grpc-default-executor-0] INFO  org.apache.iceberg.BaseMetastoreTableOperations - Refreshing table metadata from new version: s3a://warehouse/olake_iceberg/olake_test_table_duke/metadata/00001-ac3179c2-849c-4271-ab0f-b3698144dd9c.metadata.json","time":"2025-05-07T13:12:04Z"}
{"level":"info","message":"[Java-Iceberg:50051] 18:42:04.778 [grpc-default-executor-0] INFO  org.apache.iceberg.metrics.LoggingMetricsReporter - Received metrics report: CommitReport{tableName=olake_iceberg.olake_iceberg.olake_test_table_duke, snapshotId=7616069049705097453, sequenceNumber=1, operation=append, commitMetrics=CommitMetricsResult{totalDuration=TimerResult{timeUnit=NANOSECONDS, totalDuration=PT0.2627735S, count=1}, attempts=CounterResult{unit=COUNT, value=1}, addedDataFiles=CounterResult{unit=COUNT, value=1}, removedDataFiles=null, totalDataFiles=CounterResult{unit=COUNT, value=1}, addedDeleteFiles=null, addedEqualityDeleteFiles=null, addedPositionalDeleteFiles=null, removedDeleteFiles=null, removedEqualityDeleteFiles=null, removedPositionalDeleteFiles=null, totalDeleteFiles=CounterResult{unit=COUNT, value=0}, addedRecords=CounterResult{unit=COUNT, value=1}, removedRecords=null, totalRecords=CounterResult{unit=COUNT, value=1}, addedFilesSizeInBytes=CounterResult{unit=BYTES, value=1376}, removedFilesSizeInBytes=null, totalFilesSizeInBytes=CounterResult{unit=BYTES, value=1376}, addedPositionalDeletes=null, removedPositionalDeletes=null, totalPositionalDeletes=CounterResult{unit=COUNT, value=0}, addedEqualityDeletes=null, removedEqualityDeletes=null, totalEqualityDeletes=CounterResult{unit=COUNT, value=0}}, metadata={iceberg-version=Apache Iceberg 1.7.1 (commit 4a432839233f2343a9eae8255532f911f06358ef)}}","time":"2025-05-07T13:12:04Z"}
{"level":"info","message":"[Java-Iceberg:50051] 18:42:04.789 [grpc-default-executor-0] INFO  io.debezium.server.iceberg.tableoperator.IcebergTableOperator - Successfully committed 1 events","time":"2025-05-07T13:12:04Z"}
{"level":"info","message":"[Java-Iceberg:50051] 18:42:04.789 [grpc-default-executor-0] INFO  io.debezium.server.iceberg.rpc.OlakeRowsIngester - [Thread-23-6979084156750] Processing tables took: 1139 ms","time":"2025-05-07T13:12:04Z"}
{"level":"info","message":"[Java-Iceberg:50051] 18:42:04.794 [grpc-default-executor-0] INFO  io.debezium.server.iceberg.rpc.OlakeRowsIngester - [Thread-23-6979084156750] Total time taken: 1154 ms","time":"2025-05-07T13:12:04Z"}
{"level":"info","time":"2025-05-07T13:12:04Z","message":"Server Response: [Thread-23-6979084156750] Received 1 messages"}
{"level":"info","time":"2025-05-07T13:12:04Z","message":"Shutting down Iceberg server on port 50051"}
{"level":"info","message":"Standard Replication is selected","time":"2025-05-07T13:12:04Z"}
{"level":"info","time":"2025-05-07T13:12:04Z","message":"Starting discover for Postgres database postgres"}
{"level":"info","time":"2025-05-07T13:12:04Z","message":"Starting backfill for stream[test_table_olake_1746623522] with 1 chunks"}
{"level":"info","time":"2025-05-07T13:12:04Z","message":"Iceberg JAR file found in base directory: /Users/dukedhal/olake/debezium-server-iceberg-sink.jar"}
{"level":"info","time":"2025-05-07T13:12:04Z","message":"Connected to new iceberg writer on port 50051 for stream public.test_table_olake_1746623522, configHash public.test_table_olake_1746623522-public-false"}
{"level":"info","time":"2025-05-07T13:12:04Z","message":"chunk[1] with min['(0,0)']-max['(4294967295,0)'] completed in 0.07 seconds"}
{"level":"info","message":"[Java-Iceberg:50051] 18:42:05.471 [main] INFO  io.debezium.server.iceberg.OlakeRpcServer - Logs will be output to console only","time":"2025-05-07T13:12:05Z"}
{"level":"info","message":"[Java-Iceberg:50051] 18:42:05.505 [main] INFO  org.apache.iceberg.CatalogUtil - Loading custom FileIO implementation: org.apache.iceberg.io.ResolvingFileIO","time":"2025-05-07T13:12:05Z"}
{"level":"info","message":"[Java-Iceberg:50051] 18:42:05.642 [main] WARN  org.apache.iceberg.jdbc.JdbcCatalog - JDBC catalog is initialized without view support. To auto-migrate the database's schema and enable view support, set jdbc.schema-version=V1","time":"2025-05-07T13:12:05Z"}
{"level":"info","message":"[Java-Iceberg:50051] 18:42:05.648 [main] INFO  io.debezium.serde.json.JsonSerdeConfig - JsonSerdeConfig values: ","time":"2025-05-07T13:12:05Z"}
{"level":"info","message":"[Java-Iceberg:50051] \tfrom.field = null","time":"2025-05-07T13:12:05Z"}
{"level":"info","message":"[Java-Iceberg:50051] \tunknown.properties.ignored = false","time":"2025-05-07T13:12:05Z"}
{"level":"info","message":"[Java-Iceberg:50051] ","time":"2025-05-07T13:12:05Z"}
{"level":"info","message":"[Java-Iceberg:50051] 18:42:05.648 [main] INFO  io.debezium.serde.json.JsonSerdeConfig - JsonSerdeConfig values: ","time":"2025-05-07T13:12:05Z"}
{"level":"info","message":"[Java-Iceberg:50051] \tfrom.field = null","time":"2025-05-07T13:12:05Z"}
{"level":"info","message":"[Java-Iceberg:50051] \tunknown.properties.ignored = false","time":"2025-05-07T13:12:05Z"}
{"level":"info","message":"[Java-Iceberg:50051] ","time":"2025-05-07T13:12:05Z"}
{"level":"info","message":"[Java-Iceberg:50051] 18:42:05.765 [main] INFO  io.debezium.server.iceberg.OlakeRpcServer - Server started on port 50051 with max message size: 2000MB","time":"2025-05-07T13:12:05Z"}
{"level":"info","message":"[Java-Iceberg:50051] 18:42:06.098 [grpc-default-executor-0] INFO  io.debezium.server.iceberg.rpc.OlakeRowsIngester - [Thread-23-6981532041791] Parsing messages took: 11 ms","time":"2025-05-07T13:12:06Z"}
{"level":"info","message":"[Java-Iceberg:50051] 18:42:06.119 [grpc-default-executor-0] WARN  io.debezium.server.iceberg.IcebergUtil - Creating table:'olake_iceberg.test_table_olake_1746623522'","time":"2025-05-07T13:12:06Z"}
{"level":"info","message":"[Java-Iceberg:50051] schema:table {","time":"2025-05-07T13:12:06Z"}
{"level":"info","message":"[Java-Iceberg:50051]   1: _olake_id: required string (id)","time":"2025-05-07T13:12:06Z"}
{"level":"info","message":"[Java-Iceberg:50051]   2: data: optional string","time":"2025-05-07T13:12:06Z"}
{"level":"info","message":"[Java-Iceberg:50051]   3: _op_type: optional string","time":"2025-05-07T13:12:06Z"}
{"level":"info","message":"[Java-Iceberg:50051]   4: _db: optional string","time":"2025-05-07T13:12:06Z"}
{"level":"info","message":"[Java-Iceberg:50051]   5: _cdc_timestamp: optional timestamptz","time":"2025-05-07T13:12:06Z"}
{"level":"info","message":"[Java-Iceberg:50051]   6: _olake_timestamp: optional timestamptz","time":"2025-05-07T13:12:06Z"}
{"level":"info","message":"[Java-Iceberg:50051] }","time":"2025-05-07T13:12:06Z"}
{"level":"info","message":"[Java-Iceberg:50051] rowIdentifier:[_olake_id]","time":"2025-05-07T13:12:06Z"}
{"level":"info","message":"[Java-Iceberg:50051] 18:42:06.123 [grpc-default-executor-0] INFO  org.apache.iceberg.BaseMetastoreCatalog - Table properties set at catalog level through catalog properties: {}","time":"2025-05-07T13:12:06Z"}
{"level":"info","message":"[Java-Iceberg:50051] 18:42:06.128 [grpc-default-executor-0] INFO  org.apache.iceberg.BaseMetastoreCatalog - Table properties enforced at catalog level through catalog properties: {}","time":"2025-05-07T13:12:06Z"}
{"level":"info","message":"[Java-Iceberg:50051] 18:42:06.139 [grpc-default-executor-0] INFO  org.apache.iceberg.CatalogUtil - Loading custom FileIO implementation: org.apache.iceberg.aws.s3.S3FileIO","time":"2025-05-07T13:12:06Z"}
{"level":"info","message":"[Java-Iceberg:50051] 18:42:06.535 [grpc-default-executor-0] INFO  org.apache.iceberg.BaseMetastoreTableOperations - Successfully committed to table olake_iceberg.test_table_olake_1746623522 in 398 ms","time":"2025-05-07T13:12:06Z"}
{"level":"info","message":"[Java-Iceberg:50051] 18:42:06.538 [grpc-default-executor-0] INFO  io.debezium.server.iceberg.tableoperator.IcebergTableOperator - Batch got 5 records with 1 different schema!!","time":"2025-05-07T13:12:06Z"}
{"level":"info","message":"[Java-Iceberg:50051] 18:42:06.540 [grpc-default-executor-0] INFO  org.apache.iceberg.BaseMetastoreTableOperations - Refreshing table metadata from new version: s3a://warehouse/olake_iceberg/test_table_olake_1746623522/metadata/00000-cdfbf2cf-c43e-4175-8a77-ab7809bb4a87.metadata.json","time":"2025-05-07T13:12:06Z"}
{"level":"info","message":"[Java-Iceberg:50051] 18:42:06.612 [grpc-default-executor-0] INFO  org.apache.hadoop.io.compress.CodecPool - Got brand-new compressor [.zstd]","time":"2025-05-07T13:12:06Z"}
{"level":"info","message":"[Java-Iceberg:50051] 18:42:07.215 [grpc-default-executor-0] INFO  org.apache.iceberg.BaseMetastoreTableOperations - Successfully committed to table olake_iceberg.test_table_olake_1746623522 in 8 ms","time":"2025-05-07T13:12:07Z"}
{"level":"info","message":"[Java-Iceberg:50051] 18:42:07.216 [grpc-default-executor-0] INFO  org.apache.iceberg.SnapshotProducer - Committed snapshot 1922592444211332292 (MergeAppend)","time":"2025-05-07T13:12:07Z"}
{"level":"info","message":"[Java-Iceberg:50051] 18:42:07.246 [grpc-default-executor-0] INFO  org.apache.iceberg.BaseMetastoreTableOperations - Refreshing table metadata from new version: s3a://warehouse/olake_iceberg/test_table_olake_1746623522/metadata/00001-6f416b79-06f0-4330-bfeb-f0f231465321.metadata.json","time":"2025-05-07T13:12:07Z"}
{"level":"info","message":"[Java-Iceberg:50051] 18:42:07.253 [grpc-default-executor-0] INFO  org.apache.iceberg.metrics.LoggingMetricsReporter - Received metrics report: CommitReport{tableName=olake_iceberg.olake_iceberg.test_table_olake_1746623522, snapshotId=1922592444211332292, sequenceNumber=1, operation=append, commitMetrics=CommitMetricsResult{totalDuration=TimerResult{timeUnit=NANOSECONDS, totalDuration=PT0.257873542S, count=1}, attempts=CounterResult{unit=COUNT, value=1}, addedDataFiles=CounterResult{unit=COUNT, value=1}, removedDataFiles=null, totalDataFiles=CounterResult{unit=COUNT, value=1}, addedDeleteFiles=null, addedEqualityDeleteFiles=null, addedPositionalDeleteFiles=null, removedDeleteFiles=null, removedEqualityDeleteFiles=null, removedPositionalDeleteFiles=null, totalDeleteFiles=CounterResult{unit=COUNT, value=0}, addedRecords=CounterResult{unit=COUNT, value=5}, removedRecords=null, totalRecords=CounterResult{unit=COUNT, value=5}, addedFilesSizeInBytes=CounterResult{unit=BYTES, value=3267}, removedFilesSizeInBytes=null, totalFilesSizeInBytes=CounterResult{unit=BYTES, value=3267}, addedPositionalDeletes=null, removedPositionalDeletes=null, totalPositionalDeletes=CounterResult{unit=COUNT, value=0}, addedEqualityDeletes=null, removedEqualityDeletes=null, totalEqualityDeletes=CounterResult{unit=COUNT, value=0}}, metadata={iceberg-version=Apache Iceberg 1.7.1 (commit 4a432839233f2343a9eae8255532f911f06358ef)}}","time":"2025-05-07T13:12:07Z"}
{"level":"info","message":"[Java-Iceberg:50051] 18:42:07.263 [grpc-default-executor-0] INFO  io.debezium.server.iceberg.tableoperator.IcebergTableOperator - Successfully committed 5 events","time":"2025-05-07T13:12:07Z"}
{"level":"info","message":"[Java-Iceberg:50051] 18:42:07.263 [grpc-default-executor-0] INFO  io.debezium.server.iceberg.rpc.OlakeRowsIngester - [Thread-23-6981532041791] Processing tables took: 1165 ms","time":"2025-05-07T13:12:07Z"}
{"level":"info","message":"[Java-Iceberg:50051] 18:42:07.268 [grpc-default-executor-0] INFO  io.debezium.server.iceberg.rpc.OlakeRowsIngester - [Thread-23-6981532041791] Total time taken: 1181 ms","time":"2025-05-07T13:12:07Z"}
{"level":"info","time":"2025-05-07T13:12:07Z","message":"Sent batch to Iceberg server: 5 records, response: [Thread-23-6981532041791] Received 5 messages"}
{"level":"info","time":"2025-05-07T13:12:07Z","message":"Shutting down Iceberg server on port 50051"}
{"level":"info","message":"Standard Replication is selected","time":"2025-05-07T13:14:25Z"}
{"level":"info","time":"2025-05-07T13:14:25Z","message":"Starting discover for Postgres database postgres"}
{"level":"info","time":"2025-05-07T13:14:25Z","message":"SystemID:7501688959576809512 Timeline:1 XLogPos:0/16B2058 Database:postgres"}
{"level":"info","time":"2025-05-07T13:14:25Z","message":"Starting backfill for stream[test_table_olake_1746623522] with 1 chunks"}
{"level":"info","time":"2025-05-07T13:14:25Z","message":"Iceberg JAR file found in base directory: /Users/dukedhal/olake/debezium-server-iceberg-sink.jar"}
{"level":"info","time":"2025-05-07T13:14:25Z","message":"Connected to new iceberg writer on port 50051 for stream public.test_table_olake_1746623522, configHash public.test_table_olake_1746623522-public-false"}
{"level":"info","time":"2025-05-07T13:14:25Z","message":"chunk[1] with min['(0,0)']-max['(4294967295,0)'] completed in 0.15 seconds"}
{"level":"info","time":"2025-05-07T13:14:25Z","message":"Started logical replication on slot[olake_slot]"}
{"level":"info","message":"[Java-Iceberg:50051] 18:44:25.841 [main] INFO  io.debezium.server.iceberg.OlakeRpcServer - Logs will be output to console only","time":"2025-05-07T13:14:25Z"}
{"level":"info","message":"[Java-Iceberg:50051] 18:44:25.880 [main] INFO  org.apache.iceberg.CatalogUtil - Loading custom FileIO implementation: org.apache.iceberg.io.ResolvingFileIO","time":"2025-05-07T13:14:25Z"}
{"level":"info","message":"[Java-Iceberg:50051] 18:44:26.027 [main] WARN  org.apache.iceberg.jdbc.JdbcCatalog - JDBC catalog is initialized without view support. To auto-migrate the database's schema and enable view support, set jdbc.schema-version=V1","time":"2025-05-07T13:14:26Z"}
{"level":"info","message":"[Java-Iceberg:50051] 18:44:26.035 [main] INFO  io.debezium.serde.json.JsonSerdeConfig - JsonSerdeConfig values: ","time":"2025-05-07T13:14:26Z"}
{"level":"info","message":"[Java-Iceberg:50051] \tfrom.field = null","time":"2025-05-07T13:14:26Z"}
{"level":"info","message":"[Java-Iceberg:50051] \tunknown.properties.ignored = false","time":"2025-05-07T13:14:26Z"}
{"level":"info","message":"[Java-Iceberg:50051] ","time":"2025-05-07T13:14:26Z"}
{"level":"info","message":"[Java-Iceberg:50051] 18:44:26.035 [main] INFO  io.debezium.serde.json.JsonSerdeConfig - JsonSerdeConfig values: ","time":"2025-05-07T13:14:26Z"}
{"level":"info","message":"[Java-Iceberg:50051] \tfrom.field = null","time":"2025-05-07T13:14:26Z"}
{"level":"info","message":"[Java-Iceberg:50051] \tunknown.properties.ignored = false","time":"2025-05-07T13:14:26Z"}
{"level":"info","message":"[Java-Iceberg:50051] ","time":"2025-05-07T13:14:26Z"}
{"level":"info","message":"[Java-Iceberg:50051] 18:44:26.161 [main] INFO  io.debezium.server.iceberg.OlakeRpcServer - Server started on port 50051 with max message size: 2000MB","time":"2025-05-07T13:14:26Z"}
{"level":"info","message":"[Java-Iceberg:50051] 18:44:26.400 [grpc-default-executor-0] INFO  io.debezium.server.iceberg.rpc.OlakeRowsIngester - [Thread-23-7121833250250] Parsing messages took: 12 ms","time":"2025-05-07T13:14:26Z"}
{"level":"info","message":"[Java-Iceberg:50051] 18:44:26.406 [grpc-default-executor-0] INFO  org.apache.iceberg.BaseMetastoreTableOperations - Refreshing table metadata from new version: s3a://warehouse/olake_iceberg/test_table_olake_1746623522/metadata/00001-6f416b79-06f0-4330-bfeb-f0f231465321.metadata.json","time":"2025-05-07T13:14:26Z"}
{"level":"info","message":"[Java-Iceberg:50051] 18:44:26.408 [grpc-default-executor-0] INFO  org.apache.iceberg.CatalogUtil - Loading custom FileIO implementation: org.apache.iceberg.aws.s3.S3FileIO","time":"2025-05-07T13:14:26Z"}
{"level":"info","message":"[Java-Iceberg:50051] 18:44:26.792 [grpc-default-executor-0] INFO  org.apache.iceberg.BaseMetastoreCatalog - Table loaded by catalog: olake_iceberg.olake_iceberg.test_table_olake_1746623522","time":"2025-05-07T13:14:26Z"}
{"level":"info","message":"[Java-Iceberg:50051] 18:44:26.793 [grpc-default-executor-0] INFO  io.debezium.server.iceberg.tableoperator.IcebergTableOperator - Batch got 5 records with 1 different schema!!","time":"2025-05-07T13:14:26Z"}
{"level":"info","message":"[Java-Iceberg:50051] 18:44:26.845 [grpc-default-executor-0] INFO  org.apache.hadoop.io.compress.CodecPool - Got brand-new compressor [.zstd]","time":"2025-05-07T13:14:26Z"}
{"level":"info","message":"[Java-Iceberg:50051] 18:44:27.563 [grpc-default-executor-0] INFO  org.apache.iceberg.BaseMetastoreTableOperations - Successfully committed to table olake_iceberg.test_table_olake_1746623522 in 10 ms","time":"2025-05-07T13:14:27Z"}
{"level":"info","message":"[Java-Iceberg:50051] 18:44:27.563 [grpc-default-executor-0] INFO  org.apache.iceberg.SnapshotProducer - Committed snapshot 7651941067652951337 (MergeAppend)","time":"2025-05-07T13:14:27Z"}
{"level":"info","message":"[Java-Iceberg:50051] 18:44:27.575 [grpc-default-executor-0] INFO  org.apache.iceberg.BaseMetastoreTableOperations - Refreshing table metadata from new version: s3a://warehouse/olake_iceberg/test_table_olake_1746623522/metadata/00002-04bd01a9-ac99-4a2d-83cf-bcb102569e97.metadata.json","time":"2025-05-07T13:14:27Z"}
{"level":"info","message":"[Java-Iceberg:50051] 18:44:27.581 [grpc-default-executor-0] INFO  org.apache.iceberg.metrics.LoggingMetricsReporter - Received metrics report: CommitReport{tableName=olake_iceberg.olake_iceberg.test_table_olake_1746623522, snapshotId=7651941067652951337, sequenceNumber=2, operation=append, commitMetrics=CommitMetricsResult{totalDuration=TimerResult{timeUnit=NANOSECONDS, totalDuration=PT0.286308042S, count=1}, attempts=CounterResult{unit=COUNT, value=1}, addedDataFiles=CounterResult{unit=COUNT, value=1}, removedDataFiles=null, totalDataFiles=CounterResult{unit=COUNT, value=2}, addedDeleteFiles=null, addedEqualityDeleteFiles=null, addedPositionalDeleteFiles=null, removedDeleteFiles=null, removedEqualityDeleteFiles=null, removedPositionalDeleteFiles=null, totalDeleteFiles=CounterResult{unit=COUNT, value=0}, addedRecords=CounterResult{unit=COUNT, value=5}, removedRecords=null, totalRecords=CounterResult{unit=COUNT, value=10}, addedFilesSizeInBytes=CounterResult{unit=BYTES, value=3268}, removedFilesSizeInBytes=null, totalFilesSizeInBytes=CounterResult{unit=BYTES, value=6535}, addedPositionalDeletes=null, removedPositionalDeletes=null, totalPositionalDeletes=CounterResult{unit=COUNT, value=0}, addedEqualityDeletes=null, removedEqualityDeletes=null, totalEqualityDeletes=CounterResult{unit=COUNT, value=0}}, metadata={iceberg-version=Apache Iceberg 1.7.1 (commit 4a432839233f2343a9eae8255532f911f06358ef)}}","time":"2025-05-07T13:14:27Z"}
{"level":"info","message":"[Java-Iceberg:50051] 18:44:27.591 [grpc-default-executor-0] INFO  io.debezium.server.iceberg.tableoperator.IcebergTableOperator - Successfully committed 5 events","time":"2025-05-07T13:14:27Z"}
{"level":"info","message":"[Java-Iceberg:50051] 18:44:27.591 [grpc-default-executor-0] INFO  io.debezium.server.iceberg.rpc.OlakeRowsIngester - [Thread-23-7121833250250] Processing tables took: 1191 ms","time":"2025-05-07T13:14:27Z"}
{"level":"info","message":"[Java-Iceberg:50051] 18:44:27.596 [grpc-default-executor-0] INFO  io.debezium.server.iceberg.rpc.OlakeRowsIngester - [Thread-23-7121833250250] Total time taken: 1208 ms","time":"2025-05-07T13:14:27Z"}
{"level":"info","time":"2025-05-07T13:14:27Z","message":"Sent batch to Iceberg server: 5 records, response: [Thread-23-7121833250250] Received 5 messages"}
{"level":"info","time":"2025-05-07T13:14:27Z","message":"Shutting down Iceberg server on port 50051"}
{"level":"info","time":"2025-05-07T13:14:27Z","message":"Iceberg JAR file found in base directory: /Users/dukedhal/olake/debezium-server-iceberg-sink.jar"}
{"level":"info","time":"2025-05-07T13:14:27Z","message":"Connected to new iceberg writer on port 50051 for stream public.test_table_olake_1746623522, configHash public.test_table_olake_1746623522-public-true"}
{"level":"info","message":"[Java-Iceberg:50051] 18:44:28.121 [main] INFO  io.debezium.server.iceberg.OlakeRpcServer - Logs will be output to console only","time":"2025-05-07T13:14:28Z"}
{"level":"info","message":"[Java-Iceberg:50051] 18:44:28.156 [main] INFO  org.apache.iceberg.CatalogUtil - Loading custom FileIO implementation: org.apache.iceberg.io.ResolvingFileIO","time":"2025-05-07T13:14:28Z"}
{"level":"info","message":"[Java-Iceberg:50051] 18:44:28.301 [main] WARN  org.apache.iceberg.jdbc.JdbcCatalog - JDBC catalog is initialized without view support. To auto-migrate the database's schema and enable view support, set jdbc.schema-version=V1","time":"2025-05-07T13:14:28Z"}
{"level":"info","message":"[Java-Iceberg:50051] 18:44:28.308 [main] INFO  io.debezium.serde.json.JsonSerdeConfig - JsonSerdeConfig values: ","time":"2025-05-07T13:14:28Z"}
{"level":"info","message":"[Java-Iceberg:50051] \tfrom.field = null","time":"2025-05-07T13:14:28Z"}
{"level":"info","message":"[Java-Iceberg:50051] \tunknown.properties.ignored = false","time":"2025-05-07T13:14:28Z"}
{"level":"info","message":"[Java-Iceberg:50051] ","time":"2025-05-07T13:14:28Z"}
{"level":"info","message":"[Java-Iceberg:50051] 18:44:28.308 [main] INFO  io.debezium.serde.json.JsonSerdeConfig - JsonSerdeConfig values: ","time":"2025-05-07T13:14:28Z"}
{"level":"info","message":"[Java-Iceberg:50051] \tfrom.field = null","time":"2025-05-07T13:14:28Z"}
{"level":"info","message":"[Java-Iceberg:50051] \tunknown.properties.ignored = false","time":"2025-05-07T13:14:28Z"}
{"level":"info","message":"[Java-Iceberg:50051] ","time":"2025-05-07T13:14:28Z"}
{"level":"info","message":"[Java-Iceberg:50051] 18:44:28.427 [main] INFO  io.debezium.server.iceberg.OlakeRpcServer - Server started on port 50051 with max message size: 2000MB","time":"2025-05-07T13:14:28Z"}
{"level":"debug","time":"2025-05-07T13:14:35Z","message":"Idle timeout reached while waiting for new messages"}
{"level":"debug","time":"2025-05-07T13:14:35Z","message":"sent standby status message at LSN#0/16B2333"}
{"level":"info","message":"[Java-Iceberg:50051] 18:44:36.056 [grpc-default-executor-0] INFO  io.debezium.server.iceberg.rpc.OlakeRowsIngester - [Thread-23-7131488951041] Parsing messages took: 13 ms","time":"2025-05-07T13:14:36Z"}
{"level":"info","message":"[Java-Iceberg:50051] 18:44:36.063 [grpc-default-executor-0] INFO  org.apache.iceberg.BaseMetastoreTableOperations - Refreshing table metadata from new version: s3a://warehouse/olake_iceberg/test_table_olake_1746623522/metadata/00002-04bd01a9-ac99-4a2d-83cf-bcb102569e97.metadata.json","time":"2025-05-07T13:14:36Z"}
{"level":"info","message":"[Java-Iceberg:50051] 18:44:36.065 [grpc-default-executor-0] INFO  org.apache.iceberg.CatalogUtil - Loading custom FileIO implementation: org.apache.iceberg.aws.s3.S3FileIO","time":"2025-05-07T13:14:36Z"}
{"level":"info","message":"[Java-Iceberg:50051] 18:44:36.439 [grpc-default-executor-0] INFO  org.apache.iceberg.BaseMetastoreCatalog - Table loaded by catalog: olake_iceberg.olake_iceberg.test_table_olake_1746623522","time":"2025-05-07T13:14:36Z"}
{"level":"info","message":"[Java-Iceberg:50051] 18:44:36.444 [grpc-default-executor-0] INFO  io.debezium.server.iceberg.tableoperator.IcebergTableOperator - Batch got 6 records with 1 different schema!!","time":"2025-05-07T13:14:36Z"}
{"level":"info","message":"[Java-Iceberg:50051] 18:44:36.492 [grpc-default-executor-0] INFO  org.apache.hadoop.io.compress.CodecPool - Got brand-new compressor [.zstd]","time":"2025-05-07T13:14:36Z"}
{"level":"info","message":"[Java-Iceberg:50051] 18:44:36.593 [grpc-default-executor-0] INFO  org.apache.hadoop.io.compress.CodecPool - Got brand-new compressor [.zstd]","time":"2025-05-07T13:14:36Z"}
{"level":"info","message":"[Java-Iceberg:50051] 18:44:37.206 [grpc-default-executor-0] INFO  org.apache.iceberg.BaseMetastoreTableOperations - Successfully committed to table olake_iceberg.test_table_olake_1746623522 in 18 ms","time":"2025-05-07T13:14:37Z"}
{"level":"info","message":"[Java-Iceberg:50051] 18:44:37.206 [grpc-default-executor-0] INFO  org.apache.iceberg.SnapshotProducer - Committed snapshot 7592408393506170314 (MergeAppend)","time":"2025-05-07T13:14:37Z"}
{"level":"info","message":"[Java-Iceberg:50051] 18:44:37.215 [grpc-default-executor-0] INFO  org.apache.iceberg.BaseMetastoreTableOperations - Refreshing table metadata from new version: s3a://warehouse/olake_iceberg/test_table_olake_1746623522/metadata/00003-334b1406-a7dc-4c25-87f1-9da7c67a435f.metadata.json","time":"2025-05-07T13:14:37Z"}
{"level":"info","message":"[Java-Iceberg:50051] 18:44:37.221 [grpc-default-executor-0] INFO  org.apache.iceberg.metrics.LoggingMetricsReporter - Received metrics report: CommitReport{tableName=olake_iceberg.olake_iceberg.test_table_olake_1746623522, snapshotId=7592408393506170314, sequenceNumber=3, operation=append, commitMetrics=CommitMetricsResult{totalDuration=TimerResult{timeUnit=NANOSECONDS, totalDuration=PT0.290858958S, count=1}, attempts=CounterResult{unit=COUNT, value=1}, addedDataFiles=CounterResult{unit=COUNT, value=1}, removedDataFiles=null, totalDataFiles=CounterResult{unit=COUNT, value=3}, addedDeleteFiles=null, addedEqualityDeleteFiles=null, addedPositionalDeleteFiles=null, removedDeleteFiles=null, removedEqualityDeleteFiles=null, removedPositionalDeleteFiles=null, totalDeleteFiles=CounterResult{unit=COUNT, value=0}, addedRecords=CounterResult{unit=COUNT, value=6}, removedRecords=null, totalRecords=CounterResult{unit=COUNT, value=16}, addedFilesSizeInBytes=CounterResult{unit=BYTES, value=3356}, removedFilesSizeInBytes=null, totalFilesSizeInBytes=CounterResult{unit=BYTES, value=9891}, addedPositionalDeletes=null, removedPositionalDeletes=null, totalPositionalDeletes=CounterResult{unit=COUNT, value=0}, addedEqualityDeletes=null, removedEqualityDeletes=null, totalEqualityDeletes=CounterResult{unit=COUNT, value=0}}, metadata={iceberg-version=Apache Iceberg 1.7.1 (commit 4a432839233f2343a9eae8255532f911f06358ef)}}","time":"2025-05-07T13:14:37Z"}
{"level":"info","message":"[Java-Iceberg:50051] 18:44:37.232 [grpc-default-executor-0] INFO  io.debezium.server.iceberg.tableoperator.IcebergTableOperator - Successfully committed 6 events","time":"2025-05-07T13:14:37Z"}
{"level":"info","message":"[Java-Iceberg:50051] 18:44:37.232 [grpc-default-executor-0] INFO  io.debezium.server.iceberg.rpc.OlakeRowsIngester - [Thread-23-7131488951041] Processing tables took: 1176 ms","time":"2025-05-07T13:14:37Z"}
{"level":"info","message":"[Java-Iceberg:50051] 18:44:37.237 [grpc-default-executor-0] INFO  io.debezium.server.iceberg.rpc.OlakeRowsIngester - [Thread-23-7131488951041] Total time taken: 1194 ms","time":"2025-05-07T13:14:37Z"}
{"level":"info","time":"2025-05-07T13:14:37Z","message":"Sent batch to Iceberg server: 11 records, response: [Thread-23-7131488951041] Received 11 messages"}
{"level":"info","time":"2025-05-07T13:14:37Z","message":"Shutting down Iceberg server on port 50051"}
