{"level":"info","time":"2025-05-07T06:35:56Z","message":"System has 16GB RAM, setting iceberg writer batch size to 419430400 bytes"}
{"level":"info","message":"Standard Replication is selected","time":"2025-05-07T06:35:56Z"}
{"level":"info","message":"Standard Replication is selected","time":"2025-05-07T06:35:56Z"}
{"level":"info","message":"Standard Replication is selected","time":"2025-05-07T06:35:56Z"}
{"level":"info","time":"2025-05-07T06:35:56Z","message":"Starting discover for Postgres database postgres"}
{"level":"warn","time":"2025-05-07T06:35:56Z","message":"failed to get respective type in datatypes for column: col_time[time without time zone]"}
{"level":"warn","time":"2025-05-07T06:35:56Z","message":"failed to get respective type in datatypes for column: col_time[time without time zone]"}
{"level":"warn","time":"2025-05-07T06:35:56Z","message":"failed to get respective type in datatypes for column: col_time[time without time zone]"}
{"level":"info","message":"Standard Replication is selected","time":"2025-05-07T06:35:56Z"}
{"level":"info","time":"2025-05-07T06:35:56Z","message":"Iceberg JAR file found in target directory: /Users/dukedhal/Desktop/olake/writers/iceberg/debezium-server-iceberg-sink/target/debezium-server-iceberg-sink-0.0.1-SNAPSHOT.jar"}
{"level":"info","time":"2025-05-07T06:35:56Z","message":"Connected to new iceberg writer on port 50051 for stream check_01JTMQAGXDPS6XMD5SA76DYT59, configHash check_01JTMQAGXDPS6XMD5SA76DYT59-check-false"}
{"level":"info","message":"[Java-Iceberg:50051] 12:05:57.237 [main] INFO  io.debezium.server.iceberg.OlakeRpcServer - Logs will be output to console only","time":"2025-05-07T06:35:57Z"}
{"level":"info","message":"[Java-Iceberg:50051] 12:05:57.273 [main] INFO  org.apache.iceberg.CatalogUtil - Loading custom FileIO implementation: org.apache.iceberg.io.ResolvingFileIO","time":"2025-05-07T06:35:57Z"}
{"level":"info","message":"[Java-Iceberg:50051] 12:05:57.449 [main] INFO  io.debezium.serde.json.JsonSerdeConfig - JsonSerdeConfig values: ","time":"2025-05-07T06:35:57Z"}
{"level":"info","message":"[Java-Iceberg:50051] \tfrom.field = null","time":"2025-05-07T06:35:57Z"}
{"level":"info","message":"[Java-Iceberg:50051] \tunknown.properties.ignored = false","time":"2025-05-07T06:35:57Z"}
{"level":"info","message":"[Java-Iceberg:50051] ","time":"2025-05-07T06:35:57Z"}
{"level":"info","message":"[Java-Iceberg:50051] 12:05:57.450 [main] INFO  io.debezium.serde.json.JsonSerdeConfig - JsonSerdeConfig values: ","time":"2025-05-07T06:35:57Z"}
{"level":"info","message":"[Java-Iceberg:50051] \tfrom.field = null","time":"2025-05-07T06:35:57Z"}
{"level":"info","message":"[Java-Iceberg:50051] \tunknown.properties.ignored = false","time":"2025-05-07T06:35:57Z"}
{"level":"info","message":"[Java-Iceberg:50051] ","time":"2025-05-07T06:35:57Z"}
{"level":"info","message":"[Java-Iceberg:50051] 12:05:57.579 [main] INFO  io.debezium.server.iceberg.OlakeRpcServer - Server started on port 50051 with max message size: 2000MB","time":"2025-05-07T06:35:57Z"}
{"level":"info","message":"[Java-Iceberg:50051] 12:05:57.827 [grpc-default-executor-0] INFO  io.debezium.server.iceberg.rpc.OlakeRowsIngester - [Thread-23-279490796437208] Parsing messages took: 11 ms","time":"2025-05-07T06:35:57Z"}
{"level":"info","message":"[Java-Iceberg:50051] 12:05:57.833 [grpc-default-executor-0] INFO  org.apache.iceberg.BaseMetastoreTableOperations - Refreshing table metadata from new version: s3a://warehouse/olake_iceberg/olake_test_table/metadata/00002-efd63693-b551-4709-88f4-1b5c817b0d9d.metadata.json","time":"2025-05-07T06:35:57Z"}
{"level":"info","message":"[Java-Iceberg:50051] 12:05:57.835 [grpc-default-executor-0] INFO  org.apache.iceberg.CatalogUtil - Loading custom FileIO implementation: org.apache.iceberg.aws.s3.S3FileIO","time":"2025-05-07T06:35:57Z"}
{"level":"info","message":"[Java-Iceberg:50051] 12:05:58.244 [grpc-default-executor-0] INFO  org.apache.iceberg.BaseMetastoreCatalog - Table loaded by catalog: olake_iceberg.olake_iceberg.olake_test_table","time":"2025-05-07T06:35:58Z"}
{"level":"info","message":"[Java-Iceberg:50051] 12:05:58.245 [grpc-default-executor-0] INFO  io.debezium.server.iceberg.tableoperator.IcebergTableOperator - Batch got 1 records with 1 different schema!!","time":"2025-05-07T06:35:58Z"}
{"level":"info","message":"[Java-Iceberg:50051] 12:05:58.296 [grpc-default-executor-0] INFO  org.apache.hadoop.io.compress.CodecPool - Got brand-new compressor [.zstd]","time":"2025-05-07T06:35:58Z"}
{"level":"info","message":"[Java-Iceberg:50051] 12:05:58.986 [grpc-default-executor-0] INFO  org.apache.iceberg.BaseMetastoreTableOperations - Successfully committed to table olake_iceberg.olake_test_table in 10 ms","time":"2025-05-07T06:35:58Z"}
{"level":"info","message":"[Java-Iceberg:50051] 12:05:58.986 [grpc-default-executor-0] INFO  org.apache.iceberg.SnapshotProducer - Committed snapshot 4013787874538571883 (MergeAppend)","time":"2025-05-07T06:35:58Z"}
{"level":"info","message":"[Java-Iceberg:50051] 12:05:58.995 [grpc-default-executor-0] INFO  org.apache.iceberg.BaseMetastoreTableOperations - Refreshing table metadata from new version: s3a://warehouse/olake_iceberg/olake_test_table/metadata/00003-94520dc6-d406-4501-bff5-e6cd9ffc65b4.metadata.json","time":"2025-05-07T06:35:58Z"}
{"level":"info","message":"[Java-Iceberg:50051] 12:05:59.002 [grpc-default-executor-0] INFO  org.apache.iceberg.metrics.LoggingMetricsReporter - Received metrics report: CommitReport{tableName=olake_iceberg.olake_iceberg.olake_test_table, snapshotId=4013787874538571883, sequenceNumber=3, operation=append, commitMetrics=CommitMetricsResult{totalDuration=TimerResult{timeUnit=NANOSECONDS, totalDuration=PT0.300407417S, count=1}, attempts=CounterResult{unit=COUNT, value=1}, addedDataFiles=CounterResult{unit=COUNT, value=1}, removedDataFiles=null, totalDataFiles=CounterResult{unit=COUNT, value=3}, addedDeleteFiles=null, addedEqualityDeleteFiles=null, addedPositionalDeleteFiles=null, addedDVs=null, removedDeleteFiles=null, removedEqualityDeleteFiles=null, removedPositionalDeleteFiles=null, removedDVs=null, totalDeleteFiles=CounterResult{unit=COUNT, value=0}, addedRecords=CounterResult{unit=COUNT, value=1}, removedRecords=null, totalRecords=CounterResult{unit=COUNT, value=3}, addedFilesSizeInBytes=CounterResult{unit=BYTES, value=1564}, removedFilesSizeInBytes=null, totalFilesSizeInBytes=CounterResult{unit=BYTES, value=4692}, addedPositionalDeletes=null, removedPositionalDeletes=null, totalPositionalDeletes=CounterResult{unit=COUNT, value=0}, addedEqualityDeletes=null, removedEqualityDeletes=null, totalEqualityDeletes=CounterResult{unit=COUNT, value=0}}, metadata={iceberg-version=Apache Iceberg 1.8.0 (commit c277c2014a1b37fe755cfe37f173b6465bb8cb73)}}","time":"2025-05-07T06:35:59Z"}
{"level":"info","message":"[Java-Iceberg:50051] 12:05:59.014 [grpc-default-executor-0] INFO  io.debezium.server.iceberg.tableoperator.IcebergTableOperator - Successfully committed 1 events","time":"2025-05-07T06:35:59Z"}
{"level":"info","message":"[Java-Iceberg:50051] 12:05:59.014 [grpc-default-executor-0] INFO  io.debezium.server.iceberg.rpc.OlakeRowsIngester - [Thread-23-279490796437208] Processing tables took: 1187 ms","time":"2025-05-07T06:35:59Z"}
{"level":"info","message":"[Java-Iceberg:50051] 12:05:59.019 [grpc-default-executor-0] INFO  io.debezium.server.iceberg.rpc.OlakeRowsIngester - [Thread-23-279490796437208] Total time taken: 1203 ms","time":"2025-05-07T06:35:59Z"}
{"level":"info","time":"2025-05-07T06:35:59Z","message":"Server Response: [Thread-23-279490796437208] Received 1 messages"}
{"level":"info","time":"2025-05-07T06:35:59Z","message":"Shutting down Iceberg server on port 50051"}
{"level":"info","message":"Standard Replication is selected","time":"2025-05-07T06:35:59Z"}
{"level":"info","time":"2025-05-07T06:35:59Z","message":"Starting discover for Postgres database postgres"}
{"level":"warn","time":"2025-05-07T06:35:59Z","message":"failed to get respective type in datatypes for column: col_time[time without time zone]"}
{"level":"warn","time":"2025-05-07T06:35:59Z","message":"failed to get respective type in datatypes for column: col_time[time without time zone]"}
{"level":"warn","time":"2025-05-07T06:35:59Z","message":"failed to get respective type in datatypes for column: col_time[time without time zone]"}
{"level":"info","time":"2025-05-07T06:35:59Z","message":"Starting backfill for stream[test_table_olake_1746599756] with 1 chunks"}
{"level":"info","time":"2025-05-07T06:35:59Z","message":"Iceberg JAR file found in target directory: /Users/dukedhal/Desktop/olake/writers/iceberg/debezium-server-iceberg-sink/target/debezium-server-iceberg-sink-0.0.1-SNAPSHOT.jar"}
{"level":"info","time":"2025-05-07T06:35:59Z","message":"Connected to new iceberg writer on port 50051 for stream public.test_table_olake_1746599756, configHash public.test_table_olake_1746599756-public-false"}
{"level":"info","time":"2025-05-07T06:35:59Z","message":"chunk[1] with min['(0,0)']-max['(4294967295,0)'] completed in 0.06 seconds"}
{"level":"info","message":"[Java-Iceberg:50051] 12:05:59.727 [main] INFO  io.debezium.server.iceberg.OlakeRpcServer - Logs will be output to console only","time":"2025-05-07T06:35:59Z"}
{"level":"info","message":"[Java-Iceberg:50051] 12:05:59.762 [main] INFO  org.apache.iceberg.CatalogUtil - Loading custom FileIO implementation: org.apache.iceberg.io.ResolvingFileIO","time":"2025-05-07T06:35:59Z"}
{"level":"info","message":"[Java-Iceberg:50051] 12:05:59.898 [main] INFO  io.debezium.serde.json.JsonSerdeConfig - JsonSerdeConfig values: ","time":"2025-05-07T06:35:59Z"}
{"level":"info","message":"[Java-Iceberg:50051] \tfrom.field = null","time":"2025-05-07T06:35:59Z"}
{"level":"info","message":"[Java-Iceberg:50051] \tunknown.properties.ignored = false","time":"2025-05-07T06:35:59Z"}
{"level":"info","message":"[Java-Iceberg:50051] ","time":"2025-05-07T06:35:59Z"}
{"level":"info","message":"[Java-Iceberg:50051] 12:05:59.898 [main] INFO  io.debezium.serde.json.JsonSerdeConfig - JsonSerdeConfig values: ","time":"2025-05-07T06:35:59Z"}
{"level":"info","message":"[Java-Iceberg:50051] \tfrom.field = null","time":"2025-05-07T06:35:59Z"}
{"level":"info","message":"[Java-Iceberg:50051] \tunknown.properties.ignored = false","time":"2025-05-07T06:35:59Z"}
{"level":"info","message":"[Java-Iceberg:50051] ","time":"2025-05-07T06:35:59Z"}
{"level":"info","message":"[Java-Iceberg:50051] 12:06:00.021 [main] INFO  io.debezium.server.iceberg.OlakeRpcServer - Server started on port 50051 with max message size: 2000MB","time":"2025-05-07T06:36:00Z"}
{"level":"info","message":"[Java-Iceberg:50051] 12:06:00.441 [grpc-default-executor-0] INFO  io.debezium.server.iceberg.rpc.OlakeRowsIngester - [Thread-23-279493407123166] Parsing messages took: 13 ms","time":"2025-05-07T06:36:00Z"}
{"level":"info","message":"[Java-Iceberg:50051] 12:06:00.460 [grpc-default-executor-0] WARN  io.debezium.server.iceberg.IcebergUtil - Creating table:'olake_iceberg.test_table_olake_1746599756'","time":"2025-05-07T06:36:00Z"}
{"level":"info","message":"[Java-Iceberg:50051] schema:table {","time":"2025-05-07T06:36:00Z"}
{"level":"info","message":"[Java-Iceberg:50051]   1: olake_id: required string (id)","time":"2025-05-07T06:36:00Z"}
{"level":"info","message":"[Java-Iceberg:50051]   2: data: optional string","time":"2025-05-07T06:36:00Z"}
{"level":"info","message":"[Java-Iceberg:50051]   3: __deleted: optional boolean","time":"2025-05-07T06:36:00Z"}
{"level":"info","message":"[Java-Iceberg:50051]   4: __op: optional string","time":"2025-05-07T06:36:00Z"}
{"level":"info","message":"[Java-Iceberg:50051]   5: __db: optional string","time":"2025-05-07T06:36:00Z"}
{"level":"info","message":"[Java-Iceberg:50051]   6: __source_ts_ms: optional timestamptz","time":"2025-05-07T06:36:00Z"}
{"level":"info","message":"[Java-Iceberg:50051] }","time":"2025-05-07T06:36:00Z"}
{"level":"info","message":"[Java-Iceberg:50051] rowIdentifier:[olake_id]","time":"2025-05-07T06:36:00Z"}
{"level":"info","message":"[Java-Iceberg:50051] 12:06:00.465 [grpc-default-executor-0] INFO  org.apache.iceberg.BaseMetastoreCatalog - Table properties set at catalog level through catalog properties: {}","time":"2025-05-07T06:36:00Z"}
{"level":"info","message":"[Java-Iceberg:50051] 12:06:00.470 [grpc-default-executor-0] INFO  org.apache.iceberg.BaseMetastoreCatalog - Table properties enforced at catalog level through catalog properties: {}","time":"2025-05-07T06:36:00Z"}
{"level":"info","message":"[Java-Iceberg:50051] 12:06:00.480 [grpc-default-executor-0] INFO  org.apache.iceberg.CatalogUtil - Loading custom FileIO implementation: org.apache.iceberg.aws.s3.S3FileIO","time":"2025-05-07T06:36:00Z"}
{"level":"info","message":"[Java-Iceberg:50051] 12:06:00.854 [grpc-default-executor-0] INFO  org.apache.iceberg.BaseMetastoreTableOperations - Successfully committed to table olake_iceberg.test_table_olake_1746599756 in 375 ms","time":"2025-05-07T06:36:00Z"}
{"level":"info","message":"[Java-Iceberg:50051] 12:06:00.856 [grpc-default-executor-0] INFO  io.debezium.server.iceberg.tableoperator.IcebergTableOperator - Batch got 5 records with 1 different schema!!","time":"2025-05-07T06:36:00Z"}
{"level":"info","message":"[Java-Iceberg:50051] 12:06:00.858 [grpc-default-executor-0] INFO  org.apache.iceberg.BaseMetastoreTableOperations - Refreshing table metadata from new version: s3a://warehouse/olake_iceberg/test_table_olake_1746599756/metadata/00000-3ae6970b-fa52-4109-b347-a50e3c09ab15.metadata.json","time":"2025-05-07T06:36:00Z"}
{"level":"info","message":"[Java-Iceberg:50051] 12:06:00.937 [grpc-default-executor-0] INFO  org.apache.hadoop.io.compress.CodecPool - Got brand-new compressor [.zstd]","time":"2025-05-07T06:36:00Z"}
{"level":"info","message":"[Java-Iceberg:50051] 12:06:01.553 [grpc-default-executor-0] INFO  org.apache.iceberg.BaseMetastoreTableOperations - Successfully committed to table olake_iceberg.test_table_olake_1746599756 in 8 ms","time":"2025-05-07T06:36:01Z"}
{"level":"info","message":"[Java-Iceberg:50051] 12:06:01.554 [grpc-default-executor-0] INFO  org.apache.iceberg.SnapshotProducer - Committed snapshot 6846952816445643972 (MergeAppend)","time":"2025-05-07T06:36:01Z"}
{"level":"info","message":"[Java-Iceberg:50051] 12:06:01.580 [grpc-default-executor-0] INFO  org.apache.iceberg.BaseMetastoreTableOperations - Refreshing table metadata from new version: s3a://warehouse/olake_iceberg/test_table_olake_1746599756/metadata/00001-72bec7bf-6659-499b-8363-984572481c27.metadata.json","time":"2025-05-07T06:36:01Z"}
{"level":"info","message":"[Java-Iceberg:50051] 12:06:01.586 [grpc-default-executor-0] INFO  org.apache.iceberg.metrics.LoggingMetricsReporter - Received metrics report: CommitReport{tableName=olake_iceberg.olake_iceberg.test_table_olake_1746599756, snapshotId=6846952816445643972, sequenceNumber=1, operation=append, commitMetrics=CommitMetricsResult{totalDuration=TimerResult{timeUnit=NANOSECONDS, totalDuration=PT0.259931958S, count=1}, attempts=CounterResult{unit=COUNT, value=1}, addedDataFiles=CounterResult{unit=COUNT, value=1}, removedDataFiles=null, totalDataFiles=CounterResult{unit=COUNT, value=1}, addedDeleteFiles=null, addedEqualityDeleteFiles=null, addedPositionalDeleteFiles=null, addedDVs=null, removedDeleteFiles=null, removedEqualityDeleteFiles=null, removedPositionalDeleteFiles=null, removedDVs=null, totalDeleteFiles=CounterResult{unit=COUNT, value=0}, addedRecords=CounterResult{unit=COUNT, value=5}, removedRecords=null, totalRecords=CounterResult{unit=COUNT, value=5}, addedFilesSizeInBytes=CounterResult{unit=BYTES, value=2275}, removedFilesSizeInBytes=null, totalFilesSizeInBytes=CounterResult{unit=BYTES, value=2275}, addedPositionalDeletes=null, removedPositionalDeletes=null, totalPositionalDeletes=CounterResult{unit=COUNT, value=0}, addedEqualityDeletes=null, removedEqualityDeletes=null, totalEqualityDeletes=CounterResult{unit=COUNT, value=0}}, metadata={iceberg-version=Apache Iceberg 1.8.0 (commit c277c2014a1b37fe755cfe37f173b6465bb8cb73)}}","time":"2025-05-07T06:36:01Z"}
{"level":"info","message":"[Java-Iceberg:50051] 12:06:01.597 [grpc-default-executor-0] INFO  io.debezium.server.iceberg.tableoperator.IcebergTableOperator - Successfully committed 5 events","time":"2025-05-07T06:36:01Z"}
{"level":"info","message":"[Java-Iceberg:50051] 12:06:01.597 [grpc-default-executor-0] INFO  io.debezium.server.iceberg.rpc.OlakeRowsIngester - [Thread-23-279493407123166] Processing tables took: 1156 ms","time":"2025-05-07T06:36:01Z"}
{"level":"info","message":"[Java-Iceberg:50051] 12:06:01.606 [grpc-default-executor-0] INFO  io.debezium.server.iceberg.rpc.OlakeRowsIngester - [Thread-23-279493407123166] Total time taken: 1179 ms","time":"2025-05-07T06:36:01Z"}
{"level":"info","time":"2025-05-07T06:36:01Z","message":"Sent batch to Iceberg server: 5 records, response: [Thread-23-279493407123166] Received 5 messages"}
{"level":"info","time":"2025-05-07T06:36:01Z","message":"Shutting down Iceberg server on port 50051"}
{"level":"info","message":"Standard Replication is selected","time":"2025-05-07T06:43:37Z"}
{"level":"info","time":"2025-05-07T06:43:37Z","message":"Starting discover for Postgres database postgres"}
{"level":"warn","time":"2025-05-07T06:43:37Z","message":"failed to get respective type in datatypes for column: col_time[time without time zone]"}
{"level":"warn","time":"2025-05-07T06:43:37Z","message":"failed to get respective type in datatypes for column: col_time[time without time zone]"}
{"level":"warn","time":"2025-05-07T06:43:37Z","message":"failed to get respective type in datatypes for column: col_time[time without time zone]"}
{"level":"info","time":"2025-05-07T06:43:37Z","message":"SystemID:7501231763817750566 Timeline:1 XLogPos:0/1EAD688 Database:postgres"}
{"level":"info","time":"2025-05-07T06:43:37Z","message":"Starting backfill for stream[test_table_olake_1746599756] with 1 chunks"}
{"level":"info","time":"2025-05-07T06:43:38Z","message":"Iceberg JAR file found in target directory: /Users/dukedhal/Desktop/olake/writers/iceberg/debezium-server-iceberg-sink/target/debezium-server-iceberg-sink-0.0.1-SNAPSHOT.jar"}
{"level":"info","time":"2025-05-07T06:43:38Z","message":"Connected to new iceberg writer on port 50051 for stream public.test_table_olake_1746599756, configHash public.test_table_olake_1746599756-public-false"}
{"level":"info","time":"2025-05-07T06:43:38Z","message":"chunk[1] with min['(0,0)']-max['(4294967295,0)'] completed in 0.25 seconds"}
{"level":"info","time":"2025-05-07T06:43:38Z","message":"Started logical replication on slot[olake_slot]"}
{"level":"info","message":"[Java-Iceberg:50051] 12:13:38.846 [main] INFO  io.debezium.server.iceberg.OlakeRpcServer - Logs will be output to console only","time":"2025-05-07T06:43:38Z"}
{"level":"info","message":"[Java-Iceberg:50051] 12:13:38.882 [main] INFO  org.apache.iceberg.CatalogUtil - Loading custom FileIO implementation: org.apache.iceberg.io.ResolvingFileIO","time":"2025-05-07T06:43:38Z"}
{"level":"info","message":"[Java-Iceberg:50051] 12:13:39.060 [main] INFO  io.debezium.serde.json.JsonSerdeConfig - JsonSerdeConfig values: ","time":"2025-05-07T06:43:39Z"}
{"level":"info","message":"[Java-Iceberg:50051] \tfrom.field = null","time":"2025-05-07T06:43:39Z"}
{"level":"info","message":"[Java-Iceberg:50051] \tunknown.properties.ignored = false","time":"2025-05-07T06:43:39Z"}
{"level":"info","message":"[Java-Iceberg:50051] ","time":"2025-05-07T06:43:39Z"}
{"level":"info","message":"[Java-Iceberg:50051] 12:13:39.060 [main] INFO  io.debezium.serde.json.JsonSerdeConfig - JsonSerdeConfig values: ","time":"2025-05-07T06:43:39Z"}
{"level":"info","message":"[Java-Iceberg:50051] \tfrom.field = null","time":"2025-05-07T06:43:39Z"}
{"level":"info","message":"[Java-Iceberg:50051] \tunknown.properties.ignored = false","time":"2025-05-07T06:43:39Z"}
{"level":"info","message":"[Java-Iceberg:50051] ","time":"2025-05-07T06:43:39Z"}
{"level":"info","message":"[Java-Iceberg:50051] 12:13:39.184 [main] INFO  io.debezium.server.iceberg.OlakeRpcServer - Server started on port 50051 with max message size: 2000MB","time":"2025-05-07T06:43:39Z"}
{"level":"info","message":"[Java-Iceberg:50051] 12:13:39.349 [grpc-default-executor-0] INFO  io.debezium.server.iceberg.rpc.OlakeRowsIngester - [Thread-23-279952388124625] Parsing messages took: 12 ms","time":"2025-05-07T06:43:39Z"}
{"level":"info","message":"[Java-Iceberg:50051] 12:13:39.358 [grpc-default-executor-0] INFO  org.apache.iceberg.BaseMetastoreTableOperations - Refreshing table metadata from new version: s3a://warehouse/olake_iceberg/test_table_olake_1746599756/metadata/00001-72bec7bf-6659-499b-8363-984572481c27.metadata.json","time":"2025-05-07T06:43:39Z"}
{"level":"info","message":"[Java-Iceberg:50051] 12:13:39.361 [grpc-default-executor-0] INFO  org.apache.iceberg.CatalogUtil - Loading custom FileIO implementation: org.apache.iceberg.aws.s3.S3FileIO","time":"2025-05-07T06:43:39Z"}
{"level":"info","message":"[Java-Iceberg:50051] 12:13:39.840 [grpc-default-executor-0] INFO  org.apache.iceberg.BaseMetastoreCatalog - Table loaded by catalog: olake_iceberg.olake_iceberg.test_table_olake_1746599756","time":"2025-05-07T06:43:39Z"}
{"level":"info","message":"[Java-Iceberg:50051] 12:13:39.842 [grpc-default-executor-0] INFO  io.debezium.server.iceberg.tableoperator.IcebergTableOperator - Batch got 5 records with 1 different schema!!","time":"2025-05-07T06:43:39Z"}
{"level":"info","message":"[Java-Iceberg:50051] 12:13:39.897 [grpc-default-executor-0] INFO  org.apache.hadoop.io.compress.CodecPool - Got brand-new compressor [.zstd]","time":"2025-05-07T06:43:39Z"}
{"level":"info","message":"[Java-Iceberg:50051] 12:13:40.623 [grpc-default-executor-0] INFO  org.apache.iceberg.BaseMetastoreTableOperations - Successfully committed to table olake_iceberg.test_table_olake_1746599756 in 15 ms","time":"2025-05-07T06:43:40Z"}
{"level":"info","message":"[Java-Iceberg:50051] 12:13:40.623 [grpc-default-executor-0] INFO  org.apache.iceberg.SnapshotProducer - Committed snapshot 3749533159925301895 (MergeAppend)","time":"2025-05-07T06:43:40Z"}
{"level":"info","message":"[Java-Iceberg:50051] 12:13:40.637 [grpc-default-executor-0] INFO  org.apache.iceberg.BaseMetastoreTableOperations - Refreshing table metadata from new version: s3a://warehouse/olake_iceberg/test_table_olake_1746599756/metadata/00002-555a7655-d3d5-4a6e-9259-4c8c36ecfc67.metadata.json","time":"2025-05-07T06:43:40Z"}
{"level":"info","message":"[Java-Iceberg:50051] 12:13:40.645 [grpc-default-executor-0] INFO  org.apache.iceberg.metrics.LoggingMetricsReporter - Received metrics report: CommitReport{tableName=olake_iceberg.olake_iceberg.test_table_olake_1746599756, snapshotId=3749533159925301895, sequenceNumber=2, operation=append, commitMetrics=CommitMetricsResult{totalDuration=TimerResult{timeUnit=NANOSECONDS, totalDuration=PT0.327376625S, count=1}, attempts=CounterResult{unit=COUNT, value=1}, addedDataFiles=CounterResult{unit=COUNT, value=1}, removedDataFiles=null, totalDataFiles=CounterResult{unit=COUNT, value=2}, addedDeleteFiles=null, addedEqualityDeleteFiles=null, addedPositionalDeleteFiles=null, addedDVs=null, removedDeleteFiles=null, removedEqualityDeleteFiles=null, removedPositionalDeleteFiles=null, removedDVs=null, totalDeleteFiles=CounterResult{unit=COUNT, value=0}, addedRecords=CounterResult{unit=COUNT, value=5}, removedRecords=null, totalRecords=CounterResult{unit=COUNT, value=10}, addedFilesSizeInBytes=CounterResult{unit=BYTES, value=2275}, removedFilesSizeInBytes=null, totalFilesSizeInBytes=CounterResult{unit=BYTES, value=4550}, addedPositionalDeletes=null, removedPositionalDeletes=null, totalPositionalDeletes=CounterResult{unit=COUNT, value=0}, addedEqualityDeletes=null, removedEqualityDeletes=null, totalEqualityDeletes=CounterResult{unit=COUNT, value=0}}, metadata={iceberg-version=Apache Iceberg 1.8.0 (commit c277c2014a1b37fe755cfe37f173b6465bb8cb73)}}","time":"2025-05-07T06:43:40Z"}
{"level":"info","message":"[Java-Iceberg:50051] 12:13:40.656 [grpc-default-executor-0] INFO  io.debezium.server.iceberg.tableoperator.IcebergTableOperator - Successfully committed 5 events","time":"2025-05-07T06:43:40Z"}
{"level":"info","message":"[Java-Iceberg:50051] 12:13:40.656 [grpc-default-executor-0] INFO  io.debezium.server.iceberg.rpc.OlakeRowsIngester - [Thread-23-279952388124625] Processing tables took: 1307 ms","time":"2025-05-07T06:43:40Z"}
{"level":"info","message":"[Java-Iceberg:50051] 12:13:40.661 [grpc-default-executor-0] INFO  io.debezium.server.iceberg.rpc.OlakeRowsIngester - [Thread-23-279952388124625] Total time taken: 1324 ms","time":"2025-05-07T06:43:40Z"}
{"level":"info","time":"2025-05-07T06:43:40Z","message":"Sent batch to Iceberg server: 5 records, response: [Thread-23-279952388124625] Received 5 messages"}
{"level":"info","time":"2025-05-07T06:43:40Z","message":"Shutting down Iceberg server on port 50051"}
{"level":"info","time":"2025-05-07T06:43:40Z","message":"Iceberg JAR file found in target directory: /Users/dukedhal/Desktop/olake/writers/iceberg/debezium-server-iceberg-sink/target/debezium-server-iceberg-sink-0.0.1-SNAPSHOT.jar"}
{"level":"info","time":"2025-05-07T06:43:40Z","message":"Connected to new iceberg writer on port 50051 for stream public.test_table_olake_1746599756, configHash public.test_table_olake_1746599756-public-true"}
{"level":"info","message":"[Java-Iceberg:50051] 12:13:41.228 [main] INFO  io.debezium.server.iceberg.OlakeRpcServer - Logs will be output to console only","time":"2025-05-07T06:43:41Z"}
{"level":"info","message":"[Java-Iceberg:50051] 12:13:41.261 [main] INFO  org.apache.iceberg.CatalogUtil - Loading custom FileIO implementation: org.apache.iceberg.io.ResolvingFileIO","time":"2025-05-07T06:43:41Z"}
{"level":"info","message":"[Java-Iceberg:50051] 12:13:41.399 [main] INFO  io.debezium.serde.json.JsonSerdeConfig - JsonSerdeConfig values: ","time":"2025-05-07T06:43:41Z"}
{"level":"info","message":"[Java-Iceberg:50051] \tfrom.field = null","time":"2025-05-07T06:43:41Z"}
{"level":"info","message":"[Java-Iceberg:50051] \tunknown.properties.ignored = false","time":"2025-05-07T06:43:41Z"}
{"level":"info","message":"[Java-Iceberg:50051] ","time":"2025-05-07T06:43:41Z"}
{"level":"info","message":"[Java-Iceberg:50051] 12:13:41.400 [main] INFO  io.debezium.serde.json.JsonSerdeConfig - JsonSerdeConfig values: ","time":"2025-05-07T06:43:41Z"}
{"level":"info","message":"[Java-Iceberg:50051] \tfrom.field = null","time":"2025-05-07T06:43:41Z"}
{"level":"info","message":"[Java-Iceberg:50051] \tunknown.properties.ignored = false","time":"2025-05-07T06:43:41Z"}
{"level":"info","message":"[Java-Iceberg:50051] ","time":"2025-05-07T06:43:41Z"}
{"level":"info","message":"[Java-Iceberg:50051] 12:13:41.532 [main] INFO  io.debezium.server.iceberg.OlakeRpcServer - Server started on port 50051 with max message size: 2000MB","time":"2025-05-07T06:43:41Z"}
{"level":"debug","time":"2025-05-07T06:43:46Z","message":"Idle timeout reached while waiting for new messages"}
{"level":"debug","time":"2025-05-07T06:43:46Z","message":"sent standby status message at LSN#0/1EAD7B7"}
{"level":"info","message":"[Java-Iceberg:50051] 12:13:46.596 [grpc-default-executor-0] INFO  io.debezium.server.iceberg.rpc.OlakeRowsIngester - [Thread-23-279959632070166] Parsing messages took: 16 ms","time":"2025-05-07T06:43:46Z"}
{"level":"info","message":"[Java-Iceberg:50051] 12:13:46.609 [grpc-default-executor-0] INFO  org.apache.iceberg.BaseMetastoreTableOperations - Refreshing table metadata from new version: s3a://warehouse/olake_iceberg/test_table_olake_1746599756/metadata/00002-555a7655-d3d5-4a6e-9259-4c8c36ecfc67.metadata.json","time":"2025-05-07T06:43:46Z"}
{"level":"info","message":"[Java-Iceberg:50051] 12:13:46.612 [grpc-default-executor-0] INFO  org.apache.iceberg.CatalogUtil - Loading custom FileIO implementation: org.apache.iceberg.aws.s3.S3FileIO","time":"2025-05-07T06:43:46Z"}
{"level":"info","message":"[Java-Iceberg:50051] 12:13:47.022 [grpc-default-executor-0] INFO  org.apache.iceberg.BaseMetastoreCatalog - Table loaded by catalog: olake_iceberg.olake_iceberg.test_table_olake_1746599756","time":"2025-05-07T06:43:47Z"}
{"level":"info","message":"[Java-Iceberg:50051] 12:13:47.027 [grpc-default-executor-0] INFO  io.debezium.server.iceberg.tableoperator.IcebergTableOperator - Batch got 6 records with 1 different schema!!","time":"2025-05-07T06:43:47Z"}
{"level":"info","message":"[Java-Iceberg:50051] 12:13:47.103 [grpc-default-executor-0] INFO  org.apache.hadoop.io.compress.CodecPool - Got brand-new compressor [.zstd]","time":"2025-05-07T06:43:47Z"}
{"level":"info","message":"[Java-Iceberg:50051] 12:13:47.214 [grpc-default-executor-0] INFO  org.apache.hadoop.io.compress.CodecPool - Got brand-new compressor [.zstd]","time":"2025-05-07T06:43:47Z"}
{"level":"info","message":"[Java-Iceberg:50051] 12:13:47.838 [grpc-default-executor-0] INFO  org.apache.iceberg.BaseMetastoreTableOperations - Successfully committed to table olake_iceberg.test_table_olake_1746599756 in 10 ms","time":"2025-05-07T06:43:47Z"}
{"level":"info","message":"[Java-Iceberg:50051] 12:13:47.838 [grpc-default-executor-0] INFO  org.apache.iceberg.SnapshotProducer - Committed snapshot 1838099978709316802 (MergeAppend)","time":"2025-05-07T06:43:47Z"}
{"level":"info","message":"[Java-Iceberg:50051] 12:13:47.848 [grpc-default-executor-0] INFO  org.apache.iceberg.BaseMetastoreTableOperations - Refreshing table metadata from new version: s3a://warehouse/olake_iceberg/test_table_olake_1746599756/metadata/00003-ce96818f-1d38-475a-af21-4c9334da9dc2.metadata.json","time":"2025-05-07T06:43:47Z"}
{"level":"info","message":"[Java-Iceberg:50051] 12:13:47.854 [grpc-default-executor-0] INFO  org.apache.iceberg.metrics.LoggingMetricsReporter - Received metrics report: CommitReport{tableName=olake_iceberg.olake_iceberg.test_table_olake_1746599756, snapshotId=1838099978709316802, sequenceNumber=3, operation=append, commitMetrics=CommitMetricsResult{totalDuration=TimerResult{timeUnit=NANOSECONDS, totalDuration=PT0.308347084S, count=1}, attempts=CounterResult{unit=COUNT, value=1}, addedDataFiles=CounterResult{unit=COUNT, value=1}, removedDataFiles=null, totalDataFiles=CounterResult{unit=COUNT, value=3}, addedDeleteFiles=null, addedEqualityDeleteFiles=null, addedPositionalDeleteFiles=null, addedDVs=null, removedDeleteFiles=null, removedEqualityDeleteFiles=null, removedPositionalDeleteFiles=null, removedDVs=null, totalDeleteFiles=CounterResult{unit=COUNT, value=0}, addedRecords=CounterResult{unit=COUNT, value=6}, removedRecords=null, totalRecords=CounterResult{unit=COUNT, value=16}, addedFilesSizeInBytes=CounterResult{unit=BYTES, value=2306}, removedFilesSizeInBytes=null, totalFilesSizeInBytes=CounterResult{unit=BYTES, value=6856}, addedPositionalDeletes=null, removedPositionalDeletes=null, totalPositionalDeletes=CounterResult{unit=COUNT, value=0}, addedEqualityDeletes=null, removedEqualityDeletes=null, totalEqualityDeletes=CounterResult{unit=COUNT, value=0}}, metadata={iceberg-version=Apache Iceberg 1.8.0 (commit c277c2014a1b37fe755cfe37f173b6465bb8cb73)}}","time":"2025-05-07T06:43:47Z"}
{"level":"info","message":"[Java-Iceberg:50051] 12:13:47.871 [grpc-default-executor-0] INFO  io.debezium.server.iceberg.tableoperator.IcebergTableOperator - Successfully committed 6 events","time":"2025-05-07T06:43:47Z"}
{"level":"info","message":"[Java-Iceberg:50051] 12:13:47.871 [grpc-default-executor-0] INFO  io.debezium.server.iceberg.rpc.OlakeRowsIngester - [Thread-23-279959632070166] Processing tables took: 1275 ms","time":"2025-05-07T06:43:47Z"}
{"level":"info","message":"[Java-Iceberg:50051] 12:13:47.878 [grpc-default-executor-0] INFO  io.debezium.server.iceberg.rpc.OlakeRowsIngester - [Thread-23-279959632070166] Total time taken: 1298 ms","time":"2025-05-07T06:43:47Z"}
{"level":"info","time":"2025-05-07T06:43:47Z","message":"Sent batch to Iceberg server: 11 records, response: [Thread-23-279959632070166] Received 11 messages"}
{"level":"info","time":"2025-05-07T06:43:47Z","message":"Shutting down Iceberg server on port 50051"}
