{"level":"info","time":"2025-05-07T06:31:10Z","message":"System has 16GB RAM, setting iceberg writer batch size to 419430400 bytes"}
{"level":"info","message":"Standard Replication is selected","time":"2025-05-07T06:31:10Z"}
{"level":"info","message":"Standard Replication is selected","time":"2025-05-07T06:31:10Z"}
{"level":"info","message":"Standard Replication is selected","time":"2025-05-07T06:31:10Z"}
{"level":"info","time":"2025-05-07T06:31:10Z","message":"Starting discover for Postgres database postgres"}
{"level":"warn","time":"2025-05-07T06:31:11Z","message":"failed to get respective type in datatypes for column: col_time[time without time zone]"}
{"level":"warn","time":"2025-05-07T06:31:11Z","message":"failed to get respective type in datatypes for column: col_time[time without time zone]"}
{"level":"warn","time":"2025-05-07T06:31:11Z","message":"failed to get respective type in datatypes for column: col_time[time without time zone]"}
{"level":"info","message":"Standard Replication is selected","time":"2025-05-07T06:31:11Z"}
{"level":"info","time":"2025-05-07T06:31:11Z","message":"Iceberg JAR file found in target directory: /Users/dukedhal/Desktop/olake/writers/iceberg/debezium-server-iceberg-sink/target/debezium-server-iceberg-sink-0.0.1-SNAPSHOT.jar"}
{"level":"info","time":"2025-05-07T06:31:11Z","message":"Connected to new iceberg writer on port 50051 for stream check_01JTMQ1T8815HGYZB0X48C8389, configHash check_01JTMQ1T8815HGYZB0X48C8389-check-false"}
{"level":"info","message":"[Java-Iceberg:50051] 12:01:11.953 [main] INFO  io.debezium.server.iceberg.OlakeRpcServer - Logs will be output to console only","time":"2025-05-07T06:31:11Z"}
{"level":"info","message":"[Java-Iceberg:50051] 12:01:11.989 [main] INFO  org.apache.iceberg.CatalogUtil - Loading custom FileIO implementation: org.apache.iceberg.io.ResolvingFileIO","time":"2025-05-07T06:31:11Z"}
{"level":"info","message":"[Java-Iceberg:50051] 12:01:12.168 [main] INFO  io.debezium.serde.json.JsonSerdeConfig - JsonSerdeConfig values: ","time":"2025-05-07T06:31:12Z"}
{"level":"info","message":"[Java-Iceberg:50051] \tfrom.field = null","time":"2025-05-07T06:31:12Z"}
{"level":"info","message":"[Java-Iceberg:50051] \tunknown.properties.ignored = false","time":"2025-05-07T06:31:12Z"}
{"level":"info","message":"[Java-Iceberg:50051] ","time":"2025-05-07T06:31:12Z"}
{"level":"info","message":"[Java-Iceberg:50051] 12:01:12.168 [main] INFO  io.debezium.serde.json.JsonSerdeConfig - JsonSerdeConfig values: ","time":"2025-05-07T06:31:12Z"}
{"level":"info","message":"[Java-Iceberg:50051] \tfrom.field = null","time":"2025-05-07T06:31:12Z"}
{"level":"info","message":"[Java-Iceberg:50051] \tunknown.properties.ignored = false","time":"2025-05-07T06:31:12Z"}
{"level":"info","message":"[Java-Iceberg:50051] ","time":"2025-05-07T06:31:12Z"}
{"level":"info","message":"[Java-Iceberg:50051] 12:01:12.285 [main] INFO  io.debezium.server.iceberg.OlakeRpcServer - Server started on port 50051 with max message size: 2000MB","time":"2025-05-07T06:31:12Z"}
{"level":"info","message":"[Java-Iceberg:50051] 12:01:12.475 [grpc-default-executor-0] INFO  io.debezium.server.iceberg.rpc.OlakeRowsIngester - [Thread-23-279205443248500] Parsing messages took: 11 ms","time":"2025-05-07T06:31:12Z"}
{"level":"info","message":"[Java-Iceberg:50051] 12:01:12.481 [grpc-default-executor-0] INFO  org.apache.iceberg.BaseMetastoreTableOperations - Refreshing table metadata from new version: s3a://warehouse/olake_iceberg/olake_test_table/metadata/00001-86ddfe21-6a20-4edb-b97c-7522af980fd9.metadata.json","time":"2025-05-07T06:31:12Z"}
{"level":"info","message":"[Java-Iceberg:50051] 12:01:12.484 [grpc-default-executor-0] INFO  org.apache.iceberg.CatalogUtil - Loading custom FileIO implementation: org.apache.iceberg.aws.s3.S3FileIO","time":"2025-05-07T06:31:12Z"}
{"level":"info","message":"[Java-Iceberg:50051] 12:01:12.892 [grpc-default-executor-0] INFO  org.apache.iceberg.BaseMetastoreCatalog - Table loaded by catalog: olake_iceberg.olake_iceberg.olake_test_table","time":"2025-05-07T06:31:12Z"}
{"level":"info","message":"[Java-Iceberg:50051] 12:01:12.893 [grpc-default-executor-0] INFO  io.debezium.server.iceberg.tableoperator.IcebergTableOperator - Batch got 1 records with 1 different schema!!","time":"2025-05-07T06:31:12Z"}
{"level":"info","message":"[Java-Iceberg:50051] 12:01:12.941 [grpc-default-executor-0] INFO  org.apache.hadoop.io.compress.CodecPool - Got brand-new compressor [.zstd]","time":"2025-05-07T06:31:12Z"}
{"level":"info","message":"[Java-Iceberg:50051] 12:01:13.633 [grpc-default-executor-0] INFO  org.apache.iceberg.BaseMetastoreTableOperations - Successfully committed to table olake_iceberg.olake_test_table in 9 ms","time":"2025-05-07T06:31:13Z"}
{"level":"info","message":"[Java-Iceberg:50051] 12:01:13.633 [grpc-default-executor-0] INFO  org.apache.iceberg.SnapshotProducer - Committed snapshot 7450355734966701808 (MergeAppend)","time":"2025-05-07T06:31:13Z"}
{"level":"info","message":"[Java-Iceberg:50051] 12:01:13.642 [grpc-default-executor-0] INFO  org.apache.iceberg.BaseMetastoreTableOperations - Refreshing table metadata from new version: s3a://warehouse/olake_iceberg/olake_test_table/metadata/00002-efd63693-b551-4709-88f4-1b5c817b0d9d.metadata.json","time":"2025-05-07T06:31:13Z"}
{"level":"info","message":"[Java-Iceberg:50051] 12:01:13.648 [grpc-default-executor-0] INFO  org.apache.iceberg.metrics.LoggingMetricsReporter - Received metrics report: CommitReport{tableName=olake_iceberg.olake_iceberg.olake_test_table, snapshotId=7450355734966701808, sequenceNumber=2, operation=append, commitMetrics=CommitMetricsResult{totalDuration=TimerResult{timeUnit=NANOSECONDS, totalDuration=PT0.283223125S, count=1}, attempts=CounterResult{unit=COUNT, value=1}, addedDataFiles=CounterResult{unit=COUNT, value=1}, removedDataFiles=null, totalDataFiles=CounterResult{unit=COUNT, value=2}, addedDeleteFiles=null, addedEqualityDeleteFiles=null, addedPositionalDeleteFiles=null, addedDVs=null, removedDeleteFiles=null, removedEqualityDeleteFiles=null, removedPositionalDeleteFiles=null, removedDVs=null, totalDeleteFiles=CounterResult{unit=COUNT, value=0}, addedRecords=CounterResult{unit=COUNT, value=1}, removedRecords=null, totalRecords=CounterResult{unit=COUNT, value=2}, addedFilesSizeInBytes=CounterResult{unit=BYTES, value=1564}, removedFilesSizeInBytes=null, totalFilesSizeInBytes=CounterResult{unit=BYTES, value=3128}, addedPositionalDeletes=null, removedPositionalDeletes=null, totalPositionalDeletes=CounterResult{unit=COUNT, value=0}, addedEqualityDeletes=null, removedEqualityDeletes=null, totalEqualityDeletes=CounterResult{unit=COUNT, value=0}}, metadata={iceberg-version=Apache Iceberg 1.8.0 (commit c277c2014a1b37fe755cfe37f173b6465bb8cb73)}}","time":"2025-05-07T06:31:13Z"}
{"level":"info","message":"[Java-Iceberg:50051] 12:01:13.659 [grpc-default-executor-0] INFO  io.debezium.server.iceberg.tableoperator.IcebergTableOperator - Successfully committed 1 events","time":"2025-05-07T06:31:13Z"}
{"level":"info","message":"[Java-Iceberg:50051] 12:01:13.659 [grpc-default-executor-0] INFO  io.debezium.server.iceberg.rpc.OlakeRowsIngester - [Thread-23-279205443248500] Processing tables took: 1184 ms","time":"2025-05-07T06:31:13Z"}
{"level":"info","message":"[Java-Iceberg:50051] 12:01:13.663 [grpc-default-executor-0] INFO  io.debezium.server.iceberg.rpc.OlakeRowsIngester - [Thread-23-279205443248500] Total time taken: 1199 ms","time":"2025-05-07T06:31:13Z"}
{"level":"info","time":"2025-05-07T06:31:13Z","message":"Server Response: [Thread-23-279205443248500] Received 1 messages"}
{"level":"info","time":"2025-05-07T06:31:13Z","message":"Shutting down Iceberg server on port 50051"}
{"level":"info","message":"Standard Replication is selected","time":"2025-05-07T06:31:13Z"}
{"level":"info","time":"2025-05-07T06:31:13Z","message":"Starting discover for Postgres database postgres"}
{"level":"warn","time":"2025-05-07T06:31:13Z","message":"failed to get respective type in datatypes for column: col_time[time without time zone]"}
{"level":"warn","time":"2025-05-07T06:31:13Z","message":"failed to get respective type in datatypes for column: col_time[time without time zone]"}
{"level":"warn","time":"2025-05-07T06:31:13Z","message":"failed to get respective type in datatypes for column: col_time[time without time zone]"}
{"level":"info","time":"2025-05-07T06:31:13Z","message":"Starting backfill for stream[test_table_olake_1746599470] with 1 chunks"}
{"level":"info","time":"2025-05-07T06:31:13Z","message":"Iceberg JAR file found in target directory: /Users/dukedhal/Desktop/olake/writers/iceberg/debezium-server-iceberg-sink/target/debezium-server-iceberg-sink-0.0.1-SNAPSHOT.jar"}
{"level":"info","time":"2025-05-07T06:31:13Z","message":"Connected to new iceberg writer on port 50051 for stream public.test_table_olake_1746599470, configHash public.test_table_olake_1746599470-public-false"}
{"level":"info","time":"2025-05-07T06:31:13Z","message":"chunk[1] with min['(0,0)']-max['(4294967295,0)'] completed in 0.08 seconds"}
{"level":"info","message":"[Java-Iceberg:50051] 12:01:14.387 [main] INFO  io.debezium.server.iceberg.OlakeRpcServer - Logs will be output to console only","time":"2025-05-07T06:31:14Z"}
{"level":"info","message":"[Java-Iceberg:50051] 12:01:14.423 [main] INFO  org.apache.iceberg.CatalogUtil - Loading custom FileIO implementation: org.apache.iceberg.io.ResolvingFileIO","time":"2025-05-07T06:31:14Z"}
{"level":"info","message":"[Java-Iceberg:50051] 12:01:14.560 [main] INFO  io.debezium.serde.json.JsonSerdeConfig - JsonSerdeConfig values: ","time":"2025-05-07T06:31:14Z"}
{"level":"info","message":"[Java-Iceberg:50051] \tfrom.field = null","time":"2025-05-07T06:31:14Z"}
{"level":"info","message":"[Java-Iceberg:50051] \tunknown.properties.ignored = false","time":"2025-05-07T06:31:14Z"}
{"level":"info","message":"[Java-Iceberg:50051] ","time":"2025-05-07T06:31:14Z"}
{"level":"info","message":"[Java-Iceberg:50051] 12:01:14.561 [main] INFO  io.debezium.serde.json.JsonSerdeConfig - JsonSerdeConfig values: ","time":"2025-05-07T06:31:14Z"}
{"level":"info","message":"[Java-Iceberg:50051] \tfrom.field = null","time":"2025-05-07T06:31:14Z"}
{"level":"info","message":"[Java-Iceberg:50051] \tunknown.properties.ignored = false","time":"2025-05-07T06:31:14Z"}
{"level":"info","message":"[Java-Iceberg:50051] ","time":"2025-05-07T06:31:14Z"}
{"level":"info","message":"[Java-Iceberg:50051] 12:01:14.681 [main] INFO  io.debezium.server.iceberg.OlakeRpcServer - Server started on port 50051 with max message size: 2000MB","time":"2025-05-07T06:31:14Z"}
{"level":"info","message":"[Java-Iceberg:50051] 12:01:15.106 [grpc-default-executor-0] INFO  io.debezium.server.iceberg.rpc.OlakeRowsIngester - [Thread-23-279208071582666] Parsing messages took: 13 ms","time":"2025-05-07T06:31:15Z"}
{"level":"info","message":"[Java-Iceberg:50051] 12:01:15.124 [grpc-default-executor-0] WARN  io.debezium.server.iceberg.IcebergUtil - Creating table:'olake_iceberg.test_table_olake_1746599470'","time":"2025-05-07T06:31:15Z"}
{"level":"info","message":"[Java-Iceberg:50051] schema:table {","time":"2025-05-07T06:31:15Z"}
{"level":"info","message":"[Java-Iceberg:50051]   1: olake_id: required string (id)","time":"2025-05-07T06:31:15Z"}
{"level":"info","message":"[Java-Iceberg:50051]   2: data: optional string","time":"2025-05-07T06:31:15Z"}
{"level":"info","message":"[Java-Iceberg:50051]   3: __deleted: optional boolean","time":"2025-05-07T06:31:15Z"}
{"level":"info","message":"[Java-Iceberg:50051]   4: __op: optional string","time":"2025-05-07T06:31:15Z"}
{"level":"info","message":"[Java-Iceberg:50051]   5: __db: optional string","time":"2025-05-07T06:31:15Z"}
{"level":"info","message":"[Java-Iceberg:50051]   6: __source_ts_ms: optional timestamptz","time":"2025-05-07T06:31:15Z"}
{"level":"info","message":"[Java-Iceberg:50051] }","time":"2025-05-07T06:31:15Z"}
{"level":"info","message":"[Java-Iceberg:50051] rowIdentifier:[olake_id]","time":"2025-05-07T06:31:15Z"}
{"level":"info","message":"[Java-Iceberg:50051] 12:01:15.129 [grpc-default-executor-0] INFO  org.apache.iceberg.BaseMetastoreCatalog - Table properties set at catalog level through catalog properties: {}","time":"2025-05-07T06:31:15Z"}
{"level":"info","message":"[Java-Iceberg:50051] 12:01:15.134 [grpc-default-executor-0] INFO  org.apache.iceberg.BaseMetastoreCatalog - Table properties enforced at catalog level through catalog properties: {}","time":"2025-05-07T06:31:15Z"}
{"level":"info","message":"[Java-Iceberg:50051] 12:01:15.150 [grpc-default-executor-0] INFO  org.apache.iceberg.CatalogUtil - Loading custom FileIO implementation: org.apache.iceberg.aws.s3.S3FileIO","time":"2025-05-07T06:31:15Z"}
{"level":"info","message":"[Java-Iceberg:50051] 12:01:15.529 [grpc-default-executor-0] INFO  org.apache.iceberg.BaseMetastoreTableOperations - Successfully committed to table olake_iceberg.test_table_olake_1746599470 in 381 ms","time":"2025-05-07T06:31:15Z"}
{"level":"info","message":"[Java-Iceberg:50051] 12:01:15.531 [grpc-default-executor-0] INFO  io.debezium.server.iceberg.tableoperator.IcebergTableOperator - Batch got 5 records with 1 different schema!!","time":"2025-05-07T06:31:15Z"}
{"level":"info","message":"[Java-Iceberg:50051] 12:01:15.534 [grpc-default-executor-0] INFO  org.apache.iceberg.BaseMetastoreTableOperations - Refreshing table metadata from new version: s3a://warehouse/olake_iceberg/test_table_olake_1746599470/metadata/00000-f05287fb-b96e-46a4-a8fd-6be41e6c3c82.metadata.json","time":"2025-05-07T06:31:15Z"}
{"level":"info","message":"[Java-Iceberg:50051] 12:01:15.610 [grpc-default-executor-0] INFO  org.apache.hadoop.io.compress.CodecPool - Got brand-new compressor [.zstd]","time":"2025-05-07T06:31:15Z"}
{"level":"info","message":"[Java-Iceberg:50051] 12:01:16.213 [grpc-default-executor-0] INFO  org.apache.iceberg.BaseMetastoreTableOperations - Successfully committed to table olake_iceberg.test_table_olake_1746599470 in 10 ms","time":"2025-05-07T06:31:16Z"}
{"level":"info","message":"[Java-Iceberg:50051] 12:01:16.213 [grpc-default-executor-0] INFO  org.apache.iceberg.SnapshotProducer - Committed snapshot 3339759067476841351 (MergeAppend)","time":"2025-05-07T06:31:16Z"}
{"level":"info","message":"[Java-Iceberg:50051] 12:01:16.243 [grpc-default-executor-0] INFO  org.apache.iceberg.BaseMetastoreTableOperations - Refreshing table metadata from new version: s3a://warehouse/olake_iceberg/test_table_olake_1746599470/metadata/00001-33cab195-5b2c-48b6-a6e6-501c7266d496.metadata.json","time":"2025-05-07T06:31:16Z"}
{"level":"info","message":"[Java-Iceberg:50051] 12:01:16.250 [grpc-default-executor-0] INFO  org.apache.iceberg.metrics.LoggingMetricsReporter - Received metrics report: CommitReport{tableName=olake_iceberg.olake_iceberg.test_table_olake_1746599470, snapshotId=3339759067476841351, sequenceNumber=1, operation=append, commitMetrics=CommitMetricsResult{totalDuration=TimerResult{timeUnit=NANOSECONDS, totalDuration=PT0.253161417S, count=1}, attempts=CounterResult{unit=COUNT, value=1}, addedDataFiles=CounterResult{unit=COUNT, value=1}, removedDataFiles=null, totalDataFiles=CounterResult{unit=COUNT, value=1}, addedDeleteFiles=null, addedEqualityDeleteFiles=null, addedPositionalDeleteFiles=null, addedDVs=null, removedDeleteFiles=null, removedEqualityDeleteFiles=null, removedPositionalDeleteFiles=null, removedDVs=null, totalDeleteFiles=CounterResult{unit=COUNT, value=0}, addedRecords=CounterResult{unit=COUNT, value=5}, removedRecords=null, totalRecords=CounterResult{unit=COUNT, value=5}, addedFilesSizeInBytes=CounterResult{unit=BYTES, value=2275}, removedFilesSizeInBytes=null, totalFilesSizeInBytes=CounterResult{unit=BYTES, value=2275}, addedPositionalDeletes=null, removedPositionalDeletes=null, totalPositionalDeletes=CounterResult{unit=COUNT, value=0}, addedEqualityDeletes=null, removedEqualityDeletes=null, totalEqualityDeletes=CounterResult{unit=COUNT, value=0}}, metadata={iceberg-version=Apache Iceberg 1.8.0 (commit c277c2014a1b37fe755cfe37f173b6465bb8cb73)}}","time":"2025-05-07T06:31:16Z"}
{"level":"info","message":"[Java-Iceberg:50051] 12:01:16.261 [grpc-default-executor-0] INFO  io.debezium.server.iceberg.tableoperator.IcebergTableOperator - Successfully committed 5 events","time":"2025-05-07T06:31:16Z"}
{"level":"info","message":"[Java-Iceberg:50051] 12:01:16.261 [grpc-default-executor-0] INFO  io.debezium.server.iceberg.rpc.OlakeRowsIngester - [Thread-23-279208071582666] Processing tables took: 1155 ms","time":"2025-05-07T06:31:16Z"}
{"level":"info","message":"[Java-Iceberg:50051] 12:01:16.265 [grpc-default-executor-0] INFO  io.debezium.server.iceberg.rpc.OlakeRowsIngester - [Thread-23-279208071582666] Total time taken: 1172 ms","time":"2025-05-07T06:31:16Z"}
{"level":"info","time":"2025-05-07T06:31:16Z","message":"Sent batch to Iceberg server: 5 records, response: [Thread-23-279208071582666] Received 5 messages"}
{"level":"info","time":"2025-05-07T06:31:16Z","message":"Shutting down Iceberg server on port 50051"}
{"level":"info","message":"Standard Replication is selected","time":"2025-05-07T06:33:37Z"}
{"level":"info","time":"2025-05-07T06:33:37Z","message":"Starting discover for Postgres database postgres"}
{"level":"warn","time":"2025-05-07T06:33:37Z","message":"failed to get respective type in datatypes for column: col_time[time without time zone]"}
{"level":"warn","time":"2025-05-07T06:33:37Z","message":"failed to get respective type in datatypes for column: col_time[time without time zone]"}
{"level":"warn","time":"2025-05-07T06:33:37Z","message":"failed to get respective type in datatypes for column: col_time[time without time zone]"}
{"level":"info","time":"2025-05-07T06:33:37Z","message":"SystemID:7501231763817750566 Timeline:1 XLogPos:0/1E58E30 Database:postgres"}
{"level":"info","time":"2025-05-07T06:33:37Z","message":"Starting backfill for stream[test_table_olake_1746599470] with 1 chunks"}
{"level":"info","time":"2025-05-07T06:33:37Z","message":"Iceberg JAR file found in target directory: /Users/dukedhal/Desktop/olake/writers/iceberg/debezium-server-iceberg-sink/target/debezium-server-iceberg-sink-0.0.1-SNAPSHOT.jar"}
{"level":"info","time":"2025-05-07T06:33:37Z","message":"Connected to new iceberg writer on port 50051 for stream public.test_table_olake_1746599470, configHash public.test_table_olake_1746599470-public-false"}
{"level":"info","time":"2025-05-07T06:33:37Z","message":"chunk[1] with min['(0,0)']-max['(4294967295,0)'] completed in 0.46 seconds"}
{"level":"info","time":"2025-05-07T06:33:37Z","message":"Started logical replication on slot[olake_slot]"}
{"level":"info","message":"[Java-Iceberg:50051] 12:03:38.470 [main] INFO  io.debezium.server.iceberg.OlakeRpcServer - Logs will be output to console only","time":"2025-05-07T06:33:38Z"}
{"level":"info","message":"[Java-Iceberg:50051] 12:03:38.506 [main] INFO  org.apache.iceberg.CatalogUtil - Loading custom FileIO implementation: org.apache.iceberg.io.ResolvingFileIO","time":"2025-05-07T06:33:38Z"}
{"level":"info","message":"[Java-Iceberg:50051] 12:03:38.696 [main] INFO  io.debezium.serde.json.JsonSerdeConfig - JsonSerdeConfig values: ","time":"2025-05-07T06:33:38Z"}
{"level":"info","message":"[Java-Iceberg:50051] \tfrom.field = null","time":"2025-05-07T06:33:38Z"}
{"level":"info","message":"[Java-Iceberg:50051] \tunknown.properties.ignored = false","time":"2025-05-07T06:33:38Z"}
{"level":"info","message":"[Java-Iceberg:50051] ","time":"2025-05-07T06:33:38Z"}
{"level":"info","message":"[Java-Iceberg:50051] 12:03:38.697 [main] INFO  io.debezium.serde.json.JsonSerdeConfig - JsonSerdeConfig values: ","time":"2025-05-07T06:33:38Z"}
{"level":"info","message":"[Java-Iceberg:50051] \tfrom.field = null","time":"2025-05-07T06:33:38Z"}
{"level":"info","message":"[Java-Iceberg:50051] \tunknown.properties.ignored = false","time":"2025-05-07T06:33:38Z"}
{"level":"info","message":"[Java-Iceberg:50051] ","time":"2025-05-07T06:33:38Z"}
{"level":"info","message":"[Java-Iceberg:50051] 12:03:38.828 [main] INFO  io.debezium.server.iceberg.OlakeRpcServer - Server started on port 50051 with max message size: 2000MB","time":"2025-05-07T06:33:38Z"}
{"level":"info","message":"[Java-Iceberg:50051] 12:03:38.978 [grpc-default-executor-0] INFO  io.debezium.server.iceberg.rpc.OlakeRowsIngester - [Thread-23-279351943691750] Parsing messages took: 14 ms","time":"2025-05-07T06:33:38Z"}
{"level":"info","message":"[Java-Iceberg:50051] 12:03:38.984 [grpc-default-executor-0] INFO  org.apache.iceberg.BaseMetastoreTableOperations - Refreshing table metadata from new version: s3a://warehouse/olake_iceberg/test_table_olake_1746599470/metadata/00001-33cab195-5b2c-48b6-a6e6-501c7266d496.metadata.json","time":"2025-05-07T06:33:38Z"}
{"level":"info","message":"[Java-Iceberg:50051] 12:03:38.986 [grpc-default-executor-0] INFO  org.apache.iceberg.CatalogUtil - Loading custom FileIO implementation: org.apache.iceberg.aws.s3.S3FileIO","time":"2025-05-07T06:33:38Z"}
{"level":"info","message":"[Java-Iceberg:50051] 12:03:39.420 [grpc-default-executor-0] INFO  org.apache.iceberg.BaseMetastoreCatalog - Table loaded by catalog: olake_iceberg.olake_iceberg.test_table_olake_1746599470","time":"2025-05-07T06:33:39Z"}
{"level":"info","message":"[Java-Iceberg:50051] 12:03:39.422 [grpc-default-executor-0] INFO  io.debezium.server.iceberg.tableoperator.IcebergTableOperator - Batch got 5 records with 1 different schema!!","time":"2025-05-07T06:33:39Z"}
{"level":"info","message":"[Java-Iceberg:50051] 12:03:39.473 [grpc-default-executor-0] INFO  org.apache.hadoop.io.compress.CodecPool - Got brand-new compressor [.zstd]","time":"2025-05-07T06:33:39Z"}
{"level":"info","message":"[Java-Iceberg:50051] 12:03:40.221 [grpc-default-executor-0] INFO  org.apache.iceberg.BaseMetastoreTableOperations - Successfully committed to table olake_iceberg.test_table_olake_1746599470 in 10 ms","time":"2025-05-07T06:33:40Z"}
{"level":"info","message":"[Java-Iceberg:50051] 12:03:40.221 [grpc-default-executor-0] INFO  org.apache.iceberg.SnapshotProducer - Committed snapshot 263376355421276288 (MergeAppend)","time":"2025-05-07T06:33:40Z"}
{"level":"info","message":"[Java-Iceberg:50051] 12:03:40.231 [grpc-default-executor-0] INFO  org.apache.iceberg.BaseMetastoreTableOperations - Refreshing table metadata from new version: s3a://warehouse/olake_iceberg/test_table_olake_1746599470/metadata/00002-fcd67008-dfa3-46b3-a075-bd71080c1878.metadata.json","time":"2025-05-07T06:33:40Z"}
{"level":"info","message":"[Java-Iceberg:50051] 12:03:40.237 [grpc-default-executor-0] INFO  org.apache.iceberg.metrics.LoggingMetricsReporter - Received metrics report: CommitReport{tableName=olake_iceberg.olake_iceberg.test_table_olake_1746599470, snapshotId=263376355421276288, sequenceNumber=2, operation=append, commitMetrics=CommitMetricsResult{totalDuration=TimerResult{timeUnit=NANOSECONDS, totalDuration=PT0.290283875S, count=1}, attempts=CounterResult{unit=COUNT, value=1}, addedDataFiles=CounterResult{unit=COUNT, value=1}, removedDataFiles=null, totalDataFiles=CounterResult{unit=COUNT, value=2}, addedDeleteFiles=null, addedEqualityDeleteFiles=null, addedPositionalDeleteFiles=null, addedDVs=null, removedDeleteFiles=null, removedEqualityDeleteFiles=null, removedPositionalDeleteFiles=null, removedDVs=null, totalDeleteFiles=CounterResult{unit=COUNT, value=0}, addedRecords=CounterResult{unit=COUNT, value=5}, removedRecords=null, totalRecords=CounterResult{unit=COUNT, value=10}, addedFilesSizeInBytes=CounterResult{unit=BYTES, value=2275}, removedFilesSizeInBytes=null, totalFilesSizeInBytes=CounterResult{unit=BYTES, value=4550}, addedPositionalDeletes=null, removedPositionalDeletes=null, totalPositionalDeletes=CounterResult{unit=COUNT, value=0}, addedEqualityDeletes=null, removedEqualityDeletes=null, totalEqualityDeletes=CounterResult{unit=COUNT, value=0}}, metadata={iceberg-version=Apache Iceberg 1.8.0 (commit c277c2014a1b37fe755cfe37f173b6465bb8cb73)}}","time":"2025-05-07T06:33:40Z"}
{"level":"info","message":"[Java-Iceberg:50051] 12:03:40.250 [grpc-default-executor-0] INFO  io.debezium.server.iceberg.tableoperator.IcebergTableOperator - Successfully committed 5 events","time":"2025-05-07T06:33:40Z"}
{"level":"info","message":"[Java-Iceberg:50051] 12:03:40.250 [grpc-default-executor-0] INFO  io.debezium.server.iceberg.rpc.OlakeRowsIngester - [Thread-23-279351943691750] Processing tables took: 1272 ms","time":"2025-05-07T06:33:40Z"}
{"level":"info","message":"[Java-Iceberg:50051] 12:03:40.258 [grpc-default-executor-0] INFO  io.debezium.server.iceberg.rpc.OlakeRowsIngester - [Thread-23-279351943691750] Total time taken: 1294 ms","time":"2025-05-07T06:33:40Z"}
{"level":"info","time":"2025-05-07T06:33:40Z","message":"Sent batch to Iceberg server: 5 records, response: [Thread-23-279351943691750] Received 5 messages"}
{"level":"info","time":"2025-05-07T06:33:40Z","message":"Shutting down Iceberg server on port 50051"}
{"level":"info","time":"2025-05-07T06:33:40Z","message":"Iceberg JAR file found in target directory: /Users/dukedhal/Desktop/olake/writers/iceberg/debezium-server-iceberg-sink/target/debezium-server-iceberg-sink-0.0.1-SNAPSHOT.jar"}
{"level":"info","time":"2025-05-07T06:33:40Z","message":"Connected to new iceberg writer on port 50051 for stream public.test_table_olake_1746599470, configHash public.test_table_olake_1746599470-public-true"}
{"level":"info","message":"[Java-Iceberg:50051] 12:03:40.972 [main] INFO  io.debezium.server.iceberg.OlakeRpcServer - Logs will be output to console only","time":"2025-05-07T06:33:40Z"}
{"level":"info","message":"[Java-Iceberg:50051] 12:03:41.010 [main] INFO  org.apache.iceberg.CatalogUtil - Loading custom FileIO implementation: org.apache.iceberg.io.ResolvingFileIO","time":"2025-05-07T06:33:41Z"}
{"level":"info","message":"[Java-Iceberg:50051] 12:03:41.142 [main] INFO  io.debezium.serde.json.JsonSerdeConfig - JsonSerdeConfig values: ","time":"2025-05-07T06:33:41Z"}
{"level":"info","message":"[Java-Iceberg:50051] \tfrom.field = null","time":"2025-05-07T06:33:41Z"}
{"level":"info","message":"[Java-Iceberg:50051] \tunknown.properties.ignored = false","time":"2025-05-07T06:33:41Z"}
{"level":"info","message":"[Java-Iceberg:50051] ","time":"2025-05-07T06:33:41Z"}
{"level":"info","message":"[Java-Iceberg:50051] 12:03:41.143 [main] INFO  io.debezium.serde.json.JsonSerdeConfig - JsonSerdeConfig values: ","time":"2025-05-07T06:33:41Z"}
{"level":"info","message":"[Java-Iceberg:50051] \tfrom.field = null","time":"2025-05-07T06:33:41Z"}
{"level":"info","message":"[Java-Iceberg:50051] \tunknown.properties.ignored = false","time":"2025-05-07T06:33:41Z"}
{"level":"info","message":"[Java-Iceberg:50051] ","time":"2025-05-07T06:33:41Z"}
{"level":"info","message":"[Java-Iceberg:50051] 12:03:41.266 [main] INFO  io.debezium.server.iceberg.OlakeRpcServer - Server started on port 50051 with max message size: 2000MB","time":"2025-05-07T06:33:41Z"}
{"level":"debug","time":"2025-05-07T06:33:55Z","message":"Idle timeout reached while waiting for new messages"}
{"level":"debug","time":"2025-05-07T06:33:55Z","message":"sent standby status message at LSN#0/1E5CB8F"}
{"level":"info","message":"[Java-Iceberg:50051] 12:03:55.207 [grpc-default-executor-0] INFO  io.debezium.server.iceberg.rpc.OlakeRowsIngester - [Thread-23-279368171795291] Parsing messages took: 15 ms","time":"2025-05-07T06:33:55Z"}
{"level":"info","message":"[Java-Iceberg:50051] 12:03:55.217 [grpc-default-executor-0] INFO  org.apache.iceberg.BaseMetastoreTableOperations - Refreshing table metadata from new version: s3a://warehouse/olake_iceberg/test_table_olake_1746599470/metadata/00002-fcd67008-dfa3-46b3-a075-bd71080c1878.metadata.json","time":"2025-05-07T06:33:55Z"}
{"level":"info","message":"[Java-Iceberg:50051] 12:03:55.219 [grpc-default-executor-0] INFO  org.apache.iceberg.CatalogUtil - Loading custom FileIO implementation: org.apache.iceberg.aws.s3.S3FileIO","time":"2025-05-07T06:33:55Z"}
{"level":"info","message":"[Java-Iceberg:50051] 12:03:55.643 [grpc-default-executor-0] INFO  org.apache.iceberg.BaseMetastoreCatalog - Table loaded by catalog: olake_iceberg.olake_iceberg.test_table_olake_1746599470","time":"2025-05-07T06:33:55Z"}
{"level":"info","message":"[Java-Iceberg:50051] 12:03:55.647 [grpc-default-executor-0] INFO  io.debezium.server.iceberg.tableoperator.IcebergTableOperator - Batch got 6 records with 1 different schema!!","time":"2025-05-07T06:33:55Z"}
{"level":"info","message":"[Java-Iceberg:50051] 12:03:55.702 [grpc-default-executor-0] INFO  org.apache.hadoop.io.compress.CodecPool - Got brand-new compressor [.zstd]","time":"2025-05-07T06:33:55Z"}
{"level":"info","message":"[Java-Iceberg:50051] 12:03:55.812 [grpc-default-executor-0] INFO  org.apache.hadoop.io.compress.CodecPool - Got brand-new compressor [.zstd]","time":"2025-05-07T06:33:55Z"}
{"level":"info","message":"[Java-Iceberg:50051] 12:03:56.459 [grpc-default-executor-0] INFO  org.apache.iceberg.BaseMetastoreTableOperations - Successfully committed to table olake_iceberg.test_table_olake_1746599470 in 9 ms","time":"2025-05-07T06:33:56Z"}
{"level":"info","message":"[Java-Iceberg:50051] 12:03:56.459 [grpc-default-executor-0] INFO  org.apache.iceberg.SnapshotProducer - Committed snapshot 2442246734195909715 (MergeAppend)","time":"2025-05-07T06:33:56Z"}
{"level":"info","message":"[Java-Iceberg:50051] 12:03:56.467 [grpc-default-executor-0] INFO  org.apache.iceberg.BaseMetastoreTableOperations - Refreshing table metadata from new version: s3a://warehouse/olake_iceberg/test_table_olake_1746599470/metadata/00003-cb54553f-f217-4f20-874e-3cac0589f711.metadata.json","time":"2025-05-07T06:33:56Z"}
{"level":"info","message":"[Java-Iceberg:50051] 12:03:56.474 [grpc-default-executor-0] INFO  org.apache.iceberg.metrics.LoggingMetricsReporter - Received metrics report: CommitReport{tableName=olake_iceberg.olake_iceberg.test_table_olake_1746599470, snapshotId=2442246734195909715, sequenceNumber=3, operation=append, commitMetrics=CommitMetricsResult{totalDuration=TimerResult{timeUnit=NANOSECONDS, totalDuration=PT0.314251333S, count=1}, attempts=CounterResult{unit=COUNT, value=1}, addedDataFiles=CounterResult{unit=COUNT, value=1}, removedDataFiles=null, totalDataFiles=CounterResult{unit=COUNT, value=3}, addedDeleteFiles=null, addedEqualityDeleteFiles=null, addedPositionalDeleteFiles=null, addedDVs=null, removedDeleteFiles=null, removedEqualityDeleteFiles=null, removedPositionalDeleteFiles=null, removedDVs=null, totalDeleteFiles=CounterResult{unit=COUNT, value=0}, addedRecords=CounterResult{unit=COUNT, value=6}, removedRecords=null, totalRecords=CounterResult{unit=COUNT, value=16}, addedFilesSizeInBytes=CounterResult{unit=BYTES, value=2306}, removedFilesSizeInBytes=null, totalFilesSizeInBytes=CounterResult{unit=BYTES, value=6856}, addedPositionalDeletes=null, removedPositionalDeletes=null, totalPositionalDeletes=CounterResult{unit=COUNT, value=0}, addedEqualityDeletes=null, removedEqualityDeletes=null, totalEqualityDeletes=CounterResult{unit=COUNT, value=0}}, metadata={iceberg-version=Apache Iceberg 1.8.0 (commit c277c2014a1b37fe755cfe37f173b6465bb8cb73)}}","time":"2025-05-07T06:33:56Z"}
{"level":"info","message":"[Java-Iceberg:50051] 12:03:56.491 [grpc-default-executor-0] INFO  io.debezium.server.iceberg.tableoperator.IcebergTableOperator - Successfully committed 6 events","time":"2025-05-07T06:33:56Z"}
{"level":"info","message":"[Java-Iceberg:50051] 12:03:56.491 [grpc-default-executor-0] INFO  io.debezium.server.iceberg.rpc.OlakeRowsIngester - [Thread-23-279368171795291] Processing tables took: 1284 ms","time":"2025-05-07T06:33:56Z"}
{"level":"info","message":"[Java-Iceberg:50051] 12:03:56.497 [grpc-default-executor-0] INFO  io.debezium.server.iceberg.rpc.OlakeRowsIngester - [Thread-23-279368171795291] Total time taken: 1305 ms","time":"2025-05-07T06:33:56Z"}
{"level":"info","time":"2025-05-07T06:33:56Z","message":"Sent batch to Iceberg server: 11 records, response: [Thread-23-279368171795291] Received 11 messages"}
{"level":"info","time":"2025-05-07T06:33:56Z","message":"Shutting down Iceberg server on port 50051"}
