{"level":"info","time":"2025-05-13T05:00:34Z","message":"System has 8GB RAM, setting iceberg writer batch size to 209715200 bytes"}
{"level":"info","time":"2025-05-13T05:00:34Z","message":"Running sync with state: null"}
{"level":"info","time":"2025-05-13T05:00:34Z","message":"local writer configuration found, writing at location[./test_output]"}
{"level":"info","message":"Found CDC Configuration","time":"2025-05-13T05:00:34Z"}
{"level":"info","time":"2025-05-13T05:00:34Z","message":"Starting discover for Postgres database main"}
{"level":"error","time":"2025-05-13T05:00:34Z","message":"runtime error: invalid memory address or nil pointer dereference"}
{"level":"error","time":"2025-05-13T05:00:34Z","message":"goroutine 1 [running]:"}
{"level":"error","time":"2025-05-13T05:00:34Z","message":"runtime/debug.Stack()"}
{"level":"error","time":"2025-05-13T05:00:34Z","message":"/opt/homebrew/Cellar/go/1.24.2/libexec/src/runtime/debug/stack.go:26 +0x64"}
{"level":"error","time":"2025-05-13T05:00:34Z","message":"github.com/datazip-inc/olake/safego.Recovery(0x1)"}
{"level":"error","time":"2025-05-13T05:00:34Z","message":"/Users/sandipkumardey/Documents/Code/OpenSource/olake/safego/safego.go:76 +0x4c"}
{"level":"error","time":"2025-05-13T05:00:34Z","message":"panic({0x105c81540?, 0x1069337b0?})"}
{"level":"error","time":"2025-05-13T05:00:34Z","message":"/opt/homebrew/Cellar/go/1.24.2/libexec/src/runtime/panic.go:792 +0x124"}
{"level":"error","time":"2025-05-13T05:00:34Z","message":"github.com/datazip-inc/olake/types.(*ConfiguredStream).Namespace(...)"}
{"level":"error","time":"2025-05-13T05:00:34Z","message":"/Users/sandipkumardey/Documents/Code/OpenSource/olake/types/stream_configured.go:39"}
{"level":"error","time":"2025-05-13T05:00:34Z","message":"github.com/datazip-inc/olake/protocol.init.func8.1(...)"}
{"level":"error","time":"2025-05-13T05:00:34Z","message":"/Users/sandipkumardey/Documents/Code/OpenSource/olake/protocol/sync.go:92"}
{"level":"error","time":"2025-05-13T05:00:34Z","message":"github.com/datazip-inc/olake/utils.ArrayContains[...](...)"}
{"level":"error","time":"2025-05-13T05:00:34Z","message":"/Users/sandipkumardey/Documents/Code/OpenSource/olake/utils/utils.go:55"}
{"level":"error","time":"2025-05-13T05:00:34Z","message":"github.com/datazip-inc/olake/protocol.init.func8(0x106953fa0, {0x105803c5b?, 0x4?, 0x105803b2b?})"}
{"level":"error","time":"2025-05-13T05:00:34Z","message":"/Users/sandipkumardey/Documents/Code/OpenSource/olake/protocol/sync.go:90 +0x22c"}
{"level":"error","time":"2025-05-13T05:00:34Z","message":"github.com/spf13/cobra.(*Command).execute(0x106953fa0, {0x140001244e0, 0x6, 0x6})"}
{"level":"error","time":"2025-05-13T05:00:34Z","message":"/Users/sandipkumardey/go/pkg/mod/github.com/spf13/cobra@v1.9.1/command.go:1015 +0x828"}
{"level":"error","time":"2025-05-13T05:00:34Z","message":"github.com/spf13/cobra.(*Command).ExecuteC(0x106953a20)"}
{"level":"error","time":"2025-05-13T05:00:34Z","message":"/Users/sandipkumardey/go/pkg/mod/github.com/spf13/cobra@v1.9.1/command.go:1148 +0x350"}
{"level":"error","time":"2025-05-13T05:00:34Z","message":"github.com/spf13/cobra.(*Command).Execute(...)"}
{"level":"error","time":"2025-05-13T05:00:34Z","message":"/Users/sandipkumardey/go/pkg/mod/github.com/spf13/cobra@v1.9.1/command.go:1071"}
{"level":"error","time":"2025-05-13T05:00:34Z","message":"github.com/datazip-inc/olake.RegisterDriver({0x105e69b00?, 0x14000712630})"}
{"level":"error","time":"2025-05-13T05:00:34Z","message":"/Users/sandipkumardey/Documents/Code/OpenSource/olake/connector.go:17 +0x108"}
{"level":"error","time":"2025-05-13T05:00:34Z","message":"main.main()"}
{"level":"error","time":"2025-05-13T05:00:34Z","message":"/Users/sandipkumardey/Documents/Code/OpenSource/olake/drivers/postgres/main.go:18 +0x90"}
{"level":"error","time":"2025-05-13T05:00:34Z"}
{"level":"info","time":"2025-05-13T05:00:34Z","message":"Time of execution 69.522708ms"}
