{"level":"info","time":"2025-04-09T07:02:01Z","message":"System has 32GB RAM, setting iceberg writer batch size to 838860800 bytes"}
{"level":"info","time":"2025-04-09T07:02:01Z","message":"Starting discover for MySQL database mysql"}
{"level":"info","time":"2025-04-09T07:02:01Z","message":"producing type schema for stream [mysql.columns_priv]"}
{"level":"info","time":"2025-04-09T07:02:01Z","message":"producing type schema for stream [mysql.user]"}
{"level":"info","time":"2025-04-09T07:02:01Z","message":"producing type schema for stream [mysql.help_keyword]"}
{"level":"info","time":"2025-04-09T07:02:01Z","message":"producing type schema for stream [mysql.plugin]"}
{"level":"info","time":"2025-04-09T07:02:01Z","message":"producing type schema for stream [mysql.default_roles]"}
{"level":"info","time":"2025-04-09T07:02:01Z","message":"producing type schema for stream [mysql.role_edges]"}
{"level":"info","time":"2025-04-09T07:02:01Z","message":"producing type schema for stream [mysql.slave_master_info]"}
{"level":"info","time":"2025-04-09T07:02:01Z","message":"producing type schema for stream [mysql.db]"}
{"level":"info","time":"2025-04-09T07:02:01Z","message":"producing type schema for stream [mysql.server_cost]"}
{"level":"info","time":"2025-04-09T07:02:01Z","message":"producing type schema for stream [mysql.func]"}
{"level":"info","time":"2025-04-09T07:02:01Z","message":"producing type schema for stream [mysql.replication_group_configuration_version]"}
{"level":"info","time":"2025-04-09T07:02:01Z","message":"producing type schema for stream [mysql.component]"}
{"level":"info","time":"2025-04-09T07:02:01Z","message":"producing type schema for stream [mysql.replication_group_member_actions]"}
{"level":"info","time":"2025-04-09T07:02:01Z","message":"producing type schema for stream [mysql.innodb_index_stats]"}
{"level":"info","time":"2025-04-09T07:02:01Z","message":"producing type schema for stream [mysql.servers]"}
{"level":"info","time":"2025-04-09T07:02:01Z","message":"producing type schema for stream [mysql.proxies_priv]"}
{"level":"info","time":"2025-04-09T07:02:01Z","message":"producing type schema for stream [mysql.help_topic]"}
{"level":"info","time":"2025-04-09T07:02:01Z","message":"producing type schema for stream [mysql.procs_priv]"}
{"level":"info","time":"2025-04-09T07:02:01Z","message":"producing type schema for stream [mysql.help_relation]"}
{"level":"info","time":"2025-04-09T07:02:01Z","message":"producing type schema for stream [mysql.engine_cost]"}
{"level":"info","time":"2025-04-09T07:02:01Z","message":"producing type schema for stream [mysql.innodb_table_stats]"}
{"level":"info","time":"2025-04-09T07:02:01Z","message":"producing type schema for stream [mysql.ndb_binlog_index]"}
{"level":"info","time":"2025-04-09T07:02:01Z","message":"producing type schema for stream [mysql.global_grants]"}
{"level":"info","time":"2025-04-09T07:02:01Z","message":"producing type schema for stream [mysql.time_zone_transition]"}
{"level":"info","time":"2025-04-09T07:02:01Z","message":"producing type schema for stream [mysql.replication_asynchronous_connection_failover]"}
{"level":"info","time":"2025-04-09T07:02:01Z","message":"producing type schema for stream [mysql.gtid_executed]"}
{"level":"info","time":"2025-04-09T07:02:01Z","message":"producing type schema for stream [mysql.slave_worker_info]"}
{"level":"info","time":"2025-04-09T07:02:01Z","message":"producing type schema for stream [mysql.slave_relay_log_info]"}
{"level":"info","time":"2025-04-09T07:02:01Z","message":"producing type schema for stream [mysql.tables_priv]"}
{"level":"info","time":"2025-04-09T07:02:01Z","message":"producing type schema for stream [mysql.test_table_olake]"}
{"level":"info","time":"2025-04-09T07:02:01Z","message":"producing type schema for stream [mysql.time_zone_name]"}
{"level":"info","time":"2025-04-09T07:02:01Z","message":"producing type schema for stream [mysql.help_category]"}
{"level":"info","time":"2025-04-09T07:02:01Z","message":"producing type schema for stream [mysql.replication_asynchronous_connection_failover_managed]"}
{"level":"info","time":"2025-04-09T07:02:01Z","message":"producing type schema for stream [mysql.time_zone_leap_second]"}
{"level":"info","time":"2025-04-09T07:02:01Z","message":"producing type schema for stream [mysql.time_zone]"}
{"level":"info","time":"2025-04-09T07:02:01Z","message":"producing type schema for stream [mysql.password_history]"}
{"level":"info","time":"2025-04-09T07:02:01Z","message":"producing type schema for stream [mysql.time_zone_transition_type]"}
{"level":"info","time":"2025-04-09T07:02:01Z","message":"producing type schema for stream [mysql.general_log]"}
{"level":"info","time":"2025-04-09T07:02:01Z","message":"producing type schema for stream [mysql.slow_log]"}
{"level":"info","time":"2025-04-09T07:02:02Z","message":"Iceberg JAR file found in base directory: /Users/datazip/Desktop/olake-1/debezium-server-iceberg-sink.jar"}
{"level":"info","time":"2025-04-09T07:02:02Z","message":"Connected to new iceberg writer on port 50051 for stream check_01JRCNP5JQJZKKXVG24MFG1R3E, configHash check_01JRCNP5JQJZKKXVG24MFG1R3E-check-false"}
{"level":"info","message":"[Java-Iceberg:50051] 12:32:03.293 [main] INFO  io.debezium.server.iceberg.OlakeRpcServer - Logs will be output to console only","time":"2025-04-09T07:02:03Z"}
{"level":"info","message":"[Java-Iceberg:50051] 12:32:03.388 [main] INFO  org.apache.iceberg.CatalogUtil - Loading custom FileIO implementation: org.apache.iceberg.io.ResolvingFileIO","time":"2025-04-09T07:02:03Z"}
{"level":"info","message":"[Java-Iceberg:50051] 12:32:03.699 [main] INFO  io.debezium.serde.json.JsonSerdeConfig - JsonSerdeConfig values: ","time":"2025-04-09T07:02:03Z"}
{"level":"info","message":"[Java-Iceberg:50051] \tfrom.field = null","time":"2025-04-09T07:02:03Z"}
{"level":"info","message":"[Java-Iceberg:50051] \tunknown.properties.ignored = false","time":"2025-04-09T07:02:03Z"}
{"level":"info","message":"[Java-Iceberg:50051] ","time":"2025-04-09T07:02:03Z"}
{"level":"info","message":"[Java-Iceberg:50051] 12:32:03.699 [main] INFO  io.debezium.serde.json.JsonSerdeConfig - JsonSerdeConfig values: ","time":"2025-04-09T07:02:03Z"}
{"level":"info","message":"[Java-Iceberg:50051] \tfrom.field = null","time":"2025-04-09T07:02:03Z"}
{"level":"info","message":"[Java-Iceberg:50051] \tunknown.properties.ignored = false","time":"2025-04-09T07:02:03Z"}
{"level":"info","message":"[Java-Iceberg:50051] ","time":"2025-04-09T07:02:03Z"}
{"level":"info","message":"[Java-Iceberg:50051] 12:32:04.324 [main] INFO  io.debezium.server.iceberg.OlakeRpcServer - Server started on port 50051 with max message size: 2000MB","time":"2025-04-09T07:02:04Z"}
{"level":"info","message":"[Java-Iceberg:50051] 12:32:05.070 [grpc-default-executor-0] INFO  io.debezium.server.iceberg.rpc.OlakeRowsIngester - [Thread-23-188590131391415] Parsing messages took: 27 ms","time":"2025-04-09T07:02:05Z"}
{"level":"info","message":"[Java-Iceberg:50051] 12:32:05.089 [grpc-default-executor-0] INFO  org.apache.iceberg.BaseMetastoreTableOperations - Refreshing table metadata from new version: s3a://warehouse/olake_iceberg/olake_test_table/metadata/00045-0f03415f-f0a7-426d-93a0-2590760e1b7d.metadata.json","time":"2025-04-09T07:02:05Z"}
{"level":"info","message":"[Java-Iceberg:50051] 12:32:05.094 [grpc-default-executor-0] INFO  org.apache.iceberg.CatalogUtil - Loading custom FileIO implementation: org.apache.iceberg.aws.s3.S3FileIO","time":"2025-04-09T07:02:05Z"}
{"level":"info","message":"[Java-Iceberg:50051] 12:32:05.745 [grpc-default-executor-0] ERROR io.debezium.server.iceberg.rpc.OlakeRowsIngester - [Thread-23-188590131391415] Failed to process table events for table: olake_test_table","time":"2025-04-09T07:02:05Z"}
{"level":"info","message":"[Java-Iceberg:50051] org.apache.iceberg.exceptions.NotFoundException: Location does not exist: s3a://warehouse/olake_iceberg/olake_test_table/metadata/00045-0f03415f-f0a7-426d-93a0-2590760e1b7d.metadata.json","time":"2025-04-09T07:02:05Z"}
{"level":"info","message":"[Java-Iceberg:50051] \tat org.apache.iceberg.aws.s3.S3InputStream.openStream(S3InputStream.java:242) ~[debezium-server-iceberg-sink.jar:?]","time":"2025-04-09T07:02:05Z"}
{"level":"info","message":"[Java-Iceberg:50051] \tat org.apache.iceberg.aws.s3.S3InputStream.openStream(S3InputStream.java:225) ~[debezium-server-iceberg-sink.jar:?]","time":"2025-04-09T07:02:05Z"}
{"level":"info","message":"[Java-Iceberg:50051] \tat org.apache.iceberg.aws.s3.S3InputStream.positionStream(S3InputStream.java:221) ~[debezium-server-iceberg-sink.jar:?]","time":"2025-04-09T07:02:05Z"}
{"level":"info","message":"[Java-Iceberg:50051] \tat org.apache.iceberg.aws.s3.S3InputStream.read(S3InputStream.java:143) ~[debezium-server-iceberg-sink.jar:?]","time":"2025-04-09T07:02:05Z"}
{"level":"info","message":"[Java-Iceberg:50051] \tat com.fasterxml.jackson.core.json.ByteSourceJsonBootstrapper.ensureLoaded(ByteSourceJsonBootstrapper.java:539) ~[debezium-server-iceberg-sink.jar:?]","time":"2025-04-09T07:02:05Z"}
{"level":"info","message":"[Java-Iceberg:50051] \tat com.fasterxml.jackson.core.json.ByteSourceJsonBootstrapper.detectEncoding(ByteSourceJsonBootstrapper.java:133) ~[debezium-server-iceberg-sink.jar:?]","time":"2025-04-09T07:02:05Z"}
{"level":"info","message":"[Java-Iceberg:50051] \tat com.fasterxml.jackson.core.json.ByteSourceJsonBootstrapper.constructParser(ByteSourceJsonBootstrapper.java:256) ~[debezium-server-iceberg-sink.jar:?]","time":"2025-04-09T07:02:05Z"}
{"level":"info","message":"[Java-Iceberg:50051] \tat com.fasterxml.jackson.core.JsonFactory._createParser(JsonFactory.java:1744) ~[debezium-server-iceberg-sink.jar:?]","time":"2025-04-09T07:02:05Z"}
{"level":"info","message":"[Java-Iceberg:50051] \tat com.fasterxml.jackson.core.JsonFactory.createParser(JsonFactory.java:1143) ~[debezium-server-iceberg-sink.jar:?]","time":"2025-04-09T07:02:05Z"}
{"level":"info","message":"[Java-Iceberg:50051] \tat com.fasterxml.jackson.databind.ObjectMapper.readValue(ObjectMapper.java:3883) ~[debezium-server-iceberg-sink.jar:?]","time":"2025-04-09T07:02:05Z"}
{"level":"info","message":"[Java-Iceberg:50051] \tat org.apache.iceberg.TableMetadataParser.read(TableMetadataParser.java:280) ~[debezium-server-iceberg-sink.jar:?]","time":"2025-04-09T07:02:05Z"}
{"level":"info","message":"[Java-Iceberg:50051] \tat org.apache.iceberg.TableMetadataParser.read(TableMetadataParser.java:273) ~[debezium-server-iceberg-sink.jar:?]","time":"2025-04-09T07:02:05Z"}
{"level":"info","message":"[Java-Iceberg:50051] \tat org.apache.iceberg.BaseMetastoreTableOperations.lambda$refreshFromMetadataLocation$0(BaseMetastoreTableOperations.java:179) ~[debezium-server-iceberg-sink.jar:?]","time":"2025-04-09T07:02:05Z"}
{"level":"info","message":"[Java-Iceberg:50051] \tat org.apache.iceberg.BaseMetastoreTableOperations.lambda$refreshFromMetadataLocation$1(BaseMetastoreTableOperations.java:198) ~[debezium-server-iceberg-sink.jar:?]","time":"2025-04-09T07:02:05Z"}
{"level":"info","message":"[Java-Iceberg:50051] \tat org.apache.iceberg.util.Tasks$Builder.runTaskWithRetry(Tasks.java:413) ~[debezium-server-iceberg-sink.jar:?]","time":"2025-04-09T07:02:05Z"}
{"level":"info","message":"[Java-Iceberg:50051] \tat org.apache.iceberg.util.Tasks$Builder.runSingleThreaded(Tasks.java:219) ~[debezium-server-iceberg-sink.jar:?]","time":"2025-04-09T07:02:05Z"}
{"level":"info","message":"[Java-Iceberg:50051] \tat org.apache.iceberg.util.Tasks$Builder.run(Tasks.java:203) ~[debezium-server-iceberg-sink.jar:?]","time":"2025-04-09T07:02:05Z"}
{"level":"info","message":"[Java-Iceberg:50051] \tat org.apache.iceberg.util.Tasks$Builder.run(Tasks.java:196) ~[debezium-server-iceberg-sink.jar:?]","time":"2025-04-09T07:02:05Z"}
{"level":"info","message":"[Java-Iceberg:50051] \tat org.apache.iceberg.BaseMetastoreTableOperations.refreshFromMetadataLocation(BaseMetastoreTableOperations.java:198) ~[debezium-server-iceberg-sink.jar:?]","time":"2025-04-09T07:02:05Z"}
{"level":"info","message":"[Java-Iceberg:50051] \tat org.apache.iceberg.BaseMetastoreTableOperations.refreshFromMetadataLocation(BaseMetastoreTableOperations.java:175) ~[debezium-server-iceberg-sink.jar:?]","time":"2025-04-09T07:02:05Z"}
{"level":"info","message":"[Java-Iceberg:50051] \tat org.apache.iceberg.BaseMetastoreTableOperations.refreshFromMetadataLocation(BaseMetastoreTableOperations.java:166) ~[debezium-server-iceberg-sink.jar:?]","time":"2025-04-09T07:02:05Z"}
{"level":"info","message":"[Java-Iceberg:50051] \tat org.apache.iceberg.jdbc.JdbcTableOperations.doRefresh(JdbcTableOperations.java:100) ~[debezium-server-iceberg-sink.jar:?]","time":"2025-04-09T07:02:05Z"}
{"level":"info","message":"[Java-Iceberg:50051] \tat org.apache.iceberg.BaseMetastoreTableOperations.refresh(BaseMetastoreTableOperations.java:87) ~[debezium-server-iceberg-sink.jar:?]","time":"2025-04-09T07:02:05Z"}
{"level":"info","message":"[Java-Iceberg:50051] \tat org.apache.iceberg.BaseMetastoreTableOperations.current(BaseMetastoreTableOperations.java:70) ~[debezium-server-iceberg-sink.jar:?]","time":"2025-04-09T07:02:05Z"}
{"level":"info","message":"[Java-Iceberg:50051] \tat org.apache.iceberg.BaseMetastoreCatalog.loadTable(BaseMetastoreCatalog.java:49) ~[debezium-server-iceberg-sink.jar:?]","time":"2025-04-09T07:02:05Z"}
{"level":"info","message":"[Java-Iceberg:50051] \tat io.debezium.server.iceberg.IcebergUtil.loadIcebergTable(IcebergUtil.java:148) ~[debezium-server-iceberg-sink.jar:?]","time":"2025-04-09T07:02:05Z"}
{"level":"info","message":"[Java-Iceberg:50051] \tat io.debezium.server.iceberg.rpc.OlakeRowsIngester.loadIcebergTable(OlakeRowsIngester.java:114) ~[debezium-server-iceberg-sink.jar:?]","time":"2025-04-09T07:02:05Z"}
{"level":"info","message":"[Java-Iceberg:50051] \tat io.debezium.server.iceberg.rpc.OlakeRowsIngester.sendRecords(OlakeRowsIngester.java:89) [debezium-server-iceberg-sink.jar:?]","time":"2025-04-09T07:02:05Z"}
{"level":"info","message":"[Java-Iceberg:50051] \tat io.debezium.server.iceberg.rpc.RecordIngestServiceGrpc$MethodHandlers.invoke(RecordIngestServiceGrpc.java:232) [debezium-server-iceberg-sink.jar:?]","time":"2025-04-09T07:02:05Z"}
{"level":"info","message":"[Java-Iceberg:50051] \tat io.grpc.stub.ServerCalls$UnaryServerCallHandler$UnaryServerCallListener.onHalfClose(ServerCalls.java:182) [debezium-server-iceberg-sink.jar:?]","time":"2025-04-09T07:02:05Z"}
{"level":"info","message":"[Java-Iceberg:50051] \tat io.grpc.internal.ServerCallImpl$ServerStreamListenerImpl.halfClosed(ServerCallImpl.java:356) [debezium-server-iceberg-sink.jar:?]","time":"2025-04-09T07:02:05Z"}
{"level":"info","message":"[Java-Iceberg:50051] \tat io.grpc.internal.ServerImpl$JumpToApplicationThreadServerStreamListener$1HalfClosed.runInContext(ServerImpl.java:861) [debezium-server-iceberg-sink.jar:?]","time":"2025-04-09T07:02:05Z"}
{"level":"info","message":"[Java-Iceberg:50051] \tat io.grpc.internal.ContextRunnable.run(ContextRunnable.java:37) [debezium-server-iceberg-sink.jar:?]","time":"2025-04-09T07:02:05Z"}
{"level":"info","message":"[Java-Iceberg:50051] \tat io.grpc.internal.SerializingExecutor.run(SerializingExecutor.java:133) [debezium-server-iceberg-sink.jar:?]","time":"2025-04-09T07:02:05Z"}
{"level":"info","message":"[Java-Iceberg:50051] \tat java.base/java.util.concurrent.ThreadPoolExecutor.runWorker(ThreadPoolExecutor.java:1136) [?:?]","time":"2025-04-09T07:02:05Z"}
{"level":"info","message":"[Java-Iceberg:50051] \tat java.base/java.util.concurrent.ThreadPoolExecutor$Worker.run(ThreadPoolExecutor.java:635) [?:?]","time":"2025-04-09T07:02:05Z"}
{"level":"info","message":"[Java-Iceberg:50051] \tat java.base/java.lang.Thread.run(Thread.java:840) [?:?]","time":"2025-04-09T07:02:05Z"}
{"level":"info","message":"[Java-Iceberg:50051] Caused by: software.amazon.awssdk.services.s3.model.NoSuchKeyException: The specified key does not exist. (Service: S3, Status Code: 404, Request ID: 18349466FAC1B5F9, Extended Request ID: dd9025bab4ad464b049177c95eb6ebf374d3b3fd1af9251148b658df7ac2e3e8)","time":"2025-04-09T07:02:05Z"}
{"level":"info","message":"[Java-Iceberg:50051] \tat software.amazon.awssdk.core.internal.http.CombinedResponseHandler.handleErrorResponse(CombinedResponseHandler.java:125) ~[debezium-server-iceberg-sink.jar:?]","time":"2025-04-09T07:02:05Z"}
{"level":"info","message":"[Java-Iceberg:50051] \tat software.amazon.awssdk.core.internal.http.CombinedResponseHandler.handleResponse(CombinedResponseHandler.java:82) ~[debezium-server-iceberg-sink.jar:?]","time":"2025-04-09T07:02:05Z"}
{"level":"info","message":"[Java-Iceberg:50051] \tat software.amazon.awssdk.core.internal.http.CombinedResponseHandler.handle(CombinedResponseHandler.java:60) ~[debezium-server-iceberg-sink.jar:?]","time":"2025-04-09T07:02:05Z"}
{"level":"info","message":"[Java-Iceberg:50051] \tat software.amazon.awssdk.core.internal.http.CombinedResponseHandler.handle(CombinedResponseHandler.java:41) ~[debezium-server-iceberg-sink.jar:?]","time":"2025-04-09T07:02:05Z"}
{"level":"info","message":"[Java-Iceberg:50051] \tat software.amazon.awssdk.core.internal.http.pipeline.stages.HandleResponseStage.execute(HandleResponseStage.java:50) ~[debezium-server-iceberg-sink.jar:?]","time":"2025-04-09T07:02:05Z"}
{"level":"info","message":"[Java-Iceberg:50051] \tat software.amazon.awssdk.core.internal.http.pipeline.stages.HandleResponseStage.execute(HandleResponseStage.java:38) ~[debezium-server-iceberg-sink.jar:?]","time":"2025-04-09T07:02:05Z"}
{"level":"info","message":"[Java-Iceberg:50051] \tat software.amazon.awssdk.core.internal.http.pipeline.RequestPipelineBuilder$ComposingRequestPipelineStage.execute(RequestPipelineBuilder.java:206) ~[debezium-server-iceberg-sink.jar:?]","time":"2025-04-09T07:02:05Z"}
{"level":"info","message":"[Java-Iceberg:50051] \tat software.amazon.awssdk.core.internal.http.pipeline.stages.ApiCallAttemptTimeoutTrackingStage.execute(ApiCallAttemptTimeoutTrackingStage.java:74) ~[debezium-server-iceberg-sink.jar:?]","time":"2025-04-09T07:02:05Z"}
{"level":"info","message":"[Java-Iceberg:50051] \tat software.amazon.awssdk.core.internal.http.pipeline.stages.ApiCallAttemptTimeoutTrackingStage.execute(ApiCallAttemptTimeoutTrackingStage.java:43) ~[debezium-server-iceberg-sink.jar:?]","time":"2025-04-09T07:02:05Z"}
{"level":"info","message":"[Java-Iceberg:50051] \tat software.amazon.awssdk.core.internal.http.pipeline.stages.TimeoutExceptionHandlingStage.execute(TimeoutExceptionHandlingStage.java:79) ~[debezium-server-iceberg-sink.jar:?]","time":"2025-04-09T07:02:05Z"}
{"level":"info","message":"[Java-Iceberg:50051] \tat software.amazon.awssdk.core.internal.http.pipeline.stages.TimeoutExceptionHandlingStage.execute(TimeoutExceptionHandlingStage.java:41) ~[debezium-server-iceberg-sink.jar:?]","time":"2025-04-09T07:02:05Z"}
{"level":"info","message":"[Java-Iceberg:50051] \tat software.amazon.awssdk.core.internal.http.pipeline.stages.ApiCallAttemptMetricCollectionStage.execute(ApiCallAttemptMetricCollectionStage.java:55) ~[debezium-server-iceberg-sink.jar:?]","time":"2025-04-09T07:02:05Z"}
{"level":"info","message":"[Java-Iceberg:50051] \tat software.amazon.awssdk.core.internal.http.pipeline.stages.ApiCallAttemptMetricCollectionStage.execute(ApiCallAttemptMetricCollectionStage.java:39) ~[debezium-server-iceberg-sink.jar:?]","time":"2025-04-09T07:02:05Z"}
{"level":"info","message":"[Java-Iceberg:50051] \tat software.amazon.awssdk.core.internal.http.pipeline.stages.RetryableStage2.executeRequest(RetryableStage2.java:93) ~[debezium-server-iceberg-sink.jar:?]","time":"2025-04-09T07:02:05Z"}
{"level":"info","message":"[Java-Iceberg:50051] \tat software.amazon.awssdk.core.internal.http.pipeline.stages.RetryableStage2.execute(RetryableStage2.java:56) ~[debezium-server-iceberg-sink.jar:?]","time":"2025-04-09T07:02:05Z"}
{"level":"info","message":"[Java-Iceberg:50051] \tat software.amazon.awssdk.core.internal.http.pipeline.stages.RetryableStage2.execute(RetryableStage2.java:36) ~[debezium-server-iceberg-sink.jar:?]","time":"2025-04-09T07:02:05Z"}
{"level":"info","message":"[Java-Iceberg:50051] \tat software.amazon.awssdk.core.internal.http.pipeline.RequestPipelineBuilder$ComposingRequestPipelineStage.execute(RequestPipelineBuilder.java:206) ~[debezium-server-iceberg-sink.jar:?]","time":"2025-04-09T07:02:05Z"}
{"level":"info","message":"[Java-Iceberg:50051] \tat software.amazon.awssdk.core.internal.http.StreamManagingStage.execute(StreamManagingStage.java:53) ~[debezium-server-iceberg-sink.jar:?]","time":"2025-04-09T07:02:05Z"}
{"level":"info","message":"[Java-Iceberg:50051] \tat software.amazon.awssdk.core.internal.http.StreamManagingStage.execute(StreamManagingStage.java:35) ~[debezium-server-iceberg-sink.jar:?]","time":"2025-04-09T07:02:05Z"}
{"level":"info","message":"[Java-Iceberg:50051] \tat software.amazon.awssdk.core.internal.http.pipeline.stages.ApiCallTimeoutTrackingStage.executeWithTimer(ApiCallTimeoutTrackingStage.java:82) ~[debezium-server-iceberg-sink.jar:?]","time":"2025-04-09T07:02:05Z"}
{"level":"info","message":"[Java-Iceberg:50051] \tat software.amazon.awssdk.core.internal.http.pipeline.stages.ApiCallTimeoutTrackingStage.execute(ApiCallTimeoutTrackingStage.java:62) ~[debezium-server-iceberg-sink.jar:?]","time":"2025-04-09T07:02:05Z"}
{"level":"info","message":"[Java-Iceberg:50051] \tat software.amazon.awssdk.core.internal.http.pipeline.stages.ApiCallTimeoutTrackingStage.execute(ApiCallTimeoutTrackingStage.java:43) ~[debezium-server-iceberg-sink.jar:?]","time":"2025-04-09T07:02:05Z"}
{"level":"info","message":"[Java-Iceberg:50051] \tat software.amazon.awssdk.core.internal.http.pipeline.stages.ApiCallMetricCollectionStage.execute(ApiCallMetricCollectionStage.java:50) ~[debezium-server-iceberg-sink.jar:?]","time":"2025-04-09T07:02:05Z"}
{"level":"info","message":"[Java-Iceberg:50051] \tat software.amazon.awssdk.core.internal.http.pipeline.stages.ApiCallMetricCollectionStage.execute(ApiCallMetricCollectionStage.java:32) ~[debezium-server-iceberg-sink.jar:?]","time":"2025-04-09T07:02:05Z"}
{"level":"info","message":"[Java-Iceberg:50051] \tat software.amazon.awssdk.core.internal.http.pipeline.RequestPipelineBuilder$ComposingRequestPipelineStage.execute(RequestPipelineBuilder.java:206) ~[debezium-server-iceberg-sink.jar:?]","time":"2025-04-09T07:02:05Z"}
{"level":"info","message":"[Java-Iceberg:50051] \tat software.amazon.awssdk.core.internal.http.pipeline.RequestPipelineBuilder$ComposingRequestPipelineStage.execute(RequestPipelineBuilder.java:206) ~[debezium-server-iceberg-sink.jar:?]","time":"2025-04-09T07:02:05Z"}
{"level":"info","message":"[Java-Iceberg:50051] \tat software.amazon.awssdk.core.internal.http.pipeline.stages.ExecutionFailureExceptionReportingStage.execute(ExecutionFailureExceptionReportingStage.java:37) ~[debezium-server-iceberg-sink.jar:?]","time":"2025-04-09T07:02:05Z"}
{"level":"info","message":"[Java-Iceberg:50051] \tat software.amazon.awssdk.core.internal.http.pipeline.stages.ExecutionFailureExceptionReportingStage.execute(ExecutionFailureExceptionReportingStage.java:26) ~[debezium-server-iceberg-sink.jar:?]","time":"2025-04-09T07:02:05Z"}
{"level":"info","message":"[Java-Iceberg:50051] \tat software.amazon.awssdk.core.internal.http.AmazonSyncHttpClient$RequestExecutionBuilderImpl.execute(AmazonSyncHttpClient.java:210) ~[debezium-server-iceberg-sink.jar:?]","time":"2025-04-09T07:02:05Z"}
{"level":"info","message":"[Java-Iceberg:50051] \tat software.amazon.awssdk.core.internal.handler.BaseSyncClientHandler.invoke(BaseSyncClientHandler.java:103) ~[debezium-server-iceberg-sink.jar:?]","time":"2025-04-09T07:02:05Z"}
{"level":"info","message":"[Java-Iceberg:50051] \tat software.amazon.awssdk.core.internal.handler.BaseSyncClientHandler.doExecute(BaseSyncClientHandler.java:173) ~[debezium-server-iceberg-sink.jar:?]","time":"2025-04-09T07:02:05Z"}
{"level":"info","message":"[Java-Iceberg:50051] \tat software.amazon.awssdk.core.internal.handler.BaseSyncClientHandler.lambda$execute$0(BaseSyncClientHandler.java:66) ~[debezium-server-iceberg-sink.jar:?]","time":"2025-04-09T07:02:05Z"}
{"level":"info","message":"[Java-Iceberg:50051] \tat software.amazon.awssdk.core.internal.handler.BaseSyncClientHandler.measureApiCallSuccess(BaseSyncClientHandler.java:182) ~[debezium-server-iceberg-sink.jar:?]","time":"2025-04-09T07:02:05Z"}
{"level":"info","message":"[Java-Iceberg:50051] \tat software.amazon.awssdk.core.internal.handler.BaseSyncClientHandler.execute(BaseSyncClientHandler.java:60) ~[debezium-server-iceberg-sink.jar:?]","time":"2025-04-09T07:02:05Z"}
{"level":"info","message":"[Java-Iceberg:50051] \tat software.amazon.awssdk.core.client.handler.SdkSyncClientHandler.execute(SdkSyncClientHandler.java:52) ~[debezium-server-iceberg-sink.jar:?]","time":"2025-04-09T07:02:05Z"}
{"level":"info","message":"[Java-Iceberg:50051] \tat software.amazon.awssdk.awscore.client.handler.AwsSyncClientHandler.execute(AwsSyncClientHandler.java:60) ~[debezium-server-iceberg-sink.jar:?]","time":"2025-04-09T07:02:05Z"}
{"level":"info","message":"[Java-Iceberg:50051] \tat software.amazon.awssdk.services.s3.DefaultS3Client.getObject(DefaultS3Client.java:5404) ~[debezium-server-iceberg-sink.jar:?]","time":"2025-04-09T07:02:05Z"}
{"level":"info","message":"[Java-Iceberg:50051] \tat org.apache.iceberg.aws.s3.S3InputStream.openStream(S3InputStream.java:240) ~[debezium-server-iceberg-sink.jar:?]","time":"2025-04-09T07:02:05Z"}
{"level":"info","message":"[Java-Iceberg:50051] \t... 36 more","time":"2025-04-09T07:02:05Z"}
{"level":"info","message":"[Java-Iceberg:50051] 12:32:05.749 [grpc-default-executor-0] ERROR io.debezium.server.iceberg.rpc.OlakeRowsIngester - [Thread-23-188590131391415] Failed to process request: Location does not exist: s3a://warehouse/olake_iceberg/olake_test_table/metadata/00045-0f03415f-f0a7-426d-93a0-2590760e1b7d.metadata.json","time":"2025-04-09T07:02:05Z"}
{"level":"info","message":"[Java-Iceberg:50051] org.apache.iceberg.exceptions.NotFoundException: Location does not exist: s3a://warehouse/olake_iceberg/olake_test_table/metadata/00045-0f03415f-f0a7-426d-93a0-2590760e1b7d.metadata.json","time":"2025-04-09T07:02:05Z"}
{"level":"info","message":"[Java-Iceberg:50051] \tat org.apache.iceberg.aws.s3.S3InputStream.openStream(S3InputStream.java:242) ~[debezium-server-iceberg-sink.jar:?]","time":"2025-04-09T07:02:05Z"}
{"level":"info","message":"[Java-Iceberg:50051] \tat org.apache.iceberg.aws.s3.S3InputStream.openStream(S3InputStream.java:225) ~[debezium-server-iceberg-sink.jar:?]","time":"2025-04-09T07:02:05Z"}
{"level":"info","message":"[Java-Iceberg:50051] \tat org.apache.iceberg.aws.s3.S3InputStream.positionStream(S3InputStream.java:221) ~[debezium-server-iceberg-sink.jar:?]","time":"2025-04-09T07:02:05Z"}
{"level":"info","message":"[Java-Iceberg:50051] \tat org.apache.iceberg.aws.s3.S3InputStream.read(S3InputStream.java:143) ~[debezium-server-iceberg-sink.jar:?]","time":"2025-04-09T07:02:05Z"}
{"level":"info","message":"[Java-Iceberg:50051] \tat com.fasterxml.jackson.core.json.ByteSourceJsonBootstrapper.ensureLoaded(ByteSourceJsonBootstrapper.java:539) ~[debezium-server-iceberg-sink.jar:?]","time":"2025-04-09T07:02:05Z"}
{"level":"info","message":"[Java-Iceberg:50051] \tat com.fasterxml.jackson.core.json.ByteSourceJsonBootstrapper.detectEncoding(ByteSourceJsonBootstrapper.java:133) ~[debezium-server-iceberg-sink.jar:?]","time":"2025-04-09T07:02:05Z"}
{"level":"info","message":"[Java-Iceberg:50051] \tat com.fasterxml.jackson.core.json.ByteSourceJsonBootstrapper.constructParser(ByteSourceJsonBootstrapper.java:256) ~[debezium-server-iceberg-sink.jar:?]","time":"2025-04-09T07:02:05Z"}
{"level":"info","message":"[Java-Iceberg:50051] \tat com.fasterxml.jackson.core.JsonFactory._createParser(JsonFactory.java:1744) ~[debezium-server-iceberg-sink.jar:?]","time":"2025-04-09T07:02:05Z"}
{"level":"info","message":"[Java-Iceberg:50051] \tat com.fasterxml.jackson.core.JsonFactory.createParser(JsonFactory.java:1143) ~[debezium-server-iceberg-sink.jar:?]","time":"2025-04-09T07:02:05Z"}
{"level":"info","message":"[Java-Iceberg:50051] \tat com.fasterxml.jackson.databind.ObjectMapper.readValue(ObjectMapper.java:3883) ~[debezium-server-iceberg-sink.jar:?]","time":"2025-04-09T07:02:05Z"}
{"level":"info","message":"[Java-Iceberg:50051] \tat org.apache.iceberg.TableMetadataParser.read(TableMetadataParser.java:280) ~[debezium-server-iceberg-sink.jar:?]","time":"2025-04-09T07:02:05Z"}
{"level":"info","message":"[Java-Iceberg:50051] \tat org.apache.iceberg.TableMetadataParser.read(TableMetadataParser.java:273) ~[debezium-server-iceberg-sink.jar:?]","time":"2025-04-09T07:02:05Z"}
{"level":"info","message":"[Java-Iceberg:50051] \tat org.apache.iceberg.BaseMetastoreTableOperations.lambda$refreshFromMetadataLocation$0(BaseMetastoreTableOperations.java:179) ~[debezium-server-iceberg-sink.jar:?]","time":"2025-04-09T07:02:05Z"}
{"level":"info","message":"[Java-Iceberg:50051] \tat org.apache.iceberg.BaseMetastoreTableOperations.lambda$refreshFromMetadataLocation$1(BaseMetastoreTableOperations.java:198) ~[debezium-server-iceberg-sink.jar:?]","time":"2025-04-09T07:02:05Z"}
{"level":"info","message":"[Java-Iceberg:50051] \tat org.apache.iceberg.util.Tasks$Builder.runTaskWithRetry(Tasks.java:413) ~[debezium-server-iceberg-sink.jar:?]","time":"2025-04-09T07:02:05Z"}
{"level":"info","message":"[Java-Iceberg:50051] \tat org.apache.iceberg.util.Tasks$Builder.runSingleThreaded(Tasks.java:219) ~[debezium-server-iceberg-sink.jar:?]","time":"2025-04-09T07:02:05Z"}
{"level":"info","message":"[Java-Iceberg:50051] \tat org.apache.iceberg.util.Tasks$Builder.run(Tasks.java:203) ~[debezium-server-iceberg-sink.jar:?]","time":"2025-04-09T07:02:05Z"}
{"level":"info","message":"[Java-Iceberg:50051] \tat org.apache.iceberg.util.Tasks$Builder.run(Tasks.java:196) ~[debezium-server-iceberg-sink.jar:?]","time":"2025-04-09T07:02:05Z"}
{"level":"info","message":"[Java-Iceberg:50051] \tat org.apache.iceberg.BaseMetastoreTableOperations.refreshFromMetadataLocation(BaseMetastoreTableOperations.java:198) ~[debezium-server-iceberg-sink.jar:?]","time":"2025-04-09T07:02:05Z"}
{"level":"info","message":"[Java-Iceberg:50051] \tat org.apache.iceberg.BaseMetastoreTableOperations.refreshFromMetadataLocation(BaseMetastoreTableOperations.java:175) ~[debezium-server-iceberg-sink.jar:?]","time":"2025-04-09T07:02:05Z"}
{"level":"info","message":"[Java-Iceberg:50051] \tat org.apache.iceberg.BaseMetastoreTableOperations.refreshFromMetadataLocation(BaseMetastoreTableOperations.java:166) ~[debezium-server-iceberg-sink.jar:?]","time":"2025-04-09T07:02:05Z"}
{"level":"info","message":"[Java-Iceberg:50051] \tat org.apache.iceberg.jdbc.JdbcTableOperations.doRefresh(JdbcTableOperations.java:100) ~[debezium-server-iceberg-sink.jar:?]","time":"2025-04-09T07:02:05Z"}
{"level":"info","message":"[Java-Iceberg:50051] \tat org.apache.iceberg.BaseMetastoreTableOperations.refresh(BaseMetastoreTableOperations.java:87) ~[debezium-server-iceberg-sink.jar:?]","time":"2025-04-09T07:02:05Z"}
{"level":"info","message":"[Java-Iceberg:50051] \tat org.apache.iceberg.BaseMetastoreTableOperations.current(BaseMetastoreTableOperations.java:70) ~[debezium-server-iceberg-sink.jar:?]","time":"2025-04-09T07:02:05Z"}
{"level":"info","message":"[Java-Iceberg:50051] \tat org.apache.iceberg.BaseMetastoreCatalog.loadTable(BaseMetastoreCatalog.java:49) ~[debezium-server-iceberg-sink.jar:?]","time":"2025-04-09T07:02:05Z"}
{"level":"info","message":"[Java-Iceberg:50051] \tat io.debezium.server.iceberg.IcebergUtil.loadIcebergTable(IcebergUtil.java:148) ~[debezium-server-iceberg-sink.jar:?]","time":"2025-04-09T07:02:05Z"}
{"level":"info","message":"[Java-Iceberg:50051] \tat io.debezium.server.iceberg.rpc.OlakeRowsIngester.loadIcebergTable(OlakeRowsIngester.java:114) ~[debezium-server-iceberg-sink.jar:?]","time":"2025-04-09T07:02:05Z"}
{"level":"info","message":"[Java-Iceberg:50051] \tat io.debezium.server.iceberg.rpc.OlakeRowsIngester.sendRecords(OlakeRowsIngester.java:89) [debezium-server-iceberg-sink.jar:?]","time":"2025-04-09T07:02:05Z"}
{"level":"info","message":"[Java-Iceberg:50051] \tat io.debezium.server.iceberg.rpc.RecordIngestServiceGrpc$MethodHandlers.invoke(RecordIngestServiceGrpc.java:232) [debezium-server-iceberg-sink.jar:?]","time":"2025-04-09T07:02:05Z"}
{"level":"info","message":"[Java-Iceberg:50051] \tat io.grpc.stub.ServerCalls$UnaryServerCallHandler$UnaryServerCallListener.onHalfClose(ServerCalls.java:182) [debezium-server-iceberg-sink.jar:?]","time":"2025-04-09T07:02:05Z"}
{"level":"info","message":"[Java-Iceberg:50051] \tat io.grpc.internal.ServerCallImpl$ServerStreamListenerImpl.halfClosed(ServerCallImpl.java:356) [debezium-server-iceberg-sink.jar:?]","time":"2025-04-09T07:02:05Z"}
{"level":"info","message":"[Java-Iceberg:50051] \tat io.grpc.internal.ServerImpl$JumpToApplicationThreadServerStreamListener$1HalfClosed.runInContext(ServerImpl.java:861) [debezium-server-iceberg-sink.jar:?]","time":"2025-04-09T07:02:05Z"}
{"level":"info","message":"[Java-Iceberg:50051] \tat io.grpc.internal.ContextRunnable.run(ContextRunnable.java:37) [debezium-server-iceberg-sink.jar:?]","time":"2025-04-09T07:02:05Z"}
{"level":"info","message":"[Java-Iceberg:50051] \tat io.grpc.internal.SerializingExecutor.run(SerializingExecutor.java:133) [debezium-server-iceberg-sink.jar:?]","time":"2025-04-09T07:02:05Z"}
{"level":"info","message":"[Java-Iceberg:50051] \tat java.base/java.util.concurrent.ThreadPoolExecutor.runWorker(ThreadPoolExecutor.java:1136) [?:?]","time":"2025-04-09T07:02:05Z"}
{"level":"info","message":"[Java-Iceberg:50051] \tat java.base/java.util.concurrent.ThreadPoolExecutor$Worker.run(ThreadPoolExecutor.java:635) [?:?]","time":"2025-04-09T07:02:05Z"}
{"level":"info","message":"[Java-Iceberg:50051] \tat java.base/java.lang.Thread.run(Thread.java:840) [?:?]","time":"2025-04-09T07:02:05Z"}
{"level":"info","message":"[Java-Iceberg:50051] Caused by: software.amazon.awssdk.services.s3.model.NoSuchKeyException: The specified key does not exist. (Service: S3, Status Code: 404, Request ID: 18349466FAC1B5F9, Extended Request ID: dd9025bab4ad464b049177c95eb6ebf374d3b3fd1af9251148b658df7ac2e3e8)","time":"2025-04-09T07:02:05Z"}
{"level":"info","message":"[Java-Iceberg:50051] \tat software.amazon.awssdk.core.internal.http.CombinedResponseHandler.handleErrorResponse(CombinedResponseHandler.java:125) ~[debezium-server-iceberg-sink.jar:?]","time":"2025-04-09T07:02:05Z"}
{"level":"info","message":"[Java-Iceberg:50051] \tat software.amazon.awssdk.core.internal.http.CombinedResponseHandler.handleResponse(CombinedResponseHandler.java:82) ~[debezium-server-iceberg-sink.jar:?]","time":"2025-04-09T07:02:05Z"}
{"level":"info","message":"[Java-Iceberg:50051] \tat software.amazon.awssdk.core.internal.http.CombinedResponseHandler.handle(CombinedResponseHandler.java:60) ~[debezium-server-iceberg-sink.jar:?]","time":"2025-04-09T07:02:05Z"}
{"level":"info","message":"[Java-Iceberg:50051] \tat software.amazon.awssdk.core.internal.http.CombinedResponseHandler.handle(CombinedResponseHandler.java:41) ~[debezium-server-iceberg-sink.jar:?]","time":"2025-04-09T07:02:05Z"}
{"level":"info","message":"[Java-Iceberg:50051] \tat software.amazon.awssdk.core.internal.http.pipeline.stages.HandleResponseStage.execute(HandleResponseStage.java:50) ~[debezium-server-iceberg-sink.jar:?]","time":"2025-04-09T07:02:05Z"}
{"level":"info","message":"[Java-Iceberg:50051] \tat software.amazon.awssdk.core.internal.http.pipeline.stages.HandleResponseStage.execute(HandleResponseStage.java:38) ~[debezium-server-iceberg-sink.jar:?]","time":"2025-04-09T07:02:05Z"}
{"level":"info","message":"[Java-Iceberg:50051] \tat software.amazon.awssdk.core.internal.http.pipeline.RequestPipelineBuilder$ComposingRequestPipelineStage.execute(RequestPipelineBuilder.java:206) ~[debezium-server-iceberg-sink.jar:?]","time":"2025-04-09T07:02:05Z"}
{"level":"info","message":"[Java-Iceberg:50051] \tat software.amazon.awssdk.core.internal.http.pipeline.stages.ApiCallAttemptTimeoutTrackingStage.execute(ApiCallAttemptTimeoutTrackingStage.java:74) ~[debezium-server-iceberg-sink.jar:?]","time":"2025-04-09T07:02:05Z"}
{"level":"info","message":"[Java-Iceberg:50051] \tat software.amazon.awssdk.core.internal.http.pipeline.stages.ApiCallAttemptTimeoutTrackingStage.execute(ApiCallAttemptTimeoutTrackingStage.java:43) ~[debezium-server-iceberg-sink.jar:?]","time":"2025-04-09T07:02:05Z"}
{"level":"info","message":"[Java-Iceberg:50051] \tat software.amazon.awssdk.core.internal.http.pipeline.stages.TimeoutExceptionHandlingStage.execute(TimeoutExceptionHandlingStage.java:79) ~[debezium-server-iceberg-sink.jar:?]","time":"2025-04-09T07:02:05Z"}
{"level":"info","message":"[Java-Iceberg:50051] \tat software.amazon.awssdk.core.internal.http.pipeline.stages.TimeoutExceptionHandlingStage.execute(TimeoutExceptionHandlingStage.java:41) ~[debezium-server-iceberg-sink.jar:?]","time":"2025-04-09T07:02:05Z"}
{"level":"info","message":"[Java-Iceberg:50051] \tat software.amazon.awssdk.core.internal.http.pipeline.stages.ApiCallAttemptMetricCollectionStage.execute(ApiCallAttemptMetricCollectionStage.java:55) ~[debezium-server-iceberg-sink.jar:?]","time":"2025-04-09T07:02:05Z"}
{"level":"info","message":"[Java-Iceberg:50051] \tat software.amazon.awssdk.core.internal.http.pipeline.stages.ApiCallAttemptMetricCollectionStage.execute(ApiCallAttemptMetricCollectionStage.java:39) ~[debezium-server-iceberg-sink.jar:?]","time":"2025-04-09T07:02:05Z"}
{"level":"info","message":"[Java-Iceberg:50051] \tat software.amazon.awssdk.core.internal.http.pipeline.stages.RetryableStage2.executeRequest(RetryableStage2.java:93) ~[debezium-server-iceberg-sink.jar:?]","time":"2025-04-09T07:02:05Z"}
{"level":"info","message":"[Java-Iceberg:50051] \tat software.amazon.awssdk.core.internal.http.pipeline.stages.RetryableStage2.execute(RetryableStage2.java:56) ~[debezium-server-iceberg-sink.jar:?]","time":"2025-04-09T07:02:05Z"}
{"level":"info","message":"[Java-Iceberg:50051] \tat software.amazon.awssdk.core.internal.http.pipeline.stages.RetryableStage2.execute(RetryableStage2.java:36) ~[debezium-server-iceberg-sink.jar:?]","time":"2025-04-09T07:02:05Z"}
{"level":"info","message":"[Java-Iceberg:50051] \tat software.amazon.awssdk.core.internal.http.pipeline.RequestPipelineBuilder$ComposingRequestPipelineStage.execute(RequestPipelineBuilder.java:206) ~[debezium-server-iceberg-sink.jar:?]","time":"2025-04-09T07:02:05Z"}
{"level":"info","message":"[Java-Iceberg:50051] \tat software.amazon.awssdk.core.internal.http.StreamManagingStage.execute(StreamManagingStage.java:53) ~[debezium-server-iceberg-sink.jar:?]","time":"2025-04-09T07:02:05Z"}
{"level":"info","message":"[Java-Iceberg:50051] \tat software.amazon.awssdk.core.internal.http.StreamManagingStage.execute(StreamManagingStage.java:35) ~[debezium-server-iceberg-sink.jar:?]","time":"2025-04-09T07:02:05Z"}
{"level":"info","message":"[Java-Iceberg:50051] \tat software.amazon.awssdk.core.internal.http.pipeline.stages.ApiCallTimeoutTrackingStage.executeWithTimer(ApiCallTimeoutTrackingStage.java:82) ~[debezium-server-iceberg-sink.jar:?]","time":"2025-04-09T07:02:05Z"}
{"level":"info","message":"[Java-Iceberg:50051] \tat software.amazon.awssdk.core.internal.http.pipeline.stages.ApiCallTimeoutTrackingStage.execute(ApiCallTimeoutTrackingStage.java:62) ~[debezium-server-iceberg-sink.jar:?]","time":"2025-04-09T07:02:05Z"}
{"level":"info","message":"[Java-Iceberg:50051] \tat software.amazon.awssdk.core.internal.http.pipeline.stages.ApiCallTimeoutTrackingStage.execute(ApiCallTimeoutTrackingStage.java:43) ~[debezium-server-iceberg-sink.jar:?]","time":"2025-04-09T07:02:05Z"}
{"level":"info","message":"[Java-Iceberg:50051] \tat software.amazon.awssdk.core.internal.http.pipeline.stages.ApiCallMetricCollectionStage.execute(ApiCallMetricCollectionStage.java:50) ~[debezium-server-iceberg-sink.jar:?]","time":"2025-04-09T07:02:05Z"}
{"level":"info","message":"[Java-Iceberg:50051] \tat software.amazon.awssdk.core.internal.http.pipeline.stages.ApiCallMetricCollectionStage.execute(ApiCallMetricCollectionStage.java:32) ~[debezium-server-iceberg-sink.jar:?]","time":"2025-04-09T07:02:05Z"}
{"level":"info","message":"[Java-Iceberg:50051] \tat software.amazon.awssdk.core.internal.http.pipeline.RequestPipelineBuilder$ComposingRequestPipelineStage.execute(RequestPipelineBuilder.java:206) ~[debezium-server-iceberg-sink.jar:?]","time":"2025-04-09T07:02:05Z"}
{"level":"info","message":"[Java-Iceberg:50051] \tat software.amazon.awssdk.core.internal.http.pipeline.RequestPipelineBuilder$ComposingRequestPipelineStage.execute(RequestPipelineBuilder.java:206) ~[debezium-server-iceberg-sink.jar:?]","time":"2025-04-09T07:02:05Z"}
{"level":"info","message":"[Java-Iceberg:50051] \tat software.amazon.awssdk.core.internal.http.pipeline.stages.ExecutionFailureExceptionReportingStage.execute(ExecutionFailureExceptionReportingStage.java:37) ~[debezium-server-iceberg-sink.jar:?]","time":"2025-04-09T07:02:05Z"}
{"level":"info","message":"[Java-Iceberg:50051] \tat software.amazon.awssdk.core.internal.http.pipeline.stages.ExecutionFailureExceptionReportingStage.execute(ExecutionFailureExceptionReportingStage.java:26) ~[debezium-server-iceberg-sink.jar:?]","time":"2025-04-09T07:02:05Z"}
{"level":"info","message":"[Java-Iceberg:50051] \tat software.amazon.awssdk.core.internal.http.AmazonSyncHttpClient$RequestExecutionBuilderImpl.execute(AmazonSyncHttpClient.java:210) ~[debezium-server-iceberg-sink.jar:?]","time":"2025-04-09T07:02:05Z"}
{"level":"info","message":"[Java-Iceberg:50051] \tat software.amazon.awssdk.core.internal.handler.BaseSyncClientHandler.invoke(BaseSyncClientHandler.java:103) ~[debezium-server-iceberg-sink.jar:?]","time":"2025-04-09T07:02:05Z"}
{"level":"info","message":"[Java-Iceberg:50051] \tat software.amazon.awssdk.core.internal.handler.BaseSyncClientHandler.doExecute(BaseSyncClientHandler.java:173) ~[debezium-server-iceberg-sink.jar:?]","time":"2025-04-09T07:02:05Z"}
{"level":"info","message":"[Java-Iceberg:50051] \tat software.amazon.awssdk.core.internal.handler.BaseSyncClientHandler.lambda$execute$0(BaseSyncClientHandler.java:66) ~[debezium-server-iceberg-sink.jar:?]","time":"2025-04-09T07:02:05Z"}
{"level":"info","message":"[Java-Iceberg:50051] \tat software.amazon.awssdk.core.internal.handler.BaseSyncClientHandler.measureApiCallSuccess(BaseSyncClientHandler.java:182) ~[debezium-server-iceberg-sink.jar:?]","time":"2025-04-09T07:02:05Z"}
{"level":"info","message":"[Java-Iceberg:50051] \tat software.amazon.awssdk.core.internal.handler.BaseSyncClientHandler.execute(BaseSyncClientHandler.java:60) ~[debezium-server-iceberg-sink.jar:?]","time":"2025-04-09T07:02:05Z"}
{"level":"info","message":"[Java-Iceberg:50051] \tat software.amazon.awssdk.core.client.handler.SdkSyncClientHandler.execute(SdkSyncClientHandler.java:52) ~[debezium-server-iceberg-sink.jar:?]","time":"2025-04-09T07:02:05Z"}
{"level":"info","message":"[Java-Iceberg:50051] \tat software.amazon.awssdk.awscore.client.handler.AwsSyncClientHandler.execute(AwsSyncClientHandler.java:60) ~[debezium-server-iceberg-sink.jar:?]","time":"2025-04-09T07:02:05Z"}
{"level":"info","message":"[Java-Iceberg:50051] \tat software.amazon.awssdk.services.s3.DefaultS3Client.getObject(DefaultS3Client.java:5404) ~[debezium-server-iceberg-sink.jar:?]","time":"2025-04-09T07:02:05Z"}
{"level":"info","message":"[Java-Iceberg:50051] \tat org.apache.iceberg.aws.s3.S3InputStream.openStream(S3InputStream.java:240) ~[debezium-server-iceberg-sink.jar:?]","time":"2025-04-09T07:02:05Z"}
{"level":"info","message":"[Java-Iceberg:50051] \t... 36 more","time":"2025-04-09T07:02:05Z"}
{"level":"info","time":"2025-04-09T07:02:05Z","message":"Shutting down Iceberg server on port 50051"}
